#
# A fatal error has been detected by the Java Runtime Environment:
#
#  SIGBUS (0xa) at pc=0x0000000304669c00, pid=74646, tid=7939
#
# JRE version: OpenJDK Runtime Environment Corretto-11.0.14.10.1 (11.0.14.1+10) (build 11.0.14.1+10-LTS)
# Java VM: OpenJDK 64-Bit Server VM Corretto-11.0.14.10.1 (11.0.14.1+10-LTS, mixed mode, tiered, compressed oops, g1 gc, bsd-amd64)
# Problematic frame:
# C  0x0000000304669c00
#
# No core dump will be written. Core dumps have been disabled. To enable core dumping, try "ulimit -c unlimited" before starting Java again
#
# If you would like to submit a bug report, please visit:
#   https://github.com/corretto/corretto-11/issues/
#

---------------  S U M M A R Y ------------

Command Line: -ea -Didea.test.cyclic.buffer.size=1048576 -javaagent:/Applications/IntelliJ IDEA.app/Contents/lib/idea_rt.jar=54712:/Applications/IntelliJ IDEA.app/Contents/bin -agentpath:/private/var/folders/k6/dkc35rrd3kvf4z8xbpc5z4zh0000gn/T/libasyncProfiler.so=start,jfr,event=cpu,interval=1ms,event=alloc,file=/Users/jojunbeom/SingletonWithPrototypeTest1_singletonClientUsePrototype_2022_05_24_175353.jfr -Dfile.encoding=UTF-8 com.intellij.rt.junit.JUnitStarter -ideVersion5 -junit5 hello.core.scope.SingletonWithPrototypeTest1,singletonClientUsePrototype

Host: MacBookAir10,1 x86_64 2400 MHz, 8 cores, 8G, Darwin 21.1.0
Time: Tue May 24 17:53:55 2022 KST elapsed time: 2.519301 seconds (0d 0h 0m 2s)

---------------  T H R E A D  ---------------

Current thread (0x00007fd454815800):  JavaThread "main" [_thread_in_vm, id=7939, stack(0x000000030456c000,0x000000030466c000)]

Stack: [0x000000030456c000,0x000000030466c000],  sp=0x0000000304669c18,  free space=1015k
Native frames: (J=compiled Java code, A=aot compiled Java code, j=interpreted, Vv=VM code, C=native code)
C  0x0000000304669c00

Java frames: (J=compiled Java code, j=interpreted, Vv=VM code)
j  jdk.internal.org.objectweb.asm.ClassWriter.<init>(I)V+26 java.base@11.0.14.1
j  java.lang.invoke.InnerClassLambdaMetafactory.<init>(Ljava/lang/invoke/MethodHandles$Lookup;Ljava/lang/invoke/MethodType;Ljava/lang/String;Ljava/lang/invoke/MethodType;Ljava/lang/invoke/MethodHandle;Ljava/lang/invoke/MethodType;Z[Ljava/lang/Class;[Ljava/lang/invoke/MethodType;)V+128 java.base@11.0.14.1
j  java.lang.invoke.LambdaMetafactory.metafactory(Ljava/lang/invoke/MethodHandles$Lookup;Ljava/lang/String;Ljava/lang/invoke/MethodType;Ljava/lang/invoke/MethodType;Ljava/lang/invoke/MethodHandle;Ljava/lang/invoke/MethodType;)Ljava/lang/invoke/CallSite;+19 java.base@11.0.14.1
j  java.lang.invoke.LambdaForm$DMH.invokeStatic(Ljava/lang/Object;Ljava/lang/Object;Ljava/lang/Object;Ljava/lang/Object;Ljava/lang/Object;Ljava/lang/Object;Ljava/lang/Object;)Ljava/lang/Object;+26 java.base@11.0.14.1
j  java.lang.invoke.Invokers$Holder.invokeExact_MT(Ljava/lang/Object;Ljava/lang/Object;Ljava/lang/Object;Ljava/lang/Object;Ljava/lang/Object;Ljava/lang/Object;Ljava/lang/Object;Ljava/lang/Object;)Ljava/lang/Object;+28 java.base@11.0.14.1
j  java.lang.invoke.BootstrapMethodInvoker.invoke(Ljava/lang/Class;Ljava/lang/invoke/MethodHandle;Ljava/lang/String;Ljava/lang/Object;Ljava/lang/Object;Ljava/lang/Class;)Ljava/lang/Object;+262 java.base@11.0.14.1
j  java.lang.invoke.CallSite.makeSite(Ljava/lang/invoke/MethodHandle;Ljava/lang/String;Ljava/lang/invoke/MethodType;Ljava/lang/Object;Ljava/lang/Class;)Ljava/lang/invoke/CallSite;+8 java.base@11.0.14.1
j  java.lang.invoke.MethodHandleNatives.linkCallSiteImpl(Ljava/lang/Class;Ljava/lang/invoke/MethodHandle;Ljava/lang/String;Ljava/lang/invoke/MethodType;Ljava/lang/Object;[Ljava/lang/Object;)Ljava/lang/invoke/MemberName;+6 java.base@11.0.14.1
j  java.lang.invoke.MethodHandleNatives.linkCallSite(Ljava/lang/Object;ILjava/lang/Object;Ljava/lang/Object;Ljava/lang/Object;Ljava/lang/Object;[Ljava/lang/Object;)Ljava/lang/invoke/MemberName;+46 java.base@11.0.14.1
v  ~StubRoutines::call_stub
j  org.junit.platform.engine.UniqueIdFormat.parse(Ljava/lang/String;)Lorg/junit/platform/engine/UniqueId;+17
j  org.junit.platform.engine.UniqueId.parse(Ljava/lang/String;)Lorg/junit/platform/engine/UniqueId;+11
j  org.junit.platform.launcher.TestPlan.getChildren(Ljava/lang/String;)Ljava/util/Set;+8
j  org.junit.platform.launcher.TestPlan.getChildren(Lorg/junit/platform/launcher/TestIdentifier;)Ljava/util/Set;+12
j  org.junit.platform.launcher.core.InternalTestPlan.getChildren(Lorg/junit/platform/launcher/TestIdentifier;)Ljava/util/Set;+5
j  com.intellij.junit5.JUnit5TestExecutionListener.lambda$testPlanExecutionStarted$1(Lorg/junit/platform/launcher/TestIdentifier;)Z+5
j  com.intellij.junit5.JUnit5TestExecutionListener$$Lambda$210.test(Ljava/lang/Object;)Z+8
J 101 c1 java.util.stream.ReferencePipeline$2$1.accept(Ljava/lang/Object;)V java.base@11.0.14.1 (27 bytes) @ 0x00000001143e3704 [0x00000001143e35e0+0x0000000000000124]
j  java.util.Iterator.forEachRemaining(Ljava/util/function/Consumer;)V+21 java.base@11.0.14.1
j  java.util.Spliterators$IteratorSpliterator.forEachRemaining(Ljava/util/function/Consumer;)V+52 java.base@11.0.14.1
j  java.util.stream.AbstractPipeline.copyInto(Ljava/util/stream/Sink;Ljava/util/Spliterator;)V+32 java.base@11.0.14.1
j  java.util.stream.AbstractPipeline.wrapAndCopyInto(Ljava/util/stream/Sink;Ljava/util/Spliterator;)Ljava/util/stream/Sink;+13 java.base@11.0.14.1
j  java.util.stream.ForEachOps$ForEachOp.evaluateSequential(Ljava/util/stream/PipelineHelper;Ljava/util/Spliterator;)Ljava/lang/Void;+3 java.base@11.0.14.1
j  java.util.stream.ForEachOps$ForEachOp$OfRef.evaluateSequential(Ljava/util/stream/PipelineHelper;Ljava/util/Spliterator;)Ljava/lang/Object;+3 java.base@11.0.14.1
j  java.util.stream.AbstractPipeline.evaluate(Ljava/util/stream/TerminalOp;)Ljava/lang/Object;+88 java.base@11.0.14.1
j  java.util.stream.ReferencePipeline.forEach(Ljava/util/function/Consumer;)V+6 java.base@11.0.14.1
j  com.intellij.junit5.JUnit5TestExecutionListener.testPlanExecutionStarted(Lorg/junit/platform/launcher/TestPlan;)V+62
j  org.junit.platform.launcher.core.CompositeTestExecutionListener.lambda$testPlanExecutionStarted$12(Lorg/junit/platform/launcher/TestPlan;Lorg/junit/platform/launcher/TestExecutionListener;)V+2
j  org.junit.platform.launcher.core.CompositeTestExecutionListener$$Lambda$207.accept(Ljava/lang/Object;)V+8
j  org.junit.platform.launcher.core.CompositeTestExecutionListener.lambda$notifyEach$19(Ljava/util/function/Consumer;Ljava/util/function/Supplier;Lorg/junit/platform/launcher/TestExecutionListener;)V+2
j  org.junit.platform.launcher.core.CompositeTestExecutionListener$$Lambda$209.accept(Ljava/lang/Object;)V+12
j  java.util.ArrayList.forEach(Ljava/util/function/Consumer;)V+46 java.base@11.0.14.1
j  org.junit.platform.launcher.core.CompositeTestExecutionListener.notifyEach(Ljava/util/List;Ljava/util/function/Consumer;Ljava/util/function/Supplier;)V+8
j  org.junit.platform.launcher.core.CompositeTestExecutionListener.testPlanExecutionStarted(Lorg/junit/platform/launcher/TestPlan;)V+16
j  org.junit.platform.launcher.core.EngineExecutionOrchestrator.lambda$execute$0(Lorg/junit/platform/launcher/core/InternalTestPlan;Lorg/junit/platform/launcher/core/LauncherDiscoveryResult;Lorg/junit/platform/launcher/TestExecutionListener;)V+2
j  org.junit.platform.launcher.core.EngineExecutionOrchestrator$$Lambda$201.accept(Ljava/lang/Object;)V+16
j  org.junit.platform.launcher.core.EngineExecutionOrchestrator.withInterceptedStreams(Lorg/junit/platform/engine/ConfigurationParameters;Lorg/junit/platform/launcher/core/ListenerRegistry;Ljava/util/function/Consumer;)V+51
j  org.junit.platform.launcher.core.EngineExecutionOrchestrator.execute(Lorg/junit/platform/launcher/core/InternalTestPlan;[Lorg/junit/platform/launcher/TestExecutionListener;)V+35
j  org.junit.platform.launcher.core.DefaultLauncher.execute(Lorg/junit/platform/launcher/core/InternalTestPlan;[Lorg/junit/platform/launcher/TestExecutionListener;)V+6
j  org.junit.platform.launcher.core.DefaultLauncher.execute(Lorg/junit/platform/launcher/LauncherDiscoveryRequest;[Lorg/junit/platform/launcher/TestExecutionListener;)V+34
j  org.junit.platform.launcher.core.DefaultLauncherSession$DelegatingLauncher.execute(Lorg/junit/platform/launcher/LauncherDiscoveryRequest;[Lorg/junit/platform/launcher/TestExecutionListener;)V+6
j  org.junit.platform.launcher.core.SessionPerRequestLauncher.execute(Lorg/junit/platform/launcher/LauncherDiscoveryRequest;[Lorg/junit/platform/launcher/TestExecutionListener;)V+13
j  com.intellij.junit5.JUnit5IdeaTestRunner.startRunnerWithArgs([Ljava/lang/String;Ljava/lang/String;IZ)I+202
j  com.intellij.rt.junit.IdeaTestRunner$Repeater$1.execute(Z)I+17
j  com.intellij.rt.execution.junit.TestsRepeater.repeat(IZLcom/intellij/rt/execution/junit/TestsRepeater$TestRun;)I+7
j  com.intellij.rt.junit.IdeaTestRunner$Repeater.startRunnerWithArgs(Lcom/intellij/rt/junit/IdeaTestRunner;[Ljava/lang/String;Ljava/util/ArrayList;Ljava/lang/String;IZ)I+25
j  com.intellij.rt.junit.JUnitStarter.prepareStreamsAndStart([Ljava/lang/String;Ljava/lang/String;Ljava/util/ArrayList;Ljava/lang/String;)I+116
j  com.intellij.rt.junit.JUnitStarter.main([Ljava/lang/String;)V+97
v  ~StubRoutines::call_stub

siginfo: si_signo: 10 (SIGBUS), si_code: 2 (BUS_ADRERR), si_addr: 0x0000000304669c00

Register to memory mapping:

RAX=0x0000000109ef3580: _ZN15JfrEventSetting19_jvm_event_settingsE+0 in /Users/jojunbeom/Library/Java/JavaVirtualMachines/corretto-11.0.14.1/Contents/Home/lib/server/libjvm.dylib at 0x0000000109522000
RBX=0x0000000304669c38 is pointing into the stack for thread: 0x00007fd454815800
RCX=0x00007fd454815800 is a thread
RDX=0x0000000000000410 is an unknown value
RSP=0x0000000304669c18 is pointing into the stack for thread: 0x00007fd454815800
RBP=0x0000000109aea6a6: _ZN12MemAllocator10Allocation17notify_allocationEv+0x16 in /Users/jojunbeom/Library/Java/JavaVirtualMachines/corretto-11.0.14.1/Contents/Home/lib/server/libjvm.dylib at 0x0000000109522000
RSI=0x0000000786b00800 is an oop: [Ljdk.internal.org.objectweb.asm.Item; 
{0x0000000786b00800} - klass: 'jdk/internal/org/objectweb/asm/Item'[]
 - length: 256
RDI=0x0000000304669be8 is pointing into the stack for thread: 0x00007fd454815800
R8 =0x00007fd454815800 is a thread
R9 =0x00007fd454815800 is a thread
R10=0x0000000109f0e150: _ZN19TemplateInterpreter13_active_tableE+0x2000 in /Users/jojunbeom/Library/Java/JavaVirtualMachines/corretto-11.0.14.1/Contents/Home/lib/server/libjvm.dylib at 0x0000000109522000
R11=0x00000001144734e0 is at entry_point+32 in (nmethod*)0x0000000114473310
R12=0x00007fd454815800 is a thread
R13=0x00000000ffffffff is an unknown value
R14=0x0000000786b00800 is an oop: [Ljdk.internal.org.objectweb.asm.Item; 
{0x0000000786b00800} - klass: 'jdk/internal/org/objectweb/asm/Item'[]
 - length: 256
R15=0x0 is NULL


Registers:
RAX=0x0000000109ef3580, RBX=0x0000000304669c38, RCX=0x00007fd454815800, RDX=0x0000000000000410
RSP=0x0000000304669c18, RBP=0x0000000109aea6a6, RSI=0x0000000786b00800, RDI=0x0000000304669be8
R8 =0x00007fd454815800, R9 =0x00007fd454815800, R10=0x0000000109f0e150, R11=0x00000001144734e0
R12=0x00007fd454815800, R13=0x00000000ffffffff, R14=0x0000000786b00800, R15=0x0000000000000000
RIP=0x0000000304669c00, EFLAGS=0x0000000000000216, ERR=0x0000000000000015
  TRAPNO=0x000000000000000e

Top of Stack: (sp=0x0000000304669c18)
0x0000000304669c18:   0000000304669c90 0000000304669c80
0x0000000304669c28:   0000000109aeaa99 00000000000003d8
0x0000000304669c38:   0000000304669c90 00007fd454815800
0x0000000304669c48:   0000000304669c68 0000000000000000
0x0000000304669c58:   000000000000f644 0000000304669c00
0x0000000304669c68:   0000000786b00800 0000000000000002
0x0000000304669c78:   0000000000000100 0000000304669cc0
0x0000000304669c88:   000000010974c967 0000000109e96990
0x0000000304669c98:   00007fd453817a00 00007fd454815800
0x0000000304669ca8:   000000080004a3a8 0000000000000082
0x0000000304669cb8:   0000000100000100 0000000304669e20
0x0000000304669cc8:   00000001098cbfd5 0000000000000001
0x0000000304669cd8:   0000000000000002 00007fd454815800
0x0000000304669ce8:   0000000787e01120 000000030466a498
0x0000000304669cf8:   00000000000000d8 0000000304669d40
0x0000000304669d08:   0000000109cc828d 0000000304669d30
0x0000000304669d18:   00007fd454815800 0000000304669db8
0x0000000304669d28:   0000000113e3aa10 00000000000000d8
0x0000000304669d38:   0000000113e3aa10 00000000000000d9
0x0000000304669d48:   00000000000000d8 000000000000000c
0x0000000304669d58:   0000000000000000 0000000787e01120
0x0000000304669d68:   0000000787f08180 0000000304669d70
0x0000000304669d78:   0000000129c5620f 0000000304669de8
0x0000000304669d88:   0000000113e3b267 0000000000060000
0x0000000304669d98:   0000000786b00150 0000000304669da0
0x0000000304669da8:   0000000129f0aa01 0000000304669e08
0x0000000304669db8:   00007fd454815800 0000000000000000
0x0000000304669dc8:   0000000129f06a3a 0000000000000009
0x0000000304669dd8:   0000000304669df8 0000000304669e20
0x0000000304669de8:   00000001098c9710 f2c5294ad9920068
0x0000000304669df8:   00007fd454815800 0000000000000000
0x0000000304669e08:   0000000129f06a3a 0000000000000100 

Instructions: (pc=0x0000000304669c00)
0x0000000304669b00:   b3 00 00 00 00 00 00 00 68 02 b0 86 07 00 00 00
0x0000000304669b10:   a0 9b 66 04 03 00 00 00 ab c6 74 09 01 00 00 00
0x0000000304669b20:   78 9f 71 53 d4 7f 00 00 00 58 81 54 d4 7f 00 00
0x0000000304669b30:   00 43 b4 02 00 60 00 00 00 c2 a9 53 d4 7f 00 00
0x0000000304669b40:   88 c2 a9 53 d4 7f 00 00 58 9c 66 04 03 00 00 00
0x0000000304669b50:   b0 80 00 00 00 00 00 00 44 f6 00 00 00 00 00 00
0x0000000304669b60:   44 f6 00 00 00 00 00 00 10 59 81 54 d4 7f 00 00
0x0000000304669b70:   00 08 b0 86 07 00 00 00 a8 9b 66 04 03 00 00 00
0x0000000304669b80:   26 13 8f 09 01 00 00 00 10 04 00 00 00 00 00 00
0x0000000304669b90:   10 04 00 00 00 00 00 00 20 b2 07 00 00 00 00 00
0x0000000304669ba0:   a8 a3 04 00 08 00 00 00 08 9c 66 04 03 00 00 00
0x0000000304669bb0:   97 ec 61 09 01 00 00 00 00 00 00 00 00 00 00 00
0x0000000304669bc0:   00 00 00 00 00 00 00 00 00 a9 ae 09 01 00 00 00
0x0000000304669bd0:   38 9c 66 04 03 00 00 00 38 9c 66 04 03 00 00 00
0x0000000304669be0:   38 9c 66 04 03 00 00 00 00 58 81 54 d4 7f 00 00
0x0000000304669bf0:   38 9c 66 04 03 00 00 00 00 08 b0 86 07 00 00 00
0x0000000304669c00:   00 00 00 00 00 00 00 00 a6 a6 ae 09 01 00 00 00
0x0000000304669c10:   00 9c 66 04 03 00 00 00 90 9c 66 04 03 00 00 00
0x0000000304669c20:   80 9c 66 04 03 00 00 00 99 aa ae 09 01 00 00 00
0x0000000304669c30:   d8 03 00 00 00 00 00 00 90 9c 66 04 03 00 00 00
0x0000000304669c40:   00 58 81 54 d4 7f 00 00 68 9c 66 04 03 00 00 00
0x0000000304669c50:   00 00 00 00 00 00 00 00 44 f6 00 00 00 00 00 00
0x0000000304669c60:   00 9c 66 04 03 00 00 00 00 08 b0 86 07 00 00 00
0x0000000304669c70:   02 00 00 00 00 00 00 00 00 01 00 00 00 00 00 00
0x0000000304669c80:   c0 9c 66 04 03 00 00 00 67 c9 74 09 01 00 00 00
0x0000000304669c90:   90 69 e9 09 01 00 00 00 00 7a 81 53 d4 7f 00 00
0x0000000304669ca0:   00 58 81 54 d4 7f 00 00 a8 a3 04 00 08 00 00 00
0x0000000304669cb0:   82 00 00 00 00 00 00 00 00 01 00 00 01 00 00 00
0x0000000304669cc0:   20 9e 66 04 03 00 00 00 d5 bf 8c 09 01 00 00 00
0x0000000304669cd0:   01 00 00 00 00 00 00 00 02 00 00 00 00 00 00 00
0x0000000304669ce0:   00 58 81 54 d4 7f 00 00 20 11 e0 87 07 00 00 00
0x0000000304669cf0:   98 a4 66 04 03 00 00 00 d8 00 00 00 00 00 00 00 


Stack slot to memory mapping:
stack at sp + 0 slots: 0x0000000304669c90 is pointing into the stack for thread: 0x00007fd454815800
stack at sp + 1 slots: 0x0000000304669c80 is pointing into the stack for thread: 0x00007fd454815800
stack at sp + 2 slots: 0x0000000109aeaa99: _ZNK12MemAllocator8allocateEv+0x77 in /Users/jojunbeom/Library/Java/JavaVirtualMachines/corretto-11.0.14.1/Contents/Home/lib/server/libjvm.dylib at 0x0000000109522000
stack at sp + 3 slots: 0x00000000000003d8 is an unknown value
stack at sp + 4 slots: 0x0000000304669c90 is pointing into the stack for thread: 0x00007fd454815800
stack at sp + 5 slots: 0x00007fd454815800 is a thread
stack at sp + 6 slots: 0x0000000304669c68 is pointing into the stack for thread: 0x00007fd454815800
stack at sp + 7 slots: 0x0 is NULL


---------------  P R O C E S S  ---------------

Threads class SMR info:
_java_thread_list=0x0000600003e50700, length=12, elements={
0x00007fd454815800, 0x00007fd445008800, 0x00007fd44500b000, 0x00007fd44500c800,
0x00007fd454849800, 0x00007fd45484c800, 0x00007fd45484d000, 0x00007fd4538ec000,
0x00007fd444879800, 0x00007fd4448cb000, 0x00007fd453814000, 0x00007fd445346000
}

Java Threads: ( => current thread )
=>0x00007fd454815800 JavaThread "main" [_thread_in_vm, id=7939, stack(0x000000030456c000,0x000000030466c000)]
  0x00007fd445008800 JavaThread "Reference Handler" daemon [_thread_blocked, id=15875, stack(0x0000000304c81000,0x0000000304d81000)]
  0x00007fd44500b000 JavaThread "Finalizer" daemon [_thread_blocked, id=21763, stack(0x0000000304d84000,0x0000000304e84000)]
  0x00007fd44500c800 JavaThread "Signal Dispatcher" daemon [_thread_blocked, id=41475, stack(0x0000000304f97000,0x0000000305097000)]
  0x00007fd454849800 JavaThread "Service Thread" daemon [_thread_blocked, id=40707, stack(0x000000030509a000,0x000000030519a000)]
  0x00007fd45484c800 JavaThread "C2 CompilerThread0" daemon [_thread_in_native, id=24323, stack(0x000000030519d000,0x000000030529d000)]
  0x00007fd45484d000 JavaThread "C1 CompilerThread0" daemon [_thread_blocked, id=24579, stack(0x00000003052a0000,0x00000003053a0000)]
  0x00007fd4538ec000 JavaThread "Sweeper thread" daemon [_thread_blocked, id=25347, stack(0x00000003053a3000,0x00000003054a3000)]
  0x00007fd444879800 JavaThread "Common-Cleaner" daemon [_thread_blocked, id=26115, stack(0x00000003054a6000,0x00000003055a6000)]
  0x00007fd4448cb000 JavaThread "Monitor Ctrl-Break" daemon [_thread_in_native, id=38915, stack(0x00000003055a9000,0x00000003056a9000)]
  0x00007fd453814000 JavaThread "Async-profiler Timer" daemon [_thread_in_native, id=27175, stack(0x00000003056ac000,0x000000030572c000)]
  0x00007fd445346000 JavaThread "Attach Listener" daemon [_thread_blocked, id=28931, stack(0x00000003058b5000,0x00000003059b5000)]

Other Threads:
  0x00007fd44480a800 VMThread "VM Thread" [stack: 0x0000000304b7e000,0x0000000304c7e000] [id=17667]
  0x00007fd445338800 WatcherThread [stack: 0x00000003057b2000,0x00000003058b2000] [id=36703]
  0x00007fd453837800 GCTaskThread "GC Thread#0" [stack: 0x000000030466f000,0x000000030476f000] [id=13571]
  0x00007fd454839800 ConcurrentGCThread "G1 Main Marker" [stack: 0x0000000304772000,0x0000000304872000] [id=13827]
  0x00007fd444008800 ConcurrentGCThread "G1 Conc#0" [stack: 0x0000000304875000,0x0000000304975000] [id=19715]
  0x00007fd453897800 ConcurrentGCThread "G1 Refine#0" [stack: 0x0000000304978000,0x0000000304a78000] [id=19203]
  0x00007fd453898800 ConcurrentGCThread "G1 Young RemSet Sampling" [stack: 0x0000000304a7b000,0x0000000304b7b000] [id=14851]

Threads with active compile tasks:
C2 CompilerThread0   2532  993       4       java.util.concurrent.ConcurrentHashMap::get (162 bytes)

VM state:not at safepoint (normal execution)

VM Mutex/Monitor currently owned by a thread: None

Heap address: 0x0000000780000000, size: 2048 MB, Compressed Oops mode: Zero based, Oop shift amount: 3
Narrow klass base: 0x0000000800000000, Narrow klass shift: 0
Compressed class space size: 1073741824 Address: 0x0000000800000000

Heap:
 garbage-first heap   total 131072K, used 19456K [0x0000000780000000, 0x0000000800000000)
  region size 1024K, 21 young (21504K), 0 survivors (0K)
 Metaspace       used 11434K, capacity 11835K, committed 12160K, reserved 1060864K
  class space    used 1136K, capacity 1296K, committed 1408K, reserved 1048576K
Heap Regions: E=young(eden), S=young(survivor), O=old, HS=humongous(starts), HC=humongous(continues), CS=collection set, F=free, A=archive, TAMS=top-at-mark-start (previous, next)
|   0|0x0000000780000000, 0x0000000780000000, 0x0000000780100000|  0%| F|  |TAMS 0x0000000780000000, 0x0000000780000000| Untracked 
|   1|0x0000000780100000, 0x0000000780100000, 0x0000000780200000|  0%| F|  |TAMS 0x0000000780100000, 0x0000000780100000| Untracked 
|   2|0x0000000780200000, 0x0000000780200000, 0x0000000780300000|  0%| F|  |TAMS 0x0000000780200000, 0x0000000780200000| Untracked 
|   3|0x0000000780300000, 0x0000000780300000, 0x0000000780400000|  0%| F|  |TAMS 0x0000000780300000, 0x0000000780300000| Untracked 
|   4|0x0000000780400000, 0x0000000780400000, 0x0000000780500000|  0%| F|  |TAMS 0x0000000780400000, 0x0000000780400000| Untracked 
|   5|0x0000000780500000, 0x0000000780500000, 0x0000000780600000|  0%| F|  |TAMS 0x0000000780500000, 0x0000000780500000| Untracked 
|   6|0x0000000780600000, 0x0000000780600000, 0x0000000780700000|  0%| F|  |TAMS 0x0000000780600000, 0x0000000780600000| Untracked 
|   7|0x0000000780700000, 0x0000000780700000, 0x0000000780800000|  0%| F|  |TAMS 0x0000000780700000, 0x0000000780700000| Untracked 
|   8|0x0000000780800000, 0x0000000780800000, 0x0000000780900000|  0%| F|  |TAMS 0x0000000780800000, 0x0000000780800000| Untracked 
|   9|0x0000000780900000, 0x0000000780900000, 0x0000000780a00000|  0%| F|  |TAMS 0x0000000780900000, 0x0000000780900000| Untracked 
|  10|0x0000000780a00000, 0x0000000780a00000, 0x0000000780b00000|  0%| F|  |TAMS 0x0000000780a00000, 0x0000000780a00000| Untracked 
|  11|0x0000000780b00000, 0x0000000780b00000, 0x0000000780c00000|  0%| F|  |TAMS 0x0000000780b00000, 0x0000000780b00000| Untracked 
|  12|0x0000000780c00000, 0x0000000780c00000, 0x0000000780d00000|  0%| F|  |TAMS 0x0000000780c00000, 0x0000000780c00000| Untracked 
|  13|0x0000000780d00000, 0x0000000780d00000, 0x0000000780e00000|  0%| F|  |TAMS 0x0000000780d00000, 0x0000000780d00000| Untracked 
|  14|0x0000000780e00000, 0x0000000780e00000, 0x0000000780f00000|  0%| F|  |TAMS 0x0000000780e00000, 0x0000000780e00000| Untracked 
|  15|0x0000000780f00000, 0x0000000780f00000, 0x0000000781000000|  0%| F|  |TAMS 0x0000000780f00000, 0x0000000780f00000| Untracked 
|  16|0x0000000781000000, 0x0000000781000000, 0x0000000781100000|  0%| F|  |TAMS 0x0000000781000000, 0x0000000781000000| Untracked 
|  17|0x0000000781100000, 0x0000000781100000, 0x0000000781200000|  0%| F|  |TAMS 0x0000000781100000, 0x0000000781100000| Untracked 
|  18|0x0000000781200000, 0x0000000781200000, 0x0000000781300000|  0%| F|  |TAMS 0x0000000781200000, 0x0000000781200000| Untracked 
|  19|0x0000000781300000, 0x0000000781300000, 0x0000000781400000|  0%| F|  |TAMS 0x0000000781300000, 0x0000000781300000| Untracked 
|  20|0x0000000781400000, 0x0000000781400000, 0x0000000781500000|  0%| F|  |TAMS 0x0000000781400000, 0x0000000781400000| Untracked 
|  21|0x0000000781500000, 0x0000000781500000, 0x0000000781600000|  0%| F|  |TAMS 0x0000000781500000, 0x0000000781500000| Untracked 
|  22|0x0000000781600000, 0x0000000781600000, 0x0000000781700000|  0%| F|  |TAMS 0x0000000781600000, 0x0000000781600000| Untracked 
|  23|0x0000000781700000, 0x0000000781700000, 0x0000000781800000|  0%| F|  |TAMS 0x0000000781700000, 0x0000000781700000| Untracked 
|  24|0x0000000781800000, 0x0000000781800000, 0x0000000781900000|  0%| F|  |TAMS 0x0000000781800000, 0x0000000781800000| Untracked 
|  25|0x0000000781900000, 0x0000000781900000, 0x0000000781a00000|  0%| F|  |TAMS 0x0000000781900000, 0x0000000781900000| Untracked 
|  26|0x0000000781a00000, 0x0000000781a00000, 0x0000000781b00000|  0%| F|  |TAMS 0x0000000781a00000, 0x0000000781a00000| Untracked 
|  27|0x0000000781b00000, 0x0000000781b00000, 0x0000000781c00000|  0%| F|  |TAMS 0x0000000781b00000, 0x0000000781b00000| Untracked 
|  28|0x0000000781c00000, 0x0000000781c00000, 0x0000000781d00000|  0%| F|  |TAMS 0x0000000781c00000, 0x0000000781c00000| Untracked 
|  29|0x0000000781d00000, 0x0000000781d00000, 0x0000000781e00000|  0%| F|  |TAMS 0x0000000781d00000, 0x0000000781d00000| Untracked 
|  30|0x0000000781e00000, 0x0000000781e00000, 0x0000000781f00000|  0%| F|  |TAMS 0x0000000781e00000, 0x0000000781e00000| Untracked 
|  31|0x0000000781f00000, 0x0000000781f00000, 0x0000000782000000|  0%| F|  |TAMS 0x0000000781f00000, 0x0000000781f00000| Untracked 
|  32|0x0000000782000000, 0x0000000782000000, 0x0000000782100000|  0%| F|  |TAMS 0x0000000782000000, 0x0000000782000000| Untracked 
|  33|0x0000000782100000, 0x0000000782100000, 0x0000000782200000|  0%| F|  |TAMS 0x0000000782100000, 0x0000000782100000| Untracked 
|  34|0x0000000782200000, 0x0000000782200000, 0x0000000782300000|  0%| F|  |TAMS 0x0000000782200000, 0x0000000782200000| Untracked 
|  35|0x0000000782300000, 0x0000000782300000, 0x0000000782400000|  0%| F|  |TAMS 0x0000000782300000, 0x0000000782300000| Untracked 
|  36|0x0000000782400000, 0x0000000782400000, 0x0000000782500000|  0%| F|  |TAMS 0x0000000782400000, 0x0000000782400000| Untracked 
|  37|0x0000000782500000, 0x0000000782500000, 0x0000000782600000|  0%| F|  |TAMS 0x0000000782500000, 0x0000000782500000| Untracked 
|  38|0x0000000782600000, 0x0000000782600000, 0x0000000782700000|  0%| F|  |TAMS 0x0000000782600000, 0x0000000782600000| Untracked 
|  39|0x0000000782700000, 0x0000000782700000, 0x0000000782800000|  0%| F|  |TAMS 0x0000000782700000, 0x0000000782700000| Untracked 
|  40|0x0000000782800000, 0x0000000782800000, 0x0000000782900000|  0%| F|  |TAMS 0x0000000782800000, 0x0000000782800000| Untracked 
|  41|0x0000000782900000, 0x0000000782900000, 0x0000000782a00000|  0%| F|  |TAMS 0x0000000782900000, 0x0000000782900000| Untracked 
|  42|0x0000000782a00000, 0x0000000782a00000, 0x0000000782b00000|  0%| F|  |TAMS 0x0000000782a00000, 0x0000000782a00000| Untracked 
|  43|0x0000000782b00000, 0x0000000782b00000, 0x0000000782c00000|  0%| F|  |TAMS 0x0000000782b00000, 0x0000000782b00000| Untracked 
|  44|0x0000000782c00000, 0x0000000782c00000, 0x0000000782d00000|  0%| F|  |TAMS 0x0000000782c00000, 0x0000000782c00000| Untracked 
|  45|0x0000000782d00000, 0x0000000782d00000, 0x0000000782e00000|  0%| F|  |TAMS 0x0000000782d00000, 0x0000000782d00000| Untracked 
|  46|0x0000000782e00000, 0x0000000782e00000, 0x0000000782f00000|  0%| F|  |TAMS 0x0000000782e00000, 0x0000000782e00000| Untracked 
|  47|0x0000000782f00000, 0x0000000782f00000, 0x0000000783000000|  0%| F|  |TAMS 0x0000000782f00000, 0x0000000782f00000| Untracked 
|  48|0x0000000783000000, 0x0000000783000000, 0x0000000783100000|  0%| F|  |TAMS 0x0000000783000000, 0x0000000783000000| Untracked 
|  49|0x0000000783100000, 0x0000000783100000, 0x0000000783200000|  0%| F|  |TAMS 0x0000000783100000, 0x0000000783100000| Untracked 
|  50|0x0000000783200000, 0x0000000783200000, 0x0000000783300000|  0%| F|  |TAMS 0x0000000783200000, 0x0000000783200000| Untracked 
|  51|0x0000000783300000, 0x0000000783300000, 0x0000000783400000|  0%| F|  |TAMS 0x0000000783300000, 0x0000000783300000| Untracked 
|  52|0x0000000783400000, 0x0000000783400000, 0x0000000783500000|  0%| F|  |TAMS 0x0000000783400000, 0x0000000783400000| Untracked 
|  53|0x0000000783500000, 0x0000000783500000, 0x0000000783600000|  0%| F|  |TAMS 0x0000000783500000, 0x0000000783500000| Untracked 
|  54|0x0000000783600000, 0x0000000783600000, 0x0000000783700000|  0%| F|  |TAMS 0x0000000783600000, 0x0000000783600000| Untracked 
|  55|0x0000000783700000, 0x0000000783700000, 0x0000000783800000|  0%| F|  |TAMS 0x0000000783700000, 0x0000000783700000| Untracked 
|  56|0x0000000783800000, 0x0000000783800000, 0x0000000783900000|  0%| F|  |TAMS 0x0000000783800000, 0x0000000783800000| Untracked 
|  57|0x0000000783900000, 0x0000000783900000, 0x0000000783a00000|  0%| F|  |TAMS 0x0000000783900000, 0x0000000783900000| Untracked 
|  58|0x0000000783a00000, 0x0000000783a00000, 0x0000000783b00000|  0%| F|  |TAMS 0x0000000783a00000, 0x0000000783a00000| Untracked 
|  59|0x0000000783b00000, 0x0000000783b00000, 0x0000000783c00000|  0%| F|  |TAMS 0x0000000783b00000, 0x0000000783b00000| Untracked 
|  60|0x0000000783c00000, 0x0000000783c00000, 0x0000000783d00000|  0%| F|  |TAMS 0x0000000783c00000, 0x0000000783c00000| Untracked 
|  61|0x0000000783d00000, 0x0000000783d00000, 0x0000000783e00000|  0%| F|  |TAMS 0x0000000783d00000, 0x0000000783d00000| Untracked 
|  62|0x0000000783e00000, 0x0000000783e00000, 0x0000000783f00000|  0%| F|  |TAMS 0x0000000783e00000, 0x0000000783e00000| Untracked 
|  63|0x0000000783f00000, 0x0000000783f00000, 0x0000000784000000|  0%| F|  |TAMS 0x0000000783f00000, 0x0000000783f00000| Untracked 
|  64|0x0000000784000000, 0x0000000784000000, 0x0000000784100000|  0%| F|  |TAMS 0x0000000784000000, 0x0000000784000000| Untracked 
|  65|0x0000000784100000, 0x0000000784100000, 0x0000000784200000|  0%| F|  |TAMS 0x0000000784100000, 0x0000000784100000| Untracked 
|  66|0x0000000784200000, 0x0000000784200000, 0x0000000784300000|  0%| F|  |TAMS 0x0000000784200000, 0x0000000784200000| Untracked 
|  67|0x0000000784300000, 0x0000000784300000, 0x0000000784400000|  0%| F|  |TAMS 0x0000000784300000, 0x0000000784300000| Untracked 
|  68|0x0000000784400000, 0x0000000784400000, 0x0000000784500000|  0%| F|  |TAMS 0x0000000784400000, 0x0000000784400000| Untracked 
|  69|0x0000000784500000, 0x0000000784500000, 0x0000000784600000|  0%| F|  |TAMS 0x0000000784500000, 0x0000000784500000| Untracked 
|  70|0x0000000784600000, 0x0000000784600000, 0x0000000784700000|  0%| F|  |TAMS 0x0000000784600000, 0x0000000784600000| Untracked 
|  71|0x0000000784700000, 0x0000000784700000, 0x0000000784800000|  0%| F|  |TAMS 0x0000000784700000, 0x0000000784700000| Untracked 
|  72|0x0000000784800000, 0x0000000784800000, 0x0000000784900000|  0%| F|  |TAMS 0x0000000784800000, 0x0000000784800000| Untracked 
|  73|0x0000000784900000, 0x0000000784900000, 0x0000000784a00000|  0%| F|  |TAMS 0x0000000784900000, 0x0000000784900000| Untracked 
|  74|0x0000000784a00000, 0x0000000784a00000, 0x0000000784b00000|  0%| F|  |TAMS 0x0000000784a00000, 0x0000000784a00000| Untracked 
|  75|0x0000000784b00000, 0x0000000784b00000, 0x0000000784c00000|  0%| F|  |TAMS 0x0000000784b00000, 0x0000000784b00000| Untracked 
|  76|0x0000000784c00000, 0x0000000784c00000, 0x0000000784d00000|  0%| F|  |TAMS 0x0000000784c00000, 0x0000000784c00000| Untracked 
|  77|0x0000000784d00000, 0x0000000784d00000, 0x0000000784e00000|  0%| F|  |TAMS 0x0000000784d00000, 0x0000000784d00000| Untracked 
|  78|0x0000000784e00000, 0x0000000784e00000, 0x0000000784f00000|  0%| F|  |TAMS 0x0000000784e00000, 0x0000000784e00000| Untracked 
|  79|0x0000000784f00000, 0x0000000784f00000, 0x0000000785000000|  0%| F|  |TAMS 0x0000000784f00000, 0x0000000784f00000| Untracked 
|  80|0x0000000785000000, 0x0000000785000000, 0x0000000785100000|  0%| F|  |TAMS 0x0000000785000000, 0x0000000785000000| Untracked 
|  81|0x0000000785100000, 0x0000000785100000, 0x0000000785200000|  0%| F|  |TAMS 0x0000000785100000, 0x0000000785100000| Untracked 
|  82|0x0000000785200000, 0x0000000785200000, 0x0000000785300000|  0%| F|  |TAMS 0x0000000785200000, 0x0000000785200000| Untracked 
|  83|0x0000000785300000, 0x0000000785300000, 0x0000000785400000|  0%| F|  |TAMS 0x0000000785300000, 0x0000000785300000| Untracked 
|  84|0x0000000785400000, 0x0000000785400000, 0x0000000785500000|  0%| F|  |TAMS 0x0000000785400000, 0x0000000785400000| Untracked 
|  85|0x0000000785500000, 0x0000000785500000, 0x0000000785600000|  0%| F|  |TAMS 0x0000000785500000, 0x0000000785500000| Untracked 
|  86|0x0000000785600000, 0x0000000785600000, 0x0000000785700000|  0%| F|  |TAMS 0x0000000785600000, 0x0000000785600000| Untracked 
|  87|0x0000000785700000, 0x0000000785700000, 0x0000000785800000|  0%| F|  |TAMS 0x0000000785700000, 0x0000000785700000| Untracked 
|  88|0x0000000785800000, 0x0000000785800000, 0x0000000785900000|  0%| F|  |TAMS 0x0000000785800000, 0x0000000785800000| Untracked 
|  89|0x0000000785900000, 0x0000000785900000, 0x0000000785a00000|  0%| F|  |TAMS 0x0000000785900000, 0x0000000785900000| Untracked 
|  90|0x0000000785a00000, 0x0000000785a00000, 0x0000000785b00000|  0%| F|  |TAMS 0x0000000785a00000, 0x0000000785a00000| Untracked 
|  91|0x0000000785b00000, 0x0000000785b00000, 0x0000000785c00000|  0%| F|  |TAMS 0x0000000785b00000, 0x0000000785b00000| Untracked 
|  92|0x0000000785c00000, 0x0000000785c00000, 0x0000000785d00000|  0%| F|  |TAMS 0x0000000785c00000, 0x0000000785c00000| Untracked 
|  93|0x0000000785d00000, 0x0000000785d00000, 0x0000000785e00000|  0%| F|  |TAMS 0x0000000785d00000, 0x0000000785d00000| Untracked 
|  94|0x0000000785e00000, 0x0000000785e00000, 0x0000000785f00000|  0%| F|  |TAMS 0x0000000785e00000, 0x0000000785e00000| Untracked 
|  95|0x0000000785f00000, 0x0000000785f00000, 0x0000000786000000|  0%| F|  |TAMS 0x0000000785f00000, 0x0000000785f00000| Untracked 
|  96|0x0000000786000000, 0x0000000786000000, 0x0000000786100000|  0%| F|  |TAMS 0x0000000786000000, 0x0000000786000000| Untracked 
|  97|0x0000000786100000, 0x0000000786100000, 0x0000000786200000|  0%| F|  |TAMS 0x0000000786100000, 0x0000000786100000| Untracked 
|  98|0x0000000786200000, 0x0000000786200000, 0x0000000786300000|  0%| F|  |TAMS 0x0000000786200000, 0x0000000786200000| Untracked 
|  99|0x0000000786300000, 0x0000000786300000, 0x0000000786400000|  0%| F|  |TAMS 0x0000000786300000, 0x0000000786300000| Untracked 
| 100|0x0000000786400000, 0x0000000786400000, 0x0000000786500000|  0%| F|  |TAMS 0x0000000786400000, 0x0000000786400000| Untracked 
| 101|0x0000000786500000, 0x0000000786500000, 0x0000000786600000|  0%| F|  |TAMS 0x0000000786500000, 0x0000000786500000| Untracked 
| 102|0x0000000786600000, 0x0000000786600000, 0x0000000786700000|  0%| F|  |TAMS 0x0000000786600000, 0x0000000786600000| Untracked 
| 103|0x0000000786700000, 0x0000000786700000, 0x0000000786800000|  0%| F|  |TAMS 0x0000000786700000, 0x0000000786700000| Untracked 
| 104|0x0000000786800000, 0x0000000786800000, 0x0000000786900000|  0%| F|  |TAMS 0x0000000786800000, 0x0000000786800000| Untracked 
| 105|0x0000000786900000, 0x0000000786900000, 0x0000000786a00000|  0%| F|  |TAMS 0x0000000786900000, 0x0000000786900000| Untracked 
| 106|0x0000000786a00000, 0x0000000786a00000, 0x0000000786b00000|  0%| F|  |TAMS 0x0000000786a00000, 0x0000000786a00000| Untracked 
| 107|0x0000000786b00000, 0x0000000786b7ba20, 0x0000000786c00000| 48%| E|  |TAMS 0x0000000786b00000, 0x0000000786b00000| Complete 
| 108|0x0000000786c00000, 0x0000000786d00000, 0x0000000786d00000|100%| E|CS|TAMS 0x0000000786c00000, 0x0000000786c00000| Complete 
| 109|0x0000000786d00000, 0x0000000786e00000, 0x0000000786e00000|100%| E|CS|TAMS 0x0000000786d00000, 0x0000000786d00000| Complete 
| 110|0x0000000786e00000, 0x0000000786f00000, 0x0000000786f00000|100%| E|CS|TAMS 0x0000000786e00000, 0x0000000786e00000| Complete 
| 111|0x0000000786f00000, 0x0000000787000000, 0x0000000787000000|100%| E|CS|TAMS 0x0000000786f00000, 0x0000000786f00000| Complete 
| 112|0x0000000787000000, 0x0000000787100000, 0x0000000787100000|100%| E|CS|TAMS 0x0000000787000000, 0x0000000787000000| Complete 
| 113|0x0000000787100000, 0x0000000787200000, 0x0000000787200000|100%| E|CS|TAMS 0x0000000787100000, 0x0000000787100000| Complete 
| 114|0x0000000787200000, 0x0000000787300000, 0x0000000787300000|100%| E|CS|TAMS 0x0000000787200000, 0x0000000787200000| Complete 
| 115|0x0000000787300000, 0x0000000787400000, 0x0000000787400000|100%| E|CS|TAMS 0x0000000787300000, 0x0000000787300000| Complete 
| 116|0x0000000787400000, 0x0000000787500000, 0x0000000787500000|100%| E|CS|TAMS 0x0000000787400000, 0x0000000787400000| Complete 
| 117|0x0000000787500000, 0x0000000787600000, 0x0000000787600000|100%| E|CS|TAMS 0x0000000787500000, 0x0000000787500000| Complete 
| 118|0x0000000787600000, 0x0000000787700000, 0x0000000787700000|100%| E|CS|TAMS 0x0000000787600000, 0x0000000787600000| Complete 
| 119|0x0000000787700000, 0x0000000787800000, 0x0000000787800000|100%| E|  |TAMS 0x0000000787700000, 0x0000000787700000| Complete 
| 120|0x0000000787800000, 0x0000000787900000, 0x0000000787900000|100%| E|CS|TAMS 0x0000000787800000, 0x0000000787800000| Complete 
| 121|0x0000000787900000, 0x0000000787a00000, 0x0000000787a00000|100%| E|CS|TAMS 0x0000000787900000, 0x0000000787900000| Complete 
| 122|0x0000000787a00000, 0x0000000787b00000, 0x0000000787b00000|100%| E|CS|TAMS 0x0000000787a00000, 0x0000000787a00000| Complete 
| 123|0x0000000787b00000, 0x0000000787c00000, 0x0000000787c00000|100%| E|CS|TAMS 0x0000000787b00000, 0x0000000787b00000| Complete 
| 124|0x0000000787c00000, 0x0000000787d00000, 0x0000000787d00000|100%| E|CS|TAMS 0x0000000787c00000, 0x0000000787c00000| Complete 
| 125|0x0000000787d00000, 0x0000000787e00000, 0x0000000787e00000|100%| E|CS|TAMS 0x0000000787d00000, 0x0000000787d00000| Complete 
| 126|0x0000000787e00000, 0x0000000787f00000, 0x0000000787f00000|100%| E|CS|TAMS 0x0000000787e00000, 0x0000000787e00000| Complete 
| 127|0x0000000787f00000, 0x0000000788000000, 0x0000000788000000|100%| E|CS|TAMS 0x0000000787f00000, 0x0000000787f00000| Complete 

Card table byte_map: [0x000000012331c000,0x000000012371c000] _byte_map_base: 0x000000011f71c000

Marking Bits (Prev, Next): (CMBitMap*) 0x00007fd454830e18, (CMBitMap*) 0x00007fd454830e50
 Prev Bits: [0x0000000123b1c000, 0x0000000125b1c000)
 Next Bits: [0x0000000125b1c000, 0x0000000127b1c000)

Polling page: 0x00000001000ed000

Metaspace:

Usage:
  Non-class:     10.29 MB capacity,    10.06 MB ( 98%) used,   206.20 KB (  2%) free+waste,    34.50 KB ( <1%) overhead. 
      Class:      1.27 MB capacity,     1.11 MB ( 88%) used,   141.90 KB ( 11%) free+waste,    17.69 KB (  1%) overhead. 
       Both:     11.56 MB capacity,    11.17 MB ( 97%) used,   348.10 KB (  3%) free+waste,    52.19 KB ( <1%) overhead. 

Virtual space:
  Non-class space:       12.00 MB reserved,      10.50 MB ( 88%) committed 
      Class space:        1.00 GB reserved,       1.38 MB ( <1%) committed 
             Both:        1.01 GB reserved,      11.88 MB (  1%) committed 

Chunk freelists:
   Non-Class:  0 bytes
       Class:  0 bytes
        Both:  0 bytes

MaxMetaspaceSize: unlimited
CompressedClassSpaceSize: 1.00 GB
Initial GC threshold: 20.80 MB
Current GC threshold: 20.80 MB
CDS: off

CodeHeap 'non-profiled nmethods': size=120032Kb used=382Kb max_used=382Kb free=119649Kb
 bounds [0x000000011b8f9000, 0x000000011bb69000, 0x0000000122e31000]
CodeHeap 'profiled nmethods': size=120028Kb used=2143Kb max_used=2143Kb free=117884Kb
 bounds [0x00000001143c2000, 0x0000000114632000, 0x000000011b8f9000]
CodeHeap 'non-nmethods': size=5700Kb used=1108Kb max_used=1124Kb free=4591Kb
 bounds [0x0000000113e31000, 0x00000001140a1000, 0x00000001143c2000]
 total_blobs=1353 nmethods=994 adapters=274
 compilation: enabled
              stopped_count=0, restarted_count=0
 full_count=0

Compilation events (20 events):
Event: 2.465 Thread 0x00007fd45484d000  985       1       jdk.internal.reflect.NativeConstructorAccessorImpl::setParent (6 bytes)
Event: 2.465 Thread 0x00007fd45484d000 nmethod 985 0x000000011b951510 code [0x000000011b9516c0, 0x000000011b9517d0]
Event: 2.472 Thread 0x00007fd45484c800 nmethod 960 0x000000011b951890 code [0x000000011b951a60, 0x000000011b9528f8]
Event: 2.472 Thread 0x00007fd45484c800  972       4       jdk.internal.org.objectweb.asm.Type::getArgumentsAndReturnSizes (151 bytes)
Event: 2.481 Thread 0x00007fd45484d000  987       3       java.lang.invoke.LambdaForm$BasicType::basicTypeSlots (8 bytes)
Event: 2.482 Thread 0x00007fd45484d000 nmethod 987 0x00000001145d4210 code [0x00000001145d43c0, 0x00000001145d4530]
Event: 2.482 Thread 0x00007fd45484d000  988       3       sun.invoke.util.Wrapper::stackSlots (9 bytes)
Event: 2.482 Thread 0x00007fd45484d000 nmethod 988 0x00000001145d4690 code [0x00000001145d4840, 0x00000001145d4930]
Event: 2.487 Thread 0x00007fd45484d000  989       3       java.lang.invoke.DirectMethodHandle$Holder::invokeStatic (14 bytes)
Event: 2.488 Thread 0x00007fd45484c800 nmethod 972 0x000000011b954190 code [0x000000011b9543a0, 0x000000011b954a60]
Event: 2.488 Thread 0x00007fd45484d000 nmethod 989 0x00000001145d4a10 code [0x00000001145d4be0, 0x00000001145d5130]
Event: 2.488 Thread 0x00007fd45484c800  968       4       jdk.internal.org.objectweb.asm.ClassWriter::newUTF8 (70 bytes)
Event: 2.491 Thread 0x00007fd45484d000  990       3       java.lang.invoke.MethodType::changeReturnType (20 bytes)
Event: 2.492 Thread 0x00007fd45484d000 nmethod 990 0x00000001145d5290 code [0x00000001145d5440, 0x00000001145d55e0]
Event: 2.506 Thread 0x00007fd45484d000  992       3       jdk.internal.org.objectweb.asm.Frame::type (416 bytes)
Event: 2.511 Thread 0x00007fd45484d000 nmethod 992 0x00000001145d5710 code [0x00000001145d5b20, 0x00000001145d7b30]
Event: 2.512 Thread 0x00007fd45484d000  994       3       java.lang.Class::cast (27 bytes)
Event: 2.513 Thread 0x00007fd45484d000 nmethod 994 0x00000001145d9290 code [0x00000001145d9460, 0x00000001145d9710]
Event: 2.513 Thread 0x00007fd45484d000  995       3       java.util.stream.AbstractPipeline::isParallel (8 bytes)
Event: 2.513 Thread 0x00007fd45484d000 nmethod 995 0x00000001145d9910 code [0x00000001145d9ac0, 0x00000001145d9bd0]

GC Heap History (0 events):
No events

Deoptimization events (20 events):
Event: 1.641 Thread 0x00007fd454815800 DEOPT PACKING pc=0x000000011447d7ba sp=0x000000030466a5e0
Event: 1.641 Thread 0x00007fd454815800 DEOPT UNPACKING pc=0x0000000113e7b62b sp=0x0000000304669a68 mode 0
Event: 1.652 Thread 0x00007fd454815800 DEOPT PACKING pc=0x0000000114419fcf sp=0x0000000304667cc0
Event: 1.652 Thread 0x00007fd454815800 DEOPT UNPACKING pc=0x0000000113e7b62b sp=0x0000000304667168 mode 0
Event: 1.838 Thread 0x00007fd454815800 Uncommon trap: trap_request=0xffffffde fr.pc=0x000000011b9083dc relative=0x0000000000000d5c
Event: 1.838 Thread 0x00007fd454815800 Uncommon trap: reason=class_check action=maybe_recompile pc=0x000000011b9083dc method=java.util.HashMap.putVal(ILjava/lang/Object;Ljava/lang/Object;ZZ)Ljava/lang/Object; @ 253 c2
Event: 1.838 Thread 0x00007fd454815800 DEOPT PACKING pc=0x000000011b9083dc sp=0x000000030466af70
Event: 1.838 Thread 0x00007fd454815800 DEOPT UNPACKING pc=0x0000000113e7ae9f sp=0x000000030466af10 mode 2
Event: 1.840 Thread 0x00007fd454815800 Uncommon trap: trap_request=0xffffff4d fr.pc=0x000000011b92ed14 relative=0x0000000000000154
Event: 1.840 Thread 0x00007fd454815800 Uncommon trap: reason=unstable_if action=reinterpret pc=0x000000011b92ed14 method=java.util.HashMap.getNode(ILjava/lang/Object;)Ljava/util/HashMap$Node; @ 129 c2
Event: 1.840 Thread 0x00007fd454815800 DEOPT PACKING pc=0x000000011b92ed14 sp=0x00000003046690a0
Event: 1.840 Thread 0x00007fd454815800 DEOPT UNPACKING pc=0x0000000113e7ae9f sp=0x0000000304669030 mode 2
Event: 1.840 Thread 0x00007fd454815800 Uncommon trap: trap_request=0xffffff4d fr.pc=0x000000011b9083cc relative=0x0000000000000d4c
Event: 1.840 Thread 0x00007fd454815800 Uncommon trap: reason=unstable_if action=reinterpret pc=0x000000011b9083cc method=java.util.HashMap.putVal(ILjava/lang/Object;Ljava/lang/Object;ZZ)Ljava/lang/Object; @ 181 c2
Event: 1.840 Thread 0x00007fd454815800 DEOPT PACKING pc=0x000000011b9083cc sp=0x0000000304669090
Event: 1.840 Thread 0x00007fd454815800 DEOPT UNPACKING pc=0x0000000113e7ae9f sp=0x0000000304669030 mode 2
Event: 1.982 Thread 0x00007fd454815800 DEOPT PACKING pc=0x000000011443a388 sp=0x0000000304668cd0
Event: 1.982 Thread 0x00007fd454815800 DEOPT UNPACKING pc=0x0000000113e7b62b sp=0x0000000304668168 mode 0
Event: 2.219 Thread 0x00007fd454815800 DEOPT PACKING pc=0x000000011440a8a0 sp=0x00000003046686a0
Event: 2.219 Thread 0x00007fd454815800 DEOPT UNPACKING pc=0x0000000113e7b62b sp=0x0000000304667bd8 mode 0

Classes redefined (0 events):
No events

Internal exceptions (18 events):
Event: 0.742 Thread 0x00007fd454815800 Exception <a 'java/lang/NoClassDefFoundError'{0x0000000787efc740}: jdk/internal/loader/NativeLibraries> (0x0000000787efc740) thrown at [src/hotspot/share/classfile/systemDictionary.cpp, line 219]
Event: 0.744 Thread 0x00007fd454815800 Exception <a 'java/lang/NoSuchMethodError'{0x0000000787efe5b8}: 'java.lang.Object java.lang.invoke.DirectMethodHandle$Holder.invokeStaticInit(java.lang.Object, java.lang.Object, java.lang.Object)'> (0x0000000787efe5b8) thrown at [src/hotspot/share/interpreter/linkResolver.cpp, line 773]
Event: 1.121 Thread 0x00007fd454815800 Exception <a 'java/lang/NoSuchMethodError'{0x0000000787c41eb8}: 'java.lang.Object java.lang.invoke.DirectMethodHandle$Holder.invokeStaticInit(java.lang.Object, int)'> (0x0000000787c41eb8) thrown at [src/hotspot/share/interpreter/linkResolver.cpp, line 773]
Event: 1.753 Thread 0x00007fd454815800 Exception <a 'java/lang/NoSuchMethodError'{0x00000007875fd260}: 'java.lang.Object java.lang.invoke.DirectMethodHandle$Holder.invokeVirtual(java.lang.Object, java.lang.Object, java.lang.Object)'> (0x00000007875fd260) thrown at [src/hotspot/share/interpreter/linkResolver.cpp, line 773]
Event: 1.950 Thread 0x00007fd454815800 Exception <a 'java/lang/NoSuchMethodError'{0x000000078725f3f8}: 'void java.lang.invoke.DirectMethodHandle$Holder.invokeStaticInit(java.lang.Object, java.lang.Object, java.lang.Object)'> (0x000000078725f3f8) thrown at [src/hotspot/share/interpreter/linkResolver.cpp, line 773]
Event: 1.975 Thread 0x00007fd454815800 Exception <a 'java/lang/NoSuchMethodError'{0x00000007872b0a08}: 'int java.lang.invoke.DirectMethodHandle$Holder.invokeVirtual(java.lang.Object, java.lang.Object)'> (0x00000007872b0a08) thrown at [src/hotspot/share/interpreter/linkResolver.cpp, line 773]
Event: 2.029 Thread 0x00007fd454815800 Exception <a 'java/lang/NoSuchMethodError'{0x00000007871b1240}: 'int java.lang.invoke.DirectMethodHandle$Holder.invokeSpecialIFC(java.lang.Object, java.lang.Object, java.lang.Object, java.lang.Object)'> (0x00000007871b1240) thrown at [src/hotspot/share/interpreter/linkResolver.cpp, line 773]
Event: 2.099 Thread 0x00007fd454815800 Exception <a 'java/lang/NoSuchMethodError'{0x00000007870a0388}: 'void java.lang.invoke.DirectMethodHandle$Holder.invokeInterface(java.lang.Object, java.lang.Object)'> (0x00000007870a0388) thrown at [src/hotspot/share/interpreter/linkResolver.cpp, line 773]
Event: 2.102 Thread 0x00007fd454815800 Exception <a 'java/lang/IncompatibleClassChangeError'{0x00000007870a3290}: Found class java.lang.Object, but interface was expected> (0x00000007870a3290) thrown at [src/hotspot/share/interpreter/linkResolver.cpp, line 839]
Event: 2.173 Thread 0x00007fd454815800 Exception <a 'java/lang/NoSuchMethodError'{0x0000000786f60ac8}: 'java.lang.Object java.lang.invoke.Invokers$Holder.linkToTargetMethod(java.lang.Object, java.lang.Object, java.lang.Object, java.lang.Object, java.lang.Object, java.lang.Object)'> (0x0000000786f60ac8) thrown at [src/hotspot/share/interpreter/linkResolver.cpp, line 773]
Event: 2.291 Thread 0x00007fd454815800 Exception <a 'java/lang/NoSuchMethodError'{0x0000000786d09b68}: 'java.lang.Object java.lang.invoke.DirectMethodHandle$Holder.invokeSpecialIFC(java.lang.Object, java.lang.Object, java.lang.Object, java.lang.Object)'> (0x0000000786d09b68) thrown at [src/hotspot/share/interpreter/linkResolver.cpp, line 773]
Event: 2.306 Thread 0x00007fd454815800 Exception <a 'java/lang/NoSuchMethodError'{0x0000000786d2ebd0}: 'java.lang.Object java.lang.invoke.DirectMethodHandle$Holder.invokeInterface(java.lang.Object, java.lang.Object, java.lang.Object)'> (0x0000000786d2ebd0) thrown at [src/hotspot/share/interpreter/linkResolver.cpp, line 773]
Event: 2.353 Thread 0x00007fd454815800 Exception <a 'java/lang/IncompatibleClassChangeError'{0x0000000786d9b608}: Found class java.lang.Object, but interface was expected> (0x0000000786d9b608) thrown at [src/hotspot/share/interpreter/linkResolver.cpp, line 839]
Event: 2.378 Thread 0x00007fd454815800 Exception <a 'java/lang/IncompatibleClassChangeError'{0x0000000786decf98}: Found class java.lang.Object, but interface was expected> (0x0000000786decf98) thrown at [src/hotspot/share/interpreter/linkResolver.cpp, line 839]
Event: 2.444 Thread 0x00007fd454815800 Exception <a 'java/lang/NoSuchMethodError'{0x0000000786c81cd0}: 'void java.lang.invoke.DirectMethodHandle$Holder.invokeSpecial(java.lang.Object, java.lang.Object, java.lang.Object, java.lang.Object, java.lang.Object)'> (0x0000000786c81cd0) thrown at [src/hotspot/share/interpreter/linkResolver.cpp, line 773]
Event: 2.481 Thread 0x00007fd454815800 Exception <a 'java/lang/NoSuchMethodError'{0x0000000786ccc448}: 'void java.lang.invoke.DirectMethodHandle$Holder.invokeInterface(java.lang.Object, java.lang.Object, java.lang.Object, java.lang.Object)'> (0x0000000786ccc448) thrown at [src/hotspot/share/interpreter/linkResolver.cpp, line 773]
Event: 2.483 Thread 0x00007fd454815800 Exception <a 'java/lang/IncompatibleClassChangeError'{0x0000000786ccf208}: Found class java.lang.Object, but interface was expected> (0x0000000786ccf208) thrown at [src/hotspot/share/interpreter/linkResolver.cpp, line 839]
Event: 2.506 Thread 0x00007fd454815800 Exception <a 'java/lang/NoSuchMethodError'{0x0000000786ce42b8}: 'void java.lang.invoke.DirectMethodHandle$Holder.invokeStatic(java.lang.Object, java.lang.Object, java.lang.Object, java.lang.Object)'> (0x0000000786ce42b8) thrown at [src/hotspot/share/interpreter/linkResolver.cpp, line 773]

Events (20 events):
Event: 2.507 loading class org/junit/platform/launcher/TestIdentifier
Event: 2.507 loading class org/junit/platform/launcher/TestIdentifier done
Event: 2.507 loading class com/intellij/junit5/JUnit5TestExecutionListener
Event: 2.507 loading class com/intellij/junit5/JUnit5TestExecutionListener done
Event: 2.507 loading class org/junit/platform/launcher/TestIdentifier
Event: 2.507 loading class org/junit/platform/launcher/TestIdentifier done
Event: 2.508 loading class java/util/Collections$2
Event: 2.508 loading class java/util/Collections$2 done
Event: 2.508 loading class org/junit/platform/engine/UniqueId$Segment
Event: 2.508 loading class org/junit/platform/engine/UniqueId$Segment done
Event: 2.508 loading class org/junit/platform/engine/UniqueId$Segment
Event: 2.508 loading class org/junit/platform/engine/UniqueId$Segment done
Event: 2.508 loading class org/junit/platform/engine/UniqueIdFormat
Event: 2.508 loading class org/junit/platform/engine/UniqueIdFormat done
Event: 2.513 loading class org/junit/platform/engine/UniqueId$Segment
Event: 2.513 loading class org/junit/platform/engine/UniqueId$Segment done
Event: 2.513 loading class org/junit/platform/engine/UniqueId$Segment
Event: 2.513 loading class org/junit/platform/engine/UniqueId$Segment done
Event: 2.513 loading class org/junit/platform/engine/UniqueIdFormat
Event: 2.513 loading class org/junit/platform/engine/UniqueIdFormat done


Dynamic libraries:
0x000000010871f000 	/Users/jojunbeom/Library/Java/JavaVirtualMachines/corretto-11.0.14.1/Contents/Home/lib/jli/libjli.dylib
0x00007ff82d4c4000 	/System/Library/Frameworks/Cocoa.framework/Versions/A/Cocoa
0x00007ff818d65000 	/System/Library/Frameworks/AppKit.framework/Versions/C/AppKit
0x00007ff81c2b5000 	/System/Library/Frameworks/CoreData.framework/Versions/A/CoreData
0x00007ff817180000 	/System/Library/Frameworks/Foundation.framework/Versions/C/Foundation
0x00007ff8215a8000 	/usr/lib/libSystem.B.dylib
0x00007ff819bf2000 	/System/Library/PrivateFrameworks/UIFoundation.framework/Versions/A/UIFoundation
0x00007ff82749c000 	/System/Library/PrivateFrameworks/RemoteViewServices.framework/Versions/A/RemoteViewServices
0x00007ff81f79b000 	/System/Library/PrivateFrameworks/XCTTargetBootstrap.framework/Versions/A/XCTTargetBootstrap
0x00007ff823473000 	/System/Library/PrivateFrameworks/InternationalSupport.framework/Versions/A/InternationalSupport
0x00007ff8234fd000 	/System/Library/PrivateFrameworks/UserActivity.framework/Versions/A/UserActivity
0x00007ff82285a000 	/usr/lib/libspindump.dylib
0x00007ff819e80000 	/System/Library/Frameworks/UniformTypeIdentifiers.framework/Versions/A/UniformTypeIdentifiers
0x00007ff81deda000 	/usr/lib/libapp_launch_measurement.dylib
0x00007ff81cc8f000 	/System/Library/PrivateFrameworks/CoreAnalytics.framework/Versions/A/CoreAnalytics
0x00007ff81dedd000 	/System/Library/PrivateFrameworks/CoreAutoLayout.framework/Versions/A/CoreAutoLayout
0x00007ff81f0fc000 	/System/Library/Frameworks/Metal.framework/Versions/A/Metal
0x00007ff81fe13000 	/usr/lib/liblangid.dylib
0x00007ff81f79f000 	/System/Library/PrivateFrameworks/CoreSVG.framework/Versions/A/CoreSVG
0x00007ff81b242000 	/System/Library/PrivateFrameworks/SkyLight.framework/Versions/A/SkyLight
0x00007ff81b5d3000 	/System/Library/Frameworks/CoreGraphics.framework/Versions/A/CoreGraphics
0x00007ff827b07000 	/System/Library/Frameworks/Accelerate.framework/Versions/A/Accelerate
0x00007ff8222d5000 	/System/Library/PrivateFrameworks/IconServices.framework/Versions/A/IconServices
0x00007ff81f0e1000 	/System/Library/Frameworks/IOSurface.framework/Versions/A/IOSurface
0x00007ff81ccbd000 	/usr/lib/libDiagnosticMessagesClient.dylib
0x00007ff8214c2000 	/usr/lib/libz.1.dylib
0x00007ff82b166000 	/System/Library/Frameworks/ApplicationServices.framework/Versions/A/ApplicationServices
0x00007ff81f787000 	/System/Library/PrivateFrameworks/DFRFoundation.framework/Versions/A/DFRFoundation
0x00007ff818656000 	/usr/lib/libicucore.A.dylib
0x00007ff824195000 	/System/Library/Frameworks/AudioToolbox.framework/Versions/A/AudioToolbox
0x00007ff82347f000 	/System/Library/PrivateFrameworks/DataDetectorsCore.framework/Versions/A/DataDetectorsCore
0x00007ff91ec14000 	/System/Library/PrivateFrameworks/TextInput.framework/Versions/A/TextInput
0x00007ff81b1c5000 	/usr/lib/libMobileGestalt.dylib
0x00007ff81f48f000 	/System/Library/Frameworks/Carbon.framework/Versions/A/Frameworks/HIToolbox.framework/Versions/A/HIToolbox
0x00007ff81d908000 	/System/Library/Frameworks/QuartzCore.framework/Versions/A/QuartzCore
0x00007ff8182f7000 	/System/Library/Frameworks/Security.framework/Versions/A/Security
0x00007ff8274d4000 	/System/Library/Frameworks/Carbon.framework/Versions/A/Frameworks/SpeechRecognition.framework/Versions/A/SpeechRecognition
0x00007ff81dc3a000 	/System/Library/PrivateFrameworks/CoreUI.framework/Versions/A/CoreUI
0x00007ff817bd1000 	/System/Library/Frameworks/CoreAudio.framework/Versions/A/CoreAudio
0x00007ff81cdab000 	/System/Library/Frameworks/DiskArbitration.framework/Versions/A/DiskArbitration
0x00007ff822c3d000 	/System/Library/PrivateFrameworks/MultitouchSupport.framework/Versions/A/MultitouchSupport
0x00007ff81b1c4000 	/usr/lib/libenergytrace.dylib
0x00007ff818c51000 	/System/Library/Frameworks/IOKit.framework/Versions/A/IOKit
0x00007ff8278be000 	/System/Library/Frameworks/CoreServices.framework/Versions/A/CoreServices
0x00007ff81de74000 	/System/Library/PrivateFrameworks/PerformanceAnalysis.framework/Versions/A/PerformanceAnalysis
0x00007ffa2e683000 	/System/Library/Frameworks/OpenGL.framework/Versions/A/OpenGL
0x00007ff820afa000 	/System/Library/PrivateFrameworks/MobileKeyBag.framework/Versions/A/MobileKeyBag
0x00007ff816218000 	/usr/lib/libobjc.A.dylib
0x00007ff81bd02000 	/System/Library/Frameworks/ColorSync.framework/Versions/A/ColorSync
0x00007ff8163d4000 	/System/Library/Frameworks/CoreFoundation.framework/Versions/A/CoreFoundation
0x00007ff81fa1a000 	/System/Library/Frameworks/CoreImage.framework/Versions/A/CoreImage
0x00007ff8179e7000 	/System/Library/Frameworks/CoreText.framework/Versions/A/CoreText
0x00007ff81f7ce000 	/System/Library/Frameworks/ImageIO.framework/Versions/A/ImageIO
0x00007ff8215ae000 	/System/Library/PrivateFrameworks/SoftLinking.framework/Versions/A/SoftLinking
0x00007ff81df25000 	/usr/lib/libxml2.2.dylib
0x00007ff8162e1000 	/usr/lib/libc++.1.dylib
0x00007ff82182e000 	/usr/lib/libcompression.dylib
0x00007ff8233a9000 	/System/Library/PrivateFrameworks/TextureIO.framework/Versions/A/TextureIO
0x00007ff821f4e000 	/usr/lib/libate.dylib
0x00007ff8215a3000 	/usr/lib/system/libcache.dylib
0x00007ff82155f000 	/usr/lib/system/libcommonCrypto.dylib
0x00007ff821588000 	/usr/lib/system/libcompiler_rt.dylib
0x00007ff82157e000 	/usr/lib/system/libcopyfile.dylib
0x00007ff816112000 	/usr/lib/system/libcorecrypto.dylib
0x00007ff8161d1000 	/usr/lib/system/libdispatch.dylib
0x00007ff816393000 	/usr/lib/system/libdyld.dylib
0x00007ff82159a000 	/usr/lib/system/libkeymgr.dylib
0x00007ff82153d000 	/usr/lib/system/libmacho.dylib
0x00007ff820bce000 	/usr/lib/system/libquarantine.dylib
0x00007ff821598000 	/usr/lib/system/libremovefile.dylib
0x00007ff81b211000 	/usr/lib/system/libsystem_asl.dylib
0x00007ff8160c0000 	/usr/lib/system/libsystem_blocks.dylib
0x00007ff816258000 	/usr/lib/system/libsystem_c.dylib
0x00007ff821590000 	/usr/lib/system/libsystem_collections.dylib
0x00007ff81fe04000 	/usr/lib/system/libsystem_configuration.dylib
0x00007ff81f0c4000 	/usr/lib/system/libsystem_containermanager.dylib
0x00007ff821276000 	/usr/lib/system/libsystem_coreservices.dylib
0x00007ff8188df000 	/usr/lib/system/libsystem_darwin.dylib
0x00007ff82159b000 	/usr/lib/system/libsystem_dnssd.dylib
0x00007ff816255000 	/usr/lib/system/libsystem_featureflags.dylib
0x00007ff8163a9000 	/usr/lib/system/libsystem_info.dylib
0x00007ff8214d5000 	/usr/lib/system/libsystem_m.dylib
0x00007ff8161a5000 	/usr/lib/system/libsystem_malloc.dylib
0x00007ff81b1ae000 	/usr/lib/system/libsystem_networkextension.dylib
0x00007ff818d07000 	/usr/lib/system/libsystem_notify.dylib
0x00007ff827795000 	/usr/lib/system/libsystem_product_info_filter.dylib
0x00007ff81fe08000 	/usr/lib/system/libsystem_sandbox.dylib
0x00007ff821595000 	/usr/lib/system/libsystem_secinit.dylib
0x00007ff816350000 	/usr/lib/system/libsystem_kernel.dylib
0x00007ff81639f000 	/usr/lib/system/libsystem_platform.dylib
0x00007ff816387000 	/usr/lib/system/libsystem_pthread.dylib
0x00007ff81cad5000 	/usr/lib/system/libsystem_symptoms.dylib
0x00007ff8160f9000 	/usr/lib/system/libsystem_trace.dylib
0x00007ff82156b000 	/usr/lib/system/libunwind.dylib
0x00007ff8160c2000 	/usr/lib/system/libxpc.dylib
0x00007ff81633a000 	/usr/lib/libc++abi.dylib
0x00007ff821576000 	/usr/lib/liboah.dylib
0x00007ff821d07000 	/usr/lib/liblzma.5.dylib
0x00007ff816e91000 	/System/Library/Frameworks/SystemConfiguration.framework/Versions/A/SystemConfiguration
0x00007ff8215aa000 	/usr/lib/libfakelink.dylib
0x00007ff81ad18000 	/System/Library/Frameworks/CFNetwork.framework/Versions/A/CFNetwork
0x00007ff8216e9000 	/usr/lib/libarchive.2.dylib
0x00007ff81fe0f000 	/System/Library/PrivateFrameworks/AppleSystemInfo.framework/Versions/A/AppleSystemInfo
0x00007ff820bf4000 	/usr/lib/libbsm.0.dylib
0x00007ff81a34f000 	/usr/lib/libnetwork.dylib
0x00007ff821543000 	/usr/lib/system/libkxld.dylib
0x00007ff820823000 	/System/Library/PrivateFrameworks/IOMobileFramebuffer.framework/Versions/A/IOMobileFramebuffer
0x00007ffb2c025000 	/usr/lib/libCoreEntitlements.dylib
0x00007ff821258000 	/System/Library/PrivateFrameworks/AppleFSCompression.framework/Versions/A/AppleFSCompression
0x00007ff820bdd000 	/usr/lib/libcoretls.dylib
0x00007ff821d21000 	/usr/lib/libcoretls_cfhelpers.dylib
0x00007ff821829000 	/usr/lib/libpam.2.dylib
0x00007ff81c6fb000 	/usr/lib/libsqlite3.dylib
0x00007ff821d90000 	/usr/lib/libxar.1.dylib
0x00007ff821268000 	/usr/lib/libbz2.1.0.dylib
0x00007ff8215af000 	/usr/lib/libpcap.A.dylib
0x00007ff81cacc000 	/usr/lib/libdns_services.dylib
0x00007ff8217fb000 	/usr/lib/libapple_nghttp2.dylib
0x00007ff8215e6000 	/usr/lib/libiconv.2.dylib
0x00007ff82153c000 	/usr/lib/libcharset.1.dylib
0x00007ff81dea8000 	/System/Library/Frameworks/CoreServices.framework/Versions/A/Frameworks/FSEvents.framework/Versions/A/FSEvents
0x00007ff8188e9000 	/System/Library/Frameworks/CoreServices.framework/Versions/A/Frameworks/CarbonCore.framework/Versions/A/CarbonCore
0x00007ff81cd10000 	/System/Library/Frameworks/CoreServices.framework/Versions/A/Frameworks/Metadata.framework/Versions/A/Metadata
0x00007ff82127b000 	/System/Library/Frameworks/CoreServices.framework/Versions/A/Frameworks/OSServices.framework/Versions/A/OSServices
0x00007ff82176f000 	/System/Library/Frameworks/CoreServices.framework/Versions/A/Frameworks/SearchKit.framework/Versions/A/SearchKit
0x00007ff81ca5e000 	/System/Library/Frameworks/CoreServices.framework/Versions/A/Frameworks/AE.framework/Versions/A/AE
0x00007ff8168d5000 	/System/Library/Frameworks/CoreServices.framework/Versions/A/Frameworks/LaunchServices.framework/Versions/A/LaunchServices
0x00007ff821cb8000 	/System/Library/Frameworks/CoreServices.framework/Versions/A/Frameworks/DictionaryServices.framework/Versions/A/DictionaryServices
0x00007ff81deb5000 	/System/Library/Frameworks/CoreServices.framework/Versions/A/Frameworks/SharedFileList.framework/Versions/A/SharedFileList
0x00007ff820bd1000 	/usr/lib/libCheckFix.dylib
0x00007ff81b228000 	/System/Library/PrivateFrameworks/TCC.framework/Versions/A/TCC
0x00007ff81fe15000 	/System/Library/PrivateFrameworks/CoreNLP.framework/Versions/A/CoreNLP
0x00007ff81ccc0000 	/System/Library/PrivateFrameworks/MetadataUtilities.framework/Versions/A/MetadataUtilities
0x00007ff816f41000 	/usr/lib/libmecabra.dylib
0x00007ff820c04000 	/usr/lib/libmecab.dylib
0x00007ff816f0c000 	/usr/lib/libCRFSuite.dylib
0x00007ff820c61000 	/usr/lib/libgermantok.dylib
0x00007ff8217d6000 	/usr/lib/libThaiTokenizer.dylib
0x00007ff81cdb2000 	/System/Library/Frameworks/Accelerate.framework/Versions/A/Frameworks/vImage.framework/Versions/A/vImage
0x00007ff827895000 	/System/Library/Frameworks/Accelerate.framework/Versions/A/Frameworks/vecLib.framework/Versions/A/vecLib
0x00007ff821dd1000 	/System/Library/Frameworks/Accelerate.framework/Versions/A/Frameworks/vecLib.framework/Versions/A/libvMisc.dylib
0x00007ff820617000 	/System/Library/Frameworks/Accelerate.framework/Versions/A/Frameworks/vecLib.framework/Versions/A/libvDSP.dylib
0x00007ff816c4d000 	/System/Library/Frameworks/Accelerate.framework/Versions/A/Frameworks/vecLib.framework/Versions/A/libBLAS.dylib
0x00007ff82190b000 	/System/Library/Frameworks/Accelerate.framework/Versions/A/Frameworks/vecLib.framework/Versions/A/libLAPACK.dylib
0x00007ff820c64000 	/System/Library/Frameworks/Accelerate.framework/Versions/A/Frameworks/vecLib.framework/Versions/A/libLinearAlgebra.dylib
0x00007ff821814000 	/System/Library/Frameworks/Accelerate.framework/Versions/A/Frameworks/vecLib.framework/Versions/A/libSparseBLAS.dylib
0x00007ff821905000 	/System/Library/Frameworks/Accelerate.framework/Versions/A/Frameworks/vecLib.framework/Versions/A/libQuadrature.dylib
0x00007ff81feff000 	/System/Library/Frameworks/Accelerate.framework/Versions/A/Frameworks/vecLib.framework/Versions/A/libBNNS.dylib
0x00007ff816e22000 	/System/Library/Frameworks/Accelerate.framework/Versions/A/Frameworks/vecLib.framework/Versions/A/libSparse.dylib
0x00007ff81fef8000 	/System/Library/PrivateFrameworks/LinguisticData.framework/Versions/A/LinguisticData
0x00007ff816dd7000 	/System/Library/PrivateFrameworks/Lexicon.framework/Versions/A/Lexicon
0x00007ff821dca000 	/usr/lib/libChineseTokenizer.dylib
0x00007ff81753b000 	/System/Library/PrivateFrameworks/LanguageModeling.framework/Versions/A/LanguageModeling
0x00007ff8217d8000 	/System/Library/PrivateFrameworks/AppleSauce.framework/Versions/A/AppleSauce
0x00007ff820811000 	/System/Library/PrivateFrameworks/CoreEmoji.framework/Versions/A/CoreEmoji
0x00007ff8216d8000 	/usr/lib/libcmph.dylib
0x00007ff81de8c000 	/System/Library/Frameworks/OpenDirectory.framework/Versions/A/Frameworks/CFOpenDirectory.framework/Versions/A/CFOpenDirectory
0x00007ff81de80000 	/System/Library/Frameworks/OpenDirectory.framework/Versions/A/OpenDirectory
0x00007ff821d23000 	/System/Library/PrivateFrameworks/APFS.framework/Versions/A/APFS
0x00007ff820b32000 	/System/Library/Frameworks/SecurityFoundation.framework/Versions/A/SecurityFoundation
0x00007ff821d9e000 	/usr/lib/libutil.dylib
0x00007ff818c14000 	/System/Library/PrivateFrameworks/CoreServicesStore.framework/Versions/A/CoreServicesStore
0x00007ff821da2000 	/usr/lib/libxslt.1.dylib
0x00007ff820bbf000 	/System/Library/PrivateFrameworks/BackgroundTaskManagement.framework/Versions/A/BackgroundTaskManagement
0x00007ff8232cb000 	/System/Library/Frameworks/ImageIO.framework/Versions/A/Resources/libRadiance.dylib
0x00007ff8232d4000 	/System/Library/Frameworks/ImageIO.framework/Versions/A/Resources/libJPEG.dylib
0x00007ff823225000 	/System/Library/Frameworks/ImageIO.framework/Versions/A/Resources/libPng.dylib
0x00007ff823246000 	/System/Library/Frameworks/ImageIO.framework/Versions/A/Resources/libTIFF.dylib
0x00007ff823332000 	/System/Library/Frameworks/ImageIO.framework/Versions/A/Resources/libGIF.dylib
0x00007ff822b5a000 	/System/Library/Frameworks/ImageIO.framework/Versions/A/Resources/libJP2.dylib
0x00007ff82229c000 	/usr/lib/libexpat.1.dylib
0x00007ff822b0f000 	/System/Library/PrivateFrameworks/AppleJPEG.framework/Versions/A/AppleJPEG
0x00007ff81f356000 	/System/Library/PrivateFrameworks/FontServices.framework/libFontParser.dylib
0x00007ff81ca08000 	/System/Library/PrivateFrameworks/RunningBoardServices.framework/Versions/A/RunningBoardServices
0x00007ff82da35000 	/System/Library/PrivateFrameworks/IOSurfaceAccelerator.framework/Versions/A/IOSurfaceAccelerator
0x00007ff822c39000 	/System/Library/PrivateFrameworks/WatchdogClient.framework/Versions/A/WatchdogClient
0x00007ff81762a000 	/System/Library/Frameworks/CoreDisplay.framework/Versions/A/CoreDisplay
0x00007ff81f256000 	/System/Library/Frameworks/CoreMedia.framework/Versions/A/CoreMedia
0x00007ff81f0f3000 	/System/Library/PrivateFrameworks/IOAccelerator.framework/Versions/A/IOAccelerator
0x00007ff81e008000 	/System/Library/Frameworks/CoreVideo.framework/Versions/A/CoreVideo
0x00007ff821827000 	/System/Library/Frameworks/MetalPerformanceShaders.framework/Versions/A/MetalPerformanceShaders
0x00007ff822c74000 	/System/Library/Frameworks/VideoToolbox.framework/Versions/A/VideoToolbox
0x00007ff81c950000 	/System/Library/PrivateFrameworks/BaseBoard.framework/Versions/A/BaseBoard
0x00007ff81c6e1000 	/System/Library/PrivateFrameworks/ProtocolBuffer.framework/Versions/A/ProtocolBuffer
0x00007ff8232c4000 	/System/Library/PrivateFrameworks/GPUWrangler.framework/Versions/A/GPUWrangler
0x00007ff8232a7000 	/System/Library/PrivateFrameworks/IOPresentment.framework/Versions/A/IOPresentment
0x00007ff8232ce000 	/System/Library/PrivateFrameworks/DSExternalDisplay.framework/Versions/A/DSExternalDisplay
0x00007ffa2e677000 	/System/Library/Frameworks/OpenGL.framework/Versions/A/Libraries/libCoreFSCache.dylib
0x00007ffb1a624000 	/System/Library/PrivateFrameworks/GPUCompiler.framework/Versions/31001/Libraries/libGPUCompilerUtils.dylib
0x00007ff823337000 	/System/Library/PrivateFrameworks/CMCaptureCore.framework/Versions/A/CMCaptureCore
0x00007ff822848000 	/System/Library/PrivateFrameworks/AppServerSupport.framework/Versions/A/AppServerSupport
0x00007ff824a12000 	/System/Library/PrivateFrameworks/perfdata.framework/Versions/A/perfdata
0x00007ff817756000 	/System/Library/PrivateFrameworks/AudioToolboxCore.framework/Versions/A/AudioToolboxCore
0x00007ff81f233000 	/System/Library/PrivateFrameworks/caulk.framework/Versions/A/caulk
0x00007ff82433f000 	/usr/lib/libAudioStatistics.dylib
0x00007ff91b4d3000 	/System/Library/PrivateFrameworks/SystemPolicy.framework/Versions/A/SystemPolicy
0x00007ff82458b000 	/usr/lib/libSMC.dylib
0x00007ff82d377000 	/System/Library/Frameworks/CoreMIDI.framework/Versions/A/CoreMIDI
0x00007ff8231f5000 	/usr/lib/libAudioToolboxUtility.dylib
0x00007ff91795b000 	/System/Library/PrivateFrameworks/OSAServicesClient.framework/Versions/A/OSAServicesClient
0x00007ff824a1f000 	/usr/lib/libperfcheck.dylib
0x00007ff91bf5f000 	/usr/lib/libmis.dylib
0x00007ffa2e6d3000 	/System/Library/Frameworks/OpenGL.framework/Versions/A/Libraries/libGLU.dylib
0x00007ffa2e696000 	/System/Library/Frameworks/OpenGL.framework/Versions/A/Libraries/libGFXShared.dylib
0x00007ffa2e8a4000 	/System/Library/Frameworks/OpenGL.framework/Versions/A/Libraries/libGL.dylib
0x00007ffa2e69f000 	/System/Library/Frameworks/OpenGL.framework/Versions/A/Libraries/libGLImage.dylib
0x00007ffa2e693000 	/System/Library/Frameworks/OpenGL.framework/Versions/A/Libraries/libCVMSPluginSupport.dylib
0x00007ffa2e67e000 	/System/Library/Frameworks/OpenGL.framework/Versions/A/Libraries/libCoreVMClient.dylib
0x00007ff81fd93000 	/System/Library/Frameworks/MetalPerformanceShaders.framework/Versions/A/Frameworks/MPSCore.framework/Versions/A/MPSCore
0x00007ff8211c3000 	/System/Library/Frameworks/MetalPerformanceShaders.framework/Versions/A/Frameworks/MPSImage.framework/Versions/A/MPSImage
0x00007ff820c7a000 	/System/Library/Frameworks/MetalPerformanceShaders.framework/Versions/A/Frameworks/MPSNeuralNetwork.framework/Versions/A/MPSNeuralNetwork
0x00007ff8210ef000 	/System/Library/Frameworks/MetalPerformanceShaders.framework/Versions/A/Frameworks/MPSMatrix.framework/Versions/A/MPSMatrix
0x00007ff820eab000 	/System/Library/Frameworks/MetalPerformanceShaders.framework/Versions/A/Frameworks/MPSRayIntersector.framework/Versions/A/MPSRayIntersector
0x00007ff821128000 	/System/Library/Frameworks/MetalPerformanceShaders.framework/Versions/A/Frameworks/MPSNDArray.framework/Versions/A/MPSNDArray
0x00007ffa3327c000 	/System/Library/Frameworks/MetalPerformanceShaders.framework/Versions/A/Frameworks/MPSFunctions.framework/Versions/A/MPSFunctions
0x00007ff816b30000 	/System/Library/PrivateFrameworks/MetalTools.framework/Versions/A/MetalTools
0x00007ff81fe0d000 	/System/Library/PrivateFrameworks/AggregateDictionary.framework/Versions/A/AggregateDictionary
0x00007ff82207e000 	/usr/lib/libIOReport.dylib
0x00007ffa2fcb3000 	/System/Library/Frameworks/OpenCL.framework/Versions/A/OpenCL
0x00007ff8223e2000 	/System/Library/PrivateFrameworks/FaceCore.framework/Versions/A/FaceCore
0x00007ff8223d3000 	/System/Library/PrivateFrameworks/GraphVisualizer.framework/Versions/A/GraphVisualizer
0x00007ffb1a52f000 	/System/Library/PrivateFrameworks/FontServices.framework/Versions/A/FontServices
0x00007ff8227ff000 	/System/Library/PrivateFrameworks/OTSVG.framework/Versions/A/OTSVG
0x00007ff81dbf0000 	/System/Library/Frameworks/ApplicationServices.framework/Versions/A/Frameworks/ATS.framework/Versions/A/Resources/libFontRegistry.dylib
0x00007ff822850000 	/System/Library/PrivateFrameworks/FontServices.framework/libhvf.dylib
0x00007ffb1a530000 	/System/Library/PrivateFrameworks/FontServices.framework/libXTFontStaticRegistryData.dylib
0x00007ff82224c000 	/System/Library/PrivateFrameworks/AppleVA.framework/Versions/A/AppleVA
0x00007ff82435f000 	/System/Library/Frameworks/ApplicationServices.framework/Versions/A/Frameworks/ATS.framework/Versions/A/ATS
0x00007ff81bdfe000 	/System/Library/Frameworks/ApplicationServices.framework/Versions/A/Frameworks/HIServices.framework/Versions/A/HIServices
0x00007ff823341000 	/System/Library/Frameworks/ApplicationServices.framework/Versions/A/Frameworks/PrintCore.framework/Versions/A/PrintCore
0x00007ff8246de000 	/System/Library/Frameworks/ApplicationServices.framework/Versions/A/Frameworks/QD.framework/Versions/A/QD
0x00007ff8246d6000 	/System/Library/Frameworks/ApplicationServices.framework/Versions/A/Frameworks/ColorSyncLegacy.framework/Versions/A/ColorSyncLegacy
0x00007ff82434f000 	/System/Library/Frameworks/ApplicationServices.framework/Versions/A/Frameworks/SpeechSynthesis.framework/Versions/A/SpeechSynthesis
0x00007ff823302000 	/System/Library/Frameworks/ApplicationServices.framework/Versions/A/Frameworks/ATSUI.framework/Versions/A/ATSUI
0x00007ff82466b000 	/usr/lib/libcups.2.dylib
0x00007ff824a2e000 	/System/Library/Frameworks/Kerberos.framework/Versions/A/Kerberos
0x00007ff824a3d000 	/System/Library/Frameworks/GSS.framework/Versions/A/GSS
0x00007ff8243cb000 	/usr/lib/libresolv.9.dylib
0x00007ff82285f000 	/System/Library/PrivateFrameworks/Heimdal.framework/Versions/A/Heimdal
0x00007ff82b4e1000 	/System/Library/Frameworks/Kerberos.framework/Versions/A/Libraries/libHeimdalProxy.dylib
0x00007ff81cadd000 	/System/Library/Frameworks/Network.framework/Versions/A/Network
0x00007ff8222b6000 	/usr/lib/libheimdal-asn1.dylib
0x00007ff824a88000 	/System/Library/PrivateFrameworks/CommonAuth.framework/Versions/A/CommonAuth
0x00007ff8242d0000 	/System/Library/PrivateFrameworks/AudioSession.framework/Versions/A/AudioSession
0x00007ff822346000 	/System/Library/PrivateFrameworks/MediaExperience.framework/Versions/A/MediaExperience
0x00007ff824164000 	/System/Library/PrivateFrameworks/AudioSession.framework/libSessionUtility.dylib
0x00007ff8246ea000 	/System/Library/PrivateFrameworks/AudioResourceArbitration.framework/Versions/A/AudioResourceArbitration
0x00007ff8222bf000 	/System/Library/PrivateFrameworks/IconFoundation.framework/Versions/A/IconFoundation
0x00007ff8274c4000 	/System/Library/PrivateFrameworks/SpeechRecognitionCore.framework/Versions/A/SpeechRecognitionCore
0x00007ffa1fb26000 	/System/Library/CoreServices/Encodings/libKoreanConverter.dylib
0x0000000109522000 	/Users/jojunbeom/Library/Java/JavaVirtualMachines/corretto-11.0.14.1/Contents/Home/lib/server/libjvm.dylib
0x0000000108803000 	/Users/jojunbeom/Library/Java/JavaVirtualMachines/corretto-11.0.14.1/Contents/Home/lib/libverify.dylib
0x000000010882b000 	/Users/jojunbeom/Library/Java/JavaVirtualMachines/corretto-11.0.14.1/Contents/Home/lib/libjava.dylib
0x0000000108799000 	/Users/jojunbeom/Library/Java/JavaVirtualMachines/corretto-11.0.14.1/Contents/Home/lib/libjimage.dylib
0x00000001088aa000 	/Users/jojunbeom/Library/Java/JavaVirtualMachines/corretto-11.0.14.1/Contents/Home/lib/libinstrument.dylib
0x0000000108965000 	/private/var/folders/k6/dkc35rrd3kvf4z8xbpc5z4zh0000gn/T/libasyncProfiler.so
0x0000000108925000 	/Users/jojunbeom/Library/Java/JavaVirtualMachines/corretto-11.0.14.1/Contents/Home/lib/libzip.dylib
0x000000012c19d000 	/Users/jojunbeom/Library/Java/JavaVirtualMachines/corretto-11.0.14.1/Contents/Home/lib/libnio.dylib
0x000000012c1ed000 	/Users/jojunbeom/Library/Java/JavaVirtualMachines/corretto-11.0.14.1/Contents/Home/lib/libnet.dylib
0x000000012c23e000 	/Users/jojunbeom/Library/Java/JavaVirtualMachines/corretto-11.0.14.1/Contents/Home/lib/libextnet.dylib


VM Arguments:
jvm_args: -ea -Didea.test.cyclic.buffer.size=1048576 -javaagent:/Applications/IntelliJ IDEA.app/Contents/lib/idea_rt.jar=54712:/Applications/IntelliJ IDEA.app/Contents/bin -agentpath:/private/var/folders/k6/dkc35rrd3kvf4z8xbpc5z4zh0000gn/T/libasyncProfiler.so=start,jfr,event=cpu,interval=1ms,event=alloc,file=/Users/jojunbeom/SingletonWithPrototypeTest1_singletonClientUsePrototype_2022_05_24_175353.jfr -Dfile.encoding=UTF-8 
java_command: com.intellij.rt.junit.JUnitStarter -ideVersion5 -junit5 hello.core.scope.SingletonWithPrototypeTest1,singletonClientUsePrototype
java_class_path (initial): /Users/jojunbeom/.m2/repository/org/junit/platform/junit-platform-launcher/1.8.2/junit-platform-launcher-1.8.2.jar:/Users/jojunbeom/.m2/repository/org/junit/platform/junit-platform-engine/1.8.2/junit-platform-engine-1.8.2.jar:/Users/jojunbeom/.m2/repository/org/opentest4j/opentest4j/1.2.0/opentest4j-1.2.0.jar:/Users/jojunbeom/.m2/repository/org/junit/platform/junit-platform-commons/1.8.2/junit-platform-commons-1.8.2.jar:/Users/jojunbeom/.m2/repository/org/apiguardian/apiguardian-api/1.1.2/apiguardian-api-1.1.2.jar:/Applications/IntelliJ IDEA.app/Contents/lib/idea_rt.jar:/Applications/IntelliJ IDEA.app/Contents/plugins/junit/lib/junit5-rt.jar:/Applications/IntelliJ IDEA.app/Contents/plugins/junit/lib/junit-rt.jar:/Users/jojunbeom/Downloads/study/core/out/test/classes:/Users/jojunbeom/Downloads/study/core/out/production/classes:/Users/jojunbeom/Downloads/study/core/out/production/resources:/Users/jojunbeom/.gradle/caches/modules-2/files-2.1/org.springframework.boot/spring-boot-starter-web/2.7.0/7bf2381d030023970b5375c1090545e480467aa1/spring-boot-starter-web-2.7.0.jar:/Users/jojunbeom/.gradle/caches/modules-2/files-2.1/org.springframework.boot/spring-boot-starter-test/2.7.0/417764bfd907f7deffd617fb31b3ea0900547287/spring-boot-starter-test-2.7.0.jar:/Users/jojunbeom/.gradle/caches/modules-2/files-2.1/org.springframework.boot/spring-boot-starter/2.7.0/64fd3c21486dd20df9a62566599337dae2eb62cc/spring-boot-starter-2.7.0.jar:/Users/jojunbeom/.gradle/caches/modules-2/files-2.1/javax.inject/javax.inject/1/6975da39a7040257bd51d21a231b76c915872d38/javax.inject-1.jar:/Users/jojunbeom/.gradle/caches/modules-2/files-2.1/org.projectlombok/lombok/1.18.24/13a394eed5c4f9efb2a6d956e2086f1d81e857d9/lombok-1.18.24.jar:/Users/jojunbeom/.gradle/caches/modules-2/files-2.1/org.springframework.boot/spring-boot-starter-json/2.7.0/f7120f4a6fd5dd2ca2128061e420e45ae2294943/spring-boot-starter-json-2.7.0.jar:/Users/jojunbeom/.gradle/caches/modules-2/files-2.1/org.sprin
Launcher Type: SUN_STANDARD

[Global flags]
     intx CICompilerCount                          = 4                                         {product} {ergonomic}
     uint ConcGCThreads                            = 2                                         {product} {ergonomic}
     uint G1ConcRefinementThreads                  = 8                                         {product} {ergonomic}
   size_t G1HeapRegionSize                         = 1048576                                   {product} {ergonomic}
    uintx GCDrainStackTargetSize                   = 64                                        {product} {ergonomic}
   size_t InitialHeapSize                          = 134217728                                 {product} {ergonomic}
   size_t MarkStackSize                            = 4194304                                   {product} {ergonomic}
   size_t MaxHeapSize                              = 2147483648                                {product} {ergonomic}
   size_t MaxNewSize                               = 1287651328                                {product} {ergonomic}
   size_t MinHeapDeltaBytes                        = 1048576                                   {product} {ergonomic}
    uintx NonNMethodCodeHeapSize                   = 5836300                                {pd product} {ergonomic}
    uintx NonProfiledCodeHeapSize                  = 122910970                              {pd product} {ergonomic}
    uintx ProfiledCodeHeapSize                     = 122910970                              {pd product} {ergonomic}
    uintx ReservedCodeCacheSize                    = 251658240                              {pd product} {ergonomic}
     bool SegmentedCodeCache                       = true                                      {product} {ergonomic}
     bool UseCompressedClassPointers               = true                                 {lp64_product} {ergonomic}
     bool UseCompressedOops                        = true                                 {lp64_product} {ergonomic}
     bool UseG1GC                                  = true                                      {product} {ergonomic}

Logging:
Log output configuration:
 #0: stdout all=warning uptime,level,tags
 #1: stderr all=off uptime,level,tags

Environment Variables:
JAVA_HOME=/Library/Java/JavaVirtualMachines/zulu-11.jdk/Contents/Home
PATH=/opt/homebrew/bin:/opt/homebrew/sbin:/usr/local/bin:/usr/bin:/bin:/usr/sbin:/sbin:/Library/Java/JavaVirtualMachines/zulu-11.jdk/Contents/Home/bin
SHELL=/bin/zsh
LC_CTYPE=ko_KR.UTF-8

Signal Handlers:
SIGSEGV: [libjvm.dylib+0x7ccc92], sa_mask[0]=11111111111111111111111111111111, sa_flags=SA_ONSTACK|SA_RESTART|SA_SIGINFO
SIGBUS: [libjvm.dylib+0x7ccc92], sa_mask[0]=11111111111111111111111111111111, sa_flags=SA_RESTART|SA_SIGINFO
SIGFPE: [libjvm.dylib+0x7ccc92], sa_mask[0]=11111111111111111111111111111111, sa_flags=SA_RESTART|SA_SIGINFO
SIGPIPE: [libjvm.dylib+0x630218], sa_mask[0]=11111111111111111111111111111111, sa_flags=SA_RESTART|SA_SIGINFO
SIGXFSZ: [libjvm.dylib+0x630218], sa_mask[0]=11111111111111111111111111111111, sa_flags=SA_RESTART|SA_SIGINFO
SIGILL: [libjvm.dylib+0x7ccc92], sa_mask[0]=11111111111111111111111111111111, sa_flags=SA_RESTART|SA_SIGINFO
SIGUSR2: [libjvm.dylib+0x6307f6], sa_mask[0]=00100000000000000000000000000000, sa_flags=SA_RESTART|SA_SIGINFO
SIGHUP: [libjvm.dylib+0x62f3a9], sa_mask[0]=11111111111111111111111111111111, sa_flags=SA_RESTART|SA_SIGINFO
SIGINT: [libjvm.dylib+0x62f3a9], sa_mask[0]=11111111111111111111111111111111, sa_flags=SA_RESTART|SA_SIGINFO
SIGTERM: [libjvm.dylib+0x62f3a9], sa_mask[0]=11111111111111111111111111111111, sa_flags=SA_RESTART|SA_SIGINFO
SIGQUIT: [libjvm.dylib+0x62f3a9], sa_mask[0]=11111111111111111111111111111111, sa_flags=SA_RESTART|SA_SIGINFO


---------------  S Y S T E M  ---------------

OS:uname:Darwin 21.1.0 Darwin Kernel Version 21.1.0: Wed Oct 13 17:33:24 PDT 2021; root:xnu-8019.41.5~1/RELEASE_ARM64_T8101 x86_64
OS uptime: 48 days 7:33 hours
rlimit (soft/hard): STACK 8176k/65520k , CORE 0k/infinity , NPROC 1333/2000 , NOFILE 10240/infinity , AS infinity/infinity , CPU infinity/infinity , DATA infinity/infinity , FSIZE infinity/infinity , MEMLOCK infinity/infinity , RSS infinity/infinity
load average:3.84 2.66 2.26

CPU:total 8 (initial active 8) (1 cores per cpu, 1 threads per core) family 6 model 44 stepping 0 microcode 0x0, cmov, cx8, fxsr, mmx, sse, sse2, sse3, ssse3, sse4.1, sse4.2, popcnt, aes, clmul, tsc, tscinvbit, tscinv

Memory: 4k page, physical 8388608k(18896k free), swap 2097152k(583168k free)

vm_info: OpenJDK 64-Bit Server VM (11.0.14.1+10-LTS) for bsd-amd64 JRE (11.0.14.1+10-LTS), built on Feb  8 2022 01:38:57 by "ec2user" with clang Apple LLVM 13.0.0 (clang-1300.0.29.30)

END.
