#
# A fatal error has been detected by the Java Runtime Environment:
#
#  SIGBUS (0xa) at pc=0x0000000306352c00, pid=74632, tid=9219
#
# JRE version: OpenJDK Runtime Environment Corretto-11.0.14.10.1 (11.0.14.1+10) (build 11.0.14.1+10-LTS)
# Java VM: OpenJDK 64-Bit Server VM Corretto-11.0.14.10.1 (11.0.14.1+10-LTS, mixed mode, tiered, compressed oops, g1 gc, bsd-amd64)
# Problematic frame:
# C  0x0000000306352c00
#
# No core dump will be written. Core dumps have been disabled. To enable core dumping, try "ulimit -c unlimited" before starting Java again
#
# If you would like to submit a bug report, please visit:
#   https://github.com/corretto/corretto-11/issues/
#

---------------  S U M M A R Y ------------

Command Line: -ea -Didea.test.cyclic.buffer.size=1048576 -javaagent:/Applications/IntelliJ IDEA.app/Contents/lib/idea_rt.jar=54700:/Applications/IntelliJ IDEA.app/Contents/bin -agentpath:/private/var/folders/k6/dkc35rrd3kvf4z8xbpc5z4zh0000gn/T/libasyncProfiler.so=start,jfr,event=cpu,interval=1ms,event=alloc,file=/Users/jojunbeom/SingletonWithPrototypeTest1_singletonClientUsePrototype_2022_05_24_175318.jfr -Dfile.encoding=UTF-8 com.intellij.rt.junit.JUnitStarter -ideVersion5 -junit5 hello.core.scope.SingletonWithPrototypeTest1,singletonClientUsePrototype

Host: MacBookAir10,1 x86_64 2400 MHz, 8 cores, 8G, Darwin 21.1.0
Time: Tue May 24 17:53:19 2022 KST elapsed time: 1.431014 seconds (0d 0h 0m 1s)

---------------  T H R E A D  ---------------

Current thread (0x00007fc546014000):  JavaThread "main" [_thread_in_vm, id=9219, stack(0x000000030625b000,0x000000030635b000)]

Stack: [0x000000030625b000,0x000000030635b000],  sp=0x0000000306352be8,  free space=990k
Native frames: (J=compiled Java code, A=aot compiled Java code, j=interpreted, Vv=VM code, C=native code)
C  0x0000000306352c00

Java frames: (J=compiled Java code, j=interpreted, Vv=VM code)
j  java.util.zip.ZipFile$Source.initCEN(ILjava/util/zip/ZipCoder;)V+167 java.base@11.0.14.1
j  java.util.zip.ZipFile$Source.<init>(Ljava/util/zip/ZipFile$Source$Key;ZLjava/util/zip/ZipCoder;)V+98 java.base@11.0.14.1
j  java.util.zip.ZipFile$Source.get(Ljava/io/File;ZLjava/util/zip/ZipCoder;)Ljava/util/zip/ZipFile$Source;+99 java.base@11.0.14.1
j  java.util.zip.ZipFile$CleanableResource.<init>(Ljava/util/zip/ZipFile;Ljava/io/File;I)V+58 java.base@11.0.14.1
j  java.util.zip.ZipFile$CleanableResource.get(Ljava/util/zip/ZipFile;Ljava/io/File;I)Ljava/util/zip/ZipFile$CleanableResource;+66 java.base@11.0.14.1
j  java.util.zip.ZipFile.<init>(Ljava/io/File;ILjava/nio/charset/Charset;)V+123 java.base@11.0.14.1
j  java.util.zip.ZipFile.<init>(Ljava/io/File;I)V+6 java.base@11.0.14.1
j  java.util.jar.JarFile.<init>(Ljava/io/File;ZILjava/lang/Runtime$Version;)V+3 java.base@11.0.14.1
j  jdk.internal.loader.URLClassPath$JarLoader.getJarFile(Ljava/net/URL;)Ljava/util/jar/JarFile;+56 java.base@11.0.14.1
j  jdk.internal.loader.URLClassPath$JarLoader$1.run()Ljava/lang/Void;+55 java.base@11.0.14.1
j  jdk.internal.loader.URLClassPath$JarLoader$1.run()Ljava/lang/Object;+1 java.base@11.0.14.1
v  ~StubRoutines::call_stub
j  java.security.AccessController.doPrivileged(Ljava/security/PrivilegedExceptionAction;Ljava/security/AccessControlContext;)Ljava/lang/Object;+0 java.base@11.0.14.1
J 492 c1 jdk.internal.loader.URLClassPath$JarLoader.ensureOpen()V java.base@11.0.14.1 (36 bytes) @ 0x0000000115396334 [0x0000000115396180+0x00000000000001b4]
j  jdk.internal.loader.URLClassPath$JarLoader.<init>(Ljava/net/URL;Ljava/net/URLStreamHandler;Ljava/util/HashMap;Ljava/security/AccessControlContext;)V+63 java.base@11.0.14.1
j  jdk.internal.loader.URLClassPath$3.run()Ljdk/internal/loader/URLClassPath$Loader;+168 java.base@11.0.14.1
j  jdk.internal.loader.URLClassPath$3.run()Ljava/lang/Object;+1 java.base@11.0.14.1
v  ~StubRoutines::call_stub
j  java.security.AccessController.doPrivileged(Ljava/security/PrivilegedExceptionAction;Ljava/security/AccessControlContext;)Ljava/lang/Object;+0 java.base@11.0.14.1
j  jdk.internal.loader.URLClassPath.getLoader(Ljava/net/URL;)Ljdk/internal/loader/URLClassPath$Loader;+13 java.base@11.0.14.1
j  jdk.internal.loader.URLClassPath.getLoader(I)Ljdk/internal/loader/URLClassPath$Loader;+81 java.base@11.0.14.1
j  jdk.internal.loader.URLClassPath$1.next()Z+24 java.base@11.0.14.1
j  jdk.internal.loader.URLClassPath$1.hasMoreElements()Z+1 java.base@11.0.14.1
j  jdk.internal.loader.BuiltinClassLoader$1.hasNext()Z+43 java.base@11.0.14.1
j  jdk.internal.loader.BuiltinClassLoader$1.hasMoreElements()Z+1 java.base@11.0.14.1
j  java.lang.CompoundEnumeration.next()Z+33 java.base@11.0.14.1
j  java.lang.CompoundEnumeration.hasMoreElements()Z+1 java.base@11.0.14.1
j  java.util.ServiceLoader$LazyClassPathLookupIterator.nextProviderClass()Ljava/lang/Class;+152 java.base@11.0.14.1
j  java.util.ServiceLoader$LazyClassPathLookupIterator.hasNextService()Z+15 java.base@11.0.14.1
j  java.util.ServiceLoader$LazyClassPathLookupIterator.hasNext()Z+11 java.base@11.0.14.1
j  java.util.ServiceLoader$2.hasNext()Z+16 java.base@11.0.14.1
j  java.util.ServiceLoader$3.hasNext()Z+32 java.base@11.0.14.1
j  jdk.internal.logger.BootstrapLogger$DetectBackend$1.run()Ljdk/internal/logger/BootstrapLogger$LoggingBackend;+13 java.base@11.0.14.1
j  jdk.internal.logger.BootstrapLogger$DetectBackend$1.run()Ljava/lang/Object;+1 java.base@11.0.14.1
v  ~StubRoutines::call_stub
j  java.security.AccessController.doPrivileged(Ljava/security/PrivilegedAction;)Ljava/lang/Object;+0 java.base@11.0.14.1
j  jdk.internal.logger.BootstrapLogger$DetectBackend.<clinit>()V+7 java.base@11.0.14.1
v  ~StubRoutines::call_stub
j  jdk.internal.logger.BootstrapLogger.useSurrogateLoggers()Z+8 java.base@11.0.14.1
j  jdk.internal.logger.BootstrapLogger.releaseSurrogateLoggers()Ljava/util/Map;+0 java.base@11.0.14.1
j  jdk.internal.logger.BootstrapLogger.redirectTemporaryLoggers()V+0 java.base@11.0.14.1
j  java.util.logging.LogManager.readPrimordialConfiguration()V+23 java.logging@11.0.14.1
j  java.util.logging.LogManager$2.run()Ljava/lang/Object;+87 java.logging@11.0.14.1
v  ~StubRoutines::call_stub
j  java.security.AccessController.doPrivileged(Ljava/security/PrivilegedAction;)Ljava/lang/Object;+0 java.base@11.0.14.1
j  java.util.logging.LogManager.ensureLogManagerInitialized()V+101 java.logging@11.0.14.1
j  java.util.logging.LogManager.getLogManager()Ljava/util/logging/LogManager;+9 java.logging@11.0.14.1
j  java.util.logging.Logger.demandLogger(Ljava/lang/String;Ljava/lang/String;Ljava/lang/Class;)Ljava/util/logging/Logger;+0 java.logging@11.0.14.1
j  java.util.logging.Logger.getLogger(Ljava/lang/String;Ljava/lang/Class;)Ljava/util/logging/Logger;+3 java.logging@11.0.14.1
j  java.util.logging.Logger.getLogger(Ljava/lang/String;)Ljava/util/logging/Logger;+4 java.logging@11.0.14.1
j  org.junit.platform.commons.logging.LoggerFactory$DelegatingLogger.<init>(Ljava/lang/String;)V+14
j  org.junit.platform.commons.logging.LoggerFactory.getLogger(Ljava/lang/Class;)Lorg/junit/platform/commons/logging/Logger;+22
j  org.junit.platform.launcher.core.ServiceLoaderRegistry.<clinit>()V+2
v  ~StubRoutines::call_stub
j  org.junit.platform.launcher.core.LauncherFactory.<clinit>()V+0
v  ~StubRoutines::call_stub
j  com.intellij.junit5.JUnit5IdeaTestRunner.createListeners(Ljava/util/ArrayList;I)V+42
j  com.intellij.rt.junit.IdeaTestRunner$Repeater.startRunnerWithArgs(Lcom/intellij/rt/junit/IdeaTestRunner;[Ljava/lang/String;Ljava/util/ArrayList;Ljava/lang/String;IZ)I+4
j  com.intellij.rt.junit.JUnitStarter.prepareStreamsAndStart([Ljava/lang/String;Ljava/lang/String;Ljava/util/ArrayList;Ljava/lang/String;)I+116
j  com.intellij.rt.junit.JUnitStarter.main([Ljava/lang/String;)V+97
v  ~StubRoutines::call_stub

siginfo: si_signo: 10 (SIGBUS), si_code: 2 (BUS_ADRERR), si_addr: 0x0000000306352c00

Register to memory mapping:

RAX=0x000000010adf8580: _ZN15JfrEventSetting19_jvm_event_settingsE+0 in /Users/jojunbeom/Library/Java/JavaVirtualMachines/corretto-11.0.14.1/Contents/Home/lib/server/libjvm.dylib at 0x000000010a427000
RBX=0x0000000306352c08 is pointing into the stack for thread: 0x00007fc546014000
RCX=0x00007fc546014000 is a thread
RDX=0x0000000000007ee0 is an unknown value
RSP=0x0000000306352be8 is pointing into the stack for thread: 0x00007fc546014000
RBP=0x000000010a9ef6a6: _ZN12MemAllocator10Allocation17notify_allocationEv+0x16 in /Users/jojunbeom/Library/Java/JavaVirtualMachines/corretto-11.0.14.1/Contents/Home/lib/server/libjvm.dylib at 0x000000010a427000
RSI=0x000000078774f3e8 is an oop: [I 
{0x000000078774f3e8} - klass: {type array int}
 - length: 8115
RDI=0x0000000306352bb8 is pointing into the stack for thread: 0x00007fc546014000
R8 =0x00007fc546014000 is a thread
R9 =0x00007fc546014000 is a thread
R10=0x000000010ae13150: _ZN19TemplateInterpreter13_active_tableE+0x2000 in /Users/jojunbeom/Library/Java/JavaVirtualMachines/corretto-11.0.14.1/Contents/Home/lib/server/libjvm.dylib at 0x000000010a427000
R11=0x000000010a651924: _ZN13CollectedHeap14array_allocateEP5KlassiibP6Thread+0 in /Users/jojunbeom/Library/Java/JavaVirtualMachines/corretto-11.0.14.1/Contents/Home/lib/server/libjvm.dylib at 0x000000010a427000
R12=0x0 is NULL
R13=0x000000012af1977f is pointing into metadata
R14=0x000000078774f3e8 is an oop: [I 
{0x000000078774f3e8} - klass: {type array int}
 - length: 8115
R15=0x00007fc546014000 is a thread


Registers:
RAX=0x000000010adf8580, RBX=0x0000000306352c08, RCX=0x00007fc546014000, RDX=0x0000000000007ee0
RSP=0x0000000306352be8, RBP=0x000000010a9ef6a6, RSI=0x000000078774f3e8, RDI=0x0000000306352bb8
R8 =0x00007fc546014000, R9 =0x00007fc546014000, R10=0x000000010ae13150, R11=0x000000010a651924
R12=0x0000000000000000, R13=0x000000012af1977f, R14=0x000000078774f3e8, R15=0x00007fc546014000
RIP=0x0000000306352c00, EFLAGS=0x0000000000000216, ERR=0x0000000000000015
  TRAPNO=0x000000000000000e

Top of Stack: (sp=0x0000000306352be8)
0x0000000306352be8:   0000000306352c60 0000000306352c50
0x0000000306352bf8:   000000010a9efa99 0000000306352ce0
0x0000000306352c08:   0000000306352c60 00007fc546014000
0x0000000306352c18:   0000000306352c38 0000000000000000
0x0000000306352c28:   0000000000010000 0000000000000000
0x0000000306352c38:   000000078774f3e8 00007fc546014000
0x0000000306352c48:   0000000306352db8 0000000306352c90
0x0000000306352c58:   000000010a651967 000000010ad9b990
0x0000000306352c68:   00007fc546008c00 00007fc546014000
0x0000000306352c78:   0000000800000c10 0000000000000fdc
0x0000000306352c88:   00007f0100001fb3 0000000306352cc0
0x0000000306352c98:   000000010a7e36fa 0000000306352d30
0x0000000306352ca8:   00007fc546014000 00000000000000bc
0x0000000306352cb8:   0000000306352db8 0000000306352d30
0x0000000306352cc8:   0000000114d535a8 0000000000000000
0x0000000306352cd8:   0000000114d53571 00000007878ff070
0x0000000306352ce8:   0000000306352ce8 000000012af1977f
0x0000000306352cf8:   0000000306352db8 000000012af1a248
0x0000000306352d08:   0000000000000000 0000000787ec5f80
0x0000000306352d18:   000000012af19ad8 0000000000000000
0x0000000306352d28:   0000000306352da8 0000000306352e08
0x0000000306352d38:   0000000114d40267 0000000000000000
0x0000000306352d48:   0000000000000000 0000000000000000
0x0000000306352d58:   0000000000000000 0000000000000000
0x0000000306352d68:   0000000000000000 0000000000000000
0x0000000306352d78:   0000000000000000 0000000000000000
0x0000000306352d88:   0000000000000000 0000000000359721
0x0000000306352d98:   0000000000000000 00000007878ff148
0x0000000306352da8:   0000000787ec5d40 00000000ffffffff
0x0000000306352db8:   00000007878ff070 0000000306352dc0
0x0000000306352dc8:   000000012af189e2 0000000306352e40
0x0000000306352dd8:   000000012af1a248 0000000000000000 

Instructions: (pc=0x0000000306352c00)
0x0000000306352b00:   50 2b 35 06 03 00 00 00 92 15 82 1c 01 00 00 00
0x0000000306352b10:   b8 f0 8f 87 07 00 00 00 28 2c 35 06 03 00 00 00
0x0000000306352b20:   40 51 f0 45 c5 7f 00 00 00 00 01 00 00 00 00 00
0x0000000306352b30:   00 00 01 00 00 00 00 00 10 41 01 46 c5 7f 00 00
0x0000000306352b40:   e8 f3 74 87 07 00 00 00 78 2b 35 06 03 00 00 00
0x0000000306352b50:   26 63 7f 0a 01 00 00 00 e0 7e 00 00 00 00 00 00
0x0000000306352b60:   e0 7e 00 00 00 00 00 00 00 00 08 00 00 00 00 00
0x0000000306352b70:   10 0c 00 00 08 00 00 00 d8 2b 35 06 03 00 00 00
0x0000000306352b80:   97 3c 52 0a 01 00 00 00 00 00 00 00 00 00 00 00
0x0000000306352b90:   00 00 00 00 00 00 00 00 00 f9 9e 0a 01 00 00 00
0x0000000306352ba0:   08 2c 35 06 03 00 00 00 08 2c 35 06 03 00 00 00
0x0000000306352bb0:   08 2c 35 06 03 00 00 00 00 00 00 00 00 00 00 00
0x0000000306352bc0:   08 2c 35 06 03 00 00 00 e8 f3 74 87 07 00 00 00
0x0000000306352bd0:   00 40 01 46 c5 7f 00 00 a6 f6 9e 0a 01 00 00 00
0x0000000306352be0:   00 2c 35 06 03 00 00 00 60 2c 35 06 03 00 00 00
0x0000000306352bf0:   50 2c 35 06 03 00 00 00 99 fa 9e 0a 01 00 00 00
0x0000000306352c00:   e0 2c 35 06 03 00 00 00 60 2c 35 06 03 00 00 00
0x0000000306352c10:   00 40 01 46 c5 7f 00 00 38 2c 35 06 03 00 00 00
0x0000000306352c20:   00 00 00 00 00 00 00 00 00 00 01 00 00 00 00 00
0x0000000306352c30:   00 00 00 00 00 00 00 00 e8 f3 74 87 07 00 00 00
0x0000000306352c40:   00 40 01 46 c5 7f 00 00 b8 2d 35 06 03 00 00 00
0x0000000306352c50:   90 2c 35 06 03 00 00 00 67 19 65 0a 01 00 00 00
0x0000000306352c60:   90 b9 d9 0a 01 00 00 00 00 8c 00 46 c5 7f 00 00
0x0000000306352c70:   00 40 01 46 c5 7f 00 00 10 0c 00 00 08 00 00 00
0x0000000306352c80:   dc 0f 00 00 00 00 00 00 b3 1f 00 00 01 7f 00 00
0x0000000306352c90:   c0 2c 35 06 03 00 00 00 fa 36 7e 0a 01 00 00 00
0x0000000306352ca0:   30 2d 35 06 03 00 00 00 00 40 01 46 c5 7f 00 00
0x0000000306352cb0:   bc 00 00 00 00 00 00 00 b8 2d 35 06 03 00 00 00
0x0000000306352cc0:   30 2d 35 06 03 00 00 00 a8 35 d5 14 01 00 00 00
0x0000000306352cd0:   00 00 00 00 00 00 00 00 71 35 d5 14 01 00 00 00
0x0000000306352ce0:   70 f0 8f 87 07 00 00 00 e8 2c 35 06 03 00 00 00
0x0000000306352cf0:   7f 97 f1 2a 01 00 00 00 b8 2d 35 06 03 00 00 00 


Stack slot to memory mapping:
stack at sp + 0 slots: 0x0000000306352c60 is pointing into the stack for thread: 0x00007fc546014000
stack at sp + 1 slots: 0x0000000306352c50 is pointing into the stack for thread: 0x00007fc546014000
stack at sp + 2 slots: 0x000000010a9efa99: _ZNK12MemAllocator8allocateEv+0x77 in /Users/jojunbeom/Library/Java/JavaVirtualMachines/corretto-11.0.14.1/Contents/Home/lib/server/libjvm.dylib at 0x000000010a427000
stack at sp + 3 slots: 0x0000000306352ce0 is pointing into the stack for thread: 0x00007fc546014000
stack at sp + 4 slots: 0x0000000306352c60 is pointing into the stack for thread: 0x00007fc546014000
stack at sp + 5 slots: 0x00007fc546014000 is a thread
stack at sp + 6 slots: 0x0000000306352c38 is pointing into the stack for thread: 0x00007fc546014000
stack at sp + 7 slots: 0x0 is NULL


---------------  P R O C E S S  ---------------

Threads class SMR info:
_java_thread_list=0x000060000015c240, length=12, elements={
0x00007fc546014000, 0x00007fc54608f000, 0x00007fc546094000, 0x00007fc54681a000,
0x00007fc546829000, 0x00007fc54682a000, 0x00007fc546098000, 0x00007fc547834000,
0x00007fc54682d000, 0x00007fc547025800, 0x00007fc547bb0000, 0x00007fc5468ca000
}

Java Threads: ( => current thread )
=>0x00007fc546014000 JavaThread "main" [_thread_in_vm, id=9219, stack(0x000000030625b000,0x000000030635b000)]
  0x00007fc54608f000 JavaThread "Reference Handler" daemon [_thread_blocked, id=16643, stack(0x0000000306970000,0x0000000306a70000)]
  0x00007fc546094000 JavaThread "Finalizer" daemon [_thread_blocked, id=21763, stack(0x0000000306a73000,0x0000000306b73000)]
  0x00007fc54681a000 JavaThread "Signal Dispatcher" daemon [_thread_blocked, id=41475, stack(0x0000000306d0f000,0x0000000306e0f000)]
  0x00007fc546829000 JavaThread "Service Thread" daemon [_thread_blocked, id=24067, stack(0x0000000306e12000,0x0000000306f12000)]
  0x00007fc54682a000 JavaThread "C2 CompilerThread0" daemon [_thread_blocked, id=40451, stack(0x0000000306f15000,0x0000000307015000)]
  0x00007fc546098000 JavaThread "C1 CompilerThread0" daemon [_thread_blocked, id=25091, stack(0x0000000307018000,0x0000000307118000)]
  0x00007fc547834000 JavaThread "Sweeper thread" daemon [_thread_blocked, id=25347, stack(0x000000030711b000,0x000000030721b000)]
  0x00007fc54682d000 JavaThread "Common-Cleaner" daemon [_thread_blocked, id=38915, stack(0x000000030721e000,0x000000030731e000)]
  0x00007fc547025800 JavaThread "Monitor Ctrl-Break" daemon [_thread_in_native, id=38147, stack(0x0000000307321000,0x0000000307421000)]
  0x00007fc547bb0000 JavaThread "Async-profiler Timer" daemon [_thread_in_native, id=37499, stack(0x0000000307424000,0x00000003074a4000)]
  0x00007fc5468ca000 JavaThread "Attach Listener" daemon [_thread_blocked, id=35335, stack(0x000000030762d000,0x000000030772d000)]

Other Threads:
  0x00007fc546818800 VMThread "VM Thread" [stack: 0x000000030686d000,0x000000030696d000] [id=15875]
  0x00007fc547bb9800 WatcherThread [stack: 0x000000030752a000,0x000000030762a000] [id=36131]
  0x00007fc546018000 GCTaskThread "GC Thread#0" [stack: 0x000000030635e000,0x000000030645e000] [id=13571]
  0x00007fc547832800 ConcurrentGCThread "G1 Main Marker" [stack: 0x0000000306461000,0x0000000306561000] [id=19715]
  0x00007fc546019000 ConcurrentGCThread "G1 Conc#0" [stack: 0x0000000306564000,0x0000000306664000] [id=19459]
  0x00007fc546087000 ConcurrentGCThread "G1 Refine#0" [stack: 0x0000000306667000,0x0000000306767000] [id=14595]
  0x00007fc54700b800 ConcurrentGCThread "G1 Young RemSet Sampling" [stack: 0x000000030676a000,0x000000030686a000] [id=18947]

Threads with active compile tasks:

VM state:not at safepoint (normal execution)

VM Mutex/Monitor currently owned by a thread: None

Heap address: 0x0000000780000000, size: 2048 MB, Compressed Oops mode: Zero based, Oop shift amount: 3
Narrow klass base: 0x0000000800000000, Narrow klass shift: 0
Compressed class space size: 1073741824 Address: 0x0000000800000000

Heap:
 garbage-first heap   total 131072K, used 8192K [0x0000000780000000, 0x0000000800000000)
  region size 1024K, 9 young (9216K), 0 survivors (0K)
 Metaspace       used 9109K, capacity 9328K, committed 9600K, reserved 1058816K
  class space    used 819K, capacity 878K, committed 896K, reserved 1048576K
Heap Regions: E=young(eden), S=young(survivor), O=old, HS=humongous(starts), HC=humongous(continues), CS=collection set, F=free, A=archive, TAMS=top-at-mark-start (previous, next)
|   0|0x0000000780000000, 0x0000000780000000, 0x0000000780100000|  0%| F|  |TAMS 0x0000000780000000, 0x0000000780000000| Untracked 
|   1|0x0000000780100000, 0x0000000780100000, 0x0000000780200000|  0%| F|  |TAMS 0x0000000780100000, 0x0000000780100000| Untracked 
|   2|0x0000000780200000, 0x0000000780200000, 0x0000000780300000|  0%| F|  |TAMS 0x0000000780200000, 0x0000000780200000| Untracked 
|   3|0x0000000780300000, 0x0000000780300000, 0x0000000780400000|  0%| F|  |TAMS 0x0000000780300000, 0x0000000780300000| Untracked 
|   4|0x0000000780400000, 0x0000000780400000, 0x0000000780500000|  0%| F|  |TAMS 0x0000000780400000, 0x0000000780400000| Untracked 
|   5|0x0000000780500000, 0x0000000780500000, 0x0000000780600000|  0%| F|  |TAMS 0x0000000780500000, 0x0000000780500000| Untracked 
|   6|0x0000000780600000, 0x0000000780600000, 0x0000000780700000|  0%| F|  |TAMS 0x0000000780600000, 0x0000000780600000| Untracked 
|   7|0x0000000780700000, 0x0000000780700000, 0x0000000780800000|  0%| F|  |TAMS 0x0000000780700000, 0x0000000780700000| Untracked 
|   8|0x0000000780800000, 0x0000000780800000, 0x0000000780900000|  0%| F|  |TAMS 0x0000000780800000, 0x0000000780800000| Untracked 
|   9|0x0000000780900000, 0x0000000780900000, 0x0000000780a00000|  0%| F|  |TAMS 0x0000000780900000, 0x0000000780900000| Untracked 
|  10|0x0000000780a00000, 0x0000000780a00000, 0x0000000780b00000|  0%| F|  |TAMS 0x0000000780a00000, 0x0000000780a00000| Untracked 
|  11|0x0000000780b00000, 0x0000000780b00000, 0x0000000780c00000|  0%| F|  |TAMS 0x0000000780b00000, 0x0000000780b00000| Untracked 
|  12|0x0000000780c00000, 0x0000000780c00000, 0x0000000780d00000|  0%| F|  |TAMS 0x0000000780c00000, 0x0000000780c00000| Untracked 
|  13|0x0000000780d00000, 0x0000000780d00000, 0x0000000780e00000|  0%| F|  |TAMS 0x0000000780d00000, 0x0000000780d00000| Untracked 
|  14|0x0000000780e00000, 0x0000000780e00000, 0x0000000780f00000|  0%| F|  |TAMS 0x0000000780e00000, 0x0000000780e00000| Untracked 
|  15|0x0000000780f00000, 0x0000000780f00000, 0x0000000781000000|  0%| F|  |TAMS 0x0000000780f00000, 0x0000000780f00000| Untracked 
|  16|0x0000000781000000, 0x0000000781000000, 0x0000000781100000|  0%| F|  |TAMS 0x0000000781000000, 0x0000000781000000| Untracked 
|  17|0x0000000781100000, 0x0000000781100000, 0x0000000781200000|  0%| F|  |TAMS 0x0000000781100000, 0x0000000781100000| Untracked 
|  18|0x0000000781200000, 0x0000000781200000, 0x0000000781300000|  0%| F|  |TAMS 0x0000000781200000, 0x0000000781200000| Untracked 
|  19|0x0000000781300000, 0x0000000781300000, 0x0000000781400000|  0%| F|  |TAMS 0x0000000781300000, 0x0000000781300000| Untracked 
|  20|0x0000000781400000, 0x0000000781400000, 0x0000000781500000|  0%| F|  |TAMS 0x0000000781400000, 0x0000000781400000| Untracked 
|  21|0x0000000781500000, 0x0000000781500000, 0x0000000781600000|  0%| F|  |TAMS 0x0000000781500000, 0x0000000781500000| Untracked 
|  22|0x0000000781600000, 0x0000000781600000, 0x0000000781700000|  0%| F|  |TAMS 0x0000000781600000, 0x0000000781600000| Untracked 
|  23|0x0000000781700000, 0x0000000781700000, 0x0000000781800000|  0%| F|  |TAMS 0x0000000781700000, 0x0000000781700000| Untracked 
|  24|0x0000000781800000, 0x0000000781800000, 0x0000000781900000|  0%| F|  |TAMS 0x0000000781800000, 0x0000000781800000| Untracked 
|  25|0x0000000781900000, 0x0000000781900000, 0x0000000781a00000|  0%| F|  |TAMS 0x0000000781900000, 0x0000000781900000| Untracked 
|  26|0x0000000781a00000, 0x0000000781a00000, 0x0000000781b00000|  0%| F|  |TAMS 0x0000000781a00000, 0x0000000781a00000| Untracked 
|  27|0x0000000781b00000, 0x0000000781b00000, 0x0000000781c00000|  0%| F|  |TAMS 0x0000000781b00000, 0x0000000781b00000| Untracked 
|  28|0x0000000781c00000, 0x0000000781c00000, 0x0000000781d00000|  0%| F|  |TAMS 0x0000000781c00000, 0x0000000781c00000| Untracked 
|  29|0x0000000781d00000, 0x0000000781d00000, 0x0000000781e00000|  0%| F|  |TAMS 0x0000000781d00000, 0x0000000781d00000| Untracked 
|  30|0x0000000781e00000, 0x0000000781e00000, 0x0000000781f00000|  0%| F|  |TAMS 0x0000000781e00000, 0x0000000781e00000| Untracked 
|  31|0x0000000781f00000, 0x0000000781f00000, 0x0000000782000000|  0%| F|  |TAMS 0x0000000781f00000, 0x0000000781f00000| Untracked 
|  32|0x0000000782000000, 0x0000000782000000, 0x0000000782100000|  0%| F|  |TAMS 0x0000000782000000, 0x0000000782000000| Untracked 
|  33|0x0000000782100000, 0x0000000782100000, 0x0000000782200000|  0%| F|  |TAMS 0x0000000782100000, 0x0000000782100000| Untracked 
|  34|0x0000000782200000, 0x0000000782200000, 0x0000000782300000|  0%| F|  |TAMS 0x0000000782200000, 0x0000000782200000| Untracked 
|  35|0x0000000782300000, 0x0000000782300000, 0x0000000782400000|  0%| F|  |TAMS 0x0000000782300000, 0x0000000782300000| Untracked 
|  36|0x0000000782400000, 0x0000000782400000, 0x0000000782500000|  0%| F|  |TAMS 0x0000000782400000, 0x0000000782400000| Untracked 
|  37|0x0000000782500000, 0x0000000782500000, 0x0000000782600000|  0%| F|  |TAMS 0x0000000782500000, 0x0000000782500000| Untracked 
|  38|0x0000000782600000, 0x0000000782600000, 0x0000000782700000|  0%| F|  |TAMS 0x0000000782600000, 0x0000000782600000| Untracked 
|  39|0x0000000782700000, 0x0000000782700000, 0x0000000782800000|  0%| F|  |TAMS 0x0000000782700000, 0x0000000782700000| Untracked 
|  40|0x0000000782800000, 0x0000000782800000, 0x0000000782900000|  0%| F|  |TAMS 0x0000000782800000, 0x0000000782800000| Untracked 
|  41|0x0000000782900000, 0x0000000782900000, 0x0000000782a00000|  0%| F|  |TAMS 0x0000000782900000, 0x0000000782900000| Untracked 
|  42|0x0000000782a00000, 0x0000000782a00000, 0x0000000782b00000|  0%| F|  |TAMS 0x0000000782a00000, 0x0000000782a00000| Untracked 
|  43|0x0000000782b00000, 0x0000000782b00000, 0x0000000782c00000|  0%| F|  |TAMS 0x0000000782b00000, 0x0000000782b00000| Untracked 
|  44|0x0000000782c00000, 0x0000000782c00000, 0x0000000782d00000|  0%| F|  |TAMS 0x0000000782c00000, 0x0000000782c00000| Untracked 
|  45|0x0000000782d00000, 0x0000000782d00000, 0x0000000782e00000|  0%| F|  |TAMS 0x0000000782d00000, 0x0000000782d00000| Untracked 
|  46|0x0000000782e00000, 0x0000000782e00000, 0x0000000782f00000|  0%| F|  |TAMS 0x0000000782e00000, 0x0000000782e00000| Untracked 
|  47|0x0000000782f00000, 0x0000000782f00000, 0x0000000783000000|  0%| F|  |TAMS 0x0000000782f00000, 0x0000000782f00000| Untracked 
|  48|0x0000000783000000, 0x0000000783000000, 0x0000000783100000|  0%| F|  |TAMS 0x0000000783000000, 0x0000000783000000| Untracked 
|  49|0x0000000783100000, 0x0000000783100000, 0x0000000783200000|  0%| F|  |TAMS 0x0000000783100000, 0x0000000783100000| Untracked 
|  50|0x0000000783200000, 0x0000000783200000, 0x0000000783300000|  0%| F|  |TAMS 0x0000000783200000, 0x0000000783200000| Untracked 
|  51|0x0000000783300000, 0x0000000783300000, 0x0000000783400000|  0%| F|  |TAMS 0x0000000783300000, 0x0000000783300000| Untracked 
|  52|0x0000000783400000, 0x0000000783400000, 0x0000000783500000|  0%| F|  |TAMS 0x0000000783400000, 0x0000000783400000| Untracked 
|  53|0x0000000783500000, 0x0000000783500000, 0x0000000783600000|  0%| F|  |TAMS 0x0000000783500000, 0x0000000783500000| Untracked 
|  54|0x0000000783600000, 0x0000000783600000, 0x0000000783700000|  0%| F|  |TAMS 0x0000000783600000, 0x0000000783600000| Untracked 
|  55|0x0000000783700000, 0x0000000783700000, 0x0000000783800000|  0%| F|  |TAMS 0x0000000783700000, 0x0000000783700000| Untracked 
|  56|0x0000000783800000, 0x0000000783800000, 0x0000000783900000|  0%| F|  |TAMS 0x0000000783800000, 0x0000000783800000| Untracked 
|  57|0x0000000783900000, 0x0000000783900000, 0x0000000783a00000|  0%| F|  |TAMS 0x0000000783900000, 0x0000000783900000| Untracked 
|  58|0x0000000783a00000, 0x0000000783a00000, 0x0000000783b00000|  0%| F|  |TAMS 0x0000000783a00000, 0x0000000783a00000| Untracked 
|  59|0x0000000783b00000, 0x0000000783b00000, 0x0000000783c00000|  0%| F|  |TAMS 0x0000000783b00000, 0x0000000783b00000| Untracked 
|  60|0x0000000783c00000, 0x0000000783c00000, 0x0000000783d00000|  0%| F|  |TAMS 0x0000000783c00000, 0x0000000783c00000| Untracked 
|  61|0x0000000783d00000, 0x0000000783d00000, 0x0000000783e00000|  0%| F|  |TAMS 0x0000000783d00000, 0x0000000783d00000| Untracked 
|  62|0x0000000783e00000, 0x0000000783e00000, 0x0000000783f00000|  0%| F|  |TAMS 0x0000000783e00000, 0x0000000783e00000| Untracked 
|  63|0x0000000783f00000, 0x0000000783f00000, 0x0000000784000000|  0%| F|  |TAMS 0x0000000783f00000, 0x0000000783f00000| Untracked 
|  64|0x0000000784000000, 0x0000000784000000, 0x0000000784100000|  0%| F|  |TAMS 0x0000000784000000, 0x0000000784000000| Untracked 
|  65|0x0000000784100000, 0x0000000784100000, 0x0000000784200000|  0%| F|  |TAMS 0x0000000784100000, 0x0000000784100000| Untracked 
|  66|0x0000000784200000, 0x0000000784200000, 0x0000000784300000|  0%| F|  |TAMS 0x0000000784200000, 0x0000000784200000| Untracked 
|  67|0x0000000784300000, 0x0000000784300000, 0x0000000784400000|  0%| F|  |TAMS 0x0000000784300000, 0x0000000784300000| Untracked 
|  68|0x0000000784400000, 0x0000000784400000, 0x0000000784500000|  0%| F|  |TAMS 0x0000000784400000, 0x0000000784400000| Untracked 
|  69|0x0000000784500000, 0x0000000784500000, 0x0000000784600000|  0%| F|  |TAMS 0x0000000784500000, 0x0000000784500000| Untracked 
|  70|0x0000000784600000, 0x0000000784600000, 0x0000000784700000|  0%| F|  |TAMS 0x0000000784600000, 0x0000000784600000| Untracked 
|  71|0x0000000784700000, 0x0000000784700000, 0x0000000784800000|  0%| F|  |TAMS 0x0000000784700000, 0x0000000784700000| Untracked 
|  72|0x0000000784800000, 0x0000000784800000, 0x0000000784900000|  0%| F|  |TAMS 0x0000000784800000, 0x0000000784800000| Untracked 
|  73|0x0000000784900000, 0x0000000784900000, 0x0000000784a00000|  0%| F|  |TAMS 0x0000000784900000, 0x0000000784900000| Untracked 
|  74|0x0000000784a00000, 0x0000000784a00000, 0x0000000784b00000|  0%| F|  |TAMS 0x0000000784a00000, 0x0000000784a00000| Untracked 
|  75|0x0000000784b00000, 0x0000000784b00000, 0x0000000784c00000|  0%| F|  |TAMS 0x0000000784b00000, 0x0000000784b00000| Untracked 
|  76|0x0000000784c00000, 0x0000000784c00000, 0x0000000784d00000|  0%| F|  |TAMS 0x0000000784c00000, 0x0000000784c00000| Untracked 
|  77|0x0000000784d00000, 0x0000000784d00000, 0x0000000784e00000|  0%| F|  |TAMS 0x0000000784d00000, 0x0000000784d00000| Untracked 
|  78|0x0000000784e00000, 0x0000000784e00000, 0x0000000784f00000|  0%| F|  |TAMS 0x0000000784e00000, 0x0000000784e00000| Untracked 
|  79|0x0000000784f00000, 0x0000000784f00000, 0x0000000785000000|  0%| F|  |TAMS 0x0000000784f00000, 0x0000000784f00000| Untracked 
|  80|0x0000000785000000, 0x0000000785000000, 0x0000000785100000|  0%| F|  |TAMS 0x0000000785000000, 0x0000000785000000| Untracked 
|  81|0x0000000785100000, 0x0000000785100000, 0x0000000785200000|  0%| F|  |TAMS 0x0000000785100000, 0x0000000785100000| Untracked 
|  82|0x0000000785200000, 0x0000000785200000, 0x0000000785300000|  0%| F|  |TAMS 0x0000000785200000, 0x0000000785200000| Untracked 
|  83|0x0000000785300000, 0x0000000785300000, 0x0000000785400000|  0%| F|  |TAMS 0x0000000785300000, 0x0000000785300000| Untracked 
|  84|0x0000000785400000, 0x0000000785400000, 0x0000000785500000|  0%| F|  |TAMS 0x0000000785400000, 0x0000000785400000| Untracked 
|  85|0x0000000785500000, 0x0000000785500000, 0x0000000785600000|  0%| F|  |TAMS 0x0000000785500000, 0x0000000785500000| Untracked 
|  86|0x0000000785600000, 0x0000000785600000, 0x0000000785700000|  0%| F|  |TAMS 0x0000000785600000, 0x0000000785600000| Untracked 
|  87|0x0000000785700000, 0x0000000785700000, 0x0000000785800000|  0%| F|  |TAMS 0x0000000785700000, 0x0000000785700000| Untracked 
|  88|0x0000000785800000, 0x0000000785800000, 0x0000000785900000|  0%| F|  |TAMS 0x0000000785800000, 0x0000000785800000| Untracked 
|  89|0x0000000785900000, 0x0000000785900000, 0x0000000785a00000|  0%| F|  |TAMS 0x0000000785900000, 0x0000000785900000| Untracked 
|  90|0x0000000785a00000, 0x0000000785a00000, 0x0000000785b00000|  0%| F|  |TAMS 0x0000000785a00000, 0x0000000785a00000| Untracked 
|  91|0x0000000785b00000, 0x0000000785b00000, 0x0000000785c00000|  0%| F|  |TAMS 0x0000000785b00000, 0x0000000785b00000| Untracked 
|  92|0x0000000785c00000, 0x0000000785c00000, 0x0000000785d00000|  0%| F|  |TAMS 0x0000000785c00000, 0x0000000785c00000| Untracked 
|  93|0x0000000785d00000, 0x0000000785d00000, 0x0000000785e00000|  0%| F|  |TAMS 0x0000000785d00000, 0x0000000785d00000| Untracked 
|  94|0x0000000785e00000, 0x0000000785e00000, 0x0000000785f00000|  0%| F|  |TAMS 0x0000000785e00000, 0x0000000785e00000| Untracked 
|  95|0x0000000785f00000, 0x0000000785f00000, 0x0000000786000000|  0%| F|  |TAMS 0x0000000785f00000, 0x0000000785f00000| Untracked 
|  96|0x0000000786000000, 0x0000000786000000, 0x0000000786100000|  0%| F|  |TAMS 0x0000000786000000, 0x0000000786000000| Untracked 
|  97|0x0000000786100000, 0x0000000786100000, 0x0000000786200000|  0%| F|  |TAMS 0x0000000786100000, 0x0000000786100000| Untracked 
|  98|0x0000000786200000, 0x0000000786200000, 0x0000000786300000|  0%| F|  |TAMS 0x0000000786200000, 0x0000000786200000| Untracked 
|  99|0x0000000786300000, 0x0000000786300000, 0x0000000786400000|  0%| F|  |TAMS 0x0000000786300000, 0x0000000786300000| Untracked 
| 100|0x0000000786400000, 0x0000000786400000, 0x0000000786500000|  0%| F|  |TAMS 0x0000000786400000, 0x0000000786400000| Untracked 
| 101|0x0000000786500000, 0x0000000786500000, 0x0000000786600000|  0%| F|  |TAMS 0x0000000786500000, 0x0000000786500000| Untracked 
| 102|0x0000000786600000, 0x0000000786600000, 0x0000000786700000|  0%| F|  |TAMS 0x0000000786600000, 0x0000000786600000| Untracked 
| 103|0x0000000786700000, 0x0000000786700000, 0x0000000786800000|  0%| F|  |TAMS 0x0000000786700000, 0x0000000786700000| Untracked 
| 104|0x0000000786800000, 0x0000000786800000, 0x0000000786900000|  0%| F|  |TAMS 0x0000000786800000, 0x0000000786800000| Untracked 
| 105|0x0000000786900000, 0x0000000786900000, 0x0000000786a00000|  0%| F|  |TAMS 0x0000000786900000, 0x0000000786900000| Untracked 
| 106|0x0000000786a00000, 0x0000000786a00000, 0x0000000786b00000|  0%| F|  |TAMS 0x0000000786a00000, 0x0000000786a00000| Untracked 
| 107|0x0000000786b00000, 0x0000000786b00000, 0x0000000786c00000|  0%| F|  |TAMS 0x0000000786b00000, 0x0000000786b00000| Untracked 
| 108|0x0000000786c00000, 0x0000000786c00000, 0x0000000786d00000|  0%| F|  |TAMS 0x0000000786c00000, 0x0000000786c00000| Untracked 
| 109|0x0000000786d00000, 0x0000000786d00000, 0x0000000786e00000|  0%| F|  |TAMS 0x0000000786d00000, 0x0000000786d00000| Untracked 
| 110|0x0000000786e00000, 0x0000000786e00000, 0x0000000786f00000|  0%| F|  |TAMS 0x0000000786e00000, 0x0000000786e00000| Untracked 
| 111|0x0000000786f00000, 0x0000000786f00000, 0x0000000787000000|  0%| F|  |TAMS 0x0000000786f00000, 0x0000000786f00000| Untracked 
| 112|0x0000000787000000, 0x0000000787000000, 0x0000000787100000|  0%| F|  |TAMS 0x0000000787000000, 0x0000000787000000| Untracked 
| 113|0x0000000787100000, 0x0000000787100000, 0x0000000787200000|  0%| F|  |TAMS 0x0000000787100000, 0x0000000787100000| Untracked 
| 114|0x0000000787200000, 0x0000000787200000, 0x0000000787300000|  0%| F|  |TAMS 0x0000000787200000, 0x0000000787200000| Untracked 
| 115|0x0000000787300000, 0x0000000787300000, 0x0000000787400000|  0%| F|  |TAMS 0x0000000787300000, 0x0000000787300000| Untracked 
| 116|0x0000000787400000, 0x0000000787400000, 0x0000000787500000|  0%| F|  |TAMS 0x0000000787400000, 0x0000000787400000| Untracked 
| 117|0x0000000787500000, 0x0000000787500000, 0x0000000787600000|  0%| F|  |TAMS 0x0000000787500000, 0x0000000787500000| Untracked 
| 118|0x0000000787600000, 0x0000000787600000, 0x0000000787700000|  0%| F|  |TAMS 0x0000000787600000, 0x0000000787600000| Untracked 
| 119|0x0000000787700000, 0x00000007877cf3e8, 0x0000000787800000| 80%| E|  |TAMS 0x0000000787700000, 0x0000000787700000| Complete 
| 120|0x0000000787800000, 0x0000000787900000, 0x0000000787900000|100%| E|CS|TAMS 0x0000000787800000, 0x0000000787800000| Complete 
| 121|0x0000000787900000, 0x0000000787a00000, 0x0000000787a00000|100%| E|CS|TAMS 0x0000000787900000, 0x0000000787900000| Complete 
| 122|0x0000000787a00000, 0x0000000787b00000, 0x0000000787b00000|100%| E|CS|TAMS 0x0000000787a00000, 0x0000000787a00000| Complete 
| 123|0x0000000787b00000, 0x0000000787c00000, 0x0000000787c00000|100%| E|CS|TAMS 0x0000000787b00000, 0x0000000787b00000| Complete 
| 124|0x0000000787c00000, 0x0000000787d00000, 0x0000000787d00000|100%| E|CS|TAMS 0x0000000787c00000, 0x0000000787c00000| Complete 
| 125|0x0000000787d00000, 0x0000000787e00000, 0x0000000787e00000|100%| E|CS|TAMS 0x0000000787d00000, 0x0000000787d00000| Complete 
| 126|0x0000000787e00000, 0x0000000787f00000, 0x0000000787f00000|100%| E|CS|TAMS 0x0000000787e00000, 0x0000000787e00000| Complete 
| 127|0x0000000787f00000, 0x0000000788000000, 0x0000000788000000|100%| E|CS|TAMS 0x0000000787f00000, 0x0000000787f00000| Complete 

Card table byte_map: [0x0000000124221000,0x0000000124621000] _byte_map_base: 0x0000000120621000

Marking Bits (Prev, Next): (CMBitMap*) 0x00007fc54782a018, (CMBitMap*) 0x00007fc54782a050
 Prev Bits: [0x0000000124a21000, 0x0000000126a21000)
 Next Bits: [0x0000000126a21000, 0x0000000128a21000)

Polling page: 0x0000000100ff2000

Metaspace:

Usage:
  Non-class:      8.25 MB capacity,     8.10 MB ( 98%) used,   148.56 KB (  2%) free+waste,    10.81 KB ( <1%) overhead. 
      Class:    878.00 KB capacity,   819.33 KB ( 93%) used,    53.55 KB (  6%) free+waste,     5.12 KB ( <1%) overhead. 
       Both:      9.11 MB capacity,     8.90 MB ( 98%) used,   202.11 KB (  2%) free+waste,    15.94 KB ( <1%) overhead. 

Virtual space:
  Non-class space:       10.00 MB reserved,       8.50 MB ( 85%) committed 
      Class space:        1.00 GB reserved,     896.00 KB ( <1%) committed 
             Both:        1.01 GB reserved,       9.38 MB ( <1%) committed 

Chunk freelists:
   Non-Class:  74.00 KB
       Class:  18.00 KB
        Both:  92.00 KB

MaxMetaspaceSize: unlimited
CompressedClassSpaceSize: 1.00 GB
Initial GC threshold: 20.80 MB
Current GC threshold: 20.80 MB
CDS: off

CodeHeap 'non-profiled nmethods': size=120032Kb used=173Kb max_used=173Kb free=119858Kb
 bounds [0x000000011c7fe000, 0x000000011ca6e000, 0x0000000123d36000]
CodeHeap 'profiled nmethods': size=120028Kb used=841Kb max_used=841Kb free=119186Kb
 bounds [0x00000001152c7000, 0x0000000115537000, 0x000000011c7fe000]
CodeHeap 'non-nmethods': size=5700Kb used=1105Kb max_used=1118Kb free=4594Kb
 bounds [0x0000000114d36000, 0x0000000114fa6000, 0x00000001152c7000]
 total_blobs=858 nmethods=503 adapters=270
 compilation: enabled
              stopped_count=0, restarted_count=0
 full_count=0

Compilation events (20 events):
Event: 1.411 Thread 0x00007fc546098000  496       3       java.util.WeakHashMap::maskNull (12 bytes)
Event: 1.412 Thread 0x00007fc546098000 nmethod 496 0x0000000115396e10 code [0x0000000115396fc0, 0x00000001153970f0]
Event: 1.412 Thread 0x00007fc546098000  497       3       java.util.WeakHashMap::hash (28 bytes)
Event: 1.412 Thread 0x00007fc54682a000 nmethod 444 0x000000011c826990 code [0x000000011c826b40, 0x000000011c826ef8]
Event: 1.412 Thread 0x00007fc54682a000  494       4       sun.nio.fs.UnixPath::checkNotNul (16 bytes)
Event: 1.412 Thread 0x00007fc546098000 nmethod 497 0x0000000115397190 code [0x0000000115397340, 0x0000000115397520]
Event: 1.413 Thread 0x00007fc54682a000 nmethod 494 0x000000011c827290 code [0x000000011c827420, 0x000000011c827478]
Event: 1.413 Thread 0x00007fc54682a000  445       4       java.lang.AbstractStringBuilder::append (77 bytes)
Event: 1.416 Thread 0x00007fc546098000  498       3       java.lang.ref.SoftReference::get (29 bytes)
Event: 1.417 Thread 0x00007fc546098000 nmethod 498 0x0000000115397610 code [0x00000001153977c0, 0x0000000115397990]
Event: 1.417 Thread 0x00007fc546098000  499       3       java.nio.charset.CoderResult::isUnderflow (13 bytes)
Event: 1.417 Thread 0x00007fc546098000 nmethod 499 0x0000000115397a90 code [0x0000000115397c40, 0x0000000115397d90]
Event: 1.421 Thread 0x00007fc546098000  501       3       java.util.zip.ZipFile$Source::isManifestName (160 bytes)
Event: 1.422 Thread 0x00007fc546098000 nmethod 501 0x0000000115397e90 code [0x0000000115398060, 0x00000001153985d0]
Event: 1.422 Thread 0x00007fc546098000  502       3       java.util.zip.Inflater::ensureOpen (47 bytes)
Event: 1.422 Thread 0x00007fc546098000 nmethod 502 0x0000000115398a10 code [0x0000000115398be0, 0x0000000115398e40]
Event: 1.423 Thread 0x00007fc546098000  503       3       java.nio.Buffer::limit (65 bytes)
Event: 1.423 Thread 0x00007fc546098000 nmethod 503 0x0000000115399010 code [0x00000001153991e0, 0x0000000115399480]
Event: 1.424 Thread 0x00007fc54682a000 nmethod 445 0x000000011c827590 code [0x000000011c827740, 0x000000011c827b98]
Event: 1.424 Thread 0x00007fc54682a000  446       4       java.lang.StringBuilder::append (8 bytes)

GC Heap History (0 events):
No events

Deoptimization events (20 events):
Event: 1.057 Thread 0x00007fc546014000 DEOPT PACKING pc=0x000000011c7ff114 sp=0x00000003063597b0
Event: 1.059 Thread 0x00007fc546014000 DEOPT UNPACKING pc=0x0000000114d7fe9f sp=0x0000000306359710 mode 2
Event: 1.120 Thread 0x00007fc546014000 DEOPT PACKING pc=0x00000001152d188d sp=0x0000000306359f90
Event: 1.120 Thread 0x00007fc546014000 DEOPT UNPACKING pc=0x0000000114d8062b sp=0x0000000306359438 mode 0
Event: 1.175 Thread 0x00007fc546014000 Uncommon trap: trap_request=0xffffffc6 fr.pc=0x000000011c809c94 relative=0x0000000000000074
Event: 1.175 Thread 0x00007fc546014000 Uncommon trap: reason=bimorphic_or_optimized_type_check action=maybe_recompile pc=0x000000011c809c94 method=java.util.AbstractCollection.isEmpty()Z @ 1 c2
Event: 1.175 Thread 0x00007fc546014000 DEOPT PACKING pc=0x000000011c809c94 sp=0x0000000306356fa0
Event: 1.175 Thread 0x00007fc546014000 DEOPT UNPACKING pc=0x0000000114d7fe9f sp=0x0000000306356f50 mode 2
Event: 1.175 Thread 0x00007fc546014000 Uncommon trap: trap_request=0xffffffc6 fr.pc=0x000000011c809c94 relative=0x0000000000000074
Event: 1.175 Thread 0x00007fc546014000 Uncommon trap: reason=bimorphic_or_optimized_type_check action=maybe_recompile pc=0x000000011c809c94 method=java.util.AbstractCollection.isEmpty()Z @ 1 c2
Event: 1.175 Thread 0x00007fc546014000 DEOPT PACKING pc=0x000000011c809c94 sp=0x0000000306357170
Event: 1.175 Thread 0x00007fc546014000 DEOPT UNPACKING pc=0x0000000114d7fe9f sp=0x0000000306357120 mode 2
Event: 1.180 Thread 0x00007fc546014000 Uncommon trap: trap_request=0xffffffc6 fr.pc=0x000000011c809c94 relative=0x0000000000000074
Event: 1.180 Thread 0x00007fc546014000 Uncommon trap: reason=bimorphic_or_optimized_type_check action=maybe_recompile pc=0x000000011c809c94 method=java.util.AbstractCollection.isEmpty()Z @ 1 c2
Event: 1.180 Thread 0x00007fc546014000 DEOPT PACKING pc=0x000000011c809c94 sp=0x0000000306357190
Event: 1.180 Thread 0x00007fc546014000 DEOPT UNPACKING pc=0x0000000114d7fe9f sp=0x0000000306357140 mode 2
Event: 1.182 Thread 0x00007fc546014000 Uncommon trap: trap_request=0xffffffc6 fr.pc=0x000000011c809c94 relative=0x0000000000000074
Event: 1.182 Thread 0x00007fc546014000 Uncommon trap: reason=bimorphic_or_optimized_type_check action=maybe_recompile pc=0x000000011c809c94 method=java.util.AbstractCollection.isEmpty()Z @ 1 c2
Event: 1.182 Thread 0x00007fc546014000 DEOPT PACKING pc=0x000000011c809c94 sp=0x0000000306356fa0
Event: 1.182 Thread 0x00007fc546014000 DEOPT UNPACKING pc=0x0000000114d7fe9f sp=0x0000000306356f50 mode 2

Classes redefined (0 events):
No events

Internal exceptions (3 events):
Event: 0.683 Thread 0x00007fc546014000 Exception <a 'java/lang/NoClassDefFoundError'{0x0000000787efc740}: jdk/internal/loader/NativeLibraries> (0x0000000787efc740) thrown at [src/hotspot/share/classfile/systemDictionary.cpp, line 219]
Event: 0.685 Thread 0x00007fc546014000 Exception <a 'java/lang/NoSuchMethodError'{0x0000000787efe5b8}: 'java.lang.Object java.lang.invoke.DirectMethodHandle$Holder.invokeStaticInit(java.lang.Object, java.lang.Object, java.lang.Object)'> (0x0000000787efe5b8) thrown at [src/hotspot/share/interpreter/linkResolver.cpp, line 773]
Event: 1.072 Thread 0x00007fc546014000 Exception <a 'java/lang/NoSuchMethodError'{0x0000000787c41eb8}: 'java.lang.Object java.lang.invoke.DirectMethodHandle$Holder.invokeStaticInit(java.lang.Object, int)'> (0x0000000787c41eb8) thrown at [src/hotspot/share/interpreter/linkResolver.cpp, line 773]

Events (20 events):
Event: 1.280 Executing VM operation: RevokeBias
Event: 1.280 Executing VM operation: RevokeBias done
Event: 1.280 Executing VM operation: RevokeBias
Event: 1.280 Executing VM operation: RevokeBias done
Event: 1.281 loading class sun/util/resources/cldr/TimeZoneNames
Event: 1.282 loading class sun/util/resources/TimeZoneNamesBundle
Event: 1.282 loading class sun/util/resources/OpenListResourceBundle
Event: 1.282 loading class sun/util/resources/OpenListResourceBundle done
Event: 1.282 loading class sun/util/resources/TimeZoneNamesBundle done
Event: 1.282 loading class sun/util/resources/cldr/TimeZoneNames done
Event: 1.282 loading class sun/util/resources/cldr/TimeZoneNames_en
Event: 1.283 loading class sun/util/resources/cldr/TimeZoneNames_en done
Event: 1.283 loading class sun/util/resources/cldr/TimeZoneNames_en_US
Event: 1.283 loading class sun/util/resources/cldr/TimeZoneNames_en_US done
Event: 1.285 loading class java/util/LinkedHashMap$LinkedKeySet
Event: 1.285 loading class java/util/LinkedHashMap$LinkedKeySet done
Event: 1.287 loading class sun/util/resources/TimeZoneNames
Event: 1.287 loading class sun/util/resources/TimeZoneNames done
Event: 1.288 loading class sun/util/resources/TimeZoneNames_en
Event: 1.288 loading class sun/util/resources/TimeZoneNames_en done


Dynamic libraries:
0x0000000109624000 	/Users/jojunbeom/Library/Java/JavaVirtualMachines/corretto-11.0.14.1/Contents/Home/lib/jli/libjli.dylib
0x00007ff82d4c4000 	/System/Library/Frameworks/Cocoa.framework/Versions/A/Cocoa
0x00007ff818d65000 	/System/Library/Frameworks/AppKit.framework/Versions/C/AppKit
0x00007ff81c2b5000 	/System/Library/Frameworks/CoreData.framework/Versions/A/CoreData
0x00007ff817180000 	/System/Library/Frameworks/Foundation.framework/Versions/C/Foundation
0x00007ff8215a8000 	/usr/lib/libSystem.B.dylib
0x00007ff819bf2000 	/System/Library/PrivateFrameworks/UIFoundation.framework/Versions/A/UIFoundation
0x00007ff82749c000 	/System/Library/PrivateFrameworks/RemoteViewServices.framework/Versions/A/RemoteViewServices
0x00007ff81f79b000 	/System/Library/PrivateFrameworks/XCTTargetBootstrap.framework/Versions/A/XCTTargetBootstrap
0x00007ff823473000 	/System/Library/PrivateFrameworks/InternationalSupport.framework/Versions/A/InternationalSupport
0x00007ff8234fd000 	/System/Library/PrivateFrameworks/UserActivity.framework/Versions/A/UserActivity
0x00007ff82285a000 	/usr/lib/libspindump.dylib
0x00007ff819e80000 	/System/Library/Frameworks/UniformTypeIdentifiers.framework/Versions/A/UniformTypeIdentifiers
0x00007ff81deda000 	/usr/lib/libapp_launch_measurement.dylib
0x00007ff81cc8f000 	/System/Library/PrivateFrameworks/CoreAnalytics.framework/Versions/A/CoreAnalytics
0x00007ff81dedd000 	/System/Library/PrivateFrameworks/CoreAutoLayout.framework/Versions/A/CoreAutoLayout
0x00007ff81f0fc000 	/System/Library/Frameworks/Metal.framework/Versions/A/Metal
0x00007ff81fe13000 	/usr/lib/liblangid.dylib
0x00007ff81f79f000 	/System/Library/PrivateFrameworks/CoreSVG.framework/Versions/A/CoreSVG
0x00007ff81b242000 	/System/Library/PrivateFrameworks/SkyLight.framework/Versions/A/SkyLight
0x00007ff81b5d3000 	/System/Library/Frameworks/CoreGraphics.framework/Versions/A/CoreGraphics
0x00007ff827b07000 	/System/Library/Frameworks/Accelerate.framework/Versions/A/Accelerate
0x00007ff8222d5000 	/System/Library/PrivateFrameworks/IconServices.framework/Versions/A/IconServices
0x00007ff81f0e1000 	/System/Library/Frameworks/IOSurface.framework/Versions/A/IOSurface
0x00007ff81ccbd000 	/usr/lib/libDiagnosticMessagesClient.dylib
0x00007ff8214c2000 	/usr/lib/libz.1.dylib
0x00007ff82b166000 	/System/Library/Frameworks/ApplicationServices.framework/Versions/A/ApplicationServices
0x00007ff81f787000 	/System/Library/PrivateFrameworks/DFRFoundation.framework/Versions/A/DFRFoundation
0x00007ff818656000 	/usr/lib/libicucore.A.dylib
0x00007ff824195000 	/System/Library/Frameworks/AudioToolbox.framework/Versions/A/AudioToolbox
0x00007ff82347f000 	/System/Library/PrivateFrameworks/DataDetectorsCore.framework/Versions/A/DataDetectorsCore
0x00007ff91ec14000 	/System/Library/PrivateFrameworks/TextInput.framework/Versions/A/TextInput
0x00007ff81b1c5000 	/usr/lib/libMobileGestalt.dylib
0x00007ff81f48f000 	/System/Library/Frameworks/Carbon.framework/Versions/A/Frameworks/HIToolbox.framework/Versions/A/HIToolbox
0x00007ff81d908000 	/System/Library/Frameworks/QuartzCore.framework/Versions/A/QuartzCore
0x00007ff8182f7000 	/System/Library/Frameworks/Security.framework/Versions/A/Security
0x00007ff8274d4000 	/System/Library/Frameworks/Carbon.framework/Versions/A/Frameworks/SpeechRecognition.framework/Versions/A/SpeechRecognition
0x00007ff81dc3a000 	/System/Library/PrivateFrameworks/CoreUI.framework/Versions/A/CoreUI
0x00007ff817bd1000 	/System/Library/Frameworks/CoreAudio.framework/Versions/A/CoreAudio
0x00007ff81cdab000 	/System/Library/Frameworks/DiskArbitration.framework/Versions/A/DiskArbitration
0x00007ff822c3d000 	/System/Library/PrivateFrameworks/MultitouchSupport.framework/Versions/A/MultitouchSupport
0x00007ff81b1c4000 	/usr/lib/libenergytrace.dylib
0x00007ff818c51000 	/System/Library/Frameworks/IOKit.framework/Versions/A/IOKit
0x00007ff8278be000 	/System/Library/Frameworks/CoreServices.framework/Versions/A/CoreServices
0x00007ff81de74000 	/System/Library/PrivateFrameworks/PerformanceAnalysis.framework/Versions/A/PerformanceAnalysis
0x00007ffa2e683000 	/System/Library/Frameworks/OpenGL.framework/Versions/A/OpenGL
0x00007ff820afa000 	/System/Library/PrivateFrameworks/MobileKeyBag.framework/Versions/A/MobileKeyBag
0x00007ff816218000 	/usr/lib/libobjc.A.dylib
0x00007ff81bd02000 	/System/Library/Frameworks/ColorSync.framework/Versions/A/ColorSync
0x00007ff8163d4000 	/System/Library/Frameworks/CoreFoundation.framework/Versions/A/CoreFoundation
0x00007ff81fa1a000 	/System/Library/Frameworks/CoreImage.framework/Versions/A/CoreImage
0x00007ff8179e7000 	/System/Library/Frameworks/CoreText.framework/Versions/A/CoreText
0x00007ff81f7ce000 	/System/Library/Frameworks/ImageIO.framework/Versions/A/ImageIO
0x00007ff8215ae000 	/System/Library/PrivateFrameworks/SoftLinking.framework/Versions/A/SoftLinking
0x00007ff81df25000 	/usr/lib/libxml2.2.dylib
0x00007ff8162e1000 	/usr/lib/libc++.1.dylib
0x00007ff82182e000 	/usr/lib/libcompression.dylib
0x00007ff8233a9000 	/System/Library/PrivateFrameworks/TextureIO.framework/Versions/A/TextureIO
0x00007ff821f4e000 	/usr/lib/libate.dylib
0x00007ff8215a3000 	/usr/lib/system/libcache.dylib
0x00007ff82155f000 	/usr/lib/system/libcommonCrypto.dylib
0x00007ff821588000 	/usr/lib/system/libcompiler_rt.dylib
0x00007ff82157e000 	/usr/lib/system/libcopyfile.dylib
0x00007ff816112000 	/usr/lib/system/libcorecrypto.dylib
0x00007ff8161d1000 	/usr/lib/system/libdispatch.dylib
0x00007ff816393000 	/usr/lib/system/libdyld.dylib
0x00007ff82159a000 	/usr/lib/system/libkeymgr.dylib
0x00007ff82153d000 	/usr/lib/system/libmacho.dylib
0x00007ff820bce000 	/usr/lib/system/libquarantine.dylib
0x00007ff821598000 	/usr/lib/system/libremovefile.dylib
0x00007ff81b211000 	/usr/lib/system/libsystem_asl.dylib
0x00007ff8160c0000 	/usr/lib/system/libsystem_blocks.dylib
0x00007ff816258000 	/usr/lib/system/libsystem_c.dylib
0x00007ff821590000 	/usr/lib/system/libsystem_collections.dylib
0x00007ff81fe04000 	/usr/lib/system/libsystem_configuration.dylib
0x00007ff81f0c4000 	/usr/lib/system/libsystem_containermanager.dylib
0x00007ff821276000 	/usr/lib/system/libsystem_coreservices.dylib
0x00007ff8188df000 	/usr/lib/system/libsystem_darwin.dylib
0x00007ff82159b000 	/usr/lib/system/libsystem_dnssd.dylib
0x00007ff816255000 	/usr/lib/system/libsystem_featureflags.dylib
0x00007ff8163a9000 	/usr/lib/system/libsystem_info.dylib
0x00007ff8214d5000 	/usr/lib/system/libsystem_m.dylib
0x00007ff8161a5000 	/usr/lib/system/libsystem_malloc.dylib
0x00007ff81b1ae000 	/usr/lib/system/libsystem_networkextension.dylib
0x00007ff818d07000 	/usr/lib/system/libsystem_notify.dylib
0x00007ff827795000 	/usr/lib/system/libsystem_product_info_filter.dylib
0x00007ff81fe08000 	/usr/lib/system/libsystem_sandbox.dylib
0x00007ff821595000 	/usr/lib/system/libsystem_secinit.dylib
0x00007ff816350000 	/usr/lib/system/libsystem_kernel.dylib
0x00007ff81639f000 	/usr/lib/system/libsystem_platform.dylib
0x00007ff816387000 	/usr/lib/system/libsystem_pthread.dylib
0x00007ff81cad5000 	/usr/lib/system/libsystem_symptoms.dylib
0x00007ff8160f9000 	/usr/lib/system/libsystem_trace.dylib
0x00007ff82156b000 	/usr/lib/system/libunwind.dylib
0x00007ff8160c2000 	/usr/lib/system/libxpc.dylib
0x00007ff81633a000 	/usr/lib/libc++abi.dylib
0x00007ff821576000 	/usr/lib/liboah.dylib
0x00007ff821d07000 	/usr/lib/liblzma.5.dylib
0x00007ff816e91000 	/System/Library/Frameworks/SystemConfiguration.framework/Versions/A/SystemConfiguration
0x00007ff8215aa000 	/usr/lib/libfakelink.dylib
0x00007ff81ad18000 	/System/Library/Frameworks/CFNetwork.framework/Versions/A/CFNetwork
0x00007ff8216e9000 	/usr/lib/libarchive.2.dylib
0x00007ff81fe0f000 	/System/Library/PrivateFrameworks/AppleSystemInfo.framework/Versions/A/AppleSystemInfo
0x00007ff820bf4000 	/usr/lib/libbsm.0.dylib
0x00007ff81a34f000 	/usr/lib/libnetwork.dylib
0x00007ff821543000 	/usr/lib/system/libkxld.dylib
0x00007ff820823000 	/System/Library/PrivateFrameworks/IOMobileFramebuffer.framework/Versions/A/IOMobileFramebuffer
0x00007ffb2c025000 	/usr/lib/libCoreEntitlements.dylib
0x00007ff821258000 	/System/Library/PrivateFrameworks/AppleFSCompression.framework/Versions/A/AppleFSCompression
0x00007ff820bdd000 	/usr/lib/libcoretls.dylib
0x00007ff821d21000 	/usr/lib/libcoretls_cfhelpers.dylib
0x00007ff821829000 	/usr/lib/libpam.2.dylib
0x00007ff81c6fb000 	/usr/lib/libsqlite3.dylib
0x00007ff821d90000 	/usr/lib/libxar.1.dylib
0x00007ff821268000 	/usr/lib/libbz2.1.0.dylib
0x00007ff8215af000 	/usr/lib/libpcap.A.dylib
0x00007ff81cacc000 	/usr/lib/libdns_services.dylib
0x00007ff8217fb000 	/usr/lib/libapple_nghttp2.dylib
0x00007ff8215e6000 	/usr/lib/libiconv.2.dylib
0x00007ff82153c000 	/usr/lib/libcharset.1.dylib
0x00007ff81dea8000 	/System/Library/Frameworks/CoreServices.framework/Versions/A/Frameworks/FSEvents.framework/Versions/A/FSEvents
0x00007ff8188e9000 	/System/Library/Frameworks/CoreServices.framework/Versions/A/Frameworks/CarbonCore.framework/Versions/A/CarbonCore
0x00007ff81cd10000 	/System/Library/Frameworks/CoreServices.framework/Versions/A/Frameworks/Metadata.framework/Versions/A/Metadata
0x00007ff82127b000 	/System/Library/Frameworks/CoreServices.framework/Versions/A/Frameworks/OSServices.framework/Versions/A/OSServices
0x00007ff82176f000 	/System/Library/Frameworks/CoreServices.framework/Versions/A/Frameworks/SearchKit.framework/Versions/A/SearchKit
0x00007ff81ca5e000 	/System/Library/Frameworks/CoreServices.framework/Versions/A/Frameworks/AE.framework/Versions/A/AE
0x00007ff8168d5000 	/System/Library/Frameworks/CoreServices.framework/Versions/A/Frameworks/LaunchServices.framework/Versions/A/LaunchServices
0x00007ff821cb8000 	/System/Library/Frameworks/CoreServices.framework/Versions/A/Frameworks/DictionaryServices.framework/Versions/A/DictionaryServices
0x00007ff81deb5000 	/System/Library/Frameworks/CoreServices.framework/Versions/A/Frameworks/SharedFileList.framework/Versions/A/SharedFileList
0x00007ff820bd1000 	/usr/lib/libCheckFix.dylib
0x00007ff81b228000 	/System/Library/PrivateFrameworks/TCC.framework/Versions/A/TCC
0x00007ff81fe15000 	/System/Library/PrivateFrameworks/CoreNLP.framework/Versions/A/CoreNLP
0x00007ff81ccc0000 	/System/Library/PrivateFrameworks/MetadataUtilities.framework/Versions/A/MetadataUtilities
0x00007ff816f41000 	/usr/lib/libmecabra.dylib
0x00007ff820c04000 	/usr/lib/libmecab.dylib
0x00007ff816f0c000 	/usr/lib/libCRFSuite.dylib
0x00007ff820c61000 	/usr/lib/libgermantok.dylib
0x00007ff8217d6000 	/usr/lib/libThaiTokenizer.dylib
0x00007ff81cdb2000 	/System/Library/Frameworks/Accelerate.framework/Versions/A/Frameworks/vImage.framework/Versions/A/vImage
0x00007ff827895000 	/System/Library/Frameworks/Accelerate.framework/Versions/A/Frameworks/vecLib.framework/Versions/A/vecLib
0x00007ff821dd1000 	/System/Library/Frameworks/Accelerate.framework/Versions/A/Frameworks/vecLib.framework/Versions/A/libvMisc.dylib
0x00007ff820617000 	/System/Library/Frameworks/Accelerate.framework/Versions/A/Frameworks/vecLib.framework/Versions/A/libvDSP.dylib
0x00007ff816c4d000 	/System/Library/Frameworks/Accelerate.framework/Versions/A/Frameworks/vecLib.framework/Versions/A/libBLAS.dylib
0x00007ff82190b000 	/System/Library/Frameworks/Accelerate.framework/Versions/A/Frameworks/vecLib.framework/Versions/A/libLAPACK.dylib
0x00007ff820c64000 	/System/Library/Frameworks/Accelerate.framework/Versions/A/Frameworks/vecLib.framework/Versions/A/libLinearAlgebra.dylib
0x00007ff821814000 	/System/Library/Frameworks/Accelerate.framework/Versions/A/Frameworks/vecLib.framework/Versions/A/libSparseBLAS.dylib
0x00007ff821905000 	/System/Library/Frameworks/Accelerate.framework/Versions/A/Frameworks/vecLib.framework/Versions/A/libQuadrature.dylib
0x00007ff81feff000 	/System/Library/Frameworks/Accelerate.framework/Versions/A/Frameworks/vecLib.framework/Versions/A/libBNNS.dylib
0x00007ff816e22000 	/System/Library/Frameworks/Accelerate.framework/Versions/A/Frameworks/vecLib.framework/Versions/A/libSparse.dylib
0x00007ff81fef8000 	/System/Library/PrivateFrameworks/LinguisticData.framework/Versions/A/LinguisticData
0x00007ff816dd7000 	/System/Library/PrivateFrameworks/Lexicon.framework/Versions/A/Lexicon
0x00007ff821dca000 	/usr/lib/libChineseTokenizer.dylib
0x00007ff81753b000 	/System/Library/PrivateFrameworks/LanguageModeling.framework/Versions/A/LanguageModeling
0x00007ff8217d8000 	/System/Library/PrivateFrameworks/AppleSauce.framework/Versions/A/AppleSauce
0x00007ff820811000 	/System/Library/PrivateFrameworks/CoreEmoji.framework/Versions/A/CoreEmoji
0x00007ff8216d8000 	/usr/lib/libcmph.dylib
0x00007ff81de8c000 	/System/Library/Frameworks/OpenDirectory.framework/Versions/A/Frameworks/CFOpenDirectory.framework/Versions/A/CFOpenDirectory
0x00007ff81de80000 	/System/Library/Frameworks/OpenDirectory.framework/Versions/A/OpenDirectory
0x00007ff821d23000 	/System/Library/PrivateFrameworks/APFS.framework/Versions/A/APFS
0x00007ff820b32000 	/System/Library/Frameworks/SecurityFoundation.framework/Versions/A/SecurityFoundation
0x00007ff821d9e000 	/usr/lib/libutil.dylib
0x00007ff818c14000 	/System/Library/PrivateFrameworks/CoreServicesStore.framework/Versions/A/CoreServicesStore
0x00007ff821da2000 	/usr/lib/libxslt.1.dylib
0x00007ff820bbf000 	/System/Library/PrivateFrameworks/BackgroundTaskManagement.framework/Versions/A/BackgroundTaskManagement
0x00007ff8232cb000 	/System/Library/Frameworks/ImageIO.framework/Versions/A/Resources/libRadiance.dylib
0x00007ff8232d4000 	/System/Library/Frameworks/ImageIO.framework/Versions/A/Resources/libJPEG.dylib
0x00007ff823225000 	/System/Library/Frameworks/ImageIO.framework/Versions/A/Resources/libPng.dylib
0x00007ff823246000 	/System/Library/Frameworks/ImageIO.framework/Versions/A/Resources/libTIFF.dylib
0x00007ff823332000 	/System/Library/Frameworks/ImageIO.framework/Versions/A/Resources/libGIF.dylib
0x00007ff822b5a000 	/System/Library/Frameworks/ImageIO.framework/Versions/A/Resources/libJP2.dylib
0x00007ff82229c000 	/usr/lib/libexpat.1.dylib
0x00007ff822b0f000 	/System/Library/PrivateFrameworks/AppleJPEG.framework/Versions/A/AppleJPEG
0x00007ff81f356000 	/System/Library/PrivateFrameworks/FontServices.framework/libFontParser.dylib
0x00007ff81ca08000 	/System/Library/PrivateFrameworks/RunningBoardServices.framework/Versions/A/RunningBoardServices
0x00007ff82da35000 	/System/Library/PrivateFrameworks/IOSurfaceAccelerator.framework/Versions/A/IOSurfaceAccelerator
0x00007ff822c39000 	/System/Library/PrivateFrameworks/WatchdogClient.framework/Versions/A/WatchdogClient
0x00007ff81762a000 	/System/Library/Frameworks/CoreDisplay.framework/Versions/A/CoreDisplay
0x00007ff81f256000 	/System/Library/Frameworks/CoreMedia.framework/Versions/A/CoreMedia
0x00007ff81f0f3000 	/System/Library/PrivateFrameworks/IOAccelerator.framework/Versions/A/IOAccelerator
0x00007ff81e008000 	/System/Library/Frameworks/CoreVideo.framework/Versions/A/CoreVideo
0x00007ff821827000 	/System/Library/Frameworks/MetalPerformanceShaders.framework/Versions/A/MetalPerformanceShaders
0x00007ff822c74000 	/System/Library/Frameworks/VideoToolbox.framework/Versions/A/VideoToolbox
0x00007ff81c950000 	/System/Library/PrivateFrameworks/BaseBoard.framework/Versions/A/BaseBoard
0x00007ff81c6e1000 	/System/Library/PrivateFrameworks/ProtocolBuffer.framework/Versions/A/ProtocolBuffer
0x00007ff8232c4000 	/System/Library/PrivateFrameworks/GPUWrangler.framework/Versions/A/GPUWrangler
0x00007ff8232a7000 	/System/Library/PrivateFrameworks/IOPresentment.framework/Versions/A/IOPresentment
0x00007ff8232ce000 	/System/Library/PrivateFrameworks/DSExternalDisplay.framework/Versions/A/DSExternalDisplay
0x00007ffa2e677000 	/System/Library/Frameworks/OpenGL.framework/Versions/A/Libraries/libCoreFSCache.dylib
0x00007ffb1a624000 	/System/Library/PrivateFrameworks/GPUCompiler.framework/Versions/31001/Libraries/libGPUCompilerUtils.dylib
0x00007ff823337000 	/System/Library/PrivateFrameworks/CMCaptureCore.framework/Versions/A/CMCaptureCore
0x00007ff822848000 	/System/Library/PrivateFrameworks/AppServerSupport.framework/Versions/A/AppServerSupport
0x00007ff824a12000 	/System/Library/PrivateFrameworks/perfdata.framework/Versions/A/perfdata
0x00007ff817756000 	/System/Library/PrivateFrameworks/AudioToolboxCore.framework/Versions/A/AudioToolboxCore
0x00007ff81f233000 	/System/Library/PrivateFrameworks/caulk.framework/Versions/A/caulk
0x00007ff82433f000 	/usr/lib/libAudioStatistics.dylib
0x00007ff91b4d3000 	/System/Library/PrivateFrameworks/SystemPolicy.framework/Versions/A/SystemPolicy
0x00007ff82458b000 	/usr/lib/libSMC.dylib
0x00007ff82d377000 	/System/Library/Frameworks/CoreMIDI.framework/Versions/A/CoreMIDI
0x00007ff8231f5000 	/usr/lib/libAudioToolboxUtility.dylib
0x00007ff91795b000 	/System/Library/PrivateFrameworks/OSAServicesClient.framework/Versions/A/OSAServicesClient
0x00007ff824a1f000 	/usr/lib/libperfcheck.dylib
0x00007ff91bf5f000 	/usr/lib/libmis.dylib
0x00007ffa2e6d3000 	/System/Library/Frameworks/OpenGL.framework/Versions/A/Libraries/libGLU.dylib
0x00007ffa2e696000 	/System/Library/Frameworks/OpenGL.framework/Versions/A/Libraries/libGFXShared.dylib
0x00007ffa2e8a4000 	/System/Library/Frameworks/OpenGL.framework/Versions/A/Libraries/libGL.dylib
0x00007ffa2e69f000 	/System/Library/Frameworks/OpenGL.framework/Versions/A/Libraries/libGLImage.dylib
0x00007ffa2e693000 	/System/Library/Frameworks/OpenGL.framework/Versions/A/Libraries/libCVMSPluginSupport.dylib
0x00007ffa2e67e000 	/System/Library/Frameworks/OpenGL.framework/Versions/A/Libraries/libCoreVMClient.dylib
0x00007ff81fd93000 	/System/Library/Frameworks/MetalPerformanceShaders.framework/Versions/A/Frameworks/MPSCore.framework/Versions/A/MPSCore
0x00007ff8211c3000 	/System/Library/Frameworks/MetalPerformanceShaders.framework/Versions/A/Frameworks/MPSImage.framework/Versions/A/MPSImage
0x00007ff820c7a000 	/System/Library/Frameworks/MetalPerformanceShaders.framework/Versions/A/Frameworks/MPSNeuralNetwork.framework/Versions/A/MPSNeuralNetwork
0x00007ff8210ef000 	/System/Library/Frameworks/MetalPerformanceShaders.framework/Versions/A/Frameworks/MPSMatrix.framework/Versions/A/MPSMatrix
0x00007ff820eab000 	/System/Library/Frameworks/MetalPerformanceShaders.framework/Versions/A/Frameworks/MPSRayIntersector.framework/Versions/A/MPSRayIntersector
0x00007ff821128000 	/System/Library/Frameworks/MetalPerformanceShaders.framework/Versions/A/Frameworks/MPSNDArray.framework/Versions/A/MPSNDArray
0x00007ffa3327c000 	/System/Library/Frameworks/MetalPerformanceShaders.framework/Versions/A/Frameworks/MPSFunctions.framework/Versions/A/MPSFunctions
0x00007ff816b30000 	/System/Library/PrivateFrameworks/MetalTools.framework/Versions/A/MetalTools
0x00007ff81fe0d000 	/System/Library/PrivateFrameworks/AggregateDictionary.framework/Versions/A/AggregateDictionary
0x00007ff82207e000 	/usr/lib/libIOReport.dylib
0x00007ffa2fcb3000 	/System/Library/Frameworks/OpenCL.framework/Versions/A/OpenCL
0x00007ff8223e2000 	/System/Library/PrivateFrameworks/FaceCore.framework/Versions/A/FaceCore
0x00007ff8223d3000 	/System/Library/PrivateFrameworks/GraphVisualizer.framework/Versions/A/GraphVisualizer
0x00007ffb1a52f000 	/System/Library/PrivateFrameworks/FontServices.framework/Versions/A/FontServices
0x00007ff8227ff000 	/System/Library/PrivateFrameworks/OTSVG.framework/Versions/A/OTSVG
0x00007ff81dbf0000 	/System/Library/Frameworks/ApplicationServices.framework/Versions/A/Frameworks/ATS.framework/Versions/A/Resources/libFontRegistry.dylib
0x00007ff822850000 	/System/Library/PrivateFrameworks/FontServices.framework/libhvf.dylib
0x00007ffb1a530000 	/System/Library/PrivateFrameworks/FontServices.framework/libXTFontStaticRegistryData.dylib
0x00007ff82224c000 	/System/Library/PrivateFrameworks/AppleVA.framework/Versions/A/AppleVA
0x00007ff82435f000 	/System/Library/Frameworks/ApplicationServices.framework/Versions/A/Frameworks/ATS.framework/Versions/A/ATS
0x00007ff81bdfe000 	/System/Library/Frameworks/ApplicationServices.framework/Versions/A/Frameworks/HIServices.framework/Versions/A/HIServices
0x00007ff823341000 	/System/Library/Frameworks/ApplicationServices.framework/Versions/A/Frameworks/PrintCore.framework/Versions/A/PrintCore
0x00007ff8246de000 	/System/Library/Frameworks/ApplicationServices.framework/Versions/A/Frameworks/QD.framework/Versions/A/QD
0x00007ff8246d6000 	/System/Library/Frameworks/ApplicationServices.framework/Versions/A/Frameworks/ColorSyncLegacy.framework/Versions/A/ColorSyncLegacy
0x00007ff82434f000 	/System/Library/Frameworks/ApplicationServices.framework/Versions/A/Frameworks/SpeechSynthesis.framework/Versions/A/SpeechSynthesis
0x00007ff823302000 	/System/Library/Frameworks/ApplicationServices.framework/Versions/A/Frameworks/ATSUI.framework/Versions/A/ATSUI
0x00007ff82466b000 	/usr/lib/libcups.2.dylib
0x00007ff824a2e000 	/System/Library/Frameworks/Kerberos.framework/Versions/A/Kerberos
0x00007ff824a3d000 	/System/Library/Frameworks/GSS.framework/Versions/A/GSS
0x00007ff8243cb000 	/usr/lib/libresolv.9.dylib
0x00007ff82285f000 	/System/Library/PrivateFrameworks/Heimdal.framework/Versions/A/Heimdal
0x00007ff82b4e1000 	/System/Library/Frameworks/Kerberos.framework/Versions/A/Libraries/libHeimdalProxy.dylib
0x00007ff81cadd000 	/System/Library/Frameworks/Network.framework/Versions/A/Network
0x00007ff8222b6000 	/usr/lib/libheimdal-asn1.dylib
0x00007ff824a88000 	/System/Library/PrivateFrameworks/CommonAuth.framework/Versions/A/CommonAuth
0x00007ff8242d0000 	/System/Library/PrivateFrameworks/AudioSession.framework/Versions/A/AudioSession
0x00007ff822346000 	/System/Library/PrivateFrameworks/MediaExperience.framework/Versions/A/MediaExperience
0x00007ff824164000 	/System/Library/PrivateFrameworks/AudioSession.framework/libSessionUtility.dylib
0x00007ff8246ea000 	/System/Library/PrivateFrameworks/AudioResourceArbitration.framework/Versions/A/AudioResourceArbitration
0x00007ff8222bf000 	/System/Library/PrivateFrameworks/IconFoundation.framework/Versions/A/IconFoundation
0x00007ff8274c4000 	/System/Library/PrivateFrameworks/SpeechRecognitionCore.framework/Versions/A/SpeechRecognitionCore
0x00007ffa1fb26000 	/System/Library/CoreServices/Encodings/libKoreanConverter.dylib
0x000000010a427000 	/Users/jojunbeom/Library/Java/JavaVirtualMachines/corretto-11.0.14.1/Contents/Home/lib/server/libjvm.dylib
0x0000000109708000 	/Users/jojunbeom/Library/Java/JavaVirtualMachines/corretto-11.0.14.1/Contents/Home/lib/libverify.dylib
0x0000000109730000 	/Users/jojunbeom/Library/Java/JavaVirtualMachines/corretto-11.0.14.1/Contents/Home/lib/libjava.dylib
0x000000010969e000 	/Users/jojunbeom/Library/Java/JavaVirtualMachines/corretto-11.0.14.1/Contents/Home/lib/libjimage.dylib
0x00000001097af000 	/Users/jojunbeom/Library/Java/JavaVirtualMachines/corretto-11.0.14.1/Contents/Home/lib/libinstrument.dylib
0x000000010986a000 	/private/var/folders/k6/dkc35rrd3kvf4z8xbpc5z4zh0000gn/T/libasyncProfiler.so
0x000000010982a000 	/Users/jojunbeom/Library/Java/JavaVirtualMachines/corretto-11.0.14.1/Contents/Home/lib/libzip.dylib
0x000000012d0ae000 	/Users/jojunbeom/Library/Java/JavaVirtualMachines/corretto-11.0.14.1/Contents/Home/lib/libnio.dylib
0x000000012d0fe000 	/Users/jojunbeom/Library/Java/JavaVirtualMachines/corretto-11.0.14.1/Contents/Home/lib/libnet.dylib
0x000000012d14f000 	/Users/jojunbeom/Library/Java/JavaVirtualMachines/corretto-11.0.14.1/Contents/Home/lib/libextnet.dylib


VM Arguments:
jvm_args: -ea -Didea.test.cyclic.buffer.size=1048576 -javaagent:/Applications/IntelliJ IDEA.app/Contents/lib/idea_rt.jar=54700:/Applications/IntelliJ IDEA.app/Contents/bin -agentpath:/private/var/folders/k6/dkc35rrd3kvf4z8xbpc5z4zh0000gn/T/libasyncProfiler.so=start,jfr,event=cpu,interval=1ms,event=alloc,file=/Users/jojunbeom/SingletonWithPrototypeTest1_singletonClientUsePrototype_2022_05_24_175318.jfr -Dfile.encoding=UTF-8 
java_command: com.intellij.rt.junit.JUnitStarter -ideVersion5 -junit5 hello.core.scope.SingletonWithPrototypeTest1,singletonClientUsePrototype
java_class_path (initial): /Users/jojunbeom/.m2/repository/org/junit/platform/junit-platform-launcher/1.8.2/junit-platform-launcher-1.8.2.jar:/Users/jojunbeom/.m2/repository/org/junit/platform/junit-platform-engine/1.8.2/junit-platform-engine-1.8.2.jar:/Users/jojunbeom/.m2/repository/org/opentest4j/opentest4j/1.2.0/opentest4j-1.2.0.jar:/Users/jojunbeom/.m2/repository/org/junit/platform/junit-platform-commons/1.8.2/junit-platform-commons-1.8.2.jar:/Users/jojunbeom/.m2/repository/org/apiguardian/apiguardian-api/1.1.2/apiguardian-api-1.1.2.jar:/Applications/IntelliJ IDEA.app/Contents/lib/idea_rt.jar:/Applications/IntelliJ IDEA.app/Contents/plugins/junit/lib/junit5-rt.jar:/Applications/IntelliJ IDEA.app/Contents/plugins/junit/lib/junit-rt.jar:/Users/jojunbeom/Downloads/study/core/out/test/classes:/Users/jojunbeom/Downloads/study/core/out/production/classes:/Users/jojunbeom/Downloads/study/core/out/production/resources:/Users/jojunbeom/.gradle/caches/modules-2/files-2.1/org.springframework.boot/spring-boot-starter-web/2.7.0/7bf2381d030023970b5375c1090545e480467aa1/spring-boot-starter-web-2.7.0.jar:/Users/jojunbeom/.gradle/caches/modules-2/files-2.1/org.springframework.boot/spring-boot-starter-test/2.7.0/417764bfd907f7deffd617fb31b3ea0900547287/spring-boot-starter-test-2.7.0.jar:/Users/jojunbeom/.gradle/caches/modules-2/files-2.1/org.springframework.boot/spring-boot-starter/2.7.0/64fd3c21486dd20df9a62566599337dae2eb62cc/spring-boot-starter-2.7.0.jar:/Users/jojunbeom/.gradle/caches/modules-2/files-2.1/javax.inject/javax.inject/1/6975da39a7040257bd51d21a231b76c915872d38/javax.inject-1.jar:/Users/jojunbeom/.gradle/caches/modules-2/files-2.1/org.projectlombok/lombok/1.18.24/13a394eed5c4f9efb2a6d956e2086f1d81e857d9/lombok-1.18.24.jar:/Users/jojunbeom/.gradle/caches/modules-2/files-2.1/org.springframework.boot/spring-boot-starter-json/2.7.0/f7120f4a6fd5dd2ca2128061e420e45ae2294943/spring-boot-starter-json-2.7.0.jar:/Users/jojunbeom/.gradle/caches/modules-2/files-2.1/org.sprin
Launcher Type: SUN_STANDARD

[Global flags]
     intx CICompilerCount                          = 4                                         {product} {ergonomic}
     uint ConcGCThreads                            = 2                                         {product} {ergonomic}
     uint G1ConcRefinementThreads                  = 8                                         {product} {ergonomic}
   size_t G1HeapRegionSize                         = 1048576                                   {product} {ergonomic}
    uintx GCDrainStackTargetSize                   = 64                                        {product} {ergonomic}
   size_t InitialHeapSize                          = 134217728                                 {product} {ergonomic}
   size_t MarkStackSize                            = 4194304                                   {product} {ergonomic}
   size_t MaxHeapSize                              = 2147483648                                {product} {ergonomic}
   size_t MaxNewSize                               = 1287651328                                {product} {ergonomic}
   size_t MinHeapDeltaBytes                        = 1048576                                   {product} {ergonomic}
    uintx NonNMethodCodeHeapSize                   = 5836300                                {pd product} {ergonomic}
    uintx NonProfiledCodeHeapSize                  = 122910970                              {pd product} {ergonomic}
    uintx ProfiledCodeHeapSize                     = 122910970                              {pd product} {ergonomic}
    uintx ReservedCodeCacheSize                    = 251658240                              {pd product} {ergonomic}
     bool SegmentedCodeCache                       = true                                      {product} {ergonomic}
     bool UseCompressedClassPointers               = true                                 {lp64_product} {ergonomic}
     bool UseCompressedOops                        = true                                 {lp64_product} {ergonomic}
     bool UseG1GC                                  = true                                      {product} {ergonomic}

Logging:
Log output configuration:
 #0: stdout all=warning uptime,level,tags
 #1: stderr all=off uptime,level,tags

Environment Variables:
JAVA_HOME=/Library/Java/JavaVirtualMachines/zulu-11.jdk/Contents/Home
PATH=/opt/homebrew/bin:/opt/homebrew/sbin:/usr/local/bin:/usr/bin:/bin:/usr/sbin:/sbin:/Library/Java/JavaVirtualMachines/zulu-11.jdk/Contents/Home/bin
SHELL=/bin/zsh
LC_CTYPE=ko_KR.UTF-8

Signal Handlers:
SIGSEGV: [libjvm.dylib+0x7ccc92], sa_mask[0]=11111111111111111111111111111111, sa_flags=SA_ONSTACK|SA_RESTART|SA_SIGINFO
SIGBUS: [libjvm.dylib+0x7ccc92], sa_mask[0]=11111111111111111111111111111111, sa_flags=SA_RESTART|SA_SIGINFO
SIGFPE: [libjvm.dylib+0x7ccc92], sa_mask[0]=11111111111111111111111111111111, sa_flags=SA_RESTART|SA_SIGINFO
SIGPIPE: [libjvm.dylib+0x630218], sa_mask[0]=11111111111111111111111111111111, sa_flags=SA_RESTART|SA_SIGINFO
SIGXFSZ: [libjvm.dylib+0x630218], sa_mask[0]=11111111111111111111111111111111, sa_flags=SA_RESTART|SA_SIGINFO
SIGILL: [libjvm.dylib+0x7ccc92], sa_mask[0]=11111111111111111111111111111111, sa_flags=SA_RESTART|SA_SIGINFO
SIGUSR2: [libjvm.dylib+0x6307f6], sa_mask[0]=00100000000000000000000000000000, sa_flags=SA_RESTART|SA_SIGINFO
SIGHUP: [libjvm.dylib+0x62f3a9], sa_mask[0]=11111111111111111111111111111111, sa_flags=SA_RESTART|SA_SIGINFO
SIGINT: [libjvm.dylib+0x62f3a9], sa_mask[0]=11111111111111111111111111111111, sa_flags=SA_RESTART|SA_SIGINFO
SIGTERM: [libjvm.dylib+0x62f3a9], sa_mask[0]=11111111111111111111111111111111, sa_flags=SA_RESTART|SA_SIGINFO
SIGQUIT: [libjvm.dylib+0x62f3a9], sa_mask[0]=11111111111111111111111111111111, sa_flags=SA_RESTART|SA_SIGINFO


---------------  S Y S T E M  ---------------

OS:uname:Darwin 21.1.0 Darwin Kernel Version 21.1.0: Wed Oct 13 17:33:24 PDT 2021; root:xnu-8019.41.5~1/RELEASE_ARM64_T8101 x86_64
OS uptime: 48 days 7:32 hours
rlimit (soft/hard): STACK 8176k/65520k , CORE 0k/infinity , NPROC 1333/2000 , NOFILE 10240/infinity , AS infinity/infinity , CPU infinity/infinity , DATA infinity/infinity , FSIZE infinity/infinity , MEMLOCK infinity/infinity , RSS infinity/infinity
load average:2.87 2.33 2.13

CPU:total 8 (initial active 8) (1 cores per cpu, 1 threads per core) family 6 model 44 stepping 0 microcode 0x0, cmov, cx8, fxsr, mmx, sse, sse2, sse3, ssse3, sse4.1, sse4.2, popcnt, aes, clmul, tsc, tscinvbit, tscinv

Memory: 4k page, physical 8388608k(17360k free), swap 2097152k(586240k free)

vm_info: OpenJDK 64-Bit Server VM (11.0.14.1+10-LTS) for bsd-amd64 JRE (11.0.14.1+10-LTS), built on Feb  8 2022 01:38:57 by "ec2user" with clang Apple LLVM 13.0.0 (clang-1300.0.29.30)

END.
