#
# A fatal error has been detected by the Java Runtime Environment:
#
#  SIGBUS (0xa) at pc=0x000000030cddb700, pid=74882, tid=8451
#
# JRE version: OpenJDK Runtime Environment Corretto-11.0.14.10.1 (11.0.14.1+10) (build 11.0.14.1+10-LTS)
# Java VM: OpenJDK 64-Bit Server VM Corretto-11.0.14.10.1 (11.0.14.1+10-LTS, mixed mode, tiered, compressed oops, g1 gc, bsd-amd64)
# Problematic frame:
# C  0x000000030cddb700
#
# No core dump will be written. Core dumps have been disabled. To enable core dumping, try "ulimit -c unlimited" before starting Java again
#
# If you would like to submit a bug report, please visit:
#   https://github.com/corretto/corretto-11/issues/
#

---------------  S U M M A R Y ------------

Command Line: -XX:TieredStopAtLevel=1 -Xverify:none -Dspring.output.ansi.enabled=always -Dcom.sun.management.jmxremote -Dspring.jmx.enabled=true -Dspring.liveBeansView.mbeanDomain -Dspring.application.admin.enabled=true -javaagent:/Applications/IntelliJ IDEA.app/Contents/lib/idea_rt.jar=54790:/Applications/IntelliJ IDEA.app/Contents/bin -agentpath:/private/var/folders/k6/dkc35rrd3kvf4z8xbpc5z4zh0000gn/T/libasyncProfiler.so=start,jfr,event=cpu,interval=1ms,event=alloc,file=/Users/jojunbeom/CoreApplication_2022_05_24_183618.jfr -Dfile.encoding=UTF-8 hello.core.CoreApplication

Host: MacBookAir10,1 x86_64 2400 MHz, 8 cores, 8G, Darwin 21.1.0
Time: Tue May 24 18:36:20 2022 KST elapsed time: 2.100215 seconds (0d 0h 0m 2s)

---------------  T H R E A D  ---------------

Current thread (0x00007fddbe012800):  JavaThread "main" [_thread_in_vm, id=8451, stack(0x000000030ccdf000,0x000000030cddf000)]

Stack: [0x000000030ccdf000,0x000000030cddf000],  sp=0x000000030cddb728,  free space=1009k
Native frames: (J=compiled Java code, A=aot compiled Java code, j=interpreted, Vv=VM code, C=native code)
C  0x000000030cddb700

Java frames: (J=compiled Java code, j=interpreted, Vv=VM code)
j  java.util.zip.InflaterInputStream.<init>(Ljava/io/InputStream;Ljava/util/zip/Inflater;I)V+31 java.base@11.0.14.1
j  java.util.zip.ZipFile$ZipFileInflaterInputStream.<init>(Ljava/util/zip/ZipFile;Ljava/util/zip/ZipFile$ZipFileInputStream;Ljava/util/zip/ZipFile$CleanableResource;Ljava/util/zip/Inflater;I)V+11 java.base@11.0.14.1
j  java.util.zip.ZipFile$ZipFileInflaterInputStream.<init>(Ljava/util/zip/ZipFile;Ljava/util/zip/ZipFile$ZipFileInputStream;Ljava/util/zip/ZipFile$CleanableResource;I)V+10 java.base@11.0.14.1
j  java.util.zip.ZipFile.getInputStream(Ljava/util/zip/ZipEntry;)Ljava/io/InputStream;+264 java.base@11.0.14.1
j  java.util.jar.JarFile.getInputStream(Ljava/util/zip/ZipEntry;)Ljava/io/InputStream;+13 java.base@11.0.14.1
j  jdk.internal.loader.URLClassPath$JarLoader$2.getInputStream()Ljava/io/InputStream;+11 java.base@11.0.14.1
j  jdk.internal.loader.Resource.cachedInputStream()Ljava/io/InputStream;+9 java.base@11.0.14.1
j  jdk.internal.loader.Resource.getByteBuffer()Ljava/nio/ByteBuffer;+1 java.base@11.0.14.1
j  jdk.internal.loader.BuiltinClassLoader.defineClass(Ljava/lang/String;Ljdk/internal/loader/Resource;)Ljava/lang/Class;+45 java.base@11.0.14.1
j  jdk.internal.loader.BuiltinClassLoader.findClassOnClassPathOrNull(Ljava/lang/String;)Ljava/lang/Class;+37 java.base@11.0.14.1
j  jdk.internal.loader.BuiltinClassLoader.loadClassOrNull(Ljava/lang/String;Z)Ljava/lang/Class;+111 java.base@11.0.14.1
j  jdk.internal.loader.BuiltinClassLoader.loadClass(Ljava/lang/String;Z)Ljava/lang/Class;+3 java.base@11.0.14.1
j  jdk.internal.loader.ClassLoaders$AppClassLoader.loadClass(Ljava/lang/String;Z)Ljava/lang/Class;+36 java.base@11.0.14.1
j  java.lang.ClassLoader.loadClass(Ljava/lang/String;)Ljava/lang/Class;+3 java.base@11.0.14.1
v  ~StubRoutines::call_stub
j  java.lang.ClassLoader.defineClass1(Ljava/lang/ClassLoader;Ljava/lang/String;[BIILjava/security/ProtectionDomain;Ljava/lang/String;)Ljava/lang/Class;+0 java.base@11.0.14.1
j  java.lang.ClassLoader.defineClass(Ljava/lang/String;[BIILjava/security/ProtectionDomain;)Ljava/lang/Class;+27 java.base@11.0.14.1
j  java.security.SecureClassLoader.defineClass(Ljava/lang/String;[BIILjava/security/CodeSource;)Ljava/lang/Class;+12 java.base@11.0.14.1
j  jdk.internal.loader.BuiltinClassLoader.defineClass(Ljava/lang/String;Ljdk/internal/loader/Resource;)Ljava/lang/Class;+117 java.base@11.0.14.1
j  jdk.internal.loader.BuiltinClassLoader.findClassOnClassPathOrNull(Ljava/lang/String;)Ljava/lang/Class;+37 java.base@11.0.14.1
j  jdk.internal.loader.BuiltinClassLoader.loadClassOrNull(Ljava/lang/String;Z)Ljava/lang/Class;+111 java.base@11.0.14.1
j  jdk.internal.loader.BuiltinClassLoader.loadClass(Ljava/lang/String;Z)Ljava/lang/Class;+3 java.base@11.0.14.1
j  jdk.internal.loader.ClassLoaders$AppClassLoader.loadClass(Ljava/lang/String;Z)Ljava/lang/Class;+36 java.base@11.0.14.1
j  java.lang.ClassLoader.loadClass(Ljava/lang/String;)Ljava/lang/Class;+3 java.base@11.0.14.1
v  ~StubRoutines::call_stub
j  ch.qos.logback.classic.BasicConfigurator.configure(Lch/qos/logback/classic/LoggerContext;)V+38
j  ch.qos.logback.classic.util.ContextInitializer.autoConfig()V+120
j  org.slf4j.impl.StaticLoggerBinder.init()V+11
j  org.slf4j.impl.StaticLoggerBinder.<clinit>()V+28
v  ~StubRoutines::call_stub
j  org.slf4j.LoggerFactory.bind()V+16
j  org.slf4j.LoggerFactory.performInitialization()V+0
j  org.slf4j.LoggerFactory.getILoggerFactory()Lorg/slf4j/ILoggerFactory;+21
j  org.slf4j.LoggerFactory.getLogger(Ljava/lang/String;)Lorg/slf4j/Logger;+0
j  org.apache.commons.logging.LogAdapter$Slf4jAdapter.createLocationAwareLog(Ljava/lang/String;)Lorg/apache/commons/logging/Log;+1
j  org.apache.commons.logging.LogAdapter.createLog(Ljava/lang/String;)Lorg/apache/commons/logging/Log;+42
j  org.apache.commons.logging.LogFactory.getLog(Ljava/lang/String;)Lorg/apache/commons/logging/Log;+1
j  org.apache.commons.logging.LogFactory.getLog(Ljava/lang/Class;)Lorg/apache/commons/logging/Log;+4
j  org.springframework.boot.SpringApplication.<clinit>()V+2
v  ~StubRoutines::call_stub
j  hello.core.CoreApplication.main([Ljava/lang/String;)V+3
v  ~StubRoutines::call_stub

siginfo: si_signo: 10 (SIGBUS), si_code: 2 (BUS_ADRERR), si_addr: 0x000000030cddb700

Register to memory mapping:

RAX=0x000000010e3eb580: _ZN15JfrEventSetting19_jvm_event_settingsE+0 in /Users/jojunbeom/Library/Java/JavaVirtualMachines/corretto-11.0.14.1/Contents/Home/lib/server/libjvm.dylib at 0x000000010da1a000
RBX=0x000000030cddb748 is pointing into the stack for thread: 0x00007fddbe012800
RCX=0x00007fddbe012800 is a thread
RDX=0x0000000000000210 is an unknown value
RSP=0x000000030cddb728 is pointing into the stack for thread: 0x00007fddbe012800
RBP=0x000000010dfe26a6: _ZN12MemAllocator10Allocation17notify_allocationEv+0x16 in /Users/jojunbeom/Library/Java/JavaVirtualMachines/corretto-11.0.14.1/Contents/Home/lib/server/libjvm.dylib at 0x000000010da1a000
RSI=0x00000007874f7858 is an oop: [B 
{0x00000007874f7858} - klass: {type array byte}
 - length: 512
RDI=0x000000030cddb6f8 is pointing into the stack for thread: 0x00007fddbe012800
R8 =0x00007fddbe012800 is a thread
R9 =0x00007fddbe012800 is a thread
R10=0x000000010e406150: _ZN19TemplateInterpreter13_active_tableE+0x2000 in /Users/jojunbeom/Library/Java/JavaVirtualMachines/corretto-11.0.14.1/Contents/Home/lib/server/libjvm.dylib at 0x000000010da1a000
R11=0x000000010dc44924: _ZN13CollectedHeap14array_allocateEP5KlassiibP6Thread+0 in /Users/jojunbeom/Library/Java/JavaVirtualMachines/corretto-11.0.14.1/Contents/Home/lib/server/libjvm.dylib at 0x000000010da1a000
R12=0x0 is NULL
R13=0x000000012e600157 is pointing into metadata
R14=0x00000007874f7858 is an oop: [B 
{0x00000007874f7858} - klass: {type array byte}
 - length: 512
R15=0x00007fddbe012800 is a thread


Registers:
RAX=0x000000010e3eb580, RBX=0x000000030cddb748, RCX=0x00007fddbe012800, RDX=0x0000000000000210
RSP=0x000000030cddb728, RBP=0x000000010dfe26a6, RSI=0x00000007874f7858, RDI=0x000000030cddb6f8
R8 =0x00007fddbe012800, R9 =0x00007fddbe012800, R10=0x000000010e406150, R11=0x000000010dc44924
R12=0x0000000000000000, R13=0x000000012e600157, R14=0x00000007874f7858, R15=0x00007fddbe012800
RIP=0x000000030cddb700, EFLAGS=0x0000000000000216, ERR=0x0000000000000015
  TRAPNO=0x000000000000000e

Top of Stack: (sp=0x000000030cddb728)
0x000000030cddb728:   000000030cddb7a0 000000030cddb790
0x000000030cddb738:   000000010dfe2a99 000000030cddb7a8
0x000000030cddb748:   000000030cddb7a0 00007fddbe012800
0x000000030cddb758:   000000030cddb778 000000030cdd0000
0x000000030cddb768:   00000000000010f5 000000030cddb700
0x000000030cddb778:   00000007874f7858 00007fddbe012800
0x000000030cddb788:   000000030cddb898 000000030cddb7d0
0x000000030cddb798:   000000010dc44967 000000010e38e990
0x000000030cddb7a8:   00007fddbe00a000 00007fddbe012800
0x000000030cddb7b8:   0000000800000820 0000000000000042
0x000000030cddb7c8:   00007f0100000200 000000030cddb800
0x000000030cddb7d8:   000000010ddd66fa 0000000000000000
0x000000030cddb7e8:   00007fddbe012800 00000000000000bc
0x000000030cddb7f8:   000000030cddb898 000000030cddb870
0x000000030cddb808:   00000001183465a8 0000000118333267
0x000000030cddb818:   0000000118346571 000000078747b2b8
0x000000030cddb828:   000000030cddb828 000000012e600157
0x000000030cddb838:   000000030cddb898 000000012e600c10
0x000000030cddb848:   0000000000000000 0000000787ef0ed0
0x000000030cddb858:   000000012e6001d8 0000000000000000
0x000000030cddb868:   000000030cddb880 000000030cddb8e8
0x000000030cddb878:   0000000118333267 000000000000094a
0x000000030cddb888:   00000007876a1e60 000000078747b288
0x000000030cddb898:   000000078747b2b8 000000030cddb8a0
0x000000030cddb8a8:   000000012e5ff423 000000030cddb920
0x000000030cddb8b8:   000000012e601070 0000000000000000
0x000000030cddb8c8:   0000000787ef0f50 000000012e5ff490
0x000000030cddb8d8:   000000030cddb880 000000030cddb8f8
0x000000030cddb8e8:   000000030cddb970 0000000118333267
0x000000030cddb8f8:   000000000000094a 00000007876a1e60
0x000000030cddb908:   0000000787cb3b08 000000078747b288
0x000000030cddb918:   0000000787cb3a88 000000078747b2b8 

Instructions: (pc=0x000000030cddb700)
0x000000030cddb600:   90 e9 38 0e 01 00 00 00 6b 00 00 00 00 00 00 00
0x000000030cddb610:   6b 00 00 00 00 00 00 00 08 b3 47 87 07 00 00 00
0x000000030cddb620:   b0 b6 dd 0c 03 00 00 00 ab 46 c4 0d 01 00 00 00
0x000000030cddb630:   00 00 00 00 00 00 00 00 00 28 01 be dd 7f 00 00
0x000000030cddb640:   40 06 b5 01 00 60 00 00 00 40 14 03 00 60 00 00
0x000000030cddb650:   d8 40 14 03 00 60 00 00 68 b7 dd 0c 03 00 00 00
0x000000030cddb660:   d8 00 00 00 00 00 00 00 f5 10 00 00 00 00 00 00
0x000000030cddb670:   f5 10 00 00 00 00 00 00 10 29 01 be dd 7f 00 00
0x000000030cddb680:   58 78 4f 87 07 00 00 00 b8 b6 dd 0c 03 00 00 00
0x000000030cddb690:   26 93 de 0d 01 00 00 00 10 02 00 00 00 00 00 00
0x000000030cddb6a0:   10 02 00 00 00 00 00 00 a8 87 00 00 00 00 00 00
0x000000030cddb6b0:   20 08 00 00 08 00 00 00 18 b7 dd 0c 03 00 00 00
0x000000030cddb6c0:   97 6c b1 0d 01 00 00 00 00 00 00 00 00 00 00 00
0x000000030cddb6d0:   00 00 00 00 00 00 00 00 00 29 fe 0d 01 00 00 00
0x000000030cddb6e0:   48 b7 dd 0c 03 00 00 00 48 b7 dd 0c 03 00 00 00
0x000000030cddb6f0:   48 b7 dd 0c 03 00 00 00 00 00 00 00 00 00 00 00
0x000000030cddb700:   48 b7 dd 0c 03 00 00 00 58 78 4f 87 07 00 00 00
0x000000030cddb710:   00 28 01 be dd 7f 00 00 a6 26 fe 0d 01 00 00 00
0x000000030cddb720:   00 b7 dd 0c 03 00 00 00 a0 b7 dd 0c 03 00 00 00
0x000000030cddb730:   90 b7 dd 0c 03 00 00 00 99 2a fe 0d 01 00 00 00
0x000000030cddb740:   a8 b7 dd 0c 03 00 00 00 a0 b7 dd 0c 03 00 00 00
0x000000030cddb750:   00 28 01 be dd 7f 00 00 78 b7 dd 0c 03 00 00 00
0x000000030cddb760:   00 00 dd 0c 03 00 00 00 f5 10 00 00 00 00 00 00
0x000000030cddb770:   00 b7 dd 0c 03 00 00 00 58 78 4f 87 07 00 00 00
0x000000030cddb780:   00 28 01 be dd 7f 00 00 98 b8 dd 0c 03 00 00 00
0x000000030cddb790:   d0 b7 dd 0c 03 00 00 00 67 49 c4 0d 01 00 00 00
0x000000030cddb7a0:   90 e9 38 0e 01 00 00 00 00 a0 00 be dd 7f 00 00
0x000000030cddb7b0:   00 28 01 be dd 7f 00 00 20 08 00 00 08 00 00 00
0x000000030cddb7c0:   42 00 00 00 00 00 00 00 00 02 00 00 01 7f 00 00
0x000000030cddb7d0:   00 b8 dd 0c 03 00 00 00 fa 66 dd 0d 01 00 00 00
0x000000030cddb7e0:   00 00 00 00 00 00 00 00 00 28 01 be dd 7f 00 00
0x000000030cddb7f0:   bc 00 00 00 00 00 00 00 98 b8 dd 0c 03 00 00 00 


Stack slot to memory mapping:
stack at sp + 0 slots: 0x000000030cddb7a0 is pointing into the stack for thread: 0x00007fddbe012800
stack at sp + 1 slots: 0x000000030cddb790 is pointing into the stack for thread: 0x00007fddbe012800
stack at sp + 2 slots: 0x000000010dfe2a99: _ZNK12MemAllocator8allocateEv+0x77 in /Users/jojunbeom/Library/Java/JavaVirtualMachines/corretto-11.0.14.1/Contents/Home/lib/server/libjvm.dylib at 0x000000010da1a000
stack at sp + 3 slots: 0x000000030cddb7a8 is pointing into the stack for thread: 0x00007fddbe012800
stack at sp + 4 slots: 0x000000030cddb7a0 is pointing into the stack for thread: 0x00007fddbe012800
stack at sp + 5 slots: 0x00007fddbe012800 is a thread
stack at sp + 6 slots: 0x000000030cddb778 is pointing into the stack for thread: 0x00007fddbe012800
stack at sp + 7 slots: 0x000000030cdd0000 is pointing into the stack for thread: 0x00007fddbe012800


---------------  P R O C E S S  ---------------

Threads class SMR info:
_java_thread_list=0x0000600000402d20, length=12, elements={
0x00007fddbe012800, 0x00007fddbd014000, 0x00007fddbd015000, 0x00007fdd7d014800,
0x00007fddbd01a000, 0x00007fdd8d015800, 0x00007fdd7d015800, 0x00007fddbd0a8800,
0x00007fdd7d00a800, 0x00007fdd8e03a000, 0x00007fddbf1d2000, 0x00007fdd8e03a800
}

Java Threads: ( => current thread )
=>0x00007fddbe012800 JavaThread "main" [_thread_in_vm, id=8451, stack(0x000000030ccdf000,0x000000030cddf000)]
  0x00007fddbd014000 JavaThread "Reference Handler" daemon [_thread_blocked, id=16643, stack(0x000000030d3f4000,0x000000030d4f4000)]
  0x00007fddbd015000 JavaThread "Finalizer" daemon [_thread_blocked, id=17411, stack(0x000000030d4f7000,0x000000030d5f7000)]
  0x00007fdd7d014800 JavaThread "Signal Dispatcher" daemon [_thread_blocked, id=23299, stack(0x000000030d70b000,0x000000030d80b000)]
  0x00007fddbd01a000 JavaThread "Service Thread" daemon [_thread_blocked, id=23555, stack(0x000000030d80e000,0x000000030d90e000)]
  0x00007fdd8d015800 JavaThread "C1 CompilerThread0" daemon [_thread_blocked, id=24323, stack(0x000000030d911000,0x000000030da11000)]
  0x00007fdd7d015800 JavaThread "Sweeper thread" daemon [_thread_blocked, id=24835, stack(0x000000030da14000,0x000000030db14000)]
  0x00007fddbd0a8800 JavaThread "Common-Cleaner" daemon [_thread_blocked, id=26115, stack(0x000000030db17000,0x000000030dc17000)]
  0x00007fdd7d00a800 JavaThread "Monitor Ctrl-Break" daemon [_thread_in_native, id=39683, stack(0x000000030dc1a000,0x000000030dd1a000)]
  0x00007fdd8e03a000 JavaThread "Async-profiler Timer" daemon [_thread_in_native, id=39619, stack(0x000000030dd1d000,0x000000030dd9d000)]
  0x00007fddbf1d2000 JavaThread "RMI TCP Accept-0" daemon [_thread_in_native, id=37891, stack(0x000000030de23000,0x000000030df23000)]
  0x00007fdd8e03a800 JavaThread "Attach Listener" daemon [_thread_blocked, id=36363, stack(0x000000030e029000,0x000000030e129000)]

Other Threads:
  0x00007fddbe0f2000 VMThread "VM Thread" [stack: 0x000000030d2f1000,0x000000030d3f1000] [id=15875]
  0x00007fddbe192800 WatcherThread [stack: 0x000000030df26000,0x000000030e026000] [id=28979]
  0x00007fddbe013800 GCTaskThread "GC Thread#0" [stack: 0x000000030cde2000,0x000000030cee2000] [id=12547]
  0x00007fddbf021000 ConcurrentGCThread "G1 Main Marker" [stack: 0x000000030cee5000,0x000000030cfe5000] [id=13059]
  0x00007fddbe02d000 ConcurrentGCThread "G1 Conc#0" [stack: 0x000000030cfe8000,0x000000030d0e8000] [id=14083]
  0x00007fddbe09b800 ConcurrentGCThread "G1 Refine#0" [stack: 0x000000030d0eb000,0x000000030d1eb000] [id=14339]
  0x00007fdd8e008800 ConcurrentGCThread "G1 Young RemSet Sampling" [stack: 0x000000030d1ee000,0x000000030d2ee000] [id=14851]

Threads with active compile tasks:

VM state:not at safepoint (normal execution)

VM Mutex/Monitor currently owned by a thread: None

Heap address: 0x0000000780000000, size: 2048 MB, Compressed Oops mode: Zero based, Oop shift amount: 3
Narrow klass base: 0x0000000800000000, Narrow klass shift: 0
Compressed class space size: 1073741824 Address: 0x0000000800000000

Heap:
 garbage-first heap   total 131072K, used 11264K [0x0000000780000000, 0x0000000800000000)
  region size 1024K, 12 young (12288K), 0 survivors (0K)
 Metaspace       used 12620K, capacity 12892K, committed 13184K, reserved 1060864K
  class space    used 1279K, capacity 1401K, committed 1408K, reserved 1048576K
Heap Regions: E=young(eden), S=young(survivor), O=old, HS=humongous(starts), HC=humongous(continues), CS=collection set, F=free, A=archive, TAMS=top-at-mark-start (previous, next)
|   0|0x0000000780000000, 0x0000000780000000, 0x0000000780100000|  0%| F|  |TAMS 0x0000000780000000, 0x0000000780000000| Untracked 
|   1|0x0000000780100000, 0x0000000780100000, 0x0000000780200000|  0%| F|  |TAMS 0x0000000780100000, 0x0000000780100000| Untracked 
|   2|0x0000000780200000, 0x0000000780200000, 0x0000000780300000|  0%| F|  |TAMS 0x0000000780200000, 0x0000000780200000| Untracked 
|   3|0x0000000780300000, 0x0000000780300000, 0x0000000780400000|  0%| F|  |TAMS 0x0000000780300000, 0x0000000780300000| Untracked 
|   4|0x0000000780400000, 0x0000000780400000, 0x0000000780500000|  0%| F|  |TAMS 0x0000000780400000, 0x0000000780400000| Untracked 
|   5|0x0000000780500000, 0x0000000780500000, 0x0000000780600000|  0%| F|  |TAMS 0x0000000780500000, 0x0000000780500000| Untracked 
|   6|0x0000000780600000, 0x0000000780600000, 0x0000000780700000|  0%| F|  |TAMS 0x0000000780600000, 0x0000000780600000| Untracked 
|   7|0x0000000780700000, 0x0000000780700000, 0x0000000780800000|  0%| F|  |TAMS 0x0000000780700000, 0x0000000780700000| Untracked 
|   8|0x0000000780800000, 0x0000000780800000, 0x0000000780900000|  0%| F|  |TAMS 0x0000000780800000, 0x0000000780800000| Untracked 
|   9|0x0000000780900000, 0x0000000780900000, 0x0000000780a00000|  0%| F|  |TAMS 0x0000000780900000, 0x0000000780900000| Untracked 
|  10|0x0000000780a00000, 0x0000000780a00000, 0x0000000780b00000|  0%| F|  |TAMS 0x0000000780a00000, 0x0000000780a00000| Untracked 
|  11|0x0000000780b00000, 0x0000000780b00000, 0x0000000780c00000|  0%| F|  |TAMS 0x0000000780b00000, 0x0000000780b00000| Untracked 
|  12|0x0000000780c00000, 0x0000000780c00000, 0x0000000780d00000|  0%| F|  |TAMS 0x0000000780c00000, 0x0000000780c00000| Untracked 
|  13|0x0000000780d00000, 0x0000000780d00000, 0x0000000780e00000|  0%| F|  |TAMS 0x0000000780d00000, 0x0000000780d00000| Untracked 
|  14|0x0000000780e00000, 0x0000000780e00000, 0x0000000780f00000|  0%| F|  |TAMS 0x0000000780e00000, 0x0000000780e00000| Untracked 
|  15|0x0000000780f00000, 0x0000000780f00000, 0x0000000781000000|  0%| F|  |TAMS 0x0000000780f00000, 0x0000000780f00000| Untracked 
|  16|0x0000000781000000, 0x0000000781000000, 0x0000000781100000|  0%| F|  |TAMS 0x0000000781000000, 0x0000000781000000| Untracked 
|  17|0x0000000781100000, 0x0000000781100000, 0x0000000781200000|  0%| F|  |TAMS 0x0000000781100000, 0x0000000781100000| Untracked 
|  18|0x0000000781200000, 0x0000000781200000, 0x0000000781300000|  0%| F|  |TAMS 0x0000000781200000, 0x0000000781200000| Untracked 
|  19|0x0000000781300000, 0x0000000781300000, 0x0000000781400000|  0%| F|  |TAMS 0x0000000781300000, 0x0000000781300000| Untracked 
|  20|0x0000000781400000, 0x0000000781400000, 0x0000000781500000|  0%| F|  |TAMS 0x0000000781400000, 0x0000000781400000| Untracked 
|  21|0x0000000781500000, 0x0000000781500000, 0x0000000781600000|  0%| F|  |TAMS 0x0000000781500000, 0x0000000781500000| Untracked 
|  22|0x0000000781600000, 0x0000000781600000, 0x0000000781700000|  0%| F|  |TAMS 0x0000000781600000, 0x0000000781600000| Untracked 
|  23|0x0000000781700000, 0x0000000781700000, 0x0000000781800000|  0%| F|  |TAMS 0x0000000781700000, 0x0000000781700000| Untracked 
|  24|0x0000000781800000, 0x0000000781800000, 0x0000000781900000|  0%| F|  |TAMS 0x0000000781800000, 0x0000000781800000| Untracked 
|  25|0x0000000781900000, 0x0000000781900000, 0x0000000781a00000|  0%| F|  |TAMS 0x0000000781900000, 0x0000000781900000| Untracked 
|  26|0x0000000781a00000, 0x0000000781a00000, 0x0000000781b00000|  0%| F|  |TAMS 0x0000000781a00000, 0x0000000781a00000| Untracked 
|  27|0x0000000781b00000, 0x0000000781b00000, 0x0000000781c00000|  0%| F|  |TAMS 0x0000000781b00000, 0x0000000781b00000| Untracked 
|  28|0x0000000781c00000, 0x0000000781c00000, 0x0000000781d00000|  0%| F|  |TAMS 0x0000000781c00000, 0x0000000781c00000| Untracked 
|  29|0x0000000781d00000, 0x0000000781d00000, 0x0000000781e00000|  0%| F|  |TAMS 0x0000000781d00000, 0x0000000781d00000| Untracked 
|  30|0x0000000781e00000, 0x0000000781e00000, 0x0000000781f00000|  0%| F|  |TAMS 0x0000000781e00000, 0x0000000781e00000| Untracked 
|  31|0x0000000781f00000, 0x0000000781f00000, 0x0000000782000000|  0%| F|  |TAMS 0x0000000781f00000, 0x0000000781f00000| Untracked 
|  32|0x0000000782000000, 0x0000000782000000, 0x0000000782100000|  0%| F|  |TAMS 0x0000000782000000, 0x0000000782000000| Untracked 
|  33|0x0000000782100000, 0x0000000782100000, 0x0000000782200000|  0%| F|  |TAMS 0x0000000782100000, 0x0000000782100000| Untracked 
|  34|0x0000000782200000, 0x0000000782200000, 0x0000000782300000|  0%| F|  |TAMS 0x0000000782200000, 0x0000000782200000| Untracked 
|  35|0x0000000782300000, 0x0000000782300000, 0x0000000782400000|  0%| F|  |TAMS 0x0000000782300000, 0x0000000782300000| Untracked 
|  36|0x0000000782400000, 0x0000000782400000, 0x0000000782500000|  0%| F|  |TAMS 0x0000000782400000, 0x0000000782400000| Untracked 
|  37|0x0000000782500000, 0x0000000782500000, 0x0000000782600000|  0%| F|  |TAMS 0x0000000782500000, 0x0000000782500000| Untracked 
|  38|0x0000000782600000, 0x0000000782600000, 0x0000000782700000|  0%| F|  |TAMS 0x0000000782600000, 0x0000000782600000| Untracked 
|  39|0x0000000782700000, 0x0000000782700000, 0x0000000782800000|  0%| F|  |TAMS 0x0000000782700000, 0x0000000782700000| Untracked 
|  40|0x0000000782800000, 0x0000000782800000, 0x0000000782900000|  0%| F|  |TAMS 0x0000000782800000, 0x0000000782800000| Untracked 
|  41|0x0000000782900000, 0x0000000782900000, 0x0000000782a00000|  0%| F|  |TAMS 0x0000000782900000, 0x0000000782900000| Untracked 
|  42|0x0000000782a00000, 0x0000000782a00000, 0x0000000782b00000|  0%| F|  |TAMS 0x0000000782a00000, 0x0000000782a00000| Untracked 
|  43|0x0000000782b00000, 0x0000000782b00000, 0x0000000782c00000|  0%| F|  |TAMS 0x0000000782b00000, 0x0000000782b00000| Untracked 
|  44|0x0000000782c00000, 0x0000000782c00000, 0x0000000782d00000|  0%| F|  |TAMS 0x0000000782c00000, 0x0000000782c00000| Untracked 
|  45|0x0000000782d00000, 0x0000000782d00000, 0x0000000782e00000|  0%| F|  |TAMS 0x0000000782d00000, 0x0000000782d00000| Untracked 
|  46|0x0000000782e00000, 0x0000000782e00000, 0x0000000782f00000|  0%| F|  |TAMS 0x0000000782e00000, 0x0000000782e00000| Untracked 
|  47|0x0000000782f00000, 0x0000000782f00000, 0x0000000783000000|  0%| F|  |TAMS 0x0000000782f00000, 0x0000000782f00000| Untracked 
|  48|0x0000000783000000, 0x0000000783000000, 0x0000000783100000|  0%| F|  |TAMS 0x0000000783000000, 0x0000000783000000| Untracked 
|  49|0x0000000783100000, 0x0000000783100000, 0x0000000783200000|  0%| F|  |TAMS 0x0000000783100000, 0x0000000783100000| Untracked 
|  50|0x0000000783200000, 0x0000000783200000, 0x0000000783300000|  0%| F|  |TAMS 0x0000000783200000, 0x0000000783200000| Untracked 
|  51|0x0000000783300000, 0x0000000783300000, 0x0000000783400000|  0%| F|  |TAMS 0x0000000783300000, 0x0000000783300000| Untracked 
|  52|0x0000000783400000, 0x0000000783400000, 0x0000000783500000|  0%| F|  |TAMS 0x0000000783400000, 0x0000000783400000| Untracked 
|  53|0x0000000783500000, 0x0000000783500000, 0x0000000783600000|  0%| F|  |TAMS 0x0000000783500000, 0x0000000783500000| Untracked 
|  54|0x0000000783600000, 0x0000000783600000, 0x0000000783700000|  0%| F|  |TAMS 0x0000000783600000, 0x0000000783600000| Untracked 
|  55|0x0000000783700000, 0x0000000783700000, 0x0000000783800000|  0%| F|  |TAMS 0x0000000783700000, 0x0000000783700000| Untracked 
|  56|0x0000000783800000, 0x0000000783800000, 0x0000000783900000|  0%| F|  |TAMS 0x0000000783800000, 0x0000000783800000| Untracked 
|  57|0x0000000783900000, 0x0000000783900000, 0x0000000783a00000|  0%| F|  |TAMS 0x0000000783900000, 0x0000000783900000| Untracked 
|  58|0x0000000783a00000, 0x0000000783a00000, 0x0000000783b00000|  0%| F|  |TAMS 0x0000000783a00000, 0x0000000783a00000| Untracked 
|  59|0x0000000783b00000, 0x0000000783b00000, 0x0000000783c00000|  0%| F|  |TAMS 0x0000000783b00000, 0x0000000783b00000| Untracked 
|  60|0x0000000783c00000, 0x0000000783c00000, 0x0000000783d00000|  0%| F|  |TAMS 0x0000000783c00000, 0x0000000783c00000| Untracked 
|  61|0x0000000783d00000, 0x0000000783d00000, 0x0000000783e00000|  0%| F|  |TAMS 0x0000000783d00000, 0x0000000783d00000| Untracked 
|  62|0x0000000783e00000, 0x0000000783e00000, 0x0000000783f00000|  0%| F|  |TAMS 0x0000000783e00000, 0x0000000783e00000| Untracked 
|  63|0x0000000783f00000, 0x0000000783f00000, 0x0000000784000000|  0%| F|  |TAMS 0x0000000783f00000, 0x0000000783f00000| Untracked 
|  64|0x0000000784000000, 0x0000000784000000, 0x0000000784100000|  0%| F|  |TAMS 0x0000000784000000, 0x0000000784000000| Untracked 
|  65|0x0000000784100000, 0x0000000784100000, 0x0000000784200000|  0%| F|  |TAMS 0x0000000784100000, 0x0000000784100000| Untracked 
|  66|0x0000000784200000, 0x0000000784200000, 0x0000000784300000|  0%| F|  |TAMS 0x0000000784200000, 0x0000000784200000| Untracked 
|  67|0x0000000784300000, 0x0000000784300000, 0x0000000784400000|  0%| F|  |TAMS 0x0000000784300000, 0x0000000784300000| Untracked 
|  68|0x0000000784400000, 0x0000000784400000, 0x0000000784500000|  0%| F|  |TAMS 0x0000000784400000, 0x0000000784400000| Untracked 
|  69|0x0000000784500000, 0x0000000784500000, 0x0000000784600000|  0%| F|  |TAMS 0x0000000784500000, 0x0000000784500000| Untracked 
|  70|0x0000000784600000, 0x0000000784600000, 0x0000000784700000|  0%| F|  |TAMS 0x0000000784600000, 0x0000000784600000| Untracked 
|  71|0x0000000784700000, 0x0000000784700000, 0x0000000784800000|  0%| F|  |TAMS 0x0000000784700000, 0x0000000784700000| Untracked 
|  72|0x0000000784800000, 0x0000000784800000, 0x0000000784900000|  0%| F|  |TAMS 0x0000000784800000, 0x0000000784800000| Untracked 
|  73|0x0000000784900000, 0x0000000784900000, 0x0000000784a00000|  0%| F|  |TAMS 0x0000000784900000, 0x0000000784900000| Untracked 
|  74|0x0000000784a00000, 0x0000000784a00000, 0x0000000784b00000|  0%| F|  |TAMS 0x0000000784a00000, 0x0000000784a00000| Untracked 
|  75|0x0000000784b00000, 0x0000000784b00000, 0x0000000784c00000|  0%| F|  |TAMS 0x0000000784b00000, 0x0000000784b00000| Untracked 
|  76|0x0000000784c00000, 0x0000000784c00000, 0x0000000784d00000|  0%| F|  |TAMS 0x0000000784c00000, 0x0000000784c00000| Untracked 
|  77|0x0000000784d00000, 0x0000000784d00000, 0x0000000784e00000|  0%| F|  |TAMS 0x0000000784d00000, 0x0000000784d00000| Untracked 
|  78|0x0000000784e00000, 0x0000000784e00000, 0x0000000784f00000|  0%| F|  |TAMS 0x0000000784e00000, 0x0000000784e00000| Untracked 
|  79|0x0000000784f00000, 0x0000000784f00000, 0x0000000785000000|  0%| F|  |TAMS 0x0000000784f00000, 0x0000000784f00000| Untracked 
|  80|0x0000000785000000, 0x0000000785000000, 0x0000000785100000|  0%| F|  |TAMS 0x0000000785000000, 0x0000000785000000| Untracked 
|  81|0x0000000785100000, 0x0000000785100000, 0x0000000785200000|  0%| F|  |TAMS 0x0000000785100000, 0x0000000785100000| Untracked 
|  82|0x0000000785200000, 0x0000000785200000, 0x0000000785300000|  0%| F|  |TAMS 0x0000000785200000, 0x0000000785200000| Untracked 
|  83|0x0000000785300000, 0x0000000785300000, 0x0000000785400000|  0%| F|  |TAMS 0x0000000785300000, 0x0000000785300000| Untracked 
|  84|0x0000000785400000, 0x0000000785400000, 0x0000000785500000|  0%| F|  |TAMS 0x0000000785400000, 0x0000000785400000| Untracked 
|  85|0x0000000785500000, 0x0000000785500000, 0x0000000785600000|  0%| F|  |TAMS 0x0000000785500000, 0x0000000785500000| Untracked 
|  86|0x0000000785600000, 0x0000000785600000, 0x0000000785700000|  0%| F|  |TAMS 0x0000000785600000, 0x0000000785600000| Untracked 
|  87|0x0000000785700000, 0x0000000785700000, 0x0000000785800000|  0%| F|  |TAMS 0x0000000785700000, 0x0000000785700000| Untracked 
|  88|0x0000000785800000, 0x0000000785800000, 0x0000000785900000|  0%| F|  |TAMS 0x0000000785800000, 0x0000000785800000| Untracked 
|  89|0x0000000785900000, 0x0000000785900000, 0x0000000785a00000|  0%| F|  |TAMS 0x0000000785900000, 0x0000000785900000| Untracked 
|  90|0x0000000785a00000, 0x0000000785a00000, 0x0000000785b00000|  0%| F|  |TAMS 0x0000000785a00000, 0x0000000785a00000| Untracked 
|  91|0x0000000785b00000, 0x0000000785b00000, 0x0000000785c00000|  0%| F|  |TAMS 0x0000000785b00000, 0x0000000785b00000| Untracked 
|  92|0x0000000785c00000, 0x0000000785c00000, 0x0000000785d00000|  0%| F|  |TAMS 0x0000000785c00000, 0x0000000785c00000| Untracked 
|  93|0x0000000785d00000, 0x0000000785d00000, 0x0000000785e00000|  0%| F|  |TAMS 0x0000000785d00000, 0x0000000785d00000| Untracked 
|  94|0x0000000785e00000, 0x0000000785e00000, 0x0000000785f00000|  0%| F|  |TAMS 0x0000000785e00000, 0x0000000785e00000| Untracked 
|  95|0x0000000785f00000, 0x0000000785f00000, 0x0000000786000000|  0%| F|  |TAMS 0x0000000785f00000, 0x0000000785f00000| Untracked 
|  96|0x0000000786000000, 0x0000000786000000, 0x0000000786100000|  0%| F|  |TAMS 0x0000000786000000, 0x0000000786000000| Untracked 
|  97|0x0000000786100000, 0x0000000786100000, 0x0000000786200000|  0%| F|  |TAMS 0x0000000786100000, 0x0000000786100000| Untracked 
|  98|0x0000000786200000, 0x0000000786200000, 0x0000000786300000|  0%| F|  |TAMS 0x0000000786200000, 0x0000000786200000| Untracked 
|  99|0x0000000786300000, 0x0000000786300000, 0x0000000786400000|  0%| F|  |TAMS 0x0000000786300000, 0x0000000786300000| Untracked 
| 100|0x0000000786400000, 0x0000000786400000, 0x0000000786500000|  0%| F|  |TAMS 0x0000000786400000, 0x0000000786400000| Untracked 
| 101|0x0000000786500000, 0x0000000786500000, 0x0000000786600000|  0%| F|  |TAMS 0x0000000786500000, 0x0000000786500000| Untracked 
| 102|0x0000000786600000, 0x0000000786600000, 0x0000000786700000|  0%| F|  |TAMS 0x0000000786600000, 0x0000000786600000| Untracked 
| 103|0x0000000786700000, 0x0000000786700000, 0x0000000786800000|  0%| F|  |TAMS 0x0000000786700000, 0x0000000786700000| Untracked 
| 104|0x0000000786800000, 0x0000000786800000, 0x0000000786900000|  0%| F|  |TAMS 0x0000000786800000, 0x0000000786800000| Untracked 
| 105|0x0000000786900000, 0x0000000786900000, 0x0000000786a00000|  0%| F|  |TAMS 0x0000000786900000, 0x0000000786900000| Untracked 
| 106|0x0000000786a00000, 0x0000000786a00000, 0x0000000786b00000|  0%| F|  |TAMS 0x0000000786a00000, 0x0000000786a00000| Untracked 
| 107|0x0000000786b00000, 0x0000000786b00000, 0x0000000786c00000|  0%| F|  |TAMS 0x0000000786b00000, 0x0000000786b00000| Untracked 
| 108|0x0000000786c00000, 0x0000000786c00000, 0x0000000786d00000|  0%| F|  |TAMS 0x0000000786c00000, 0x0000000786c00000| Untracked 
| 109|0x0000000786d00000, 0x0000000786d00000, 0x0000000786e00000|  0%| F|  |TAMS 0x0000000786d00000, 0x0000000786d00000| Untracked 
| 110|0x0000000786e00000, 0x0000000786e00000, 0x0000000786f00000|  0%| F|  |TAMS 0x0000000786e00000, 0x0000000786e00000| Untracked 
| 111|0x0000000786f00000, 0x0000000786f00000, 0x0000000787000000|  0%| F|  |TAMS 0x0000000786f00000, 0x0000000786f00000| Untracked 
| 112|0x0000000787000000, 0x0000000787000000, 0x0000000787100000|  0%| F|  |TAMS 0x0000000787000000, 0x0000000787000000| Untracked 
| 113|0x0000000787100000, 0x0000000787100000, 0x0000000787200000|  0%| F|  |TAMS 0x0000000787100000, 0x0000000787100000| Untracked 
| 114|0x0000000787200000, 0x0000000787200000, 0x0000000787300000|  0%| F|  |TAMS 0x0000000787200000, 0x0000000787200000| Untracked 
| 115|0x0000000787300000, 0x0000000787300000, 0x0000000787400000|  0%| F|  |TAMS 0x0000000787300000, 0x0000000787300000| Untracked 
| 116|0x0000000787400000, 0x0000000787500000, 0x0000000787500000|100%| E|  |TAMS 0x0000000787400000, 0x0000000787400000| Complete 
| 117|0x0000000787500000, 0x0000000787600000, 0x0000000787600000|100%| E|CS|TAMS 0x0000000787500000, 0x0000000787500000| Complete 
| 118|0x0000000787600000, 0x0000000787700000, 0x0000000787700000|100%| E|CS|TAMS 0x0000000787600000, 0x0000000787600000| Complete 
| 119|0x0000000787700000, 0x0000000787800000, 0x0000000787800000|100%| E|CS|TAMS 0x0000000787700000, 0x0000000787700000| Complete 
| 120|0x0000000787800000, 0x0000000787900000, 0x0000000787900000|100%| E|CS|TAMS 0x0000000787800000, 0x0000000787800000| Complete 
| 121|0x0000000787900000, 0x0000000787a00000, 0x0000000787a00000|100%| E|CS|TAMS 0x0000000787900000, 0x0000000787900000| Complete 
| 122|0x0000000787a00000, 0x0000000787b00000, 0x0000000787b00000|100%| E|CS|TAMS 0x0000000787a00000, 0x0000000787a00000| Complete 
| 123|0x0000000787b00000, 0x0000000787c00000, 0x0000000787c00000|100%| E|CS|TAMS 0x0000000787b00000, 0x0000000787b00000| Complete 
| 124|0x0000000787c00000, 0x0000000787d00000, 0x0000000787d00000|100%| E|CS|TAMS 0x0000000787c00000, 0x0000000787c00000| Complete 
| 125|0x0000000787d00000, 0x0000000787e00000, 0x0000000787e00000|100%| E|CS|TAMS 0x0000000787d00000, 0x0000000787d00000| Complete 
| 126|0x0000000787e00000, 0x0000000787f00000, 0x0000000787f00000|100%| E|CS|TAMS 0x0000000787e00000, 0x0000000787e00000| Complete 
| 127|0x0000000787f00000, 0x0000000788000000, 0x0000000788000000|100%| E|CS|TAMS 0x0000000787f00000, 0x0000000787f00000| Complete 

Card table byte_map: [0x00000001278fb000,0x0000000127cfb000] _byte_map_base: 0x0000000123cfb000

Marking Bits (Prev, Next): (CMBitMap*) 0x00007fddbf018818, (CMBitMap*) 0x00007fddbf018850
 Prev Bits: [0x00000001280fb000, 0x000000012a0fb000)
 Next Bits: [0x000000012a0fb000, 0x000000012c0fb000)

Polling page: 0x00000001045e5000

Metaspace:

Usage:
  Non-class:     11.22 MB capacity,    11.08 MB ( 99%) used,   123.26 KB (  1%) free+waste,    26.50 KB ( <1%) overhead. 
      Class:      1.37 MB capacity,     1.25 MB ( 91%) used,   109.09 KB (  8%) free+waste,    12.69 KB ( <1%) overhead. 
       Both:     12.59 MB capacity,    12.32 MB ( 98%) used,   232.35 KB (  2%) free+waste,    39.19 KB ( <1%) overhead. 

Virtual space:
  Non-class space:       12.00 MB reserved,      11.50 MB ( 96%) committed 
      Class space:        1.00 GB reserved,       1.38 MB ( <1%) committed 
             Both:        1.01 GB reserved,      12.88 MB (  1%) committed 

Chunk freelists:
   Non-Class:  69.00 KB
       Class:  7.00 KB
        Both:  76.00 KB

MaxMetaspaceSize: unlimited
CompressedClassSpaceSize: 1.00 GB
Initial GC threshold: 20.80 MB
Current GC threshold: 20.80 MB
CDS: off

CodeHeap 'non-profiled nmethods': size=238384Kb used=1563Kb max_used=1563Kb free=236820Kb
 bounds [0x0000000118a5d000, 0x0000000118ccd000, 0x0000000127329000]
CodeHeap 'non-nmethods': size=7376Kb used=1127Kb max_used=1127Kb free=6248Kb
 bounds [0x0000000118329000, 0x0000000118599000, 0x0000000118a5d000]
 total_blobs=1339 nmethods=950 adapters=319
 compilation: enabled
              stopped_count=0, restarted_count=0
 full_count=0

Compilation events (20 events):
Event: 2.063 Thread 0x00007fdd8d015800 nmethod 938 0x0000000118bd4490 code [0x0000000118bd4640, 0x0000000118bd4740]
Event: 2.063 Thread 0x00007fdd8d015800  939       1       jdk.internal.misc.VM::isModuleSystemInited (13 bytes)
Event: 2.063 Thread 0x00007fdd8d015800 nmethod 939 0x0000000118bd4890 code [0x0000000118bd4a40, 0x0000000118bd4af0]
Event: 2.063 Thread 0x00007fdd8d015800  943       1       java.security.CodeSource::getLocationNoFragString (5 bytes)
Event: 2.063 Thread 0x00007fdd8d015800 nmethod 943 0x0000000118bd4b90 code [0x0000000118bd4d40, 0x0000000118bd4df0]
Event: 2.063 Thread 0x00007fdd8d015800  942       1       java.util.zip.ZipUtils::CENLEN (9 bytes)
Event: 2.064 Thread 0x00007fdd8d015800 nmethod 942 0x0000000118bd4e90 code [0x0000000118bd5040, 0x0000000118bd51b0]
Event: 2.064 Thread 0x00007fdd8d015800  941       1       java.security.CodeSource::getLocation (5 bytes)
Event: 2.064 Thread 0x00007fdd8d015800 nmethod 941 0x0000000118bd5390 code [0x0000000118bd5540, 0x0000000118bd55f0]
Event: 2.064 Thread 0x00007fdd8d015800  944       1       java.net.URLStreamHandler::parseURL (1201 bytes)
Event: 2.083 Thread 0x00007fdd8d015800 nmethod 944 0x0000000118bd5a90 code [0x0000000118bd6340, 0x0000000118bd9de0]
Event: 2.083 Thread 0x00007fdd8d015800  947       1       sun.net.www.protocol.file.Handler::parseURL (18 bytes)
Event: 2.083 Thread 0x00007fdd8d015800 nmethod 947 0x0000000118bdfc10 code [0x0000000118bdfdc0, 0x0000000118bdfef0]
Event: 2.083 Thread 0x00007fdd8d015800  945   !   1       java.util.zip.Inflater::inflate (418 bytes)
Event: 2.086 Thread 0x00007fdd8d015800 nmethod 945 0x0000000118be0010 code [0x0000000118be0260, 0x0000000118be0bc0]
Event: 2.086 Thread 0x00007fdd8d015800  948       1       java.net.URLStreamHandler::getDefaultPort (2 bytes)
Event: 2.086 Thread 0x00007fdd8d015800 nmethod 948 0x0000000118be1990 code [0x0000000118be1b40, 0x0000000118be1bf0]
Event: 2.093 Thread 0x00007fdd8d015800  949       1       java.net.URLStreamHandler::setURL (73 bytes)
Event: 2.095 Thread 0x00007fdd8d015800 nmethod 949 0x0000000118be1c90 code [0x0000000118be1ee0, 0x0000000118be2490]
Event: 2.095 Thread 0x00007fdd8d015800  950   !   1       java.net.URL::set (114 bytes)

GC Heap History (0 events):
No events

Deoptimization events (0 events):
No events

Classes redefined (0 events):
No events

Internal exceptions (13 events):
Event: 0.860 Thread 0x00007fddbe012800 Exception <a 'java/lang/NoClassDefFoundError'{0x0000000787cea0c8}: jdk/internal/loader/NativeLibraries> (0x0000000787cea0c8) thrown at [src/hotspot/share/classfile/systemDictionary.cpp, line 219]
Event: 0.863 Thread 0x00007fddbe012800 Exception <a 'java/lang/NoSuchMethodError'{0x0000000787cebd70}: 'java.lang.Object java.lang.invoke.DirectMethodHandle$Holder.invokeStaticInit(java.lang.Object, java.lang.Object, java.lang.Object)'> (0x0000000787cebd70) thrown at [src/hotspot/share/interpreter/linkResolver.cpp, line 773]
Event: 1.286 Thread 0x00007fddbe012800 Exception <a 'java/lang/NoSuchMethodError'{0x0000000787a2d898}: 'int java.lang.invoke.DirectMethodHandle$Holder.invokeInterface(java.lang.Object, java.lang.Object)'> (0x0000000787a2d898) thrown at [src/hotspot/share/interpreter/linkResolver.cpp, line 773]
Event: 1.291 Thread 0x00007fddbe012800 Exception <a 'java/lang/IncompatibleClassChangeError'{0x0000000787a30610}: Found class java.lang.Object, but interface was expected> (0x0000000787a30610) thrown at [src/hotspot/share/interpreter/linkResolver.cpp, line 839]
Event: 1.476 Thread 0x00007fddbe012800 Exception <a 'java/lang/NoSuchMethodError'{0x0000000787afb168}: 'java.lang.Object java.lang.invoke.DirectMethodHandle$Holder.invokeStatic(java.lang.Object, java.lang.Object, java.lang.Object, java.lang.Object, java.lang.Object, java.lang.Object, java.lang.Object, java.lang.Object, java.lang.Object, java.lang.Object, java.lang.Object, int)'> (0x0000000787afb168) thrown at [src/hotspot/share/interpreter/linkResolver.cpp, line 773]
Event: 1.486 Thread 0x00007fddbe012800 Exception <a 'java/lang/NoSuchMethodError'{0x0000000787919a08}: 'java.lang.Object java.lang.invoke.DirectMethodHandle$Holder.invokeStatic(java.lang.Object, java.lang.Object, java.lang.Object, java.lang.Object, java.lang.Object, java.lang.Object, java.lang.Object, java.lang.Object, java.lang.Object, java.lang.Object, java.lang.Object, int, int)'> (0x0000000787919a08) thrown at [src/hotspot/share/interpreter/linkResolver.cpp, line 773]
Event: 1.492 Thread 0x00007fddbe012800 Exception <a 'java/lang/NoSuchMethodError'{0x0000000787938d70}: 'java.lang.Object java.lang.invoke.DirectMethodHandle$Holder.invokeStatic(java.lang.Object, java.lang.Object, java.lang.Object, java.lang.Object, java.lang.Object, java.lang.Object, java.lang.Object, java.lang.Object, java.lang.Object, java.lang.Object, java.lang.Object, int, int, java.lang.Object)'> (0x0000000787938d70) thrown at [src/hotspot/share/interpreter/linkResolver.cpp, line 773]
Event: 1.500 Thread 0x00007fddbe012800 Exception <a 'java/lang/NoSuchMethodError'{0x0000000787959808}: 'java.lang.Object java.lang.invoke.DirectMethodHandle$Holder.invokeStatic(java.lang.Object, java.lang.Object, java.lang.Object, java.lang.Object, java.lang.Object, java.lang.Object, java.lang.Object, java.lang.Object, java.lang.Object, java.lang.Object, java.lang.Object, int, int, java.lang.Object, java.lang.Object)'> (0x0000000787959808) thrown at [src/hotspot/share/interpreter/linkResolver.cpp, line 773]
Event: 1.540 Thread 0x00007fddbe012800 Exception <a 'java/lang/ClassNotFoundException'{0x00000007879a8bb8}: jdk/internal/platform/cgroupv1/Metrics> (0x00000007879a8bb8) thrown at [src/hotspot/share/classfile/systemDictionary.cpp, line 230]
Event: 1.752 Thread 0x00007fddbe012800 Exception <a 'java/lang/NoSuchMethodError'{0x00000007878fd680}: 'int java.lang.invoke.DirectMethodHandle$Holder.invokeSpecialIFC(java.lang.Object, java.lang.Object, java.lang.Object)'> (0x00000007878fd680) thrown at [src/hotspot/share/interpreter/linkResolver.cpp, line 773]
Event: 1.844 Thread 0x00007fddbe012800 Exception <a 'java/lang/ClassNotFoundException'{0x000000078776e490}: javax/management/remote/rmi/RMIServerImpl_Skel> (0x000000078776e490) thrown at [src/hotspot/share/classfile/systemDictionary.cpp, line 230]
Event: 1.997 Thread 0x00007fddbe012800 Exception <a 'java/lang/ClassNotFoundException'{0x0000000787543dd8}: javax/smartcardio/CardPermission> (0x0000000787543dd8) thrown at [src/hotspot/share/classfile/systemDictionary.cpp, line 230]
Event: 2.027 Thread 0x00007fddbe012800 Exception <a 'java/io/FileNotFoundException'{0x00000007875516f8}> (0x00000007875516f8) thrown at [src/hotspot/share/prims/jni.cpp, line 616]

Events (20 events):
Event: 2.076 loading class ch/qos/logback/core/filter/Filter
Event: 2.076 loading class ch/qos/logback/core/filter/Filter done
Event: 2.077 loading class ch/qos/logback/core/joran/spi/ConsoleTarget
Event: 2.077 loading class ch/qos/logback/core/joran/spi/ConsoleTarget done
Event: 2.080 loading class ch/qos/logback/core/joran/spi/ConsoleTarget$1
Event: 2.080 loading class ch/qos/logback/core/joran/spi/ConsoleTarget$1 done
Event: 2.080 loading class ch/qos/logback/core/joran/spi/ConsoleTarget$2
Event: 2.080 loading class ch/qos/logback/core/joran/spi/ConsoleTarget$2 done
Event: 2.081 Executing VM operation: RevokeBias
Event: 2.081 Executing VM operation: RevokeBias done
Event: 2.082 loading class ch/qos/logback/core/encoder/LayoutWrappingEncoder
Event: 2.082 loading class ch/qos/logback/core/encoder/LayoutWrappingEncoder done
Event: 2.083 loading class ch/qos/logback/core/encoder/EncoderBase
Event: 2.083 loading class ch/qos/logback/core/encoder/EncoderBase done
Event: 2.092 loading class ch/qos/logback/core/encoder/Encoder
Event: 2.092 loading class ch/qos/logback/core/encoder/Encoder done
Event: 2.093 loading class ch/qos/logback/classic/layout/TTLLLayout
Event: 2.093 loading class ch/qos/logback/classic/layout/TTLLLayout done
Event: 2.094 loading class ch/qos/logback/core/LayoutBase
Event: 2.094 loading class ch/qos/logback/core/LayoutBase done


Dynamic libraries:
0x000000010cc17000 	/Users/jojunbeom/Library/Java/JavaVirtualMachines/corretto-11.0.14.1/Contents/Home/lib/jli/libjli.dylib
0x00007ff82d4c4000 	/System/Library/Frameworks/Cocoa.framework/Versions/A/Cocoa
0x00007ff818d65000 	/System/Library/Frameworks/AppKit.framework/Versions/C/AppKit
0x00007ff81c2b5000 	/System/Library/Frameworks/CoreData.framework/Versions/A/CoreData
0x00007ff817180000 	/System/Library/Frameworks/Foundation.framework/Versions/C/Foundation
0x00007ff8215a8000 	/usr/lib/libSystem.B.dylib
0x00007ff819bf2000 	/System/Library/PrivateFrameworks/UIFoundation.framework/Versions/A/UIFoundation
0x00007ff82749c000 	/System/Library/PrivateFrameworks/RemoteViewServices.framework/Versions/A/RemoteViewServices
0x00007ff81f79b000 	/System/Library/PrivateFrameworks/XCTTargetBootstrap.framework/Versions/A/XCTTargetBootstrap
0x00007ff823473000 	/System/Library/PrivateFrameworks/InternationalSupport.framework/Versions/A/InternationalSupport
0x00007ff8234fd000 	/System/Library/PrivateFrameworks/UserActivity.framework/Versions/A/UserActivity
0x00007ff82285a000 	/usr/lib/libspindump.dylib
0x00007ff819e80000 	/System/Library/Frameworks/UniformTypeIdentifiers.framework/Versions/A/UniformTypeIdentifiers
0x00007ff81deda000 	/usr/lib/libapp_launch_measurement.dylib
0x00007ff81cc8f000 	/System/Library/PrivateFrameworks/CoreAnalytics.framework/Versions/A/CoreAnalytics
0x00007ff81dedd000 	/System/Library/PrivateFrameworks/CoreAutoLayout.framework/Versions/A/CoreAutoLayout
0x00007ff81f0fc000 	/System/Library/Frameworks/Metal.framework/Versions/A/Metal
0x00007ff81fe13000 	/usr/lib/liblangid.dylib
0x00007ff81f79f000 	/System/Library/PrivateFrameworks/CoreSVG.framework/Versions/A/CoreSVG
0x00007ff81b242000 	/System/Library/PrivateFrameworks/SkyLight.framework/Versions/A/SkyLight
0x00007ff81b5d3000 	/System/Library/Frameworks/CoreGraphics.framework/Versions/A/CoreGraphics
0x00007ff827b07000 	/System/Library/Frameworks/Accelerate.framework/Versions/A/Accelerate
0x00007ff8222d5000 	/System/Library/PrivateFrameworks/IconServices.framework/Versions/A/IconServices
0x00007ff81f0e1000 	/System/Library/Frameworks/IOSurface.framework/Versions/A/IOSurface
0x00007ff81ccbd000 	/usr/lib/libDiagnosticMessagesClient.dylib
0x00007ff8214c2000 	/usr/lib/libz.1.dylib
0x00007ff82b166000 	/System/Library/Frameworks/ApplicationServices.framework/Versions/A/ApplicationServices
0x00007ff81f787000 	/System/Library/PrivateFrameworks/DFRFoundation.framework/Versions/A/DFRFoundation
0x00007ff818656000 	/usr/lib/libicucore.A.dylib
0x00007ff824195000 	/System/Library/Frameworks/AudioToolbox.framework/Versions/A/AudioToolbox
0x00007ff82347f000 	/System/Library/PrivateFrameworks/DataDetectorsCore.framework/Versions/A/DataDetectorsCore
0x00007ff91ec14000 	/System/Library/PrivateFrameworks/TextInput.framework/Versions/A/TextInput
0x00007ff81b1c5000 	/usr/lib/libMobileGestalt.dylib
0x00007ff81f48f000 	/System/Library/Frameworks/Carbon.framework/Versions/A/Frameworks/HIToolbox.framework/Versions/A/HIToolbox
0x00007ff81d908000 	/System/Library/Frameworks/QuartzCore.framework/Versions/A/QuartzCore
0x00007ff8182f7000 	/System/Library/Frameworks/Security.framework/Versions/A/Security
0x00007ff8274d4000 	/System/Library/Frameworks/Carbon.framework/Versions/A/Frameworks/SpeechRecognition.framework/Versions/A/SpeechRecognition
0x00007ff81dc3a000 	/System/Library/PrivateFrameworks/CoreUI.framework/Versions/A/CoreUI
0x00007ff817bd1000 	/System/Library/Frameworks/CoreAudio.framework/Versions/A/CoreAudio
0x00007ff81cdab000 	/System/Library/Frameworks/DiskArbitration.framework/Versions/A/DiskArbitration
0x00007ff822c3d000 	/System/Library/PrivateFrameworks/MultitouchSupport.framework/Versions/A/MultitouchSupport
0x00007ff81b1c4000 	/usr/lib/libenergytrace.dylib
0x00007ff818c51000 	/System/Library/Frameworks/IOKit.framework/Versions/A/IOKit
0x00007ff8278be000 	/System/Library/Frameworks/CoreServices.framework/Versions/A/CoreServices
0x00007ff81de74000 	/System/Library/PrivateFrameworks/PerformanceAnalysis.framework/Versions/A/PerformanceAnalysis
0x00007ffa2e683000 	/System/Library/Frameworks/OpenGL.framework/Versions/A/OpenGL
0x00007ff820afa000 	/System/Library/PrivateFrameworks/MobileKeyBag.framework/Versions/A/MobileKeyBag
0x00007ff816218000 	/usr/lib/libobjc.A.dylib
0x00007ff81bd02000 	/System/Library/Frameworks/ColorSync.framework/Versions/A/ColorSync
0x00007ff8163d4000 	/System/Library/Frameworks/CoreFoundation.framework/Versions/A/CoreFoundation
0x00007ff81fa1a000 	/System/Library/Frameworks/CoreImage.framework/Versions/A/CoreImage
0x00007ff8179e7000 	/System/Library/Frameworks/CoreText.framework/Versions/A/CoreText
0x00007ff81f7ce000 	/System/Library/Frameworks/ImageIO.framework/Versions/A/ImageIO
0x00007ff8215ae000 	/System/Library/PrivateFrameworks/SoftLinking.framework/Versions/A/SoftLinking
0x00007ff81df25000 	/usr/lib/libxml2.2.dylib
0x00007ff8162e1000 	/usr/lib/libc++.1.dylib
0x00007ff82182e000 	/usr/lib/libcompression.dylib
0x00007ff8233a9000 	/System/Library/PrivateFrameworks/TextureIO.framework/Versions/A/TextureIO
0x00007ff821f4e000 	/usr/lib/libate.dylib
0x00007ff8215a3000 	/usr/lib/system/libcache.dylib
0x00007ff82155f000 	/usr/lib/system/libcommonCrypto.dylib
0x00007ff821588000 	/usr/lib/system/libcompiler_rt.dylib
0x00007ff82157e000 	/usr/lib/system/libcopyfile.dylib
0x00007ff816112000 	/usr/lib/system/libcorecrypto.dylib
0x00007ff8161d1000 	/usr/lib/system/libdispatch.dylib
0x00007ff816393000 	/usr/lib/system/libdyld.dylib
0x00007ff82159a000 	/usr/lib/system/libkeymgr.dylib
0x00007ff82153d000 	/usr/lib/system/libmacho.dylib
0x00007ff820bce000 	/usr/lib/system/libquarantine.dylib
0x00007ff821598000 	/usr/lib/system/libremovefile.dylib
0x00007ff81b211000 	/usr/lib/system/libsystem_asl.dylib
0x00007ff8160c0000 	/usr/lib/system/libsystem_blocks.dylib
0x00007ff816258000 	/usr/lib/system/libsystem_c.dylib
0x00007ff821590000 	/usr/lib/system/libsystem_collections.dylib
0x00007ff81fe04000 	/usr/lib/system/libsystem_configuration.dylib
0x00007ff81f0c4000 	/usr/lib/system/libsystem_containermanager.dylib
0x00007ff821276000 	/usr/lib/system/libsystem_coreservices.dylib
0x00007ff8188df000 	/usr/lib/system/libsystem_darwin.dylib
0x00007ff82159b000 	/usr/lib/system/libsystem_dnssd.dylib
0x00007ff816255000 	/usr/lib/system/libsystem_featureflags.dylib
0x00007ff8163a9000 	/usr/lib/system/libsystem_info.dylib
0x00007ff8214d5000 	/usr/lib/system/libsystem_m.dylib
0x00007ff8161a5000 	/usr/lib/system/libsystem_malloc.dylib
0x00007ff81b1ae000 	/usr/lib/system/libsystem_networkextension.dylib
0x00007ff818d07000 	/usr/lib/system/libsystem_notify.dylib
0x00007ff827795000 	/usr/lib/system/libsystem_product_info_filter.dylib
0x00007ff81fe08000 	/usr/lib/system/libsystem_sandbox.dylib
0x00007ff821595000 	/usr/lib/system/libsystem_secinit.dylib
0x00007ff816350000 	/usr/lib/system/libsystem_kernel.dylib
0x00007ff81639f000 	/usr/lib/system/libsystem_platform.dylib
0x00007ff816387000 	/usr/lib/system/libsystem_pthread.dylib
0x00007ff81cad5000 	/usr/lib/system/libsystem_symptoms.dylib
0x00007ff8160f9000 	/usr/lib/system/libsystem_trace.dylib
0x00007ff82156b000 	/usr/lib/system/libunwind.dylib
0x00007ff8160c2000 	/usr/lib/system/libxpc.dylib
0x00007ff81633a000 	/usr/lib/libc++abi.dylib
0x00007ff821576000 	/usr/lib/liboah.dylib
0x00007ff821d07000 	/usr/lib/liblzma.5.dylib
0x00007ff816e91000 	/System/Library/Frameworks/SystemConfiguration.framework/Versions/A/SystemConfiguration
0x00007ff8215aa000 	/usr/lib/libfakelink.dylib
0x00007ff81ad18000 	/System/Library/Frameworks/CFNetwork.framework/Versions/A/CFNetwork
0x00007ff8216e9000 	/usr/lib/libarchive.2.dylib
0x00007ff81fe0f000 	/System/Library/PrivateFrameworks/AppleSystemInfo.framework/Versions/A/AppleSystemInfo
0x00007ff820bf4000 	/usr/lib/libbsm.0.dylib
0x00007ff81a34f000 	/usr/lib/libnetwork.dylib
0x00007ff821543000 	/usr/lib/system/libkxld.dylib
0x00007ff820823000 	/System/Library/PrivateFrameworks/IOMobileFramebuffer.framework/Versions/A/IOMobileFramebuffer
0x00007ffb2c025000 	/usr/lib/libCoreEntitlements.dylib
0x00007ff821258000 	/System/Library/PrivateFrameworks/AppleFSCompression.framework/Versions/A/AppleFSCompression
0x00007ff820bdd000 	/usr/lib/libcoretls.dylib
0x00007ff821d21000 	/usr/lib/libcoretls_cfhelpers.dylib
0x00007ff821829000 	/usr/lib/libpam.2.dylib
0x00007ff81c6fb000 	/usr/lib/libsqlite3.dylib
0x00007ff821d90000 	/usr/lib/libxar.1.dylib
0x00007ff821268000 	/usr/lib/libbz2.1.0.dylib
0x00007ff8215af000 	/usr/lib/libpcap.A.dylib
0x00007ff81cacc000 	/usr/lib/libdns_services.dylib
0x00007ff8217fb000 	/usr/lib/libapple_nghttp2.dylib
0x00007ff8215e6000 	/usr/lib/libiconv.2.dylib
0x00007ff82153c000 	/usr/lib/libcharset.1.dylib
0x00007ff81dea8000 	/System/Library/Frameworks/CoreServices.framework/Versions/A/Frameworks/FSEvents.framework/Versions/A/FSEvents
0x00007ff8188e9000 	/System/Library/Frameworks/CoreServices.framework/Versions/A/Frameworks/CarbonCore.framework/Versions/A/CarbonCore
0x00007ff81cd10000 	/System/Library/Frameworks/CoreServices.framework/Versions/A/Frameworks/Metadata.framework/Versions/A/Metadata
0x00007ff82127b000 	/System/Library/Frameworks/CoreServices.framework/Versions/A/Frameworks/OSServices.framework/Versions/A/OSServices
0x00007ff82176f000 	/System/Library/Frameworks/CoreServices.framework/Versions/A/Frameworks/SearchKit.framework/Versions/A/SearchKit
0x00007ff81ca5e000 	/System/Library/Frameworks/CoreServices.framework/Versions/A/Frameworks/AE.framework/Versions/A/AE
0x00007ff8168d5000 	/System/Library/Frameworks/CoreServices.framework/Versions/A/Frameworks/LaunchServices.framework/Versions/A/LaunchServices
0x00007ff821cb8000 	/System/Library/Frameworks/CoreServices.framework/Versions/A/Frameworks/DictionaryServices.framework/Versions/A/DictionaryServices
0x00007ff81deb5000 	/System/Library/Frameworks/CoreServices.framework/Versions/A/Frameworks/SharedFileList.framework/Versions/A/SharedFileList
0x00007ff820bd1000 	/usr/lib/libCheckFix.dylib
0x00007ff81b228000 	/System/Library/PrivateFrameworks/TCC.framework/Versions/A/TCC
0x00007ff81fe15000 	/System/Library/PrivateFrameworks/CoreNLP.framework/Versions/A/CoreNLP
0x00007ff81ccc0000 	/System/Library/PrivateFrameworks/MetadataUtilities.framework/Versions/A/MetadataUtilities
0x00007ff816f41000 	/usr/lib/libmecabra.dylib
0x00007ff820c04000 	/usr/lib/libmecab.dylib
0x00007ff816f0c000 	/usr/lib/libCRFSuite.dylib
0x00007ff820c61000 	/usr/lib/libgermantok.dylib
0x00007ff8217d6000 	/usr/lib/libThaiTokenizer.dylib
0x00007ff81cdb2000 	/System/Library/Frameworks/Accelerate.framework/Versions/A/Frameworks/vImage.framework/Versions/A/vImage
0x00007ff827895000 	/System/Library/Frameworks/Accelerate.framework/Versions/A/Frameworks/vecLib.framework/Versions/A/vecLib
0x00007ff821dd1000 	/System/Library/Frameworks/Accelerate.framework/Versions/A/Frameworks/vecLib.framework/Versions/A/libvMisc.dylib
0x00007ff820617000 	/System/Library/Frameworks/Accelerate.framework/Versions/A/Frameworks/vecLib.framework/Versions/A/libvDSP.dylib
0x00007ff816c4d000 	/System/Library/Frameworks/Accelerate.framework/Versions/A/Frameworks/vecLib.framework/Versions/A/libBLAS.dylib
0x00007ff82190b000 	/System/Library/Frameworks/Accelerate.framework/Versions/A/Frameworks/vecLib.framework/Versions/A/libLAPACK.dylib
0x00007ff820c64000 	/System/Library/Frameworks/Accelerate.framework/Versions/A/Frameworks/vecLib.framework/Versions/A/libLinearAlgebra.dylib
0x00007ff821814000 	/System/Library/Frameworks/Accelerate.framework/Versions/A/Frameworks/vecLib.framework/Versions/A/libSparseBLAS.dylib
0x00007ff821905000 	/System/Library/Frameworks/Accelerate.framework/Versions/A/Frameworks/vecLib.framework/Versions/A/libQuadrature.dylib
0x00007ff81feff000 	/System/Library/Frameworks/Accelerate.framework/Versions/A/Frameworks/vecLib.framework/Versions/A/libBNNS.dylib
0x00007ff816e22000 	/System/Library/Frameworks/Accelerate.framework/Versions/A/Frameworks/vecLib.framework/Versions/A/libSparse.dylib
0x00007ff81fef8000 	/System/Library/PrivateFrameworks/LinguisticData.framework/Versions/A/LinguisticData
0x00007ff816dd7000 	/System/Library/PrivateFrameworks/Lexicon.framework/Versions/A/Lexicon
0x00007ff821dca000 	/usr/lib/libChineseTokenizer.dylib
0x00007ff81753b000 	/System/Library/PrivateFrameworks/LanguageModeling.framework/Versions/A/LanguageModeling
0x00007ff8217d8000 	/System/Library/PrivateFrameworks/AppleSauce.framework/Versions/A/AppleSauce
0x00007ff820811000 	/System/Library/PrivateFrameworks/CoreEmoji.framework/Versions/A/CoreEmoji
0x00007ff8216d8000 	/usr/lib/libcmph.dylib
0x00007ff81de8c000 	/System/Library/Frameworks/OpenDirectory.framework/Versions/A/Frameworks/CFOpenDirectory.framework/Versions/A/CFOpenDirectory
0x00007ff81de80000 	/System/Library/Frameworks/OpenDirectory.framework/Versions/A/OpenDirectory
0x00007ff821d23000 	/System/Library/PrivateFrameworks/APFS.framework/Versions/A/APFS
0x00007ff820b32000 	/System/Library/Frameworks/SecurityFoundation.framework/Versions/A/SecurityFoundation
0x00007ff821d9e000 	/usr/lib/libutil.dylib
0x00007ff818c14000 	/System/Library/PrivateFrameworks/CoreServicesStore.framework/Versions/A/CoreServicesStore
0x00007ff821da2000 	/usr/lib/libxslt.1.dylib
0x00007ff820bbf000 	/System/Library/PrivateFrameworks/BackgroundTaskManagement.framework/Versions/A/BackgroundTaskManagement
0x00007ff8232cb000 	/System/Library/Frameworks/ImageIO.framework/Versions/A/Resources/libRadiance.dylib
0x00007ff8232d4000 	/System/Library/Frameworks/ImageIO.framework/Versions/A/Resources/libJPEG.dylib
0x00007ff823225000 	/System/Library/Frameworks/ImageIO.framework/Versions/A/Resources/libPng.dylib
0x00007ff823246000 	/System/Library/Frameworks/ImageIO.framework/Versions/A/Resources/libTIFF.dylib
0x00007ff823332000 	/System/Library/Frameworks/ImageIO.framework/Versions/A/Resources/libGIF.dylib
0x00007ff822b5a000 	/System/Library/Frameworks/ImageIO.framework/Versions/A/Resources/libJP2.dylib
0x00007ff82229c000 	/usr/lib/libexpat.1.dylib
0x00007ff822b0f000 	/System/Library/PrivateFrameworks/AppleJPEG.framework/Versions/A/AppleJPEG
0x00007ff81f356000 	/System/Library/PrivateFrameworks/FontServices.framework/libFontParser.dylib
0x00007ff81ca08000 	/System/Library/PrivateFrameworks/RunningBoardServices.framework/Versions/A/RunningBoardServices
0x00007ff82da35000 	/System/Library/PrivateFrameworks/IOSurfaceAccelerator.framework/Versions/A/IOSurfaceAccelerator
0x00007ff822c39000 	/System/Library/PrivateFrameworks/WatchdogClient.framework/Versions/A/WatchdogClient
0x00007ff81762a000 	/System/Library/Frameworks/CoreDisplay.framework/Versions/A/CoreDisplay
0x00007ff81f256000 	/System/Library/Frameworks/CoreMedia.framework/Versions/A/CoreMedia
0x00007ff81f0f3000 	/System/Library/PrivateFrameworks/IOAccelerator.framework/Versions/A/IOAccelerator
0x00007ff81e008000 	/System/Library/Frameworks/CoreVideo.framework/Versions/A/CoreVideo
0x00007ff821827000 	/System/Library/Frameworks/MetalPerformanceShaders.framework/Versions/A/MetalPerformanceShaders
0x00007ff822c74000 	/System/Library/Frameworks/VideoToolbox.framework/Versions/A/VideoToolbox
0x00007ff81c950000 	/System/Library/PrivateFrameworks/BaseBoard.framework/Versions/A/BaseBoard
0x00007ff81c6e1000 	/System/Library/PrivateFrameworks/ProtocolBuffer.framework/Versions/A/ProtocolBuffer
0x00007ff8232c4000 	/System/Library/PrivateFrameworks/GPUWrangler.framework/Versions/A/GPUWrangler
0x00007ff8232a7000 	/System/Library/PrivateFrameworks/IOPresentment.framework/Versions/A/IOPresentment
0x00007ff8232ce000 	/System/Library/PrivateFrameworks/DSExternalDisplay.framework/Versions/A/DSExternalDisplay
0x00007ffa2e677000 	/System/Library/Frameworks/OpenGL.framework/Versions/A/Libraries/libCoreFSCache.dylib
0x00007ffb1a624000 	/System/Library/PrivateFrameworks/GPUCompiler.framework/Versions/31001/Libraries/libGPUCompilerUtils.dylib
0x00007ff823337000 	/System/Library/PrivateFrameworks/CMCaptureCore.framework/Versions/A/CMCaptureCore
0x00007ff822848000 	/System/Library/PrivateFrameworks/AppServerSupport.framework/Versions/A/AppServerSupport
0x00007ff824a12000 	/System/Library/PrivateFrameworks/perfdata.framework/Versions/A/perfdata
0x00007ff817756000 	/System/Library/PrivateFrameworks/AudioToolboxCore.framework/Versions/A/AudioToolboxCore
0x00007ff81f233000 	/System/Library/PrivateFrameworks/caulk.framework/Versions/A/caulk
0x00007ff82433f000 	/usr/lib/libAudioStatistics.dylib
0x00007ff91b4d3000 	/System/Library/PrivateFrameworks/SystemPolicy.framework/Versions/A/SystemPolicy
0x00007ff82458b000 	/usr/lib/libSMC.dylib
0x00007ff82d377000 	/System/Library/Frameworks/CoreMIDI.framework/Versions/A/CoreMIDI
0x00007ff8231f5000 	/usr/lib/libAudioToolboxUtility.dylib
0x00007ff91795b000 	/System/Library/PrivateFrameworks/OSAServicesClient.framework/Versions/A/OSAServicesClient
0x00007ff824a1f000 	/usr/lib/libperfcheck.dylib
0x00007ff91bf5f000 	/usr/lib/libmis.dylib
0x00007ffa2e6d3000 	/System/Library/Frameworks/OpenGL.framework/Versions/A/Libraries/libGLU.dylib
0x00007ffa2e696000 	/System/Library/Frameworks/OpenGL.framework/Versions/A/Libraries/libGFXShared.dylib
0x00007ffa2e8a4000 	/System/Library/Frameworks/OpenGL.framework/Versions/A/Libraries/libGL.dylib
0x00007ffa2e69f000 	/System/Library/Frameworks/OpenGL.framework/Versions/A/Libraries/libGLImage.dylib
0x00007ffa2e693000 	/System/Library/Frameworks/OpenGL.framework/Versions/A/Libraries/libCVMSPluginSupport.dylib
0x00007ffa2e67e000 	/System/Library/Frameworks/OpenGL.framework/Versions/A/Libraries/libCoreVMClient.dylib
0x00007ff81fd93000 	/System/Library/Frameworks/MetalPerformanceShaders.framework/Versions/A/Frameworks/MPSCore.framework/Versions/A/MPSCore
0x00007ff8211c3000 	/System/Library/Frameworks/MetalPerformanceShaders.framework/Versions/A/Frameworks/MPSImage.framework/Versions/A/MPSImage
0x00007ff820c7a000 	/System/Library/Frameworks/MetalPerformanceShaders.framework/Versions/A/Frameworks/MPSNeuralNetwork.framework/Versions/A/MPSNeuralNetwork
0x00007ff8210ef000 	/System/Library/Frameworks/MetalPerformanceShaders.framework/Versions/A/Frameworks/MPSMatrix.framework/Versions/A/MPSMatrix
0x00007ff820eab000 	/System/Library/Frameworks/MetalPerformanceShaders.framework/Versions/A/Frameworks/MPSRayIntersector.framework/Versions/A/MPSRayIntersector
0x00007ff821128000 	/System/Library/Frameworks/MetalPerformanceShaders.framework/Versions/A/Frameworks/MPSNDArray.framework/Versions/A/MPSNDArray
0x00007ffa3327c000 	/System/Library/Frameworks/MetalPerformanceShaders.framework/Versions/A/Frameworks/MPSFunctions.framework/Versions/A/MPSFunctions
0x00007ff816b30000 	/System/Library/PrivateFrameworks/MetalTools.framework/Versions/A/MetalTools
0x00007ff81fe0d000 	/System/Library/PrivateFrameworks/AggregateDictionary.framework/Versions/A/AggregateDictionary
0x00007ff82207e000 	/usr/lib/libIOReport.dylib
0x00007ffa2fcb3000 	/System/Library/Frameworks/OpenCL.framework/Versions/A/OpenCL
0x00007ff8223e2000 	/System/Library/PrivateFrameworks/FaceCore.framework/Versions/A/FaceCore
0x00007ff8223d3000 	/System/Library/PrivateFrameworks/GraphVisualizer.framework/Versions/A/GraphVisualizer
0x00007ffb1a52f000 	/System/Library/PrivateFrameworks/FontServices.framework/Versions/A/FontServices
0x00007ff8227ff000 	/System/Library/PrivateFrameworks/OTSVG.framework/Versions/A/OTSVG
0x00007ff81dbf0000 	/System/Library/Frameworks/ApplicationServices.framework/Versions/A/Frameworks/ATS.framework/Versions/A/Resources/libFontRegistry.dylib
0x00007ff822850000 	/System/Library/PrivateFrameworks/FontServices.framework/libhvf.dylib
0x00007ffb1a530000 	/System/Library/PrivateFrameworks/FontServices.framework/libXTFontStaticRegistryData.dylib
0x00007ff82224c000 	/System/Library/PrivateFrameworks/AppleVA.framework/Versions/A/AppleVA
0x00007ff82435f000 	/System/Library/Frameworks/ApplicationServices.framework/Versions/A/Frameworks/ATS.framework/Versions/A/ATS
0x00007ff81bdfe000 	/System/Library/Frameworks/ApplicationServices.framework/Versions/A/Frameworks/HIServices.framework/Versions/A/HIServices
0x00007ff823341000 	/System/Library/Frameworks/ApplicationServices.framework/Versions/A/Frameworks/PrintCore.framework/Versions/A/PrintCore
0x00007ff8246de000 	/System/Library/Frameworks/ApplicationServices.framework/Versions/A/Frameworks/QD.framework/Versions/A/QD
0x00007ff8246d6000 	/System/Library/Frameworks/ApplicationServices.framework/Versions/A/Frameworks/ColorSyncLegacy.framework/Versions/A/ColorSyncLegacy
0x00007ff82434f000 	/System/Library/Frameworks/ApplicationServices.framework/Versions/A/Frameworks/SpeechSynthesis.framework/Versions/A/SpeechSynthesis
0x00007ff823302000 	/System/Library/Frameworks/ApplicationServices.framework/Versions/A/Frameworks/ATSUI.framework/Versions/A/ATSUI
0x00007ff82466b000 	/usr/lib/libcups.2.dylib
0x00007ff824a2e000 	/System/Library/Frameworks/Kerberos.framework/Versions/A/Kerberos
0x00007ff824a3d000 	/System/Library/Frameworks/GSS.framework/Versions/A/GSS
0x00007ff8243cb000 	/usr/lib/libresolv.9.dylib
0x00007ff82285f000 	/System/Library/PrivateFrameworks/Heimdal.framework/Versions/A/Heimdal
0x00007ff82b4e1000 	/System/Library/Frameworks/Kerberos.framework/Versions/A/Libraries/libHeimdalProxy.dylib
0x00007ff81cadd000 	/System/Library/Frameworks/Network.framework/Versions/A/Network
0x00007ff8222b6000 	/usr/lib/libheimdal-asn1.dylib
0x00007ff824a88000 	/System/Library/PrivateFrameworks/CommonAuth.framework/Versions/A/CommonAuth
0x00007ff8242d0000 	/System/Library/PrivateFrameworks/AudioSession.framework/Versions/A/AudioSession
0x00007ff822346000 	/System/Library/PrivateFrameworks/MediaExperience.framework/Versions/A/MediaExperience
0x00007ff824164000 	/System/Library/PrivateFrameworks/AudioSession.framework/libSessionUtility.dylib
0x00007ff8246ea000 	/System/Library/PrivateFrameworks/AudioResourceArbitration.framework/Versions/A/AudioResourceArbitration
0x00007ff8222bf000 	/System/Library/PrivateFrameworks/IconFoundation.framework/Versions/A/IconFoundation
0x00007ff8274c4000 	/System/Library/PrivateFrameworks/SpeechRecognitionCore.framework/Versions/A/SpeechRecognitionCore
0x00007ffa1fb26000 	/System/Library/CoreServices/Encodings/libKoreanConverter.dylib
0x000000010da1a000 	/Users/jojunbeom/Library/Java/JavaVirtualMachines/corretto-11.0.14.1/Contents/Home/lib/server/libjvm.dylib
0x000000010ccfb000 	/Users/jojunbeom/Library/Java/JavaVirtualMachines/corretto-11.0.14.1/Contents/Home/lib/libverify.dylib
0x000000010cd23000 	/Users/jojunbeom/Library/Java/JavaVirtualMachines/corretto-11.0.14.1/Contents/Home/lib/libjava.dylib
0x000000010cc91000 	/Users/jojunbeom/Library/Java/JavaVirtualMachines/corretto-11.0.14.1/Contents/Home/lib/libjimage.dylib
0x000000010cda2000 	/Users/jojunbeom/Library/Java/JavaVirtualMachines/corretto-11.0.14.1/Contents/Home/lib/libinstrument.dylib
0x000000010ce5d000 	/private/var/folders/k6/dkc35rrd3kvf4z8xbpc5z4zh0000gn/T/libasyncProfiler.so
0x000000010ce1d000 	/Users/jojunbeom/Library/Java/JavaVirtualMachines/corretto-11.0.14.1/Contents/Home/lib/libzip.dylib
0x0000000130666000 	/Users/jojunbeom/Library/Java/JavaVirtualMachines/corretto-11.0.14.1/Contents/Home/lib/libnio.dylib
0x00000001306b6000 	/Users/jojunbeom/Library/Java/JavaVirtualMachines/corretto-11.0.14.1/Contents/Home/lib/libnet.dylib
0x0000000130712000 	/Users/jojunbeom/Library/Java/JavaVirtualMachines/corretto-11.0.14.1/Contents/Home/lib/libextnet.dylib
0x000000013088e000 	/Users/jojunbeom/Library/Java/JavaVirtualMachines/corretto-11.0.14.1/Contents/Home/lib/libmanagement.dylib
0x00000001308b7000 	/Users/jojunbeom/Library/Java/JavaVirtualMachines/corretto-11.0.14.1/Contents/Home/lib/libmanagement_ext.dylib


VM Arguments:
jvm_args: -XX:TieredStopAtLevel=1 -Xverify:none -Dspring.output.ansi.enabled=always -Dcom.sun.management.jmxremote -Dspring.jmx.enabled=true -Dspring.liveBeansView.mbeanDomain -Dspring.application.admin.enabled=true -javaagent:/Applications/IntelliJ IDEA.app/Contents/lib/idea_rt.jar=54790:/Applications/IntelliJ IDEA.app/Contents/bin -agentpath:/private/var/folders/k6/dkc35rrd3kvf4z8xbpc5z4zh0000gn/T/libasyncProfiler.so=start,jfr,event=cpu,interval=1ms,event=alloc,file=/Users/jojunbeom/CoreApplication_2022_05_24_183618.jfr -Dfile.encoding=UTF-8 
java_command: hello.core.CoreApplication
java_class_path (initial): /Users/jojunbeom/Downloads/study/core/out/production/classes:/Users/jojunbeom/Downloads/study/core/out/production/resources:/Users/jojunbeom/.gradle/caches/modules-2/files-2.1/org.projectlombok/lombok/1.18.24/13a394eed5c4f9efb2a6d956e2086f1d81e857d9/lombok-1.18.24.jar:/Users/jojunbeom/.gradle/caches/modules-2/files-2.1/org.springframework.boot/spring-boot-starter-web/2.7.0/7bf2381d030023970b5375c1090545e480467aa1/spring-boot-starter-web-2.7.0.jar:/Users/jojunbeom/.gradle/caches/modules-2/files-2.1/org.springframework.boot/spring-boot-starter/2.7.0/64fd3c21486dd20df9a62566599337dae2eb62cc/spring-boot-starter-2.7.0.jar:/Users/jojunbeom/.gradle/caches/modules-2/files-2.1/javax.inject/javax.inject/1/6975da39a7040257bd51d21a231b76c915872d38/javax.inject-1.jar:/Users/jojunbeom/.gradle/caches/modules-2/files-2.1/org.springframework.boot/spring-boot-starter-json/2.7.0/f7120f4a6fd5dd2ca2128061e420e45ae2294943/spring-boot-starter-json-2.7.0.jar:/Users/jojunbeom/.gradle/caches/modules-2/files-2.1/org.springframework.boot/spring-boot-starter-tomcat/2.7.0/b8e5cd8cd4bf3935a68468fe32fe2e7550f96b8a/spring-boot-starter-tomcat-2.7.0.jar:/Users/jojunbeom/.gradle/caches/modules-2/files-2.1/org.springframework/spring-webmvc/5.3.20/8ac1b72a1f5c41fdc2cb3340cd94f795af260301/spring-webmvc-5.3.20.jar:/Users/jojunbeom/.gradle/caches/modules-2/files-2.1/org.springframework/spring-web/5.3.20/3c2fe9363760d62d5b7c9f087bb4255e3377a0b2/spring-web-5.3.20.jar:/Users/jojunbeom/.gradle/caches/modules-2/files-2.1/org.springframework.boot/spring-boot-autoconfigure/2.7.0/483f9a66d0e8326583c5054038d0aa0a95045dc3/spring-boot-autoconfigure-2.7.0.jar:/Users/jojunbeom/.gradle/caches/modules-2/files-2.1/org.springframework.boot/spring-boot/2.7.0/df8bd106d6c6a6494b787b71d23cef6d2dc73703/spring-boot-2.7.0.jar:/Users/jojunbeom/.gradle/caches/modules-2/files-2.1/org.springframework.boot/spring-boot-starter-logging/2.7.0/5ff2a55d345ad824f39d55eaa32203865a92b30f/spring-boot-starter-loggin
Launcher Type: SUN_STANDARD

[Global flags]
     bool BytecodeVerificationLocal                = false                                     {product} {command line}
     bool BytecodeVerificationRemote               = false                                     {product} {command line}
     intx CICompilerCount                          = 4                                         {product} {ergonomic}
     uint ConcGCThreads                            = 2                                         {product} {ergonomic}
     uint G1ConcRefinementThreads                  = 8                                         {product} {ergonomic}
   size_t G1HeapRegionSize                         = 1048576                                   {product} {ergonomic}
    uintx GCDrainStackTargetSize                   = 64                                        {product} {ergonomic}
   size_t InitialHeapSize                          = 134217728                                 {product} {ergonomic}
     bool ManagementServer                         = true                                      {product} {command line}
   size_t MarkStackSize                            = 4194304                                   {product} {ergonomic}
   size_t MaxHeapSize                              = 2147483648                                {product} {ergonomic}
   size_t MaxNewSize                               = 1287651328                                {product} {ergonomic}
   size_t MinHeapDeltaBytes                        = 1048576                                   {product} {ergonomic}
    uintx NonNMethodCodeHeapSize                   = 7549744                                {pd product} {ergonomic}
    uintx NonProfiledCodeHeapSize                  = 244108496                              {pd product} {ergonomic}
    uintx ProfiledCodeHeapSize                     = 0                                      {pd product} {ergonomic}
    uintx ReservedCodeCacheSize                    = 251658240                              {pd product} {ergonomic}
     bool SegmentedCodeCache                       = true                                      {product} {ergonomic}
     intx TieredStopAtLevel                        = 1                                         {product} {command line}
     bool UseCompressedClassPointers               = true                                 {lp64_product} {ergonomic}
     bool UseCompressedOops                        = true                                 {lp64_product} {ergonomic}
     bool UseG1GC                                  = true                                      {product} {ergonomic}

Logging:
Log output configuration:
 #0: stdout all=warning uptime,level,tags
 #1: stderr all=off uptime,level,tags

Environment Variables:
JAVA_HOME=/Library/Java/JavaVirtualMachines/zulu-11.jdk/Contents/Home
PATH=/opt/homebrew/bin:/opt/homebrew/sbin:/usr/local/bin:/usr/bin:/bin:/usr/sbin:/sbin:/Library/Java/JavaVirtualMachines/zulu-11.jdk/Contents/Home/bin
SHELL=/bin/zsh
LC_CTYPE=ko_KR.UTF-8

Signal Handlers:
SIGSEGV: [libjvm.dylib+0x7ccc92], sa_mask[0]=11111111111111111111111111111111, sa_flags=SA_ONSTACK|SA_RESTART|SA_SIGINFO
SIGBUS: [libjvm.dylib+0x7ccc92], sa_mask[0]=11111111111111111111111111111111, sa_flags=SA_RESTART|SA_SIGINFO
SIGFPE: [libjvm.dylib+0x7ccc92], sa_mask[0]=11111111111111111111111111111111, sa_flags=SA_RESTART|SA_SIGINFO
SIGPIPE: [libjvm.dylib+0x630218], sa_mask[0]=11111111111111111111111111111111, sa_flags=SA_RESTART|SA_SIGINFO
SIGXFSZ: [libjvm.dylib+0x630218], sa_mask[0]=11111111111111111111111111111111, sa_flags=SA_RESTART|SA_SIGINFO
SIGILL: [libjvm.dylib+0x7ccc92], sa_mask[0]=11111111111111111111111111111111, sa_flags=SA_RESTART|SA_SIGINFO
SIGUSR2: [libjvm.dylib+0x6307f6], sa_mask[0]=00100000000000000000000000000000, sa_flags=SA_RESTART|SA_SIGINFO
SIGHUP: [libjvm.dylib+0x62f3a9], sa_mask[0]=11111111111111111111111111111111, sa_flags=SA_RESTART|SA_SIGINFO
SIGINT: [libjvm.dylib+0x62f3a9], sa_mask[0]=11111111111111111111111111111111, sa_flags=SA_RESTART|SA_SIGINFO
SIGTERM: [libjvm.dylib+0x62f3a9], sa_mask[0]=11111111111111111111111111111111, sa_flags=SA_RESTART|SA_SIGINFO
SIGQUIT: [libjvm.dylib+0x62f3a9], sa_mask[0]=11111111111111111111111111111111, sa_flags=SA_RESTART|SA_SIGINFO


---------------  S Y S T E M  ---------------

OS:uname:Darwin 21.1.0 Darwin Kernel Version 21.1.0: Wed Oct 13 17:33:24 PDT 2021; root:xnu-8019.41.5~1/RELEASE_ARM64_T8101 x86_64
OS uptime: 48 days 8:15 hours
rlimit (soft/hard): STACK 8176k/65520k , CORE 0k/infinity , NPROC 1333/2000 , NOFILE 10240/infinity , AS infinity/infinity , CPU infinity/infinity , DATA infinity/infinity , FSIZE infinity/infinity , MEMLOCK infinity/infinity , RSS infinity/infinity
load average:3.97 2.65 2.30

CPU:total 8 (initial active 8) (1 cores per cpu, 1 threads per core) family 6 model 44 stepping 0 microcode 0x0, cmov, cx8, fxsr, mmx, sse, sse2, sse3, ssse3, sse4.1, sse4.2, popcnt, aes, clmul, tsc, tscinvbit, tscinv

Memory: 4k page, physical 8388608k(34240k free), swap 3145728k(1263616k free)

vm_info: OpenJDK 64-Bit Server VM (11.0.14.1+10-LTS) for bsd-amd64 JRE (11.0.14.1+10-LTS), built on Feb  8 2022 01:38:57 by "ec2user" with clang Apple LLVM 13.0.0 (clang-1300.0.29.30)

END.
