#
# A fatal error has been detected by the Java Runtime Environment:
#
#  SIGBUS (0xa) at pc=0x0000000304e12600, pid=74896, tid=7683
#
# JRE version: OpenJDK Runtime Environment Corretto-11.0.14.10.1 (11.0.14.1+10) (build 11.0.14.1+10-LTS)
# Java VM: OpenJDK 64-Bit Server VM Corretto-11.0.14.10.1 (11.0.14.1+10-LTS, mixed mode, tiered, compressed oops, g1 gc, bsd-amd64)
# Problematic frame:
# C  0x0000000304e12600
#
# No core dump will be written. Core dumps have been disabled. To enable core dumping, try "ulimit -c unlimited" before starting Java again
#
# If you would like to submit a bug report, please visit:
#   https://github.com/corretto/corretto-11/issues/
#

---------------  S U M M A R Y ------------

Command Line: -XX:TieredStopAtLevel=1 -Xverify:none -Dspring.output.ansi.enabled=always -Dcom.sun.management.jmxremote -Dspring.jmx.enabled=true -Dspring.liveBeansView.mbeanDomain -Dspring.application.admin.enabled=true -javaagent:/Applications/IntelliJ IDEA.app/Contents/lib/idea_rt.jar=54812:/Applications/IntelliJ IDEA.app/Contents/bin -agentpath:/private/var/folders/k6/dkc35rrd3kvf4z8xbpc5z4zh0000gn/T/libasyncProfiler.so=start,jfr,event=cpu,interval=1ms,event=alloc,file=/Users/jojunbeom/CoreApplication_2022_05_24_183715.jfr -Dfile.encoding=UTF-8 hello.core.CoreApplication

Host: MacBookAir10,1 x86_64 2400 MHz, 8 cores, 8G, Darwin 21.1.0
Time: Tue May 24 18:37:18 2022 KST elapsed time: 2.552334 seconds (0d 0h 0m 2s)

---------------  T H R E A D  ---------------

Current thread (0x00007fc925016800):  JavaThread "main" [_thread_in_vm, id=7683, stack(0x0000000304d15000,0x0000000304e15000)]

Stack: [0x0000000304d15000,0x0000000304e15000],  sp=0x0000000304e12688,  free space=1013k
Native frames: (J=compiled Java code, A=aot compiled Java code, j=interpreted, Vv=VM code, C=native code)
C  0x0000000304e12600

Java frames: (J=compiled Java code, j=interpreted, Vv=VM code)
v  ~RuntimeStub::new_type_array Runtime1 stub
J 91 c1 java.lang.AbstractStringBuilder.ensureCapacityInternal(I)V java.base@11.0.14.1 (39 bytes) @ 0x00000001149876cd [0x00000001149874e0+0x00000000000001ed]
J 259 c1 java.lang.AbstractStringBuilder.append(C)Ljava/lang/AbstractStringBuilder; java.base@11.0.14.1 (77 bytes) @ 0x00000001149bc034 [0x00000001149bbfe0+0x0000000000000054]
J 1066 c1 java.io.UnixFileSystem.resolve(Ljava/lang/String;Ljava/lang/String;)Ljava/lang/String; java.base@11.0.14.1 (103 bytes) @ 0x0000000114b3200c [0x0000000114b31c80+0x000000000000038c]
J 1074 c1 java.io.File.<init>(Ljava/io/File;Ljava/lang/String;)V java.base@11.0.14.1 (113 bytes) @ 0x0000000114b36eac [0x0000000114b36d40+0x000000000000016c]
J 1075 c1 jdk.internal.loader.URLClassPath$FileLoader.getResource(Ljava/lang/String;Z)Ljdk/internal/loader/Resource; java.base@11.0.14.1 (164 bytes) @ 0x0000000114b37edc [0x0000000114b37b20+0x00000000000003bc]
J 1064 c1 jdk.internal.loader.URLClassPath.getResource(Ljava/lang/String;Z)Ljdk/internal/loader/Resource; java.base@11.0.14.1 (74 bytes) @ 0x0000000114b31344 [0x0000000114b312e0+0x0000000000000064]
J 1200 c1 jdk.internal.loader.BuiltinClassLoader.findClassOnClassPathOrNull(Ljava/lang/String;)Ljava/lang/Class; java.base@11.0.14.1 (64 bytes) @ 0x0000000114b6e1cc [0x0000000114b6e120+0x00000000000000ac]
J 1051 c1 jdk.internal.loader.BuiltinClassLoader.loadClassOrNull(Ljava/lang/String;Z)Ljava/lang/Class; java.base@11.0.14.1 (143 bytes) @ 0x0000000114b27d94 [0x0000000114b278a0+0x00000000000004f4]
J 1118 c1 jdk.internal.loader.ClassLoaders$AppClassLoader.loadClass(Ljava/lang/String;Z)Ljava/lang/Class; java.base@11.0.14.1 (40 bytes) @ 0x0000000114b49354 [0x0000000114b49200+0x0000000000000154]
J 1114 c1 java.lang.ClassLoader.loadClass(Ljava/lang/String;)Ljava/lang/Class; java.base@11.0.14.1 (7 bytes) @ 0x0000000114b48304 [0x0000000114b482c0+0x0000000000000044]
v  ~StubRoutines::call_stub
j  org.springframework.beans.PropertyEditorRegistrySupport.createDefaultEditors()V+310
j  org.springframework.beans.PropertyEditorRegistrySupport.getDefaultEditor(Ljava/lang/Class;)Ljava/beans/PropertyEditor;+44
j  org.springframework.boot.context.properties.bind.BindConverter$TypeConverterConverter.matches(Lorg/springframework/core/convert/TypeDescriptor;Lorg/springframework/core/convert/TypeDescriptor;)Z+40
j  org.springframework.core.convert.support.GenericConversionService$ConvertersForPair.getConverter(Lorg/springframework/core/convert/TypeDescriptor;Lorg/springframework/core/convert/TypeDescriptor;)Lorg/springframework/core/convert/converter/GenericConverter;+45
j  org.springframework.core.convert.support.GenericConversionService$Converters.getRegisteredConverter(Lorg/springframework/core/convert/TypeDescriptor;Lorg/springframework/core/convert/TypeDescriptor;Lorg/springframework/core/convert/converter/GenericConverter$ConvertiblePair;)Lorg/springframework/core/convert/converter/GenericConverter;+24
j  org.springframework.core.convert.support.GenericConversionService$Converters.find(Lorg/springframework/core/convert/TypeDescriptor;Lorg/springframework/core/convert/TypeDescriptor;)Lorg/springframework/core/convert/converter/GenericConverter;+98
j  org.springframework.core.convert.support.GenericConversionService.getConverter(Lorg/springframework/core/convert/TypeDescriptor;Lorg/springframework/core/convert/TypeDescriptor;)Lorg/springframework/core/convert/converter/GenericConverter;+51
j  org.springframework.core.convert.support.GenericConversionService.canConvert(Lorg/springframework/core/convert/TypeDescriptor;Lorg/springframework/core/convert/TypeDescriptor;)Z+15
j  org.springframework.boot.context.properties.bind.BindConverter$TypeConverterConversionService.canConvert(Lorg/springframework/core/convert/TypeDescriptor;Lorg/springframework/core/convert/TypeDescriptor;)Z+22
j  org.springframework.boot.context.properties.bind.BindConverter.convert(Ljava/lang/Object;Lorg/springframework/core/convert/TypeDescriptor;Lorg/springframework/core/convert/TypeDescriptor;)Ljava/lang/Object;+40
j  org.springframework.boot.context.properties.bind.BindConverter.convert(Ljava/lang/Object;Lorg/springframework/core/ResolvableType;[Ljava/lang/annotation/Annotation;)Ljava/lang/Object;+21
j  org.springframework.boot.context.properties.bind.BindConverter.convert(Ljava/lang/Object;Lorg/springframework/boot/context/properties/bind/Bindable;)Ljava/lang/Object;+10
j  org.springframework.boot.context.properties.bind.Binder.bindProperty(Lorg/springframework/boot/context/properties/bind/Bindable;Lorg/springframework/boot/context/properties/bind/Binder$Context;Lorg/springframework/boot/context/properties/source/ConfigurationProperty;)Ljava/lang/Object;+31
j  org.springframework.boot.context.properties.bind.Binder.bindObject(Lorg/springframework/boot/context/properties/source/ConfigurationPropertyName;Lorg/springframework/boot/context/properties/bind/Bindable;Lorg/springframework/boot/context/properties/bind/BindHandler;Lorg/springframework/boot/context/properties/bind/Binder$Context;Z)Ljava/lang/Object;+75
j  org.springframework.boot.context.properties.bind.Binder.bind(Lorg/springframework/boot/context/properties/source/ConfigurationPropertyName;Lorg/springframework/boot/context/properties/bind/Bindable;Lorg/springframework/boot/context/properties/bind/BindHandler;Lorg/springframework/boot/context/properties/bind/Binder$Context;ZZ)Ljava/lang/Object;+41
j  org.springframework.boot.context.properties.bind.Binder.bind(Lorg/springframework/boot/context/properties/source/ConfigurationPropertyName;Lorg/springframework/boot/context/properties/bind/Bindable;Lorg/springframework/boot/context/properties/bind/BindHandler;Z)Ljava/lang/Object;+44
j  org.springframework.boot.context.properties.bind.Binder.bind(Lorg/springframework/boot/context/properties/source/ConfigurationPropertyName;Lorg/springframework/boot/context/properties/bind/Bindable;Lorg/springframework/boot/context/properties/bind/BindHandler;)Lorg/springframework/boot/context/properties/bind/BindResult;+5
j  org.springframework.boot.context.properties.bind.Binder.bind(Ljava/lang/String;Lorg/springframework/boot/context/properties/bind/Bindable;)Lorg/springframework/boot/context/properties/bind/BindResult;+7
j  org.springframework.boot.context.properties.bind.Binder.bind(Ljava/lang/String;Ljava/lang/Class;)Lorg/springframework/boot/context/properties/bind/BindResult;+6
j  org.springframework.boot.context.config.AnsiOutputApplicationListener.onApplicationEvent(Lorg/springframework/boot/context/event/ApplicationEnvironmentPreparedEvent;)V+13
j  org.springframework.boot.context.config.AnsiOutputApplicationListener.onApplicationEvent(Lorg/springframework/context/ApplicationEvent;)V+5
j  org.springframework.context.event.SimpleApplicationEventMulticaster.doInvokeListener(Lorg/springframework/context/ApplicationListener;Lorg/springframework/context/ApplicationEvent;)V+2
j  org.springframework.context.event.SimpleApplicationEventMulticaster.invokeListener(Lorg/springframework/context/ApplicationListener;Lorg/springframework/context/ApplicationEvent;)V+34
j  org.springframework.context.event.SimpleApplicationEventMulticaster.multicastEvent(Lorg/springframework/context/ApplicationEvent;Lorg/springframework/core/ResolvableType;)V+83
j  org.springframework.context.event.SimpleApplicationEventMulticaster.multicastEvent(Lorg/springframework/context/ApplicationEvent;)V+7
j  org.springframework.boot.context.event.EventPublishingRunListener.environmentPrepared(Lorg/springframework/boot/ConfigurableBootstrapContext;Lorg/springframework/core/env/ConfigurableEnvironment;)V+21
j  org.springframework.boot.SpringApplicationRunListeners.lambda$environmentPrepared$2(Lorg/springframework/boot/ConfigurableBootstrapContext;Lorg/springframework/core/env/ConfigurableEnvironment;Lorg/springframework/boot/SpringApplicationRunListener;)V+3
j  org.springframework.boot.SpringApplicationRunListeners$$Lambda$125.accept(Ljava/lang/Object;)V+12
j  java.util.ArrayList.forEach(Ljava/util/function/Consumer;)V+46 java.base@11.0.14.1
j  org.springframework.boot.SpringApplicationRunListeners.doWithListeners(Ljava/lang/String;Ljava/util/function/Consumer;Ljava/util/function/Consumer;)V+17
j  org.springframework.boot.SpringApplicationRunListeners.doWithListeners(Ljava/lang/String;Ljava/util/function/Consumer;)V+4
j  org.springframework.boot.SpringApplicationRunListeners.environmentPrepared(Lorg/springframework/boot/ConfigurableBootstrapContext;Lorg/springframework/core/env/ConfigurableEnvironment;)V+10
j  org.springframework.boot.SpringApplication.prepareEnvironment(Lorg/springframework/boot/SpringApplicationRunListeners;Lorg/springframework/boot/DefaultBootstrapContext;Lorg/springframework/boot/ApplicationArguments;)Lorg/springframework/core/env/ConfigurableEnvironment;+27
j  org.springframework.boot.SpringApplication.run([Ljava/lang/String;)Lorg/springframework/context/ConfigurableApplicationContext;+52
j  org.springframework.boot.SpringApplication.run([Ljava/lang/Class;[Ljava/lang/String;)Lorg/springframework/context/ConfigurableApplicationContext;+9
j  org.springframework.boot.SpringApplication.run(Ljava/lang/Class;[Ljava/lang/String;)Lorg/springframework/context/ConfigurableApplicationContext;+9
j  hello.core.CoreApplication.main([Ljava/lang/String;)V+3
v  ~StubRoutines::call_stub

siginfo: si_signo: 10 (SIGBUS), si_code: 2 (BUS_ADRERR), si_addr: 0x0000000304e12600

Register to memory mapping:

RAX=0x000000010a2f9580: _ZN15JfrEventSetting19_jvm_event_settingsE+0 in /Users/jojunbeom/Library/Java/JavaVirtualMachines/corretto-11.0.14.1/Contents/Home/lib/server/libjvm.dylib at 0x0000000109928000
RBX=0x0000000304e126a8 is pointing into the stack for thread: 0x00007fc925016800
RCX=0x00007fc925016800 is a thread
RDX=0x0000000000000090 is an unknown value
RSP=0x0000000304e12688 is pointing into the stack for thread: 0x00007fc925016800
RBP=0x0000000109ef06a6: _ZN12MemAllocator10Allocation17notify_allocationEv+0x16 in /Users/jojunbeom/Library/Java/JavaVirtualMachines/corretto-11.0.14.1/Contents/Home/lib/server/libjvm.dylib at 0x0000000109928000
RSI=0x0000000787600000 is an oop: [B 
{0x0000000787600000} - klass: {type array byte}
 - length: 122
RDI=0x0000000304e12658 is pointing into the stack for thread: 0x00007fc925016800
R8 =0x00007fc925016800 is a thread
R9 =0x00007fc925016800 is a thread
R10=0x00000001004f4000 points into unknown readable memory: 0x0000000000000000 | 00 00 00 00 00 00 00 00
R11=0x0000000109b52924: _ZN13CollectedHeap14array_allocateEP5KlassiibP6Thread+0 in /Users/jojunbeom/Library/Java/JavaVirtualMachines/corretto-11.0.14.1/Contents/Home/lib/server/libjvm.dylib at 0x0000000109928000
R12=0x0 is NULL
R13=0x0000000000000063 is an unknown value
R14=0x0000000787600000 is an oop: [B 
{0x0000000787600000} - klass: {type array byte}
 - length: 122
R15=0x00007fc925016800 is a thread


Registers:
RAX=0x000000010a2f9580, RBX=0x0000000304e126a8, RCX=0x00007fc925016800, RDX=0x0000000000000090
RSP=0x0000000304e12688, RBP=0x0000000109ef06a6, RSI=0x0000000787600000, RDI=0x0000000304e12658
R8 =0x00007fc925016800, R9 =0x00007fc925016800, R10=0x00000001004f4000, R11=0x0000000109b52924
R12=0x0000000000000000, R13=0x0000000000000063, R14=0x0000000787600000, R15=0x00007fc925016800
RIP=0x0000000304e12600, EFLAGS=0x0000000000000216, ERR=0x0000000000000015
  TRAPNO=0x000000000000000e

Top of Stack: (sp=0x0000000304e12688)
0x0000000304e12688:   0000000304e12700 0000000304e126f0
0x0000000304e12698:   0000000109ef0a99 b1b6224203ab000f
0x0000000304e126a8:   0000000304e12700 00007fc925016800
0x0000000304e126b8:   0000000304e126d8 0000000000000000
0x0000000304e126c8:   0000000000000100 0000000304e12800
0x0000000304e126d8:   0000000787600000 00007fc925016800
0x0000000304e126e8:   000000000000002e 0000000304e12730
0x0000000304e126f8:   0000000109b52967 000000010a29c990
0x0000000304e12708:   00007fc914808200 00007fc925016800
0x0000000304e12718:   0000000800000820 0000000000000012
0x0000000304e12728:   00007f010000007a 0000000304e12760
0x0000000304e12738:   0000000109ae0f10 0000000000000000
0x0000000304e12748:   00007fc925016800 000000000000007a
0x0000000304e12758:   000000000000002e 0000000304e12be0
0x0000000304e12768:   0000000114325fe8 0000000000000000
0x0000000304e12778:   ffff000000000000 726f746964657974
0x0000000304e12788:   0000000304e13928 00000000df8e1778
0x0000000304e12798:   8493e9b0662f8a91 00071300fc02000c
0x0000000304e127a8:   bf60000000000000 3d5500aabe5711f1
0x0000000304e127b8:   0000000000000000 0000000000000000
0x0000000304e127c8:   0000000000000000 0000000000000000
0x0000000304e127d8:   0000000000000000 0000000000000000
0x0000000304e127e8:   0000000000000000 0000000000000000
0x0000000304e127f8:   0000000000000000 0000000000000000
0x0000000304e12808:   0000000000000000 0000000304e13370
0x0000000304e12818:   0000000114985850 0000000000000000
0x0000000304e12828:   0000000000000000 0000000000000000
0x0000000304e12838:   0000000000000000 0000000000000000
0x0000000304e12848:   0000000000000000 00000007877ffb10
0x0000000304e12858:   0000000000000000 00000007867077a8
0x0000000304e12868:   0000600000bcc010 0000000786748db0
0x0000000304e12878:   00000007877ffb10 00000007865c9718 

Instructions: (pc=0x0000000304e12600)
0x0000000304e12500:   30 25 e1 04 03 00 00 00 cc 06 c4 09 01 00 00 00
0x0000000304e12510:   80 23 2c 01 00 60 00 00 f0 c0 5c 00 00 60 00 00
0x0000000304e12520:   f0 c0 5c 00 00 60 00 00 80 49 10 26 c9 7f 00 00
0x0000000304e12530:   60 25 e1 04 03 00 00 00 1d de e5 09 01 00 00 00
0x0000000304e12540:   00 00 00 00 00 00 00 00 80 23 2c 01 00 60 00 00
0x0000000304e12550:   70 25 e1 04 03 00 00 00 70 25 e1 04 03 00 00 00
0x0000000304e12560:   f0 25 e1 04 03 00 00 00 72 a4 c3 09 01 00 00 00
0x0000000304e12570:   d0 51 2c 03 00 60 00 00 80 49 10 26 c9 7f 00 00
0x0000000304e12580:   90 49 10 26 c9 7f 00 00 68 4d 10 26 c9 7f 00 00
0x0000000304e12590:   d8 03 00 00 00 00 00 00 01 00 00 00 c9 7f 00 00
0x0000000304e125a0:   80 05 9c 02 00 60 00 00 80 23 2c 01 00 60 00 00
0x0000000304e125b0:   00 82 80 14 c9 7f 00 00 00 00 60 87 07 00 00 00
0x0000000304e125c0:   00 00 00 00 00 00 00 00 00 00 00 00 00 00 00 00
0x0000000304e125d0:   00 01 00 00 00 00 00 00 10 69 01 25 c9 7f 00 00
0x0000000304e125e0:   00 00 60 87 07 00 00 00 18 26 e1 04 03 00 00 00
0x0000000304e125f0:   26 73 cf 09 01 00 00 00 90 00 00 00 00 00 00 00
0x0000000304e12600:   90 00 00 00 00 00 00 00 00 08 00 00 00 00 00 00
0x0000000304e12610:   20 08 00 00 08 00 00 00 78 26 e1 04 03 00 00 00
0x0000000304e12620:   97 4c a2 09 01 00 00 00 00 00 00 00 00 00 00 00
0x0000000304e12630:   00 00 00 00 00 00 00 00 00 09 ef 09 01 00 00 00
0x0000000304e12640:   a8 26 e1 04 03 00 00 00 a8 26 e1 04 03 00 00 00
0x0000000304e12650:   a8 26 e1 04 03 00 00 00 00 00 00 00 00 00 00 00
0x0000000304e12660:   a8 26 e1 04 03 00 00 00 00 00 60 87 07 00 00 00
0x0000000304e12670:   00 68 01 25 c9 7f 00 00 a6 06 ef 09 01 00 00 00
0x0000000304e12680:   00 26 e1 04 03 00 00 00 00 27 e1 04 03 00 00 00
0x0000000304e12690:   f0 26 e1 04 03 00 00 00 99 0a ef 09 01 00 00 00
0x0000000304e126a0:   0f 00 ab 03 42 22 b6 b1 00 27 e1 04 03 00 00 00
0x0000000304e126b0:   00 68 01 25 c9 7f 00 00 d8 26 e1 04 03 00 00 00
0x0000000304e126c0:   00 00 00 00 00 00 00 00 00 01 00 00 00 00 00 00
0x0000000304e126d0:   00 28 e1 04 03 00 00 00 00 00 60 87 07 00 00 00
0x0000000304e126e0:   00 68 01 25 c9 7f 00 00 2e 00 00 00 00 00 00 00
0x0000000304e126f0:   30 27 e1 04 03 00 00 00 67 29 b5 09 01 00 00 00 


Stack slot to memory mapping:
stack at sp + 0 slots: 0x0000000304e12700 is pointing into the stack for thread: 0x00007fc925016800
stack at sp + 1 slots: 0x0000000304e126f0 is pointing into the stack for thread: 0x00007fc925016800
stack at sp + 2 slots: 0x0000000109ef0a99: _ZNK12MemAllocator8allocateEv+0x77 in /Users/jojunbeom/Library/Java/JavaVirtualMachines/corretto-11.0.14.1/Contents/Home/lib/server/libjvm.dylib at 0x0000000109928000
stack at sp + 3 slots: 0xb1b6224203ab000f is an unknown value
stack at sp + 4 slots: 0x0000000304e12700 is pointing into the stack for thread: 0x00007fc925016800
stack at sp + 5 slots: 0x00007fc925016800 is a thread
stack at sp + 6 slots: 0x0000000304e126d8 is pointing into the stack for thread: 0x00007fc925016800
stack at sp + 7 slots: 0x0 is NULL


---------------  P R O C E S S  ---------------

Threads class SMR info:
_java_thread_list=0x0000600003cdc2c0, length=12, elements={
0x00007fc925016800, 0x00007fc925020800, 0x00007fc924811800, 0x00007fc925023000,
0x00007fc924812800, 0x00007fc92502f800, 0x00007fc9148e4800, 0x00007fc9250b5800,
0x00007fc92502d800, 0x00007fc9252de000, 0x00007fc924866800, 0x00007fc9248af800
}

Java Threads: ( => current thread )
=>0x00007fc925016800 JavaThread "main" [_thread_in_vm, id=7683, stack(0x0000000304d15000,0x0000000304e15000)]
  0x00007fc925020800 JavaThread "Reference Handler" daemon [_thread_blocked, id=16387, stack(0x000000030542a000,0x000000030552a000)]
  0x00007fc924811800 JavaThread "Finalizer" daemon [_thread_blocked, id=21763, stack(0x000000030552d000,0x000000030562d000)]
  0x00007fc925023000 JavaThread "Signal Dispatcher" daemon [_thread_blocked, id=23555, stack(0x00000003057c7000,0x00000003058c7000)]
  0x00007fc924812800 JavaThread "Service Thread" daemon [_thread_blocked, id=40707, stack(0x00000003058ca000,0x00000003059ca000)]
  0x00007fc92502f800 JavaThread "C1 CompilerThread0" daemon [_thread_blocked, id=24067, stack(0x00000003059cd000,0x0000000305acd000)]
  0x00007fc9148e4800 JavaThread "Sweeper thread" daemon [_thread_blocked, id=39427, stack(0x0000000305ad0000,0x0000000305bd0000)]
  0x00007fc9250b5800 JavaThread "Common-Cleaner" daemon [_thread_blocked, id=25347, stack(0x0000000305bd3000,0x0000000305cd3000)]
  0x00007fc92502d800 JavaThread "Monitor Ctrl-Break" daemon [_thread_in_native, id=38659, stack(0x0000000305cd6000,0x0000000305dd6000)]
  0x00007fc9252de000 JavaThread "Async-profiler Timer" daemon [_thread_in_native, id=38163, stack(0x0000000305dd9000,0x0000000305e59000)]
  0x00007fc924866800 JavaThread "RMI TCP Accept-0" daemon [_thread_in_native, id=36359, stack(0x0000000305edf000,0x0000000305fdf000)]
  0x00007fc9248af800 JavaThread "Attach Listener" daemon [_thread_blocked, id=28163, stack(0x00000003060e5000,0x00000003061e5000)]

Other Threads:
  0x00007fc9148e3800 VMThread "VM Thread" [stack: 0x0000000305327000,0x0000000305427000] [id=17411]
  0x00007fc92489b800 WatcherThread [stack: 0x0000000305fe2000,0x00000003060e2000] [id=27943]
  0x00007fc91480e800 GCTaskThread "GC Thread#0" [stack: 0x0000000304e18000,0x0000000304f18000] [id=19203]
  0x00007fc9248c4800 GCTaskThread "GC Thread#1" [stack: 0x00000003061e8000,0x00000003062e8000] [id=28539]
  0x00007fc9248c5000 GCTaskThread "GC Thread#2" [stack: 0x00000003062eb000,0x00000003063eb000] [id=34051]
  0x00007fc91482f800 ConcurrentGCThread "G1 Main Marker" [stack: 0x0000000304f1b000,0x000000030501b000] [id=18947]
  0x00007fc914830000 ConcurrentGCThread "G1 Conc#0" [stack: 0x000000030501e000,0x000000030511e000] [id=18179]
  0x00007fc914891000 ConcurrentGCThread "G1 Refine#0" [stack: 0x0000000305121000,0x0000000305221000] [id=13571]
  0x00007fc925a6e000 ConcurrentGCThread "G1 Refine#1" [stack: 0x00000003063ee000,0x00000003064ee000] [id=33711]
  0x00007fc92580b800 ConcurrentGCThread "G1 Young RemSet Sampling" [stack: 0x0000000305224000,0x0000000305324000] [id=14083]

Threads with active compile tasks:

VM state:not at safepoint (normal execution)

VM Mutex/Monitor currently owned by a thread: None

Heap address: 0x0000000780000000, size: 2048 MB, Compressed Oops mode: Zero based, Oop shift amount: 3
Narrow klass base: 0x0000000800000000, Narrow klass shift: 0
Compressed class space size: 1073741824 Address: 0x0000000800000000

Heap:
 garbage-first heap   total 131072K, used 14393K [0x0000000780000000, 0x0000000800000000)
  region size 1024K, 13 young (13312K), 3 survivors (3072K)
 Metaspace       used 17642K, capacity 18158K, committed 18304K, reserved 1064960K
  class space    used 1937K, capacity 2151K, committed 2176K, reserved 1048576K
Heap Regions: E=young(eden), S=young(survivor), O=old, HS=humongous(starts), HC=humongous(continues), CS=collection set, F=free, A=archive, TAMS=top-at-mark-start (previous, next)
|   0|0x0000000780000000, 0x0000000780100000, 0x0000000780100000|100%| O|  |TAMS 0x0000000780000000, 0x0000000780000000| Untracked 
|   1|0x0000000780100000, 0x0000000780200000, 0x0000000780200000|100%| O|  |TAMS 0x0000000780100000, 0x0000000780100000| Untracked 
|   2|0x0000000780200000, 0x000000078020e400, 0x0000000780300000|  5%| O|  |TAMS 0x0000000780200000, 0x0000000780200000| Untracked 
|   3|0x0000000780300000, 0x0000000780300000, 0x0000000780400000|  0%| F|  |TAMS 0x0000000780300000, 0x0000000780300000| Untracked 
|   4|0x0000000780400000, 0x0000000780400000, 0x0000000780500000|  0%| F|  |TAMS 0x0000000780400000, 0x0000000780400000| Untracked 
|   5|0x0000000780500000, 0x0000000780500000, 0x0000000780600000|  0%| F|  |TAMS 0x0000000780500000, 0x0000000780500000| Untracked 
|   6|0x0000000780600000, 0x0000000780600000, 0x0000000780700000|  0%| F|  |TAMS 0x0000000780600000, 0x0000000780600000| Untracked 
|   7|0x0000000780700000, 0x0000000780700000, 0x0000000780800000|  0%| F|  |TAMS 0x0000000780700000, 0x0000000780700000| Untracked 
|   8|0x0000000780800000, 0x0000000780800000, 0x0000000780900000|  0%| F|  |TAMS 0x0000000780800000, 0x0000000780800000| Untracked 
|   9|0x0000000780900000, 0x0000000780900000, 0x0000000780a00000|  0%| F|  |TAMS 0x0000000780900000, 0x0000000780900000| Untracked 
|  10|0x0000000780a00000, 0x0000000780a00000, 0x0000000780b00000|  0%| F|  |TAMS 0x0000000780a00000, 0x0000000780a00000| Untracked 
|  11|0x0000000780b00000, 0x0000000780b00000, 0x0000000780c00000|  0%| F|  |TAMS 0x0000000780b00000, 0x0000000780b00000| Untracked 
|  12|0x0000000780c00000, 0x0000000780c00000, 0x0000000780d00000|  0%| F|  |TAMS 0x0000000780c00000, 0x0000000780c00000| Untracked 
|  13|0x0000000780d00000, 0x0000000780d00000, 0x0000000780e00000|  0%| F|  |TAMS 0x0000000780d00000, 0x0000000780d00000| Untracked 
|  14|0x0000000780e00000, 0x0000000780e00000, 0x0000000780f00000|  0%| F|  |TAMS 0x0000000780e00000, 0x0000000780e00000| Untracked 
|  15|0x0000000780f00000, 0x0000000780f00000, 0x0000000781000000|  0%| F|  |TAMS 0x0000000780f00000, 0x0000000780f00000| Untracked 
|  16|0x0000000781000000, 0x0000000781000000, 0x0000000781100000|  0%| F|  |TAMS 0x0000000781000000, 0x0000000781000000| Untracked 
|  17|0x0000000781100000, 0x0000000781100000, 0x0000000781200000|  0%| F|  |TAMS 0x0000000781100000, 0x0000000781100000| Untracked 
|  18|0x0000000781200000, 0x0000000781200000, 0x0000000781300000|  0%| F|  |TAMS 0x0000000781200000, 0x0000000781200000| Untracked 
|  19|0x0000000781300000, 0x0000000781300000, 0x0000000781400000|  0%| F|  |TAMS 0x0000000781300000, 0x0000000781300000| Untracked 
|  20|0x0000000781400000, 0x0000000781400000, 0x0000000781500000|  0%| F|  |TAMS 0x0000000781400000, 0x0000000781400000| Untracked 
|  21|0x0000000781500000, 0x0000000781500000, 0x0000000781600000|  0%| F|  |TAMS 0x0000000781500000, 0x0000000781500000| Untracked 
|  22|0x0000000781600000, 0x0000000781600000, 0x0000000781700000|  0%| F|  |TAMS 0x0000000781600000, 0x0000000781600000| Untracked 
|  23|0x0000000781700000, 0x0000000781700000, 0x0000000781800000|  0%| F|  |TAMS 0x0000000781700000, 0x0000000781700000| Untracked 
|  24|0x0000000781800000, 0x0000000781800000, 0x0000000781900000|  0%| F|  |TAMS 0x0000000781800000, 0x0000000781800000| Untracked 
|  25|0x0000000781900000, 0x0000000781900000, 0x0000000781a00000|  0%| F|  |TAMS 0x0000000781900000, 0x0000000781900000| Untracked 
|  26|0x0000000781a00000, 0x0000000781a00000, 0x0000000781b00000|  0%| F|  |TAMS 0x0000000781a00000, 0x0000000781a00000| Untracked 
|  27|0x0000000781b00000, 0x0000000781b00000, 0x0000000781c00000|  0%| F|  |TAMS 0x0000000781b00000, 0x0000000781b00000| Untracked 
|  28|0x0000000781c00000, 0x0000000781c00000, 0x0000000781d00000|  0%| F|  |TAMS 0x0000000781c00000, 0x0000000781c00000| Untracked 
|  29|0x0000000781d00000, 0x0000000781d00000, 0x0000000781e00000|  0%| F|  |TAMS 0x0000000781d00000, 0x0000000781d00000| Untracked 
|  30|0x0000000781e00000, 0x0000000781e00000, 0x0000000781f00000|  0%| F|  |TAMS 0x0000000781e00000, 0x0000000781e00000| Untracked 
|  31|0x0000000781f00000, 0x0000000781f00000, 0x0000000782000000|  0%| F|  |TAMS 0x0000000781f00000, 0x0000000781f00000| Untracked 
|  32|0x0000000782000000, 0x0000000782000000, 0x0000000782100000|  0%| F|  |TAMS 0x0000000782000000, 0x0000000782000000| Untracked 
|  33|0x0000000782100000, 0x0000000782100000, 0x0000000782200000|  0%| F|  |TAMS 0x0000000782100000, 0x0000000782100000| Untracked 
|  34|0x0000000782200000, 0x0000000782200000, 0x0000000782300000|  0%| F|  |TAMS 0x0000000782200000, 0x0000000782200000| Untracked 
|  35|0x0000000782300000, 0x0000000782300000, 0x0000000782400000|  0%| F|  |TAMS 0x0000000782300000, 0x0000000782300000| Untracked 
|  36|0x0000000782400000, 0x0000000782400000, 0x0000000782500000|  0%| F|  |TAMS 0x0000000782400000, 0x0000000782400000| Untracked 
|  37|0x0000000782500000, 0x0000000782500000, 0x0000000782600000|  0%| F|  |TAMS 0x0000000782500000, 0x0000000782500000| Untracked 
|  38|0x0000000782600000, 0x0000000782600000, 0x0000000782700000|  0%| F|  |TAMS 0x0000000782600000, 0x0000000782600000| Untracked 
|  39|0x0000000782700000, 0x0000000782700000, 0x0000000782800000|  0%| F|  |TAMS 0x0000000782700000, 0x0000000782700000| Untracked 
|  40|0x0000000782800000, 0x0000000782800000, 0x0000000782900000|  0%| F|  |TAMS 0x0000000782800000, 0x0000000782800000| Untracked 
|  41|0x0000000782900000, 0x0000000782900000, 0x0000000782a00000|  0%| F|  |TAMS 0x0000000782900000, 0x0000000782900000| Untracked 
|  42|0x0000000782a00000, 0x0000000782a00000, 0x0000000782b00000|  0%| F|  |TAMS 0x0000000782a00000, 0x0000000782a00000| Untracked 
|  43|0x0000000782b00000, 0x0000000782b00000, 0x0000000782c00000|  0%| F|  |TAMS 0x0000000782b00000, 0x0000000782b00000| Untracked 
|  44|0x0000000782c00000, 0x0000000782c00000, 0x0000000782d00000|  0%| F|  |TAMS 0x0000000782c00000, 0x0000000782c00000| Untracked 
|  45|0x0000000782d00000, 0x0000000782d00000, 0x0000000782e00000|  0%| F|  |TAMS 0x0000000782d00000, 0x0000000782d00000| Untracked 
|  46|0x0000000782e00000, 0x0000000782e00000, 0x0000000782f00000|  0%| F|  |TAMS 0x0000000782e00000, 0x0000000782e00000| Untracked 
|  47|0x0000000782f00000, 0x0000000782f00000, 0x0000000783000000|  0%| F|  |TAMS 0x0000000782f00000, 0x0000000782f00000| Untracked 
|  48|0x0000000783000000, 0x0000000783000000, 0x0000000783100000|  0%| F|  |TAMS 0x0000000783000000, 0x0000000783000000| Untracked 
|  49|0x0000000783100000, 0x0000000783100000, 0x0000000783200000|  0%| F|  |TAMS 0x0000000783100000, 0x0000000783100000| Untracked 
|  50|0x0000000783200000, 0x0000000783200000, 0x0000000783300000|  0%| F|  |TAMS 0x0000000783200000, 0x0000000783200000| Untracked 
|  51|0x0000000783300000, 0x0000000783300000, 0x0000000783400000|  0%| F|  |TAMS 0x0000000783300000, 0x0000000783300000| Untracked 
|  52|0x0000000783400000, 0x0000000783400000, 0x0000000783500000|  0%| F|  |TAMS 0x0000000783400000, 0x0000000783400000| Untracked 
|  53|0x0000000783500000, 0x0000000783500000, 0x0000000783600000|  0%| F|  |TAMS 0x0000000783500000, 0x0000000783500000| Untracked 
|  54|0x0000000783600000, 0x0000000783600000, 0x0000000783700000|  0%| F|  |TAMS 0x0000000783600000, 0x0000000783600000| Untracked 
|  55|0x0000000783700000, 0x0000000783700000, 0x0000000783800000|  0%| F|  |TAMS 0x0000000783700000, 0x0000000783700000| Untracked 
|  56|0x0000000783800000, 0x0000000783800000, 0x0000000783900000|  0%| F|  |TAMS 0x0000000783800000, 0x0000000783800000| Untracked 
|  57|0x0000000783900000, 0x0000000783900000, 0x0000000783a00000|  0%| F|  |TAMS 0x0000000783900000, 0x0000000783900000| Untracked 
|  58|0x0000000783a00000, 0x0000000783a00000, 0x0000000783b00000|  0%| F|  |TAMS 0x0000000783a00000, 0x0000000783a00000| Untracked 
|  59|0x0000000783b00000, 0x0000000783b00000, 0x0000000783c00000|  0%| F|  |TAMS 0x0000000783b00000, 0x0000000783b00000| Untracked 
|  60|0x0000000783c00000, 0x0000000783c00000, 0x0000000783d00000|  0%| F|  |TAMS 0x0000000783c00000, 0x0000000783c00000| Untracked 
|  61|0x0000000783d00000, 0x0000000783d00000, 0x0000000783e00000|  0%| F|  |TAMS 0x0000000783d00000, 0x0000000783d00000| Untracked 
|  62|0x0000000783e00000, 0x0000000783e00000, 0x0000000783f00000|  0%| F|  |TAMS 0x0000000783e00000, 0x0000000783e00000| Untracked 
|  63|0x0000000783f00000, 0x0000000783f00000, 0x0000000784000000|  0%| F|  |TAMS 0x0000000783f00000, 0x0000000783f00000| Untracked 
|  64|0x0000000784000000, 0x0000000784000000, 0x0000000784100000|  0%| F|  |TAMS 0x0000000784000000, 0x0000000784000000| Untracked 
|  65|0x0000000784100000, 0x0000000784100000, 0x0000000784200000|  0%| F|  |TAMS 0x0000000784100000, 0x0000000784100000| Untracked 
|  66|0x0000000784200000, 0x0000000784200000, 0x0000000784300000|  0%| F|  |TAMS 0x0000000784200000, 0x0000000784200000| Untracked 
|  67|0x0000000784300000, 0x0000000784300000, 0x0000000784400000|  0%| F|  |TAMS 0x0000000784300000, 0x0000000784300000| Untracked 
|  68|0x0000000784400000, 0x0000000784400000, 0x0000000784500000|  0%| F|  |TAMS 0x0000000784400000, 0x0000000784400000| Untracked 
|  69|0x0000000784500000, 0x0000000784500000, 0x0000000784600000|  0%| F|  |TAMS 0x0000000784500000, 0x0000000784500000| Untracked 
|  70|0x0000000784600000, 0x0000000784600000, 0x0000000784700000|  0%| F|  |TAMS 0x0000000784600000, 0x0000000784600000| Untracked 
|  71|0x0000000784700000, 0x0000000784700000, 0x0000000784800000|  0%| F|  |TAMS 0x0000000784700000, 0x0000000784700000| Untracked 
|  72|0x0000000784800000, 0x0000000784800000, 0x0000000784900000|  0%| F|  |TAMS 0x0000000784800000, 0x0000000784800000| Untracked 
|  73|0x0000000784900000, 0x0000000784900000, 0x0000000784a00000|  0%| F|  |TAMS 0x0000000784900000, 0x0000000784900000| Untracked 
|  74|0x0000000784a00000, 0x0000000784a00000, 0x0000000784b00000|  0%| F|  |TAMS 0x0000000784a00000, 0x0000000784a00000| Untracked 
|  75|0x0000000784b00000, 0x0000000784b00000, 0x0000000784c00000|  0%| F|  |TAMS 0x0000000784b00000, 0x0000000784b00000| Untracked 
|  76|0x0000000784c00000, 0x0000000784c00000, 0x0000000784d00000|  0%| F|  |TAMS 0x0000000784c00000, 0x0000000784c00000| Untracked 
|  77|0x0000000784d00000, 0x0000000784d00000, 0x0000000784e00000|  0%| F|  |TAMS 0x0000000784d00000, 0x0000000784d00000| Untracked 
|  78|0x0000000784e00000, 0x0000000784e00000, 0x0000000784f00000|  0%| F|  |TAMS 0x0000000784e00000, 0x0000000784e00000| Untracked 
|  79|0x0000000784f00000, 0x0000000784f00000, 0x0000000785000000|  0%| F|  |TAMS 0x0000000784f00000, 0x0000000784f00000| Untracked 
|  80|0x0000000785000000, 0x0000000785000000, 0x0000000785100000|  0%| F|  |TAMS 0x0000000785000000, 0x0000000785000000| Untracked 
|  81|0x0000000785100000, 0x0000000785100000, 0x0000000785200000|  0%| F|  |TAMS 0x0000000785100000, 0x0000000785100000| Untracked 
|  82|0x0000000785200000, 0x0000000785200000, 0x0000000785300000|  0%| F|  |TAMS 0x0000000785200000, 0x0000000785200000| Untracked 
|  83|0x0000000785300000, 0x0000000785300000, 0x0000000785400000|  0%| F|  |TAMS 0x0000000785300000, 0x0000000785300000| Untracked 
|  84|0x0000000785400000, 0x0000000785400000, 0x0000000785500000|  0%| F|  |TAMS 0x0000000785400000, 0x0000000785400000| Untracked 
|  85|0x0000000785500000, 0x0000000785500000, 0x0000000785600000|  0%| F|  |TAMS 0x0000000785500000, 0x0000000785500000| Untracked 
|  86|0x0000000785600000, 0x0000000785600000, 0x0000000785700000|  0%| F|  |TAMS 0x0000000785600000, 0x0000000785600000| Untracked 
|  87|0x0000000785700000, 0x0000000785700000, 0x0000000785800000|  0%| F|  |TAMS 0x0000000785700000, 0x0000000785700000| Untracked 
|  88|0x0000000785800000, 0x0000000785800000, 0x0000000785900000|  0%| F|  |TAMS 0x0000000785800000, 0x0000000785800000| Untracked 
|  89|0x0000000785900000, 0x0000000785900000, 0x0000000785a00000|  0%| F|  |TAMS 0x0000000785900000, 0x0000000785900000| Untracked 
|  90|0x0000000785a00000, 0x0000000785a00000, 0x0000000785b00000|  0%| F|  |TAMS 0x0000000785a00000, 0x0000000785a00000| Untracked 
|  91|0x0000000785b00000, 0x0000000785b00000, 0x0000000785c00000|  0%| F|  |TAMS 0x0000000785b00000, 0x0000000785b00000| Untracked 
|  92|0x0000000785c00000, 0x0000000785c00000, 0x0000000785d00000|  0%| F|  |TAMS 0x0000000785c00000, 0x0000000785c00000| Untracked 
|  93|0x0000000785d00000, 0x0000000785d00000, 0x0000000785e00000|  0%| F|  |TAMS 0x0000000785d00000, 0x0000000785d00000| Untracked 
|  94|0x0000000785e00000, 0x0000000785e00000, 0x0000000785f00000|  0%| F|  |TAMS 0x0000000785e00000, 0x0000000785e00000| Untracked 
|  95|0x0000000785f00000, 0x0000000785f00000, 0x0000000786000000|  0%| F|  |TAMS 0x0000000785f00000, 0x0000000785f00000| Untracked 
|  96|0x0000000786000000, 0x0000000786000000, 0x0000000786100000|  0%| F|  |TAMS 0x0000000786000000, 0x0000000786000000| Untracked 
|  97|0x0000000786100000, 0x0000000786100000, 0x0000000786200000|  0%| F|  |TAMS 0x0000000786100000, 0x0000000786100000| Untracked 
|  98|0x0000000786200000, 0x0000000786200000, 0x0000000786300000|  0%| F|  |TAMS 0x0000000786200000, 0x0000000786200000| Untracked 
|  99|0x0000000786300000, 0x0000000786300000, 0x0000000786400000|  0%| F|  |TAMS 0x0000000786300000, 0x0000000786300000| Untracked 
| 100|0x0000000786400000, 0x0000000786400000, 0x0000000786500000|  0%| F|  |TAMS 0x0000000786400000, 0x0000000786400000| Untracked 
| 101|0x0000000786500000, 0x0000000786600000, 0x0000000786600000|100%| S|CS|TAMS 0x0000000786500000, 0x0000000786500000| Complete 
| 102|0x0000000786600000, 0x0000000786700000, 0x0000000786700000|100%| S|CS|TAMS 0x0000000786600000, 0x0000000786600000| Complete 
| 103|0x0000000786700000, 0x0000000786800000, 0x0000000786800000|100%| S|CS|TAMS 0x0000000786700000, 0x0000000786700000| Complete 
| 104|0x0000000786800000, 0x0000000786800000, 0x0000000786900000|  0%| F|  |TAMS 0x0000000786800000, 0x0000000786800000| Untracked 
| 105|0x0000000786900000, 0x0000000786900000, 0x0000000786a00000|  0%| F|  |TAMS 0x0000000786900000, 0x0000000786900000| Untracked 
| 106|0x0000000786a00000, 0x0000000786a00000, 0x0000000786b00000|  0%| F|  |TAMS 0x0000000786a00000, 0x0000000786a00000| Untracked 
| 107|0x0000000786b00000, 0x0000000786b00000, 0x0000000786c00000|  0%| F|  |TAMS 0x0000000786b00000, 0x0000000786b00000| Untracked 
| 108|0x0000000786c00000, 0x0000000786c00000, 0x0000000786d00000|  0%| F|  |TAMS 0x0000000786c00000, 0x0000000786c00000| Untracked 
| 109|0x0000000786d00000, 0x0000000786d00000, 0x0000000786e00000|  0%| F|  |TAMS 0x0000000786d00000, 0x0000000786d00000| Untracked 
| 110|0x0000000786e00000, 0x0000000786e00000, 0x0000000786f00000|  0%| F|  |TAMS 0x0000000786e00000, 0x0000000786e00000| Untracked 
| 111|0x0000000786f00000, 0x0000000786f00000, 0x0000000787000000|  0%| F|  |TAMS 0x0000000786f00000, 0x0000000786f00000| Untracked 
| 112|0x0000000787000000, 0x0000000787000000, 0x0000000787100000|  0%| F|  |TAMS 0x0000000787000000, 0x0000000787000000| Untracked 
| 113|0x0000000787100000, 0x0000000787100000, 0x0000000787200000|  0%| F|  |TAMS 0x0000000787100000, 0x0000000787100000| Untracked 
| 114|0x0000000787200000, 0x0000000787200000, 0x0000000787300000|  0%| F|  |TAMS 0x0000000787200000, 0x0000000787200000| Untracked 
| 115|0x0000000787300000, 0x0000000787300000, 0x0000000787400000|  0%| F|  |TAMS 0x0000000787300000, 0x0000000787300000| Untracked 
| 116|0x0000000787400000, 0x0000000787400000, 0x0000000787500000|  0%| F|  |TAMS 0x0000000787400000, 0x0000000787400000| Untracked 
| 117|0x0000000787500000, 0x0000000787500000, 0x0000000787600000|  0%| F|  |TAMS 0x0000000787500000, 0x0000000787500000| Untracked 
| 118|0x0000000787600000, 0x0000000787600800, 0x0000000787700000|  0%| E|  |TAMS 0x0000000787600000, 0x0000000787600000| Complete 
| 119|0x0000000787700000, 0x0000000787800000, 0x0000000787800000|100%| E|CS|TAMS 0x0000000787700000, 0x0000000787700000| Complete 
| 120|0x0000000787800000, 0x0000000787900000, 0x0000000787900000|100%| E|CS|TAMS 0x0000000787800000, 0x0000000787800000| Complete 
| 121|0x0000000787900000, 0x0000000787a00000, 0x0000000787a00000|100%| E|CS|TAMS 0x0000000787900000, 0x0000000787900000| Complete 
| 122|0x0000000787a00000, 0x0000000787b00000, 0x0000000787b00000|100%| E|CS|TAMS 0x0000000787a00000, 0x0000000787a00000| Complete 
| 123|0x0000000787b00000, 0x0000000787c00000, 0x0000000787c00000|100%| E|CS|TAMS 0x0000000787b00000, 0x0000000787b00000| Complete 
| 124|0x0000000787c00000, 0x0000000787d00000, 0x0000000787d00000|100%| E|CS|TAMS 0x0000000787c00000, 0x0000000787c00000| Complete 
| 125|0x0000000787d00000, 0x0000000787e00000, 0x0000000787e00000|100%| E|CS|TAMS 0x0000000787d00000, 0x0000000787d00000| Complete 
| 126|0x0000000787e00000, 0x0000000787f00000, 0x0000000787f00000|100%| E|CS|TAMS 0x0000000787e00000, 0x0000000787e00000| Complete 
| 127|0x0000000787f00000, 0x0000000788000000, 0x0000000788000000|100%| E|CS|TAMS 0x0000000787f00000, 0x0000000787f00000| Complete 

Card table byte_map: [0x0000000123809000,0x0000000123c09000] _byte_map_base: 0x000000011fc09000

Marking Bits (Prev, Next): (CMBitMap*) 0x00007fc914826c18, (CMBitMap*) 0x00007fc914826c50
 Prev Bits: [0x0000000124009000, 0x0000000126009000)
 Next Bits: [0x0000000126009000, 0x0000000128009000)

Polling page: 0x00000001004f3000

Metaspace:

Usage:
  Non-class:     15.63 MB capacity,    15.34 MB ( 98%) used,   249.43 KB (  2%) free+waste,    52.81 KB ( <1%) overhead. 
      Class:      2.10 MB capacity,     1.89 MB ( 90%) used,   186.76 KB (  9%) free+waste,    26.56 KB (  1%) overhead. 
       Both:     17.73 MB capacity,    17.23 MB ( 97%) used,   436.19 KB (  2%) free+waste,    79.38 KB ( <1%) overhead. 

Virtual space:
  Non-class space:       16.00 MB reserved,      15.75 MB ( 98%) committed 
      Class space:        1.00 GB reserved,       2.12 MB ( <1%) committed 
             Both:        1.02 GB reserved,      17.88 MB (  2%) committed 

Chunk freelists:
   Non-Class:  61.00 KB
       Class:  0 bytes
        Both:  61.00 KB

MaxMetaspaceSize: unlimited
CompressedClassSpaceSize: 1.00 GB
Initial GC threshold: 20.80 MB
Current GC threshold: 20.80 MB
CDS: off

CodeHeap 'non-profiled nmethods': size=238384Kb used=2819Kb max_used=2819Kb free=235564Kb
 bounds [0x000000011496b000, 0x0000000114c3b000, 0x0000000123237000]
CodeHeap 'non-nmethods': size=7376Kb used=1158Kb max_used=1158Kb free=6217Kb
 bounds [0x0000000114237000, 0x00000001144a7000, 0x000000011496b000]
 total_blobs=2040 nmethods=1612 adapters=357
 compilation: enabled
              stopped_count=0, restarted_count=0
 full_count=0

Compilation events (20 events):
Event: 2.520 Thread 0x00007fc92502f800 1602       1       java.lang.String::contains (19 bytes)
Event: 2.520 Thread 0x00007fc92502f800 nmethod 1602 0x0000000114c29510 code [0x0000000114c296c0, 0x0000000114c297d0]
Event: 2.521 Thread 0x00007fc92502f800 1603       1       java.util.LinkedHashMap$LinkedHashIterator::<init> (31 bytes)
Event: 2.521 Thread 0x00007fc92502f800 nmethod 1603 0x0000000114c29890 code [0x0000000114c29a40, 0x0000000114c29bf0]
Event: 2.521 Thread 0x00007fc92502f800 1604       1       org.springframework.core.io.UrlResource::getURL (5 bytes)
Event: 2.521 Thread 0x00007fc92502f800 nmethod 1604 0x0000000114c29d10 code [0x0000000114c29ec0, 0x0000000114c29f70]
Event: 2.525 Thread 0x00007fc92502f800 1605       1       java.util.Collections$UnmodifiableCollection::iterator (9 bytes)
Event: 2.525 Thread 0x00007fc92502f800 nmethod 1605 0x0000000114c2a010 code [0x0000000114c2a1c0, 0x0000000114c2a3e0]
Event: 2.525 Thread 0x00007fc92502f800 1606       1       java.util.Collections$UnmodifiableCollection$1::<init> (26 bytes)
Event: 2.525 Thread 0x00007fc92502f800 nmethod 1606 0x0000000114c2a510 code [0x0000000114c2a6c0, 0x0000000114c2a860]
Event: 2.526 Thread 0x00007fc92502f800 1607       1       jdk.internal.loader.BuiltinClassLoader::hasClassPath (13 bytes)
Event: 2.526 Thread 0x00007fc92502f800 nmethod 1607 0x0000000114c2a990 code [0x0000000114c2ab40, 0x0000000114c2ac10]
Event: 2.526 Thread 0x00007fc92502f800 1608       1       org.springframework.boot.context.config.StandardConfigDataReference::getResourceLocation (5 bytes)
Event: 2.526 Thread 0x00007fc92502f800 nmethod 1608 0x0000000114c2ac90 code [0x0000000114c2ae40, 0x0000000114c2aef0]
Event: 2.527 Thread 0x00007fc92502f800 1609       1       java.util.LinkedHashMap$LinkedKeyIterator::next (8 bytes)
Event: 2.527 Thread 0x00007fc92502f800 nmethod 1609 0x0000000114c2af90 code [0x0000000114c2b140, 0x0000000114c2b220]
Event: 2.533 Thread 0x00007fc92502f800 1610       1       org.springframework.boot.context.properties.source.SpringIterableConfigurationPropertySource::getPropertySource (8 bytes)
Event: 2.533 Thread 0x00007fc92502f800 nmethod 1610 0x0000000114c2b310 code [0x0000000114c2b4c0, 0x0000000114c2b5b0]
Event: 2.534 Thread 0x00007fc92502f800 1611       1       java.util.HashMap::tableSizeFor (32 bytes)
Event: 2.534 Thread 0x00007fc92502f800 nmethod 1611 0x0000000114c2b690 code [0x0000000114c2b840, 0x0000000114c2b940]

GC Heap History (2 events):
Event: 2.104 GC heap before
{Heap before GC invocations=0 (full 0):
 garbage-first heap   total 131072K, used 24576K [0x0000000780000000, 0x0000000800000000)
  region size 1024K, 24 young (24576K), 0 survivors (0K)
 Metaspace       used 15821K, capacity 16245K, committed 16512K, reserved 1064960K
  class space    used 1673K, capacity 1846K, committed 1920K, reserved 1048576K
}
Event: 2.144 GC heap after
{Heap after GC invocations=1 (full 0):
 garbage-first heap   total 131072K, used 5177K [0x0000000780000000, 0x0000000800000000)
  region size 1024K, 3 young (3072K), 3 survivors (3072K)
 Metaspace       used 15821K, capacity 16245K, committed 16512K, reserved 1064960K
  class space    used 1673K, capacity 1846K, committed 1920K, reserved 1048576K
}

Deoptimization events (0 events):
No events

Classes redefined (0 events):
No events

Internal exceptions (20 events):
Event: 1.939 Thread 0x00007fc925016800 Exception <a 'java/lang/NoSuchMethodError'{0x0000000786b50ce8}: 'java.lang.Object java.lang.invoke.DirectMethodHandle$Holder.invokeStatic(java.lang.Object, java.lang.Object, java.lang.Object, java.lang.Object, java.lang.Object, java.lang.Object, java.lang.Object, java.lang.Object, java.lang.Object, java.lang.Object, java.lang.Object, java.lang.Object, java.lang.Object, java.lang.Object, java.lang.Object, java.lang.Object)'> (0x0000000786b50ce8) thrown at [src/hotspot/share/interpreter/linkResolver.cpp, lin
Event: 1.942 Thread 0x00007fc925016800 Exception <a 'java/lang/NoSuchMethodError'{0x0000000786b5ec00}: 'java.lang.Object java.lang.invoke.DirectMethodHandle$Holder.invokeSpecial(java.lang.Object, java.lang.Object, int, int, java.lang.Object, java.lang.Object, java.lang.Object, java.lang.Object)'> (0x0000000786b5ec00) thrown at [src/hotspot/share/interpreter/linkResolver.cpp, line 773]
Event: 1.943 Thread 0x00007fc925016800 Exception <a 'java/lang/NoSuchMethodError'{0x0000000786b62338}: 'java.lang.Object java.lang.invoke.DelegatingMethodHandle$Holder.reinvoke_L(java.lang.Object, int, int, java.lang.Object, java.lang.Object, java.lang.Object, java.lang.Object)'> (0x0000000786b62338) thrown at [src/hotspot/share/interpreter/linkResolver.cpp, line 773]
Event: 1.946 Thread 0x00007fc925016800 Exception <a 'java/lang/NoSuchMethodError'{0x0000000786b70cf0}: 'java.lang.Object java.lang.invoke.DirectMethodHandle$Holder.invokeStatic(java.lang.Object, java.lang.Object, java.lang.Object, java.lang.Object, java.lang.Object, java.lang.Object, int)'> (0x0000000786b70cf0) thrown at [src/hotspot/share/interpreter/linkResolver.cpp, line 773]
Event: 1.974 Thread 0x00007fc925016800 Exception <a 'java/io/FileNotFoundException'{0x0000000786bff338}> (0x0000000786bff338) thrown at [src/hotspot/share/prims/jni.cpp, line 616]
Event: 2.237 Thread 0x00007fc925016800 Exception <a 'java/lang/NoSuchMethodError'{0x0000000787e83638}: 'void java.lang.invoke.DirectMethodHandle$Holder.invokeStaticInit(java.lang.Object, java.lang.Object, java.lang.Object, java.lang.Object)'> (0x0000000787e83638) thrown at [src/hotspot/share/interpreter/linkResolver.cpp, line 773]
Event: 2.242 Thread 0x00007fc925016800 Exception <a 'java/lang/NoSuchMethodError'{0x0000000787e9da10}: 'java.lang.Object java.lang.invoke.DirectMethodHandle$Holder.invokeInterface(java.lang.Object, java.lang.Object, java.lang.Object)'> (0x0000000787e9da10) thrown at [src/hotspot/share/interpreter/linkResolver.cpp, line 773]
Event: 2.243 Thread 0x00007fc925016800 Exception <a 'java/lang/IncompatibleClassChangeError'{0x0000000787ea0998}: Found class java.lang.Object, but interface was expected> (0x0000000787ea0998) thrown at [src/hotspot/share/interpreter/linkResolver.cpp, line 839]
Event: 2.274 Thread 0x00007fc925016800 Exception <a 'java/lang/NoSuchMethodError'{0x0000000787d91c10}: 'int java.lang.invoke.DirectMethodHandle$Holder.invokeSpecial(java.lang.Object, java.lang.Object, java.lang.Object, java.lang.Object)'> (0x0000000787d91c10) thrown at [src/hotspot/share/interpreter/linkResolver.cpp, line 773]
Event: 2.296 Thread 0x00007fc925016800 Exception <a 'java/lang/NoSuchMethodError'{0x0000000787db3d00}: 'void java.lang.invoke.DirectMethodHandle$Holder.invokeSpecial(java.lang.Object, java.lang.Object, java.lang.Object, java.lang.Object)'> (0x0000000787db3d00) thrown at [src/hotspot/share/interpreter/linkResolver.cpp, line 773]
Event: 2.340 Thread 0x00007fc925016800 Exception <a 'java/lang/NoSuchMethodError'{0x0000000787b0fd60}: 'java.lang.Object java.lang.invoke.Invokers$Holder.linkToTargetMethod(java.lang.Object, java.lang.Object, java.lang.Object, java.lang.Object, java.lang.Object, java.lang.Object)'> (0x0000000787b0fd60) thrown at [src/hotspot/share/interpreter/linkResolver.cpp, line 773]
Event: 2.378 Thread 0x00007fc925016800 Exception <a 'java/lang/NoSuchMethodError'{0x0000000787be01e0}: 'java.lang.Object java.lang.invoke.DirectMethodHandle$Holder.invokeSpecial(java.lang.Object, java.lang.Object, java.lang.Object, java.lang.Object, java.lang.Object, java.lang.Object, int)'> (0x0000000787be01e0) thrown at [src/hotspot/share/interpreter/linkResolver.cpp, line 773]
Event: 2.379 Thread 0x00007fc925016800 Exception <a 'java/lang/NoSuchMethodError'{0x0000000787be9c40}: 'java.lang.Object java.lang.invoke.DirectMethodHandle$Holder.invokeSpecial(java.lang.Object, java.lang.Object, java.lang.Object, java.lang.Object, java.lang.Object, java.lang.Object, java.lang.Object, int)'> (0x0000000787be9c40) thrown at [src/hotspot/share/interpreter/linkResolver.cpp, line 773]
Event: 2.379 Thread 0x00007fc925016800 Exception <a 'java/lang/NoSuchMethodError'{0x0000000787bedae8}: 'java.lang.Object java.lang.invoke.Invokers$Holder.linkToTargetMethod(java.lang.Object, java.lang.Object, java.lang.Object, java.lang.Object, java.lang.Object, int, java.lang.Object)'> (0x0000000787bedae8) thrown at [src/hotspot/share/interpreter/linkResolver.cpp, line 773]
Event: 2.453 Thread 0x00007fc925016800 Exception <a 'java/lang/NoSuchMethodError'{0x00000007879cbfe0}: 'java.lang.Object java.lang.invoke.DirectMethodHandle$Holder.invokeStatic(java.lang.Object, java.lang.Object, java.lang.Object, int, java.lang.Object)'> (0x00000007879cbfe0) thrown at [src/hotspot/share/interpreter/linkResolver.cpp, line 773]
Event: 2.453 Thread 0x00007fc925016800 Exception <a 'java/lang/NoSuchMethodError'{0x00000007879d29e8}: 'java.lang.Object java.lang.invoke.Invokers$Holder.linkToTargetMethod(java.lang.Object, java.lang.Object, int, java.lang.Object, java.lang.Object)'> (0x00000007879d29e8) thrown at [src/hotspot/share/interpreter/linkResolver.cpp, line 773]
Event: 2.454 Thread 0x00007fc925016800 Exception <a 'java/lang/NoSuchMethodError'{0x00000007879e1fa0}: 'int java.lang.invoke.DirectMethodHandle$Holder.invokeStatic(java.lang.Object, int, java.lang.Object, java.lang.Object)'> (0x00000007879e1fa0) thrown at [src/hotspot/share/interpreter/linkResolver.cpp, line 773]
Event: 2.455 Thread 0x00007fc925016800 Exception <a 'java/lang/NoSuchMethodError'{0x00000007879e90b0}: 'java.lang.Object java.lang.invoke.DirectMethodHandle$Holder.invokeStatic(java.lang.Object, int, java.lang.Object)'> (0x00000007879e90b0) thrown at [src/hotspot/share/interpreter/linkResolver.cpp, line 773]
Event: 2.455 Thread 0x00007fc925016800 Exception <a 'java/lang/NoSuchMethodError'{0x00000007879ed0e8}: 'int java.lang.invoke.DirectMethodHandle$Holder.invokeSpecialIFC(java.lang.Object, java.lang.Object, java.lang.Object, java.lang.Object)'> (0x00000007879ed0e8) thrown at [src/hotspot/share/interpreter/linkResolver.cpp, line 773]
Event: 2.537 Thread 0x00007fc925016800 Exception <a 'java/lang/NoSuchMethodError'{0x00000007877608b8}: 'java.lang.Object java.lang.invoke.DirectMethodHandle$Holder.invokeVirtual(java.lang.Object, java.lang.Object, java.lang.Object)'> (0x00000007877608b8) thrown at [src/hotspot/share/interpreter/linkResolver.cpp, line 773]

Events (20 events):
Event: 2.544 loading class org/springframework/core/io/support/ResourceArrayPropertyEditor
Event: 2.544 loading class org/springframework/core/io/support/ResourceArrayPropertyEditor done
Event: 2.545 loading class org/springframework/core/io/support/PathMatchingResourcePatternResolver
Event: 2.545 loading class org/springframework/core/io/support/PathMatchingResourcePatternResolver done
Event: 2.545 loading class org/eclipse/core/runtime/FileLocator
Event: 2.545 loading class org/eclipse/core/runtime/FileLocator done
Event: 2.546 loading class org/eclipse/core/runtime$FileLocator
Event: 2.546 loading class org/eclipse/core/runtime$FileLocator done
Event: 2.546 loading class org/springframework/util/AntPathMatcher
Event: 2.546 loading class org/springframework/util/AntPathMatcher done
Event: 2.546 loading class org/springframework/util/PathMatcher
Event: 2.546 loading class org/springframework/util/PathMatcher done
Event: 2.547 loading class org/springframework/util/AntPathMatcher$PathSeparatorPatternCache
Event: 2.547 loading class org/springframework/util/AntPathMatcher$PathSeparatorPatternCache done
Event: 2.547 loading class org/springframework/beans/propertyeditors/TimeZoneEditor
Event: 2.547 loading class org/springframework/beans/propertyeditors/TimeZoneEditor done
Event: 2.548 loading class org/springframework/beans/propertyeditors/URIEditor
Event: 2.548 loading class org/springframework/beans/propertyeditors/URIEditor done
Event: 2.548 loading class org/springframework/beans/propertyeditors/URLEditor
Event: 2.548 loading class org/springframework/beans/propertyeditors/URLEditor done


Dynamic libraries:
0x0000000108b25000 	/Users/jojunbeom/Library/Java/JavaVirtualMachines/corretto-11.0.14.1/Contents/Home/lib/jli/libjli.dylib
0x00007ff82d4c4000 	/System/Library/Frameworks/Cocoa.framework/Versions/A/Cocoa
0x00007ff818d65000 	/System/Library/Frameworks/AppKit.framework/Versions/C/AppKit
0x00007ff81c2b5000 	/System/Library/Frameworks/CoreData.framework/Versions/A/CoreData
0x00007ff817180000 	/System/Library/Frameworks/Foundation.framework/Versions/C/Foundation
0x00007ff8215a8000 	/usr/lib/libSystem.B.dylib
0x00007ff819bf2000 	/System/Library/PrivateFrameworks/UIFoundation.framework/Versions/A/UIFoundation
0x00007ff82749c000 	/System/Library/PrivateFrameworks/RemoteViewServices.framework/Versions/A/RemoteViewServices
0x00007ff81f79b000 	/System/Library/PrivateFrameworks/XCTTargetBootstrap.framework/Versions/A/XCTTargetBootstrap
0x00007ff823473000 	/System/Library/PrivateFrameworks/InternationalSupport.framework/Versions/A/InternationalSupport
0x00007ff8234fd000 	/System/Library/PrivateFrameworks/UserActivity.framework/Versions/A/UserActivity
0x00007ff82285a000 	/usr/lib/libspindump.dylib
0x00007ff819e80000 	/System/Library/Frameworks/UniformTypeIdentifiers.framework/Versions/A/UniformTypeIdentifiers
0x00007ff81deda000 	/usr/lib/libapp_launch_measurement.dylib
0x00007ff81cc8f000 	/System/Library/PrivateFrameworks/CoreAnalytics.framework/Versions/A/CoreAnalytics
0x00007ff81dedd000 	/System/Library/PrivateFrameworks/CoreAutoLayout.framework/Versions/A/CoreAutoLayout
0x00007ff81f0fc000 	/System/Library/Frameworks/Metal.framework/Versions/A/Metal
0x00007ff81fe13000 	/usr/lib/liblangid.dylib
0x00007ff81f79f000 	/System/Library/PrivateFrameworks/CoreSVG.framework/Versions/A/CoreSVG
0x00007ff81b242000 	/System/Library/PrivateFrameworks/SkyLight.framework/Versions/A/SkyLight
0x00007ff81b5d3000 	/System/Library/Frameworks/CoreGraphics.framework/Versions/A/CoreGraphics
0x00007ff827b07000 	/System/Library/Frameworks/Accelerate.framework/Versions/A/Accelerate
0x00007ff8222d5000 	/System/Library/PrivateFrameworks/IconServices.framework/Versions/A/IconServices
0x00007ff81f0e1000 	/System/Library/Frameworks/IOSurface.framework/Versions/A/IOSurface
0x00007ff81ccbd000 	/usr/lib/libDiagnosticMessagesClient.dylib
0x00007ff8214c2000 	/usr/lib/libz.1.dylib
0x00007ff82b166000 	/System/Library/Frameworks/ApplicationServices.framework/Versions/A/ApplicationServices
0x00007ff81f787000 	/System/Library/PrivateFrameworks/DFRFoundation.framework/Versions/A/DFRFoundation
0x00007ff818656000 	/usr/lib/libicucore.A.dylib
0x00007ff824195000 	/System/Library/Frameworks/AudioToolbox.framework/Versions/A/AudioToolbox
0x00007ff82347f000 	/System/Library/PrivateFrameworks/DataDetectorsCore.framework/Versions/A/DataDetectorsCore
0x00007ff91ec14000 	/System/Library/PrivateFrameworks/TextInput.framework/Versions/A/TextInput
0x00007ff81b1c5000 	/usr/lib/libMobileGestalt.dylib
0x00007ff81f48f000 	/System/Library/Frameworks/Carbon.framework/Versions/A/Frameworks/HIToolbox.framework/Versions/A/HIToolbox
0x00007ff81d908000 	/System/Library/Frameworks/QuartzCore.framework/Versions/A/QuartzCore
0x00007ff8182f7000 	/System/Library/Frameworks/Security.framework/Versions/A/Security
0x00007ff8274d4000 	/System/Library/Frameworks/Carbon.framework/Versions/A/Frameworks/SpeechRecognition.framework/Versions/A/SpeechRecognition
0x00007ff81dc3a000 	/System/Library/PrivateFrameworks/CoreUI.framework/Versions/A/CoreUI
0x00007ff817bd1000 	/System/Library/Frameworks/CoreAudio.framework/Versions/A/CoreAudio
0x00007ff81cdab000 	/System/Library/Frameworks/DiskArbitration.framework/Versions/A/DiskArbitration
0x00007ff822c3d000 	/System/Library/PrivateFrameworks/MultitouchSupport.framework/Versions/A/MultitouchSupport
0x00007ff81b1c4000 	/usr/lib/libenergytrace.dylib
0x00007ff818c51000 	/System/Library/Frameworks/IOKit.framework/Versions/A/IOKit
0x00007ff8278be000 	/System/Library/Frameworks/CoreServices.framework/Versions/A/CoreServices
0x00007ff81de74000 	/System/Library/PrivateFrameworks/PerformanceAnalysis.framework/Versions/A/PerformanceAnalysis
0x00007ffa2e683000 	/System/Library/Frameworks/OpenGL.framework/Versions/A/OpenGL
0x00007ff820afa000 	/System/Library/PrivateFrameworks/MobileKeyBag.framework/Versions/A/MobileKeyBag
0x00007ff816218000 	/usr/lib/libobjc.A.dylib
0x00007ff81bd02000 	/System/Library/Frameworks/ColorSync.framework/Versions/A/ColorSync
0x00007ff8163d4000 	/System/Library/Frameworks/CoreFoundation.framework/Versions/A/CoreFoundation
0x00007ff81fa1a000 	/System/Library/Frameworks/CoreImage.framework/Versions/A/CoreImage
0x00007ff8179e7000 	/System/Library/Frameworks/CoreText.framework/Versions/A/CoreText
0x00007ff81f7ce000 	/System/Library/Frameworks/ImageIO.framework/Versions/A/ImageIO
0x00007ff8215ae000 	/System/Library/PrivateFrameworks/SoftLinking.framework/Versions/A/SoftLinking
0x00007ff81df25000 	/usr/lib/libxml2.2.dylib
0x00007ff8162e1000 	/usr/lib/libc++.1.dylib
0x00007ff82182e000 	/usr/lib/libcompression.dylib
0x00007ff8233a9000 	/System/Library/PrivateFrameworks/TextureIO.framework/Versions/A/TextureIO
0x00007ff821f4e000 	/usr/lib/libate.dylib
0x00007ff8215a3000 	/usr/lib/system/libcache.dylib
0x00007ff82155f000 	/usr/lib/system/libcommonCrypto.dylib
0x00007ff821588000 	/usr/lib/system/libcompiler_rt.dylib
0x00007ff82157e000 	/usr/lib/system/libcopyfile.dylib
0x00007ff816112000 	/usr/lib/system/libcorecrypto.dylib
0x00007ff8161d1000 	/usr/lib/system/libdispatch.dylib
0x00007ff816393000 	/usr/lib/system/libdyld.dylib
0x00007ff82159a000 	/usr/lib/system/libkeymgr.dylib
0x00007ff82153d000 	/usr/lib/system/libmacho.dylib
0x00007ff820bce000 	/usr/lib/system/libquarantine.dylib
0x00007ff821598000 	/usr/lib/system/libremovefile.dylib
0x00007ff81b211000 	/usr/lib/system/libsystem_asl.dylib
0x00007ff8160c0000 	/usr/lib/system/libsystem_blocks.dylib
0x00007ff816258000 	/usr/lib/system/libsystem_c.dylib
0x00007ff821590000 	/usr/lib/system/libsystem_collections.dylib
0x00007ff81fe04000 	/usr/lib/system/libsystem_configuration.dylib
0x00007ff81f0c4000 	/usr/lib/system/libsystem_containermanager.dylib
0x00007ff821276000 	/usr/lib/system/libsystem_coreservices.dylib
0x00007ff8188df000 	/usr/lib/system/libsystem_darwin.dylib
0x00007ff82159b000 	/usr/lib/system/libsystem_dnssd.dylib
0x00007ff816255000 	/usr/lib/system/libsystem_featureflags.dylib
0x00007ff8163a9000 	/usr/lib/system/libsystem_info.dylib
0x00007ff8214d5000 	/usr/lib/system/libsystem_m.dylib
0x00007ff8161a5000 	/usr/lib/system/libsystem_malloc.dylib
0x00007ff81b1ae000 	/usr/lib/system/libsystem_networkextension.dylib
0x00007ff818d07000 	/usr/lib/system/libsystem_notify.dylib
0x00007ff827795000 	/usr/lib/system/libsystem_product_info_filter.dylib
0x00007ff81fe08000 	/usr/lib/system/libsystem_sandbox.dylib
0x00007ff821595000 	/usr/lib/system/libsystem_secinit.dylib
0x00007ff816350000 	/usr/lib/system/libsystem_kernel.dylib
0x00007ff81639f000 	/usr/lib/system/libsystem_platform.dylib
0x00007ff816387000 	/usr/lib/system/libsystem_pthread.dylib
0x00007ff81cad5000 	/usr/lib/system/libsystem_symptoms.dylib
0x00007ff8160f9000 	/usr/lib/system/libsystem_trace.dylib
0x00007ff82156b000 	/usr/lib/system/libunwind.dylib
0x00007ff8160c2000 	/usr/lib/system/libxpc.dylib
0x00007ff81633a000 	/usr/lib/libc++abi.dylib
0x00007ff821576000 	/usr/lib/liboah.dylib
0x00007ff821d07000 	/usr/lib/liblzma.5.dylib
0x00007ff816e91000 	/System/Library/Frameworks/SystemConfiguration.framework/Versions/A/SystemConfiguration
0x00007ff8215aa000 	/usr/lib/libfakelink.dylib
0x00007ff81ad18000 	/System/Library/Frameworks/CFNetwork.framework/Versions/A/CFNetwork
0x00007ff8216e9000 	/usr/lib/libarchive.2.dylib
0x00007ff81fe0f000 	/System/Library/PrivateFrameworks/AppleSystemInfo.framework/Versions/A/AppleSystemInfo
0x00007ff820bf4000 	/usr/lib/libbsm.0.dylib
0x00007ff81a34f000 	/usr/lib/libnetwork.dylib
0x00007ff821543000 	/usr/lib/system/libkxld.dylib
0x00007ff820823000 	/System/Library/PrivateFrameworks/IOMobileFramebuffer.framework/Versions/A/IOMobileFramebuffer
0x00007ffb2c025000 	/usr/lib/libCoreEntitlements.dylib
0x00007ff821258000 	/System/Library/PrivateFrameworks/AppleFSCompression.framework/Versions/A/AppleFSCompression
0x00007ff820bdd000 	/usr/lib/libcoretls.dylib
0x00007ff821d21000 	/usr/lib/libcoretls_cfhelpers.dylib
0x00007ff821829000 	/usr/lib/libpam.2.dylib
0x00007ff81c6fb000 	/usr/lib/libsqlite3.dylib
0x00007ff821d90000 	/usr/lib/libxar.1.dylib
0x00007ff821268000 	/usr/lib/libbz2.1.0.dylib
0x00007ff8215af000 	/usr/lib/libpcap.A.dylib
0x00007ff81cacc000 	/usr/lib/libdns_services.dylib
0x00007ff8217fb000 	/usr/lib/libapple_nghttp2.dylib
0x00007ff8215e6000 	/usr/lib/libiconv.2.dylib
0x00007ff82153c000 	/usr/lib/libcharset.1.dylib
0x00007ff81dea8000 	/System/Library/Frameworks/CoreServices.framework/Versions/A/Frameworks/FSEvents.framework/Versions/A/FSEvents
0x00007ff8188e9000 	/System/Library/Frameworks/CoreServices.framework/Versions/A/Frameworks/CarbonCore.framework/Versions/A/CarbonCore
0x00007ff81cd10000 	/System/Library/Frameworks/CoreServices.framework/Versions/A/Frameworks/Metadata.framework/Versions/A/Metadata
0x00007ff82127b000 	/System/Library/Frameworks/CoreServices.framework/Versions/A/Frameworks/OSServices.framework/Versions/A/OSServices
0x00007ff82176f000 	/System/Library/Frameworks/CoreServices.framework/Versions/A/Frameworks/SearchKit.framework/Versions/A/SearchKit
0x00007ff81ca5e000 	/System/Library/Frameworks/CoreServices.framework/Versions/A/Frameworks/AE.framework/Versions/A/AE
0x00007ff8168d5000 	/System/Library/Frameworks/CoreServices.framework/Versions/A/Frameworks/LaunchServices.framework/Versions/A/LaunchServices
0x00007ff821cb8000 	/System/Library/Frameworks/CoreServices.framework/Versions/A/Frameworks/DictionaryServices.framework/Versions/A/DictionaryServices
0x00007ff81deb5000 	/System/Library/Frameworks/CoreServices.framework/Versions/A/Frameworks/SharedFileList.framework/Versions/A/SharedFileList
0x00007ff820bd1000 	/usr/lib/libCheckFix.dylib
0x00007ff81b228000 	/System/Library/PrivateFrameworks/TCC.framework/Versions/A/TCC
0x00007ff81fe15000 	/System/Library/PrivateFrameworks/CoreNLP.framework/Versions/A/CoreNLP
0x00007ff81ccc0000 	/System/Library/PrivateFrameworks/MetadataUtilities.framework/Versions/A/MetadataUtilities
0x00007ff816f41000 	/usr/lib/libmecabra.dylib
0x00007ff820c04000 	/usr/lib/libmecab.dylib
0x00007ff816f0c000 	/usr/lib/libCRFSuite.dylib
0x00007ff820c61000 	/usr/lib/libgermantok.dylib
0x00007ff8217d6000 	/usr/lib/libThaiTokenizer.dylib
0x00007ff81cdb2000 	/System/Library/Frameworks/Accelerate.framework/Versions/A/Frameworks/vImage.framework/Versions/A/vImage
0x00007ff827895000 	/System/Library/Frameworks/Accelerate.framework/Versions/A/Frameworks/vecLib.framework/Versions/A/vecLib
0x00007ff821dd1000 	/System/Library/Frameworks/Accelerate.framework/Versions/A/Frameworks/vecLib.framework/Versions/A/libvMisc.dylib
0x00007ff820617000 	/System/Library/Frameworks/Accelerate.framework/Versions/A/Frameworks/vecLib.framework/Versions/A/libvDSP.dylib
0x00007ff816c4d000 	/System/Library/Frameworks/Accelerate.framework/Versions/A/Frameworks/vecLib.framework/Versions/A/libBLAS.dylib
0x00007ff82190b000 	/System/Library/Frameworks/Accelerate.framework/Versions/A/Frameworks/vecLib.framework/Versions/A/libLAPACK.dylib
0x00007ff820c64000 	/System/Library/Frameworks/Accelerate.framework/Versions/A/Frameworks/vecLib.framework/Versions/A/libLinearAlgebra.dylib
0x00007ff821814000 	/System/Library/Frameworks/Accelerate.framework/Versions/A/Frameworks/vecLib.framework/Versions/A/libSparseBLAS.dylib
0x00007ff821905000 	/System/Library/Frameworks/Accelerate.framework/Versions/A/Frameworks/vecLib.framework/Versions/A/libQuadrature.dylib
0x00007ff81feff000 	/System/Library/Frameworks/Accelerate.framework/Versions/A/Frameworks/vecLib.framework/Versions/A/libBNNS.dylib
0x00007ff816e22000 	/System/Library/Frameworks/Accelerate.framework/Versions/A/Frameworks/vecLib.framework/Versions/A/libSparse.dylib
0x00007ff81fef8000 	/System/Library/PrivateFrameworks/LinguisticData.framework/Versions/A/LinguisticData
0x00007ff816dd7000 	/System/Library/PrivateFrameworks/Lexicon.framework/Versions/A/Lexicon
0x00007ff821dca000 	/usr/lib/libChineseTokenizer.dylib
0x00007ff81753b000 	/System/Library/PrivateFrameworks/LanguageModeling.framework/Versions/A/LanguageModeling
0x00007ff8217d8000 	/System/Library/PrivateFrameworks/AppleSauce.framework/Versions/A/AppleSauce
0x00007ff820811000 	/System/Library/PrivateFrameworks/CoreEmoji.framework/Versions/A/CoreEmoji
0x00007ff8216d8000 	/usr/lib/libcmph.dylib
0x00007ff81de8c000 	/System/Library/Frameworks/OpenDirectory.framework/Versions/A/Frameworks/CFOpenDirectory.framework/Versions/A/CFOpenDirectory
0x00007ff81de80000 	/System/Library/Frameworks/OpenDirectory.framework/Versions/A/OpenDirectory
0x00007ff821d23000 	/System/Library/PrivateFrameworks/APFS.framework/Versions/A/APFS
0x00007ff820b32000 	/System/Library/Frameworks/SecurityFoundation.framework/Versions/A/SecurityFoundation
0x00007ff821d9e000 	/usr/lib/libutil.dylib
0x00007ff818c14000 	/System/Library/PrivateFrameworks/CoreServicesStore.framework/Versions/A/CoreServicesStore
0x00007ff821da2000 	/usr/lib/libxslt.1.dylib
0x00007ff820bbf000 	/System/Library/PrivateFrameworks/BackgroundTaskManagement.framework/Versions/A/BackgroundTaskManagement
0x00007ff8232cb000 	/System/Library/Frameworks/ImageIO.framework/Versions/A/Resources/libRadiance.dylib
0x00007ff8232d4000 	/System/Library/Frameworks/ImageIO.framework/Versions/A/Resources/libJPEG.dylib
0x00007ff823225000 	/System/Library/Frameworks/ImageIO.framework/Versions/A/Resources/libPng.dylib
0x00007ff823246000 	/System/Library/Frameworks/ImageIO.framework/Versions/A/Resources/libTIFF.dylib
0x00007ff823332000 	/System/Library/Frameworks/ImageIO.framework/Versions/A/Resources/libGIF.dylib
0x00007ff822b5a000 	/System/Library/Frameworks/ImageIO.framework/Versions/A/Resources/libJP2.dylib
0x00007ff82229c000 	/usr/lib/libexpat.1.dylib
0x00007ff822b0f000 	/System/Library/PrivateFrameworks/AppleJPEG.framework/Versions/A/AppleJPEG
0x00007ff81f356000 	/System/Library/PrivateFrameworks/FontServices.framework/libFontParser.dylib
0x00007ff81ca08000 	/System/Library/PrivateFrameworks/RunningBoardServices.framework/Versions/A/RunningBoardServices
0x00007ff82da35000 	/System/Library/PrivateFrameworks/IOSurfaceAccelerator.framework/Versions/A/IOSurfaceAccelerator
0x00007ff822c39000 	/System/Library/PrivateFrameworks/WatchdogClient.framework/Versions/A/WatchdogClient
0x00007ff81762a000 	/System/Library/Frameworks/CoreDisplay.framework/Versions/A/CoreDisplay
0x00007ff81f256000 	/System/Library/Frameworks/CoreMedia.framework/Versions/A/CoreMedia
0x00007ff81f0f3000 	/System/Library/PrivateFrameworks/IOAccelerator.framework/Versions/A/IOAccelerator
0x00007ff81e008000 	/System/Library/Frameworks/CoreVideo.framework/Versions/A/CoreVideo
0x00007ff821827000 	/System/Library/Frameworks/MetalPerformanceShaders.framework/Versions/A/MetalPerformanceShaders
0x00007ff822c74000 	/System/Library/Frameworks/VideoToolbox.framework/Versions/A/VideoToolbox
0x00007ff81c950000 	/System/Library/PrivateFrameworks/BaseBoard.framework/Versions/A/BaseBoard
0x00007ff81c6e1000 	/System/Library/PrivateFrameworks/ProtocolBuffer.framework/Versions/A/ProtocolBuffer
0x00007ff8232c4000 	/System/Library/PrivateFrameworks/GPUWrangler.framework/Versions/A/GPUWrangler
0x00007ff8232a7000 	/System/Library/PrivateFrameworks/IOPresentment.framework/Versions/A/IOPresentment
0x00007ff8232ce000 	/System/Library/PrivateFrameworks/DSExternalDisplay.framework/Versions/A/DSExternalDisplay
0x00007ffa2e677000 	/System/Library/Frameworks/OpenGL.framework/Versions/A/Libraries/libCoreFSCache.dylib
0x00007ffb1a624000 	/System/Library/PrivateFrameworks/GPUCompiler.framework/Versions/31001/Libraries/libGPUCompilerUtils.dylib
0x00007ff823337000 	/System/Library/PrivateFrameworks/CMCaptureCore.framework/Versions/A/CMCaptureCore
0x00007ff822848000 	/System/Library/PrivateFrameworks/AppServerSupport.framework/Versions/A/AppServerSupport
0x00007ff824a12000 	/System/Library/PrivateFrameworks/perfdata.framework/Versions/A/perfdata
0x00007ff817756000 	/System/Library/PrivateFrameworks/AudioToolboxCore.framework/Versions/A/AudioToolboxCore
0x00007ff81f233000 	/System/Library/PrivateFrameworks/caulk.framework/Versions/A/caulk
0x00007ff82433f000 	/usr/lib/libAudioStatistics.dylib
0x00007ff91b4d3000 	/System/Library/PrivateFrameworks/SystemPolicy.framework/Versions/A/SystemPolicy
0x00007ff82458b000 	/usr/lib/libSMC.dylib
0x00007ff82d377000 	/System/Library/Frameworks/CoreMIDI.framework/Versions/A/CoreMIDI
0x00007ff8231f5000 	/usr/lib/libAudioToolboxUtility.dylib
0x00007ff91795b000 	/System/Library/PrivateFrameworks/OSAServicesClient.framework/Versions/A/OSAServicesClient
0x00007ff824a1f000 	/usr/lib/libperfcheck.dylib
0x00007ff91bf5f000 	/usr/lib/libmis.dylib
0x00007ffa2e6d3000 	/System/Library/Frameworks/OpenGL.framework/Versions/A/Libraries/libGLU.dylib
0x00007ffa2e696000 	/System/Library/Frameworks/OpenGL.framework/Versions/A/Libraries/libGFXShared.dylib
0x00007ffa2e8a4000 	/System/Library/Frameworks/OpenGL.framework/Versions/A/Libraries/libGL.dylib
0x00007ffa2e69f000 	/System/Library/Frameworks/OpenGL.framework/Versions/A/Libraries/libGLImage.dylib
0x00007ffa2e693000 	/System/Library/Frameworks/OpenGL.framework/Versions/A/Libraries/libCVMSPluginSupport.dylib
0x00007ffa2e67e000 	/System/Library/Frameworks/OpenGL.framework/Versions/A/Libraries/libCoreVMClient.dylib
0x00007ff81fd93000 	/System/Library/Frameworks/MetalPerformanceShaders.framework/Versions/A/Frameworks/MPSCore.framework/Versions/A/MPSCore
0x00007ff8211c3000 	/System/Library/Frameworks/MetalPerformanceShaders.framework/Versions/A/Frameworks/MPSImage.framework/Versions/A/MPSImage
0x00007ff820c7a000 	/System/Library/Frameworks/MetalPerformanceShaders.framework/Versions/A/Frameworks/MPSNeuralNetwork.framework/Versions/A/MPSNeuralNetwork
0x00007ff8210ef000 	/System/Library/Frameworks/MetalPerformanceShaders.framework/Versions/A/Frameworks/MPSMatrix.framework/Versions/A/MPSMatrix
0x00007ff820eab000 	/System/Library/Frameworks/MetalPerformanceShaders.framework/Versions/A/Frameworks/MPSRayIntersector.framework/Versions/A/MPSRayIntersector
0x00007ff821128000 	/System/Library/Frameworks/MetalPerformanceShaders.framework/Versions/A/Frameworks/MPSNDArray.framework/Versions/A/MPSNDArray
0x00007ffa3327c000 	/System/Library/Frameworks/MetalPerformanceShaders.framework/Versions/A/Frameworks/MPSFunctions.framework/Versions/A/MPSFunctions
0x00007ff816b30000 	/System/Library/PrivateFrameworks/MetalTools.framework/Versions/A/MetalTools
0x00007ff81fe0d000 	/System/Library/PrivateFrameworks/AggregateDictionary.framework/Versions/A/AggregateDictionary
0x00007ff82207e000 	/usr/lib/libIOReport.dylib
0x00007ffa2fcb3000 	/System/Library/Frameworks/OpenCL.framework/Versions/A/OpenCL
0x00007ff8223e2000 	/System/Library/PrivateFrameworks/FaceCore.framework/Versions/A/FaceCore
0x00007ff8223d3000 	/System/Library/PrivateFrameworks/GraphVisualizer.framework/Versions/A/GraphVisualizer
0x00007ffb1a52f000 	/System/Library/PrivateFrameworks/FontServices.framework/Versions/A/FontServices
0x00007ff8227ff000 	/System/Library/PrivateFrameworks/OTSVG.framework/Versions/A/OTSVG
0x00007ff81dbf0000 	/System/Library/Frameworks/ApplicationServices.framework/Versions/A/Frameworks/ATS.framework/Versions/A/Resources/libFontRegistry.dylib
0x00007ff822850000 	/System/Library/PrivateFrameworks/FontServices.framework/libhvf.dylib
0x00007ffb1a530000 	/System/Library/PrivateFrameworks/FontServices.framework/libXTFontStaticRegistryData.dylib
0x00007ff82224c000 	/System/Library/PrivateFrameworks/AppleVA.framework/Versions/A/AppleVA
0x00007ff82435f000 	/System/Library/Frameworks/ApplicationServices.framework/Versions/A/Frameworks/ATS.framework/Versions/A/ATS
0x00007ff81bdfe000 	/System/Library/Frameworks/ApplicationServices.framework/Versions/A/Frameworks/HIServices.framework/Versions/A/HIServices
0x00007ff823341000 	/System/Library/Frameworks/ApplicationServices.framework/Versions/A/Frameworks/PrintCore.framework/Versions/A/PrintCore
0x00007ff8246de000 	/System/Library/Frameworks/ApplicationServices.framework/Versions/A/Frameworks/QD.framework/Versions/A/QD
0x00007ff8246d6000 	/System/Library/Frameworks/ApplicationServices.framework/Versions/A/Frameworks/ColorSyncLegacy.framework/Versions/A/ColorSyncLegacy
0x00007ff82434f000 	/System/Library/Frameworks/ApplicationServices.framework/Versions/A/Frameworks/SpeechSynthesis.framework/Versions/A/SpeechSynthesis
0x00007ff823302000 	/System/Library/Frameworks/ApplicationServices.framework/Versions/A/Frameworks/ATSUI.framework/Versions/A/ATSUI
0x00007ff82466b000 	/usr/lib/libcups.2.dylib
0x00007ff824a2e000 	/System/Library/Frameworks/Kerberos.framework/Versions/A/Kerberos
0x00007ff824a3d000 	/System/Library/Frameworks/GSS.framework/Versions/A/GSS
0x00007ff8243cb000 	/usr/lib/libresolv.9.dylib
0x00007ff82285f000 	/System/Library/PrivateFrameworks/Heimdal.framework/Versions/A/Heimdal
0x00007ff82b4e1000 	/System/Library/Frameworks/Kerberos.framework/Versions/A/Libraries/libHeimdalProxy.dylib
0x00007ff81cadd000 	/System/Library/Frameworks/Network.framework/Versions/A/Network
0x00007ff8222b6000 	/usr/lib/libheimdal-asn1.dylib
0x00007ff824a88000 	/System/Library/PrivateFrameworks/CommonAuth.framework/Versions/A/CommonAuth
0x00007ff8242d0000 	/System/Library/PrivateFrameworks/AudioSession.framework/Versions/A/AudioSession
0x00007ff822346000 	/System/Library/PrivateFrameworks/MediaExperience.framework/Versions/A/MediaExperience
0x00007ff824164000 	/System/Library/PrivateFrameworks/AudioSession.framework/libSessionUtility.dylib
0x00007ff8246ea000 	/System/Library/PrivateFrameworks/AudioResourceArbitration.framework/Versions/A/AudioResourceArbitration
0x00007ff8222bf000 	/System/Library/PrivateFrameworks/IconFoundation.framework/Versions/A/IconFoundation
0x00007ff8274c4000 	/System/Library/PrivateFrameworks/SpeechRecognitionCore.framework/Versions/A/SpeechRecognitionCore
0x00007ffa1fb26000 	/System/Library/CoreServices/Encodings/libKoreanConverter.dylib
0x0000000109928000 	/Users/jojunbeom/Library/Java/JavaVirtualMachines/corretto-11.0.14.1/Contents/Home/lib/server/libjvm.dylib
0x0000000108c09000 	/Users/jojunbeom/Library/Java/JavaVirtualMachines/corretto-11.0.14.1/Contents/Home/lib/libverify.dylib
0x0000000108c31000 	/Users/jojunbeom/Library/Java/JavaVirtualMachines/corretto-11.0.14.1/Contents/Home/lib/libjava.dylib
0x0000000108b9f000 	/Users/jojunbeom/Library/Java/JavaVirtualMachines/corretto-11.0.14.1/Contents/Home/lib/libjimage.dylib
0x0000000108cb0000 	/Users/jojunbeom/Library/Java/JavaVirtualMachines/corretto-11.0.14.1/Contents/Home/lib/libinstrument.dylib
0x0000000108d6b000 	/private/var/folders/k6/dkc35rrd3kvf4z8xbpc5z4zh0000gn/T/libasyncProfiler.so
0x0000000108d2b000 	/Users/jojunbeom/Library/Java/JavaVirtualMachines/corretto-11.0.14.1/Contents/Home/lib/libzip.dylib
0x000000012c577000 	/Users/jojunbeom/Library/Java/JavaVirtualMachines/corretto-11.0.14.1/Contents/Home/lib/libnio.dylib
0x000000012c5c8000 	/Users/jojunbeom/Library/Java/JavaVirtualMachines/corretto-11.0.14.1/Contents/Home/lib/libnet.dylib
0x000000012c619000 	/Users/jojunbeom/Library/Java/JavaVirtualMachines/corretto-11.0.14.1/Contents/Home/lib/libextnet.dylib
0x000000012c789000 	/Users/jojunbeom/Library/Java/JavaVirtualMachines/corretto-11.0.14.1/Contents/Home/lib/libmanagement.dylib
0x000000012c7b2000 	/Users/jojunbeom/Library/Java/JavaVirtualMachines/corretto-11.0.14.1/Contents/Home/lib/libmanagement_ext.dylib


VM Arguments:
jvm_args: -XX:TieredStopAtLevel=1 -Xverify:none -Dspring.output.ansi.enabled=always -Dcom.sun.management.jmxremote -Dspring.jmx.enabled=true -Dspring.liveBeansView.mbeanDomain -Dspring.application.admin.enabled=true -javaagent:/Applications/IntelliJ IDEA.app/Contents/lib/idea_rt.jar=54812:/Applications/IntelliJ IDEA.app/Contents/bin -agentpath:/private/var/folders/k6/dkc35rrd3kvf4z8xbpc5z4zh0000gn/T/libasyncProfiler.so=start,jfr,event=cpu,interval=1ms,event=alloc,file=/Users/jojunbeom/CoreApplication_2022_05_24_183715.jfr -Dfile.encoding=UTF-8 
java_command: hello.core.CoreApplication
java_class_path (initial): /Users/jojunbeom/Downloads/study/core/out/production/classes:/Users/jojunbeom/Downloads/study/core/out/production/resources:/Users/jojunbeom/.gradle/caches/modules-2/files-2.1/org.projectlombok/lombok/1.18.24/13a394eed5c4f9efb2a6d956e2086f1d81e857d9/lombok-1.18.24.jar:/Users/jojunbeom/.gradle/caches/modules-2/files-2.1/org.springframework.boot/spring-boot-starter-web/2.7.0/7bf2381d030023970b5375c1090545e480467aa1/spring-boot-starter-web-2.7.0.jar:/Users/jojunbeom/.gradle/caches/modules-2/files-2.1/org.springframework.boot/spring-boot-starter/2.7.0/64fd3c21486dd20df9a62566599337dae2eb62cc/spring-boot-starter-2.7.0.jar:/Users/jojunbeom/.gradle/caches/modules-2/files-2.1/javax.inject/javax.inject/1/6975da39a7040257bd51d21a231b76c915872d38/javax.inject-1.jar:/Users/jojunbeom/.gradle/caches/modules-2/files-2.1/org.springframework.boot/spring-boot-starter-json/2.7.0/f7120f4a6fd5dd2ca2128061e420e45ae2294943/spring-boot-starter-json-2.7.0.jar:/Users/jojunbeom/.gradle/caches/modules-2/files-2.1/org.springframework.boot/spring-boot-starter-tomcat/2.7.0/b8e5cd8cd4bf3935a68468fe32fe2e7550f96b8a/spring-boot-starter-tomcat-2.7.0.jar:/Users/jojunbeom/.gradle/caches/modules-2/files-2.1/org.springframework/spring-webmvc/5.3.20/8ac1b72a1f5c41fdc2cb3340cd94f795af260301/spring-webmvc-5.3.20.jar:/Users/jojunbeom/.gradle/caches/modules-2/files-2.1/org.springframework/spring-web/5.3.20/3c2fe9363760d62d5b7c9f087bb4255e3377a0b2/spring-web-5.3.20.jar:/Users/jojunbeom/.gradle/caches/modules-2/files-2.1/org.springframework.boot/spring-boot-autoconfigure/2.7.0/483f9a66d0e8326583c5054038d0aa0a95045dc3/spring-boot-autoconfigure-2.7.0.jar:/Users/jojunbeom/.gradle/caches/modules-2/files-2.1/org.springframework.boot/spring-boot/2.7.0/df8bd106d6c6a6494b787b71d23cef6d2dc73703/spring-boot-2.7.0.jar:/Users/jojunbeom/.gradle/caches/modules-2/files-2.1/org.springframework.boot/spring-boot-starter-logging/2.7.0/5ff2a55d345ad824f39d55eaa32203865a92b30f/spring-boot-starter-loggin
Launcher Type: SUN_STANDARD

[Global flags]
     bool BytecodeVerificationLocal                = false                                     {product} {command line}
     bool BytecodeVerificationRemote               = false                                     {product} {command line}
     intx CICompilerCount                          = 4                                         {product} {ergonomic}
     uint ConcGCThreads                            = 2                                         {product} {ergonomic}
     uint G1ConcRefinementThreads                  = 8                                         {product} {ergonomic}
   size_t G1HeapRegionSize                         = 1048576                                   {product} {ergonomic}
    uintx GCDrainStackTargetSize                   = 64                                        {product} {ergonomic}
   size_t InitialHeapSize                          = 134217728                                 {product} {ergonomic}
     bool ManagementServer                         = true                                      {product} {command line}
   size_t MarkStackSize                            = 4194304                                   {product} {ergonomic}
   size_t MaxHeapSize                              = 2147483648                                {product} {ergonomic}
   size_t MaxNewSize                               = 1287651328                                {product} {ergonomic}
   size_t MinHeapDeltaBytes                        = 1048576                                   {product} {ergonomic}
    uintx NonNMethodCodeHeapSize                   = 7549744                                {pd product} {ergonomic}
    uintx NonProfiledCodeHeapSize                  = 244108496                              {pd product} {ergonomic}
    uintx ProfiledCodeHeapSize                     = 0                                      {pd product} {ergonomic}
    uintx ReservedCodeCacheSize                    = 251658240                              {pd product} {ergonomic}
     bool SegmentedCodeCache                       = true                                      {product} {ergonomic}
     intx TieredStopAtLevel                        = 1                                         {product} {command line}
     bool UseCompressedClassPointers               = true                                 {lp64_product} {ergonomic}
     bool UseCompressedOops                        = true                                 {lp64_product} {ergonomic}
     bool UseG1GC                                  = true                                      {product} {ergonomic}

Logging:
Log output configuration:
 #0: stdout all=warning uptime,level,tags
 #1: stderr all=off uptime,level,tags

Environment Variables:
JAVA_HOME=/Library/Java/JavaVirtualMachines/zulu-11.jdk/Contents/Home
PATH=/opt/homebrew/bin:/opt/homebrew/sbin:/usr/local/bin:/usr/bin:/bin:/usr/sbin:/sbin:/Library/Java/JavaVirtualMachines/zulu-11.jdk/Contents/Home/bin
SHELL=/bin/zsh
LC_CTYPE=ko_KR.UTF-8

Signal Handlers:
SIGSEGV: [libjvm.dylib+0x7ccc92], sa_mask[0]=11111111111111111111111111111111, sa_flags=SA_ONSTACK|SA_RESTART|SA_SIGINFO
SIGBUS: [libjvm.dylib+0x7ccc92], sa_mask[0]=11111111111111111111111111111111, sa_flags=SA_RESTART|SA_SIGINFO
SIGFPE: [libjvm.dylib+0x7ccc92], sa_mask[0]=11111111111111111111111111111111, sa_flags=SA_RESTART|SA_SIGINFO
SIGPIPE: [libjvm.dylib+0x630218], sa_mask[0]=11111111111111111111111111111111, sa_flags=SA_RESTART|SA_SIGINFO
SIGXFSZ: [libjvm.dylib+0x630218], sa_mask[0]=11111111111111111111111111111111, sa_flags=SA_RESTART|SA_SIGINFO
SIGILL: [libjvm.dylib+0x7ccc92], sa_mask[0]=11111111111111111111111111111111, sa_flags=SA_RESTART|SA_SIGINFO
SIGUSR2: [libjvm.dylib+0x6307f6], sa_mask[0]=00100000000000000000000000000000, sa_flags=SA_RESTART|SA_SIGINFO
SIGHUP: [libjvm.dylib+0x62f3a9], sa_mask[0]=11111111111111111111111111111111, sa_flags=SA_RESTART|SA_SIGINFO
SIGINT: [libjvm.dylib+0x62f3a9], sa_mask[0]=11111111111111111111111111111111, sa_flags=SA_RESTART|SA_SIGINFO
SIGTERM: [libjvm.dylib+0x62f3a9], sa_mask[0]=11111111111111111111111111111111, sa_flags=SA_RESTART|SA_SIGINFO
SIGQUIT: [libjvm.dylib+0x62f3a9], sa_mask[0]=11111111111111111111111111111111, sa_flags=SA_RESTART|SA_SIGINFO


---------------  S Y S T E M  ---------------

OS:uname:Darwin 21.1.0 Darwin Kernel Version 21.1.0: Wed Oct 13 17:33:24 PDT 2021; root:xnu-8019.41.5~1/RELEASE_ARM64_T8101 x86_64
OS uptime: 48 days 8:16 hours
rlimit (soft/hard): STACK 8176k/65520k , CORE 0k/infinity , NPROC 1333/2000 , NOFILE 10240/infinity , AS infinity/infinity , CPU infinity/infinity , DATA infinity/infinity , FSIZE infinity/infinity , MEMLOCK infinity/infinity , RSS infinity/infinity
load average:4.36 3.02 2.46

CPU:total 8 (initial active 8) (1 cores per cpu, 1 threads per core) family 6 model 44 stepping 0 microcode 0x0, cmov, cx8, fxsr, mmx, sse, sse2, sse3, ssse3, sse4.1, sse4.2, popcnt, aes, clmul, tsc, tscinvbit, tscinv

Memory: 4k page, physical 8388608k(22944k free), swap 3145728k(1263616k free)

vm_info: OpenJDK 64-Bit Server VM (11.0.14.1+10-LTS) for bsd-amd64 JRE (11.0.14.1+10-LTS), built on Feb  8 2022 01:38:57 by "ec2user" with clang Apple LLVM 13.0.0 (clang-1300.0.29.30)

END.
