#
# A fatal error has been detected by the Java Runtime Environment:
#
#  SIGBUS (0xa) at pc=0x000000030ced0900, pid=63790, tid=7939
#
# JRE version: OpenJDK Runtime Environment Corretto-11.0.14.10.1 (11.0.14.1+10) (build 11.0.14.1+10-LTS)
# Java VM: OpenJDK 64-Bit Server VM Corretto-11.0.14.10.1 (11.0.14.1+10-LTS, mixed mode, tiered, compressed oops, g1 gc, bsd-amd64)
# Problematic frame:
# C  0x000000030ced0900
#
# No core dump will be written. Core dumps have been disabled. To enable core dumping, try "ulimit -c unlimited" before starting Java again
#
# If you would like to submit a bug report, please visit:
#   https://github.com/corretto/corretto-11/issues/
#

---------------  S U M M A R Y ------------

Command Line: -ea -Didea.test.cyclic.buffer.size=1048576 -javaagent:/Applications/IntelliJ IDEA.app/Contents/lib/idea_rt.jar=62951:/Applications/IntelliJ IDEA.app/Contents/bin -agentpath:/private/var/folders/k6/dkc35rrd3kvf4z8xbpc5z4zh0000gn/T/libasyncProfiler.so=start,jfr,event=cpu,interval=1ms,event=alloc,file=/Users/jojunbeom/All_in_core_test_2022_05_20_201649.jfr -Dfile.encoding=UTF-8 com.intellij.rt.junit.JUnitStarter -ideVersion5 -junit5 @w@/private/var/folders/k6/dkc35rrd3kvf4z8xbpc5z4zh0000gn/T/idea_working_dirs_junit.tmp @/private/var/folders/k6/dkc35rrd3kvf4z8xbpc5z4zh0000gn/T/idea_junit.tmp -socket62950

Host: MacBookAir10,1 x86_64 2400 MHz, 8 cores, 8G, Darwin 21.1.0
Time: Fri May 20 20:16:51 2022 KST elapsed time: 2.431585 seconds (0d 0h 0m 2s)

---------------  T H R E A D  ---------------

Current thread (0x00007fc58f80b000):  JavaThread "main" [_thread_in_vm, id=7939, stack(0x000000030cdd2000,0x000000030ced2000)]

Stack: [0x000000030cdd2000,0x000000030ced2000],  sp=0x000000030ced0948,  free space=1018k
Native frames: (J=compiled Java code, A=aot compiled Java code, j=interpreted, Vv=VM code, C=native code)
C  0x000000030ced0900

Java frames: (J=compiled Java code, j=interpreted, Vv=VM code)
j  java.util.zip.InflaterInputStream.<init>(Ljava/io/InputStream;Ljava/util/zip/Inflater;I)V+73 java.base@11.0.14.1
j  java.util.zip.ZipFile$ZipFileInflaterInputStream.<init>(Ljava/util/zip/ZipFile;Ljava/util/zip/ZipFile$ZipFileInputStream;Ljava/util/zip/ZipFile$CleanableResource;Ljava/util/zip/Inflater;I)V+11 java.base@11.0.14.1
j  java.util.zip.ZipFile$ZipFileInflaterInputStream.<init>(Ljava/util/zip/ZipFile;Ljava/util/zip/ZipFile$ZipFileInputStream;Ljava/util/zip/ZipFile$CleanableResource;I)V+10 java.base@11.0.14.1
j  java.util.zip.ZipFile.getInputStream(Ljava/util/zip/ZipEntry;)Ljava/io/InputStream;+264 java.base@11.0.14.1
j  java.util.jar.JarFile.getInputStream(Ljava/util/zip/ZipEntry;)Ljava/io/InputStream;+13 java.base@11.0.14.1
j  jdk.internal.loader.URLClassPath$JarLoader$2.getInputStream()Ljava/io/InputStream;+11 java.base@11.0.14.1
j  jdk.internal.loader.Resource.cachedInputStream()Ljava/io/InputStream;+9 java.base@11.0.14.1
j  jdk.internal.loader.Resource.getByteBuffer()Ljava/nio/ByteBuffer;+1 java.base@11.0.14.1
j  jdk.internal.loader.BuiltinClassLoader.defineClass(Ljava/lang/String;Ljdk/internal/loader/Resource;)Ljava/lang/Class;+45 java.base@11.0.14.1
j  jdk.internal.loader.BuiltinClassLoader.findClassOnClassPathOrNull(Ljava/lang/String;)Ljava/lang/Class;+37 java.base@11.0.14.1
j  jdk.internal.loader.BuiltinClassLoader.loadClassOrNull(Ljava/lang/String;Z)Ljava/lang/Class;+111 java.base@11.0.14.1
j  jdk.internal.loader.BuiltinClassLoader.loadClass(Ljava/lang/String;Z)Ljava/lang/Class;+3 java.base@11.0.14.1
j  jdk.internal.loader.ClassLoaders$AppClassLoader.loadClass(Ljava/lang/String;Z)Ljava/lang/Class;+36 java.base@11.0.14.1
j  java.lang.ClassLoader.loadClass(Ljava/lang/String;)Ljava/lang/Class;+3 java.base@11.0.14.1
v  ~StubRoutines::call_stub
j  com.intellij.junit5.JUnit5IdeaTestRunner.createListeners(Ljava/util/ArrayList;I)V+42
j  com.intellij.rt.junit.IdeaTestRunner$Repeater.startRunnerWithArgs(Lcom/intellij/rt/junit/IdeaTestRunner;[Ljava/lang/String;Ljava/util/ArrayList;Ljava/lang/String;IZ)I+4
j  com.intellij.rt.junit.JUnitStarter.prepareStreamsAndStart([Ljava/lang/String;Ljava/lang/String;Ljava/util/ArrayList;Ljava/lang/String;)I+116
j  com.intellij.rt.junit.JUnitStarter.main([Ljava/lang/String;)V+97
v  ~StubRoutines::call_stub

siginfo: si_signo: 10 (SIGBUS), si_code: 2 (BUS_ADRERR), si_addr: 0x000000030ced0900

Register to memory mapping:

RAX=0x000000010e365580: _ZN15JfrEventSetting19_jvm_event_settingsE+0 in /Users/jojunbeom/Library/Java/JavaVirtualMachines/corretto-11.0.14.1/Contents/Home/lib/server/libjvm.dylib at 0x000000010d994000
RBX=0x000000030ced0968 is pointing into the stack for thread: 0x00007fc58f80b000
RCX=0x00007fc58f80b000 is a thread
RDX=0x0000000000002838 is an unknown value
RSP=0x000000030ced0948 is pointing into the stack for thread: 0x00007fc58f80b000
RBP=0x000000010df5c6a6: _ZN12MemAllocator10Allocation17notify_allocationEv+0x16 in /Users/jojunbeom/Library/Java/JavaVirtualMachines/corretto-11.0.14.1/Contents/Home/lib/server/libjvm.dylib at 0x000000010d994000
RSI=0x0000000787b7b788 is an oop: [B 
{0x0000000787b7b788} - klass: {type array byte}
 - length: 10280
RDI=0x000000030ced0918 is pointing into the stack for thread: 0x00007fc58f80b000
R8 =0x00007fc58f80b000 is a thread
R9 =0x00007fc58f80b000 is a thread
R10=0x000000010e380150: _ZN19TemplateInterpreter13_active_tableE+0x2000 in /Users/jojunbeom/Library/Java/JavaVirtualMachines/corretto-11.0.14.1/Contents/Home/lib/server/libjvm.dylib at 0x000000010d994000
R11=0x000000010dbbe924: _ZN13CollectedHeap14array_allocateEP5KlassiibP6Thread+0 in /Users/jojunbeom/Library/Java/JavaVirtualMachines/corretto-11.0.14.1/Contents/Home/lib/server/libjvm.dylib at 0x000000010d994000
R12=0x0 is NULL
R13=0x000000012e528431 is pointing into metadata
R14=0x0000000787b7b788 is an oop: [B 
{0x0000000787b7b788} - klass: {type array byte}
 - length: 10280
R15=0x00007fc58f80b000 is a thread


Registers:
RAX=0x000000010e365580, RBX=0x000000030ced0968, RCX=0x00007fc58f80b000, RDX=0x0000000000002838
RSP=0x000000030ced0948, RBP=0x000000010df5c6a6, RSI=0x0000000787b7b788, RDI=0x000000030ced0918
R8 =0x00007fc58f80b000, R9 =0x00007fc58f80b000, R10=0x000000010e380150, R11=0x000000010dbbe924
R12=0x0000000000000000, R13=0x000000012e528431, R14=0x0000000787b7b788, R15=0x00007fc58f80b000
RIP=0x000000030ced0900, EFLAGS=0x0000000000000212, ERR=0x0000000000000015
  TRAPNO=0x000000000000000e

Top of Stack: (sp=0x000000030ced0948)
0x000000030ced0948:   000000030ced09c0 000000030ced09b0
0x000000030ced0958:   000000010df5ca99 000000030ced09c8
0x000000030ced0968:   000000030ced09c0 00007fc58f80b000
0x000000030ced0978:   000000030ced0998 000000030ced0000
0x000000030ced0988:   000000000000fac9 000000030ced0900
0x000000030ced0998:   0000000787b7b788 00007fc58f80b000
0x000000030ced09a8:   000000030ced0ab8 000000030ced09f0
0x000000030ced09b8:   000000010dbbe967 000000010e308990
0x000000030ced09c8:   00007fc58d009200 00007fc58f80b000
0x000000030ced09d8:   0000000800000820 0000000000000507
0x000000030ced09e8:   00007f0100002828 000000030ced0a20
0x000000030ced09f8:   000000010dd506fa 0000000000000000
0x000000030ced0a08:   00007fc58f80b000 00000000000000bc
0x000000030ced0a18:   000000030ced0ab8 000000030ced0a90
0x000000030ced0a28:   00000001182c05a8 00000001182ad267
0x000000030ced0a38:   00000001182c0571 0000000787cf5cf0
0x000000030ced0a48:   000000030ced0a48 000000012e528431
0x000000030ced0a58:   000000030ced0ab8 000000012e528ec0
0x000000030ced0a68:   0000000000000000 0000000787ed29a0
0x000000030ced0a78:   000000012e528488 0000000000000000
0x000000030ced0a88:   000000030ced0aa0 000000030ced0b08
0x000000030ced0a98:   00000001182ad267 0000000000002828
0x000000030ced0aa8:   0000000787cc1030 0000000787cf5cc0
0x000000030ced0ab8:   0000000787cf5cf0 000000030ced0ac0
0x000000030ced0ac8:   000000012e527743 000000030ced0b40
0x000000030ced0ad8:   000000012e529320 0000000000000000
0x000000030ced0ae8:   0000000787ed2a20 000000012e5277b0
0x000000030ced0af8:   000000030ced0aa0 000000030ced0b18
0x000000030ced0b08:   000000030ced0b90 00000001182ad267
0x000000030ced0b18:   0000000000002828 0000000787cc1030
0x000000030ced0b28:   0000000787ec1cd0 0000000787cf5cc0
0x000000030ced0b38:   0000000787ec1a98 0000000787cf5cf0 

Instructions: (pc=0x000000030ced0900)
0x000000030ced0800:   c8 02 e1 03 00 60 00 00 d8 00 00 00 00 00 00 00
0x000000030ced0810:   98 0a ed 0c 03 00 00 00 f0 80 f0 00 00 60 00 00
0x000000030ced0820:   90 89 30 0e 01 00 00 00 a5 00 00 00 00 00 00 00
0x000000030ced0830:   a5 00 00 00 00 00 00 00 50 5f cf 87 07 00 00 00
0x000000030ced0840:   d0 08 ed 0c 03 00 00 00 ab e6 bb 0d 01 00 00 00
0x000000030ced0850:   70 08 ed 0c 01 00 00 00 00 b0 80 8f c5 7f 00 00
0x000000030ced0860:   c0 c4 40 01 00 60 00 00 e0 01 e1 03 00 60 00 00
0x000000030ced0870:   20 02 e1 03 00 60 00 00 88 09 ed 0c 03 00 00 00
0x000000030ced0880:   d8 00 00 00 00 00 00 00 c9 fa 00 00 00 00 00 00
0x000000030ced0890:   c9 fa 00 00 00 00 00 00 10 b1 80 8f c5 7f 00 00
0x000000030ced08a0:   88 b7 b7 87 07 00 00 00 d8 08 ed 0c 03 00 00 00
0x000000030ced08b0:   26 33 d6 0d 01 00 00 00 38 28 00 00 00 00 00 00
0x000000030ced08c0:   38 28 00 00 00 00 00 00 48 d6 07 00 00 00 00 00
0x000000030ced08d0:   20 08 00 00 08 00 00 00 38 09 ed 0c 03 00 00 00
0x000000030ced08e0:   97 0c a9 0d 01 00 00 00 00 00 00 00 00 00 00 00
0x000000030ced08f0:   00 00 00 00 00 00 00 00 00 c9 f5 0d 01 00 00 00
0x000000030ced0900:   68 09 ed 0c 03 00 00 00 68 09 ed 0c 03 00 00 00
0x000000030ced0910:   68 09 ed 0c 03 00 00 00 00 00 00 00 00 00 00 00
0x000000030ced0920:   68 09 ed 0c 03 00 00 00 88 b7 b7 87 07 00 00 00
0x000000030ced0930:   00 b0 80 8f c5 7f 00 00 a6 c6 f5 0d 01 00 00 00
0x000000030ced0940:   00 09 ed 0c 03 00 00 00 c0 09 ed 0c 03 00 00 00
0x000000030ced0950:   b0 09 ed 0c 03 00 00 00 99 ca f5 0d 01 00 00 00
0x000000030ced0960:   c8 09 ed 0c 03 00 00 00 c0 09 ed 0c 03 00 00 00
0x000000030ced0970:   00 b0 80 8f c5 7f 00 00 98 09 ed 0c 03 00 00 00
0x000000030ced0980:   00 00 ed 0c 03 00 00 00 c9 fa 00 00 00 00 00 00
0x000000030ced0990:   00 09 ed 0c 03 00 00 00 88 b7 b7 87 07 00 00 00
0x000000030ced09a0:   00 b0 80 8f c5 7f 00 00 b8 0a ed 0c 03 00 00 00
0x000000030ced09b0:   f0 09 ed 0c 03 00 00 00 67 e9 bb 0d 01 00 00 00
0x000000030ced09c0:   90 89 30 0e 01 00 00 00 00 92 00 8d c5 7f 00 00
0x000000030ced09d0:   00 b0 80 8f c5 7f 00 00 20 08 00 00 08 00 00 00
0x000000030ced09e0:   07 05 00 00 00 00 00 00 28 28 00 00 01 7f 00 00
0x000000030ced09f0:   20 0a ed 0c 03 00 00 00 fa 06 d5 0d 01 00 00 00 


Stack slot to memory mapping:
stack at sp + 0 slots: 0x000000030ced09c0 is pointing into the stack for thread: 0x00007fc58f80b000
stack at sp + 1 slots: 0x000000030ced09b0 is pointing into the stack for thread: 0x00007fc58f80b000
stack at sp + 2 slots: 0x000000010df5ca99: _ZNK12MemAllocator8allocateEv+0x77 in /Users/jojunbeom/Library/Java/JavaVirtualMachines/corretto-11.0.14.1/Contents/Home/lib/server/libjvm.dylib at 0x000000010d994000
stack at sp + 3 slots: 0x000000030ced09c8 is pointing into the stack for thread: 0x00007fc58f80b000
stack at sp + 4 slots: 0x000000030ced09c0 is pointing into the stack for thread: 0x00007fc58f80b000
stack at sp + 5 slots: 0x00007fc58f80b000 is a thread
stack at sp + 6 slots: 0x000000030ced0998 is pointing into the stack for thread: 0x00007fc58f80b000
stack at sp + 7 slots: 0x000000030ced0000 is pointing into the stack for thread: 0x00007fc58f80b000


---------------  P R O C E S S  ---------------

Threads class SMR info:
_java_thread_list=0x0000600000b53920, length=12, elements={
0x00007fc58f80b000, 0x00007fc55c008800, 0x00007fc58d0ac800, 0x00007fc58f85c800,
0x00007fc58f85d800, 0x00007fc58c00f000, 0x00007fc58f85e800, 0x00007fc58d80c000,
0x00007fc58e87a800, 0x00007fc58e8e9800, 0x00007fc58e994800, 0x00007fc58f043800
}

Java Threads: ( => current thread )
=>0x00007fc58f80b000 JavaThread "main" [_thread_in_vm, id=7939, stack(0x000000030cdd2000,0x000000030ced2000)]
  0x00007fc55c008800 JavaThread "Reference Handler" daemon [_thread_blocked, id=15619, stack(0x000000030d4e7000,0x000000030d5e7000)]
  0x00007fc58d0ac800 JavaThread "Finalizer" daemon [_thread_blocked, id=21763, stack(0x000000030d5ea000,0x000000030d6ea000)]
  0x00007fc58f85c800 JavaThread "Signal Dispatcher" daemon [_thread_blocked, id=23555, stack(0x000000030d7fb000,0x000000030d8fb000)]
  0x00007fc58f85d800 JavaThread "Service Thread" daemon [_thread_blocked, id=23811, stack(0x000000030d8fe000,0x000000030d9fe000)]
  0x00007fc58c00f000 JavaThread "C2 CompilerThread0" daemon [_thread_in_native, id=40707, stack(0x000000030da01000,0x000000030db01000)]
  0x00007fc58f85e800 JavaThread "C1 CompilerThread0" daemon [_thread_blocked, id=40195, stack(0x000000030db04000,0x000000030dc04000)]
  0x00007fc58d80c000 JavaThread "Sweeper thread" daemon [_thread_blocked, id=39683, stack(0x000000030dc07000,0x000000030dd07000)]
  0x00007fc58e87a800 JavaThread "Common-Cleaner" daemon [_thread_blocked, id=26115, stack(0x000000030dd0a000,0x000000030de0a000)]
  0x00007fc58e8e9800 JavaThread "Monitor Ctrl-Break" daemon [_thread_in_native, id=38403, stack(0x000000030de0d000,0x000000030df0d000)]
  0x00007fc58e994800 JavaThread "Async-profiler Timer" daemon [_thread_in_native, id=37787, stack(0x000000030df10000,0x000000030df90000)]
  0x00007fc58f043800 JavaThread "Attach Listener" daemon [_thread_blocked, id=28939, stack(0x000000030e119000,0x000000030e219000)]

Other Threads:
  0x00007fc58d0ab800 VMThread "VM Thread" [stack: 0x000000030d3e4000,0x000000030d4e4000] [id=14851]
  0x00007fc58e997800 WatcherThread [stack: 0x000000030e016000,0x000000030e116000] [id=37163]
  0x00007fc58d00f800 GCTaskThread "GC Thread#0" [stack: 0x000000030ced5000,0x000000030cfd5000] [id=12803]
  0x00007fc58d030800 ConcurrentGCThread "G1 Main Marker" [stack: 0x000000030cfd8000,0x000000030d0d8000] [id=18947]
  0x00007fc58d031000 ConcurrentGCThread "G1 Conc#0" [stack: 0x000000030d0db000,0x000000030d1db000] [id=18179]
  0x00007fc58f84f000 ConcurrentGCThread "G1 Refine#0" [stack: 0x000000030d1de000,0x000000030d2de000] [id=13571]
  0x00007fc58c80b000 ConcurrentGCThread "G1 Young RemSet Sampling" [stack: 0x000000030d2e1000,0x000000030d3e1000] [id=14083]

Threads with active compile tasks:
C2 CompilerThread0   2447  279       4       java.util.HashMap::resize (356 bytes)

VM state:not at safepoint (normal execution)

VM Mutex/Monitor currently owned by a thread: None

Heap address: 0x0000000780000000, size: 2048 MB, Compressed Oops mode: Zero based, Oop shift amount: 3
Narrow klass base: 0x0000000800000000, Narrow klass shift: 0
Compressed class space size: 1073741824 Address: 0x0000000800000000

Heap:
 garbage-first heap   total 131072K, used 4096K [0x0000000780000000, 0x0000000800000000)
  region size 1024K, 5 young (5120K), 0 survivors (0K)
 Metaspace       used 8410K, capacity 8653K, committed 8832K, reserved 1056768K
  class space    used 743K, capacity 798K, committed 896K, reserved 1048576K
Heap Regions: E=young(eden), S=young(survivor), O=old, HS=humongous(starts), HC=humongous(continues), CS=collection set, F=free, A=archive, TAMS=top-at-mark-start (previous, next)
|   0|0x0000000780000000, 0x0000000780000000, 0x0000000780100000|  0%| F|  |TAMS 0x0000000780000000, 0x0000000780000000| Untracked 
|   1|0x0000000780100000, 0x0000000780100000, 0x0000000780200000|  0%| F|  |TAMS 0x0000000780100000, 0x0000000780100000| Untracked 
|   2|0x0000000780200000, 0x0000000780200000, 0x0000000780300000|  0%| F|  |TAMS 0x0000000780200000, 0x0000000780200000| Untracked 
|   3|0x0000000780300000, 0x0000000780300000, 0x0000000780400000|  0%| F|  |TAMS 0x0000000780300000, 0x0000000780300000| Untracked 
|   4|0x0000000780400000, 0x0000000780400000, 0x0000000780500000|  0%| F|  |TAMS 0x0000000780400000, 0x0000000780400000| Untracked 
|   5|0x0000000780500000, 0x0000000780500000, 0x0000000780600000|  0%| F|  |TAMS 0x0000000780500000, 0x0000000780500000| Untracked 
|   6|0x0000000780600000, 0x0000000780600000, 0x0000000780700000|  0%| F|  |TAMS 0x0000000780600000, 0x0000000780600000| Untracked 
|   7|0x0000000780700000, 0x0000000780700000, 0x0000000780800000|  0%| F|  |TAMS 0x0000000780700000, 0x0000000780700000| Untracked 
|   8|0x0000000780800000, 0x0000000780800000, 0x0000000780900000|  0%| F|  |TAMS 0x0000000780800000, 0x0000000780800000| Untracked 
|   9|0x0000000780900000, 0x0000000780900000, 0x0000000780a00000|  0%| F|  |TAMS 0x0000000780900000, 0x0000000780900000| Untracked 
|  10|0x0000000780a00000, 0x0000000780a00000, 0x0000000780b00000|  0%| F|  |TAMS 0x0000000780a00000, 0x0000000780a00000| Untracked 
|  11|0x0000000780b00000, 0x0000000780b00000, 0x0000000780c00000|  0%| F|  |TAMS 0x0000000780b00000, 0x0000000780b00000| Untracked 
|  12|0x0000000780c00000, 0x0000000780c00000, 0x0000000780d00000|  0%| F|  |TAMS 0x0000000780c00000, 0x0000000780c00000| Untracked 
|  13|0x0000000780d00000, 0x0000000780d00000, 0x0000000780e00000|  0%| F|  |TAMS 0x0000000780d00000, 0x0000000780d00000| Untracked 
|  14|0x0000000780e00000, 0x0000000780e00000, 0x0000000780f00000|  0%| F|  |TAMS 0x0000000780e00000, 0x0000000780e00000| Untracked 
|  15|0x0000000780f00000, 0x0000000780f00000, 0x0000000781000000|  0%| F|  |TAMS 0x0000000780f00000, 0x0000000780f00000| Untracked 
|  16|0x0000000781000000, 0x0000000781000000, 0x0000000781100000|  0%| F|  |TAMS 0x0000000781000000, 0x0000000781000000| Untracked 
|  17|0x0000000781100000, 0x0000000781100000, 0x0000000781200000|  0%| F|  |TAMS 0x0000000781100000, 0x0000000781100000| Untracked 
|  18|0x0000000781200000, 0x0000000781200000, 0x0000000781300000|  0%| F|  |TAMS 0x0000000781200000, 0x0000000781200000| Untracked 
|  19|0x0000000781300000, 0x0000000781300000, 0x0000000781400000|  0%| F|  |TAMS 0x0000000781300000, 0x0000000781300000| Untracked 
|  20|0x0000000781400000, 0x0000000781400000, 0x0000000781500000|  0%| F|  |TAMS 0x0000000781400000, 0x0000000781400000| Untracked 
|  21|0x0000000781500000, 0x0000000781500000, 0x0000000781600000|  0%| F|  |TAMS 0x0000000781500000, 0x0000000781500000| Untracked 
|  22|0x0000000781600000, 0x0000000781600000, 0x0000000781700000|  0%| F|  |TAMS 0x0000000781600000, 0x0000000781600000| Untracked 
|  23|0x0000000781700000, 0x0000000781700000, 0x0000000781800000|  0%| F|  |TAMS 0x0000000781700000, 0x0000000781700000| Untracked 
|  24|0x0000000781800000, 0x0000000781800000, 0x0000000781900000|  0%| F|  |TAMS 0x0000000781800000, 0x0000000781800000| Untracked 
|  25|0x0000000781900000, 0x0000000781900000, 0x0000000781a00000|  0%| F|  |TAMS 0x0000000781900000, 0x0000000781900000| Untracked 
|  26|0x0000000781a00000, 0x0000000781a00000, 0x0000000781b00000|  0%| F|  |TAMS 0x0000000781a00000, 0x0000000781a00000| Untracked 
|  27|0x0000000781b00000, 0x0000000781b00000, 0x0000000781c00000|  0%| F|  |TAMS 0x0000000781b00000, 0x0000000781b00000| Untracked 
|  28|0x0000000781c00000, 0x0000000781c00000, 0x0000000781d00000|  0%| F|  |TAMS 0x0000000781c00000, 0x0000000781c00000| Untracked 
|  29|0x0000000781d00000, 0x0000000781d00000, 0x0000000781e00000|  0%| F|  |TAMS 0x0000000781d00000, 0x0000000781d00000| Untracked 
|  30|0x0000000781e00000, 0x0000000781e00000, 0x0000000781f00000|  0%| F|  |TAMS 0x0000000781e00000, 0x0000000781e00000| Untracked 
|  31|0x0000000781f00000, 0x0000000781f00000, 0x0000000782000000|  0%| F|  |TAMS 0x0000000781f00000, 0x0000000781f00000| Untracked 
|  32|0x0000000782000000, 0x0000000782000000, 0x0000000782100000|  0%| F|  |TAMS 0x0000000782000000, 0x0000000782000000| Untracked 
|  33|0x0000000782100000, 0x0000000782100000, 0x0000000782200000|  0%| F|  |TAMS 0x0000000782100000, 0x0000000782100000| Untracked 
|  34|0x0000000782200000, 0x0000000782200000, 0x0000000782300000|  0%| F|  |TAMS 0x0000000782200000, 0x0000000782200000| Untracked 
|  35|0x0000000782300000, 0x0000000782300000, 0x0000000782400000|  0%| F|  |TAMS 0x0000000782300000, 0x0000000782300000| Untracked 
|  36|0x0000000782400000, 0x0000000782400000, 0x0000000782500000|  0%| F|  |TAMS 0x0000000782400000, 0x0000000782400000| Untracked 
|  37|0x0000000782500000, 0x0000000782500000, 0x0000000782600000|  0%| F|  |TAMS 0x0000000782500000, 0x0000000782500000| Untracked 
|  38|0x0000000782600000, 0x0000000782600000, 0x0000000782700000|  0%| F|  |TAMS 0x0000000782600000, 0x0000000782600000| Untracked 
|  39|0x0000000782700000, 0x0000000782700000, 0x0000000782800000|  0%| F|  |TAMS 0x0000000782700000, 0x0000000782700000| Untracked 
|  40|0x0000000782800000, 0x0000000782800000, 0x0000000782900000|  0%| F|  |TAMS 0x0000000782800000, 0x0000000782800000| Untracked 
|  41|0x0000000782900000, 0x0000000782900000, 0x0000000782a00000|  0%| F|  |TAMS 0x0000000782900000, 0x0000000782900000| Untracked 
|  42|0x0000000782a00000, 0x0000000782a00000, 0x0000000782b00000|  0%| F|  |TAMS 0x0000000782a00000, 0x0000000782a00000| Untracked 
|  43|0x0000000782b00000, 0x0000000782b00000, 0x0000000782c00000|  0%| F|  |TAMS 0x0000000782b00000, 0x0000000782b00000| Untracked 
|  44|0x0000000782c00000, 0x0000000782c00000, 0x0000000782d00000|  0%| F|  |TAMS 0x0000000782c00000, 0x0000000782c00000| Untracked 
|  45|0x0000000782d00000, 0x0000000782d00000, 0x0000000782e00000|  0%| F|  |TAMS 0x0000000782d00000, 0x0000000782d00000| Untracked 
|  46|0x0000000782e00000, 0x0000000782e00000, 0x0000000782f00000|  0%| F|  |TAMS 0x0000000782e00000, 0x0000000782e00000| Untracked 
|  47|0x0000000782f00000, 0x0000000782f00000, 0x0000000783000000|  0%| F|  |TAMS 0x0000000782f00000, 0x0000000782f00000| Untracked 
|  48|0x0000000783000000, 0x0000000783000000, 0x0000000783100000|  0%| F|  |TAMS 0x0000000783000000, 0x0000000783000000| Untracked 
|  49|0x0000000783100000, 0x0000000783100000, 0x0000000783200000|  0%| F|  |TAMS 0x0000000783100000, 0x0000000783100000| Untracked 
|  50|0x0000000783200000, 0x0000000783200000, 0x0000000783300000|  0%| F|  |TAMS 0x0000000783200000, 0x0000000783200000| Untracked 
|  51|0x0000000783300000, 0x0000000783300000, 0x0000000783400000|  0%| F|  |TAMS 0x0000000783300000, 0x0000000783300000| Untracked 
|  52|0x0000000783400000, 0x0000000783400000, 0x0000000783500000|  0%| F|  |TAMS 0x0000000783400000, 0x0000000783400000| Untracked 
|  53|0x0000000783500000, 0x0000000783500000, 0x0000000783600000|  0%| F|  |TAMS 0x0000000783500000, 0x0000000783500000| Untracked 
|  54|0x0000000783600000, 0x0000000783600000, 0x0000000783700000|  0%| F|  |TAMS 0x0000000783600000, 0x0000000783600000| Untracked 
|  55|0x0000000783700000, 0x0000000783700000, 0x0000000783800000|  0%| F|  |TAMS 0x0000000783700000, 0x0000000783700000| Untracked 
|  56|0x0000000783800000, 0x0000000783800000, 0x0000000783900000|  0%| F|  |TAMS 0x0000000783800000, 0x0000000783800000| Untracked 
|  57|0x0000000783900000, 0x0000000783900000, 0x0000000783a00000|  0%| F|  |TAMS 0x0000000783900000, 0x0000000783900000| Untracked 
|  58|0x0000000783a00000, 0x0000000783a00000, 0x0000000783b00000|  0%| F|  |TAMS 0x0000000783a00000, 0x0000000783a00000| Untracked 
|  59|0x0000000783b00000, 0x0000000783b00000, 0x0000000783c00000|  0%| F|  |TAMS 0x0000000783b00000, 0x0000000783b00000| Untracked 
|  60|0x0000000783c00000, 0x0000000783c00000, 0x0000000783d00000|  0%| F|  |TAMS 0x0000000783c00000, 0x0000000783c00000| Untracked 
|  61|0x0000000783d00000, 0x0000000783d00000, 0x0000000783e00000|  0%| F|  |TAMS 0x0000000783d00000, 0x0000000783d00000| Untracked 
|  62|0x0000000783e00000, 0x0000000783e00000, 0x0000000783f00000|  0%| F|  |TAMS 0x0000000783e00000, 0x0000000783e00000| Untracked 
|  63|0x0000000783f00000, 0x0000000783f00000, 0x0000000784000000|  0%| F|  |TAMS 0x0000000783f00000, 0x0000000783f00000| Untracked 
|  64|0x0000000784000000, 0x0000000784000000, 0x0000000784100000|  0%| F|  |TAMS 0x0000000784000000, 0x0000000784000000| Untracked 
|  65|0x0000000784100000, 0x0000000784100000, 0x0000000784200000|  0%| F|  |TAMS 0x0000000784100000, 0x0000000784100000| Untracked 
|  66|0x0000000784200000, 0x0000000784200000, 0x0000000784300000|  0%| F|  |TAMS 0x0000000784200000, 0x0000000784200000| Untracked 
|  67|0x0000000784300000, 0x0000000784300000, 0x0000000784400000|  0%| F|  |TAMS 0x0000000784300000, 0x0000000784300000| Untracked 
|  68|0x0000000784400000, 0x0000000784400000, 0x0000000784500000|  0%| F|  |TAMS 0x0000000784400000, 0x0000000784400000| Untracked 
|  69|0x0000000784500000, 0x0000000784500000, 0x0000000784600000|  0%| F|  |TAMS 0x0000000784500000, 0x0000000784500000| Untracked 
|  70|0x0000000784600000, 0x0000000784600000, 0x0000000784700000|  0%| F|  |TAMS 0x0000000784600000, 0x0000000784600000| Untracked 
|  71|0x0000000784700000, 0x0000000784700000, 0x0000000784800000|  0%| F|  |TAMS 0x0000000784700000, 0x0000000784700000| Untracked 
|  72|0x0000000784800000, 0x0000000784800000, 0x0000000784900000|  0%| F|  |TAMS 0x0000000784800000, 0x0000000784800000| Untracked 
|  73|0x0000000784900000, 0x0000000784900000, 0x0000000784a00000|  0%| F|  |TAMS 0x0000000784900000, 0x0000000784900000| Untracked 
|  74|0x0000000784a00000, 0x0000000784a00000, 0x0000000784b00000|  0%| F|  |TAMS 0x0000000784a00000, 0x0000000784a00000| Untracked 
|  75|0x0000000784b00000, 0x0000000784b00000, 0x0000000784c00000|  0%| F|  |TAMS 0x0000000784b00000, 0x0000000784b00000| Untracked 
|  76|0x0000000784c00000, 0x0000000784c00000, 0x0000000784d00000|  0%| F|  |TAMS 0x0000000784c00000, 0x0000000784c00000| Untracked 
|  77|0x0000000784d00000, 0x0000000784d00000, 0x0000000784e00000|  0%| F|  |TAMS 0x0000000784d00000, 0x0000000784d00000| Untracked 
|  78|0x0000000784e00000, 0x0000000784e00000, 0x0000000784f00000|  0%| F|  |TAMS 0x0000000784e00000, 0x0000000784e00000| Untracked 
|  79|0x0000000784f00000, 0x0000000784f00000, 0x0000000785000000|  0%| F|  |TAMS 0x0000000784f00000, 0x0000000784f00000| Untracked 
|  80|0x0000000785000000, 0x0000000785000000, 0x0000000785100000|  0%| F|  |TAMS 0x0000000785000000, 0x0000000785000000| Untracked 
|  81|0x0000000785100000, 0x0000000785100000, 0x0000000785200000|  0%| F|  |TAMS 0x0000000785100000, 0x0000000785100000| Untracked 
|  82|0x0000000785200000, 0x0000000785200000, 0x0000000785300000|  0%| F|  |TAMS 0x0000000785200000, 0x0000000785200000| Untracked 
|  83|0x0000000785300000, 0x0000000785300000, 0x0000000785400000|  0%| F|  |TAMS 0x0000000785300000, 0x0000000785300000| Untracked 
|  84|0x0000000785400000, 0x0000000785400000, 0x0000000785500000|  0%| F|  |TAMS 0x0000000785400000, 0x0000000785400000| Untracked 
|  85|0x0000000785500000, 0x0000000785500000, 0x0000000785600000|  0%| F|  |TAMS 0x0000000785500000, 0x0000000785500000| Untracked 
|  86|0x0000000785600000, 0x0000000785600000, 0x0000000785700000|  0%| F|  |TAMS 0x0000000785600000, 0x0000000785600000| Untracked 
|  87|0x0000000785700000, 0x0000000785700000, 0x0000000785800000|  0%| F|  |TAMS 0x0000000785700000, 0x0000000785700000| Untracked 
|  88|0x0000000785800000, 0x0000000785800000, 0x0000000785900000|  0%| F|  |TAMS 0x0000000785800000, 0x0000000785800000| Untracked 
|  89|0x0000000785900000, 0x0000000785900000, 0x0000000785a00000|  0%| F|  |TAMS 0x0000000785900000, 0x0000000785900000| Untracked 
|  90|0x0000000785a00000, 0x0000000785a00000, 0x0000000785b00000|  0%| F|  |TAMS 0x0000000785a00000, 0x0000000785a00000| Untracked 
|  91|0x0000000785b00000, 0x0000000785b00000, 0x0000000785c00000|  0%| F|  |TAMS 0x0000000785b00000, 0x0000000785b00000| Untracked 
|  92|0x0000000785c00000, 0x0000000785c00000, 0x0000000785d00000|  0%| F|  |TAMS 0x0000000785c00000, 0x0000000785c00000| Untracked 
|  93|0x0000000785d00000, 0x0000000785d00000, 0x0000000785e00000|  0%| F|  |TAMS 0x0000000785d00000, 0x0000000785d00000| Untracked 
|  94|0x0000000785e00000, 0x0000000785e00000, 0x0000000785f00000|  0%| F|  |TAMS 0x0000000785e00000, 0x0000000785e00000| Untracked 
|  95|0x0000000785f00000, 0x0000000785f00000, 0x0000000786000000|  0%| F|  |TAMS 0x0000000785f00000, 0x0000000785f00000| Untracked 
|  96|0x0000000786000000, 0x0000000786000000, 0x0000000786100000|  0%| F|  |TAMS 0x0000000786000000, 0x0000000786000000| Untracked 
|  97|0x0000000786100000, 0x0000000786100000, 0x0000000786200000|  0%| F|  |TAMS 0x0000000786100000, 0x0000000786100000| Untracked 
|  98|0x0000000786200000, 0x0000000786200000, 0x0000000786300000|  0%| F|  |TAMS 0x0000000786200000, 0x0000000786200000| Untracked 
|  99|0x0000000786300000, 0x0000000786300000, 0x0000000786400000|  0%| F|  |TAMS 0x0000000786300000, 0x0000000786300000| Untracked 
| 100|0x0000000786400000, 0x0000000786400000, 0x0000000786500000|  0%| F|  |TAMS 0x0000000786400000, 0x0000000786400000| Untracked 
| 101|0x0000000786500000, 0x0000000786500000, 0x0000000786600000|  0%| F|  |TAMS 0x0000000786500000, 0x0000000786500000| Untracked 
| 102|0x0000000786600000, 0x0000000786600000, 0x0000000786700000|  0%| F|  |TAMS 0x0000000786600000, 0x0000000786600000| Untracked 
| 103|0x0000000786700000, 0x0000000786700000, 0x0000000786800000|  0%| F|  |TAMS 0x0000000786700000, 0x0000000786700000| Untracked 
| 104|0x0000000786800000, 0x0000000786800000, 0x0000000786900000|  0%| F|  |TAMS 0x0000000786800000, 0x0000000786800000| Untracked 
| 105|0x0000000786900000, 0x0000000786900000, 0x0000000786a00000|  0%| F|  |TAMS 0x0000000786900000, 0x0000000786900000| Untracked 
| 106|0x0000000786a00000, 0x0000000786a00000, 0x0000000786b00000|  0%| F|  |TAMS 0x0000000786a00000, 0x0000000786a00000| Untracked 
| 107|0x0000000786b00000, 0x0000000786b00000, 0x0000000786c00000|  0%| F|  |TAMS 0x0000000786b00000, 0x0000000786b00000| Untracked 
| 108|0x0000000786c00000, 0x0000000786c00000, 0x0000000786d00000|  0%| F|  |TAMS 0x0000000786c00000, 0x0000000786c00000| Untracked 
| 109|0x0000000786d00000, 0x0000000786d00000, 0x0000000786e00000|  0%| F|  |TAMS 0x0000000786d00000, 0x0000000786d00000| Untracked 
| 110|0x0000000786e00000, 0x0000000786e00000, 0x0000000786f00000|  0%| F|  |TAMS 0x0000000786e00000, 0x0000000786e00000| Untracked 
| 111|0x0000000786f00000, 0x0000000786f00000, 0x0000000787000000|  0%| F|  |TAMS 0x0000000786f00000, 0x0000000786f00000| Untracked 
| 112|0x0000000787000000, 0x0000000787000000, 0x0000000787100000|  0%| F|  |TAMS 0x0000000787000000, 0x0000000787000000| Untracked 
| 113|0x0000000787100000, 0x0000000787100000, 0x0000000787200000|  0%| F|  |TAMS 0x0000000787100000, 0x0000000787100000| Untracked 
| 114|0x0000000787200000, 0x0000000787200000, 0x0000000787300000|  0%| F|  |TAMS 0x0000000787200000, 0x0000000787200000| Untracked 
| 115|0x0000000787300000, 0x0000000787300000, 0x0000000787400000|  0%| F|  |TAMS 0x0000000787300000, 0x0000000787300000| Untracked 
| 116|0x0000000787400000, 0x0000000787400000, 0x0000000787500000|  0%| F|  |TAMS 0x0000000787400000, 0x0000000787400000| Untracked 
| 117|0x0000000787500000, 0x0000000787500000, 0x0000000787600000|  0%| F|  |TAMS 0x0000000787500000, 0x0000000787500000| Untracked 
| 118|0x0000000787600000, 0x0000000787600000, 0x0000000787700000|  0%| F|  |TAMS 0x0000000787600000, 0x0000000787600000| Untracked 
| 119|0x0000000787700000, 0x0000000787700000, 0x0000000787800000|  0%| F|  |TAMS 0x0000000787700000, 0x0000000787700000| Untracked 
| 120|0x0000000787800000, 0x0000000787800000, 0x0000000787900000|  0%| F|  |TAMS 0x0000000787800000, 0x0000000787800000| Untracked 
| 121|0x0000000787900000, 0x0000000787900000, 0x0000000787a00000|  0%| F|  |TAMS 0x0000000787900000, 0x0000000787900000| Untracked 
| 122|0x0000000787a00000, 0x0000000787a00000, 0x0000000787b00000|  0%| F|  |TAMS 0x0000000787a00000, 0x0000000787a00000| Untracked 
| 123|0x0000000787b00000, 0x0000000787bf8dd0, 0x0000000787c00000| 97%| E|  |TAMS 0x0000000787b00000, 0x0000000787b00000| Complete 
| 124|0x0000000787c00000, 0x0000000787d00000, 0x0000000787d00000|100%| E|CS|TAMS 0x0000000787c00000, 0x0000000787c00000| Complete 
| 125|0x0000000787d00000, 0x0000000787e00000, 0x0000000787e00000|100%| E|CS|TAMS 0x0000000787d00000, 0x0000000787d00000| Complete 
| 126|0x0000000787e00000, 0x0000000787f00000, 0x0000000787f00000|100%| E|CS|TAMS 0x0000000787e00000, 0x0000000787e00000| Complete 
| 127|0x0000000787f00000, 0x0000000788000000, 0x0000000788000000|100%| E|CS|TAMS 0x0000000787f00000, 0x0000000787f00000| Complete 

Card table byte_map: [0x000000012778e000,0x0000000127b8e000] _byte_map_base: 0x0000000123b8e000

Marking Bits (Prev, Next): (CMBitMap*) 0x00007fc58d027c18, (CMBitMap*) 0x00007fc58d027c50
 Prev Bits: [0x0000000127f8e000, 0x0000000129f8e000)
 Next Bits: [0x0000000129f8e000, 0x000000012bf8e000)

Polling page: 0x000000010455f000

Metaspace:

Usage:
  Non-class:      7.67 MB capacity,     7.49 MB ( 98%) used,   180.17 KB (  2%) free+waste,     8.69 KB ( <1%) overhead. 
      Class:    798.00 KB capacity,   743.91 KB ( 93%) used,    50.09 KB (  6%) free+waste,     4.00 KB ( <1%) overhead. 
       Both:      8.45 MB capacity,     8.21 MB ( 97%) used,   230.27 KB (  3%) free+waste,    12.69 KB ( <1%) overhead. 

Virtual space:
  Non-class space:        8.00 MB reserved,       7.75 MB ( 97%) committed 
      Class space:        1.00 GB reserved,     896.00 KB ( <1%) committed 
             Both:        1.01 GB reserved,       8.62 MB ( <1%) committed 

Chunk freelists:
   Non-Class:  5.00 KB
       Class:  2.00 KB
        Both:  7.00 KB

MaxMetaspaceSize: unlimited
CompressedClassSpaceSize: 1.00 GB
Initial GC threshold: 20.80 MB
Current GC threshold: 20.80 MB
CDS: off

CodeHeap 'non-profiled nmethods': size=120032Kb used=96Kb max_used=96Kb free=119936Kb
 bounds [0x000000011fd6b000, 0x000000011ffdb000, 0x00000001272a3000]
CodeHeap 'profiled nmethods': size=120028Kb used=477Kb max_used=477Kb free=119550Kb
 bounds [0x0000000118834000, 0x0000000118aa4000, 0x000000011fd6b000]
CodeHeap 'non-nmethods': size=5700Kb used=1099Kb max_used=1109Kb free=4600Kb
 bounds [0x00000001182a3000, 0x0000000118513000, 0x0000000118834000]
 total_blobs=662 nmethods=314 adapters=263
 compilation: enabled
              stopped_count=0, restarted_count=0
 full_count=0

Compilation events (20 events):
Event: 2.395 Thread 0x00007fc58f85e800  312       3       java.lang.Number::<init> (5 bytes)
Event: 2.395 Thread 0x00007fc58f85e800 nmethod 312 0x00000001188a6090 code [0x00000001188a6240, 0x00000001188a6390]
Event: 2.396 Thread 0x00007fc58f85e800  313       3       java.lang.Long::<init> (10 bytes)
Event: 2.396 Thread 0x00007fc58f85e800 nmethod 313 0x00000001188a6490 code [0x00000001188a6640, 0x00000001188a67f0]
Event: 2.399 Thread 0x00007fc58f85e800  314       3       jdk.internal.reflect.ClassFileAssembler::emitByte (11 bytes)
Event: 2.400 Thread 0x00007fc58f85e800 nmethod 314 0x00000001188a6910 code [0x00000001188a6ae0, 0x00000001188a6c60]
Event: 2.400 Thread 0x00007fc58f85e800  315       3       jdk.internal.reflect.ByteVectorImpl::add (38 bytes)
Event: 2.401 Thread 0x00007fc58f85e800 nmethod 315 0x00000001188a6d90 code [0x00000001188a6f60, 0x00000001188a7120]
Event: 2.409 Thread 0x00007fc58f85e800  316       3       java.lang.StringLatin1::inflate (34 bytes)
Event: 2.409 Thread 0x00007fc58f85e800 nmethod 316 0x00000001188a7310 code [0x00000001188a74e0, 0x00000001188a76d0]
Event: 2.412 Thread 0x00007fc58f85e800  318       3       java.lang.invoke.MethodType::makeImpl (108 bytes)
Event: 2.416 Thread 0x00007fc58f85e800 nmethod 318 0x00000001188a7910 code [0x00000001188a7be0, 0x00000001188a8a70]
Event: 2.416 Thread 0x00007fc58f85e800  321       3       java.util.zip.ZipFile$Source::getEntryNext (9 bytes)
Event: 2.416 Thread 0x00007fc58f85e800 nmethod 321 0x00000001188a9210 code [0x00000001188a93c0, 0x00000001188a94f0]
Event: 2.417 Thread 0x00007fc58f85e800  319       3       java.lang.invoke.MethodType$ConcurrentWeakInternSet::get (54 bytes)
Event: 2.420 Thread 0x00007fc58f85e800 nmethod 319 0x00000001188a9610 code [0x00000001188a9880, 0x00000001188aa5d0]
Event: 2.420 Thread 0x00007fc58f85e800  320       3       java.lang.invoke.MethodType$ConcurrentWeakInternSet$WeakEntry::<init> (14 bytes)
Event: 2.421 Thread 0x00007fc58f85e800 nmethod 320 0x00000001188aad10 code [0x00000001188aaf00, 0x00000001188ab340]
Event: 2.421 Thread 0x00007fc58f85e800  322       1       java.net.URL::getProtocol (5 bytes)
Event: 2.422 Thread 0x00007fc58f85e800 nmethod 322 0x000000011fd82d10 code [0x000000011fd82ec0, 0x000000011fd82f70]

GC Heap History (0 events):
No events

Deoptimization events (4 events):
Event: 2.321 Thread 0x00007fc58f80b000 Uncommon trap: trap_request=0xffffff4d fr.pc=0x000000011fd6c414 relative=0x0000000000000074
Event: 2.323 Thread 0x00007fc58f80b000 Uncommon trap: reason=unstable_if action=reinterpret pc=0x000000011fd6c414 method=java.lang.String.isLatin1()Z @ 10 c2
Event: 2.326 Thread 0x00007fc58f80b000 DEOPT PACKING pc=0x000000011fd6c414 sp=0x000000030ced07b0
Event: 2.330 Thread 0x00007fc58f80b000 DEOPT UNPACKING pc=0x00000001182ece9f sp=0x000000030ced0710 mode 2

Classes redefined (0 events):
No events

Internal exceptions (3 events):
Event: 1.882 Thread 0x00007fc58f80b000 Exception <a 'java/lang/NoClassDefFoundError'{0x0000000787ef8990}: jdk/internal/loader/NativeLibraries> (0x0000000787ef8990) thrown at [src/hotspot/share/classfile/systemDictionary.cpp, line 219]
Event: 1.887 Thread 0x00007fc58f80b000 Exception <a 'java/lang/NoSuchMethodError'{0x0000000787efa808}: 'java.lang.Object java.lang.invoke.DirectMethodHandle$Holder.invokeStaticInit(java.lang.Object, java.lang.Object, java.lang.Object)'> (0x0000000787efa808) thrown at [src/hotspot/share/interpreter/linkResolver.cpp, line 773]
Event: 2.345 Thread 0x00007fc58f80b000 Exception <a 'java/lang/NoSuchMethodError'{0x0000000787ca7570}: 'java.lang.Object java.lang.invoke.DirectMethodHandle$Holder.invokeStaticInit(java.lang.Object, int)'> (0x0000000787ca7570) thrown at [src/hotspot/share/interpreter/linkResolver.cpp, line 773]

Events (20 events):
Event: 2.409 loading class java/io/ObjectStreamClass$FieldReflectorKey
Event: 2.409 loading class java/io/ObjectStreamClass$FieldReflectorKey done
Event: 2.409 loading class java/io/ObjectStreamClass$FieldReflector
Event: 2.409 loading class java/io/ObjectStreamClass$FieldReflector done
Event: 2.411 loading class org/junit/platform/engine/UniqueId
Event: 2.411 loading class org/junit/platform/engine/UniqueId done
Event: 2.412 loading class org/junit/platform/engine/TestDescriptor
Event: 2.412 loading class org/junit/platform/engine/TestDescriptor done
Event: 2.415 loading class com/intellij/rt/junit/IdeaTestRunner$Repeater
Event: 2.415 loading class com/intellij/rt/junit/IdeaTestRunner$Repeater done
Event: 2.416 loading class com/intellij/rt/execution/junit/TestsRepeater$TestRun
Event: 2.416 loading class com/intellij/rt/execution/junit/TestsRepeater$TestRun done
Event: 2.417 loading class com/intellij/junit5/JUnit5TestExecutionListener
Event: 2.417 loading class com/intellij/junit5/JUnit5TestExecutionListener done
Event: 2.418 loading class org/junit/platform/launcher/TestExecutionListener
Event: 2.418 loading class org/junit/platform/launcher/TestExecutionListener done
Event: 2.419 loading class java/io/StringWriter
Event: 2.419 loading class java/io/StringWriter done
Event: 2.424 loading class org/junit/platform/launcher/core/LauncherFactory
Event: 2.424 loading class org/junit/platform/launcher/core/LauncherFactory done


Dynamic libraries:
0x000000010cb91000 	/Users/jojunbeom/Library/Java/JavaVirtualMachines/corretto-11.0.14.1/Contents/Home/lib/jli/libjli.dylib
0x00007ff82d4c4000 	/System/Library/Frameworks/Cocoa.framework/Versions/A/Cocoa
0x00007ff818d65000 	/System/Library/Frameworks/AppKit.framework/Versions/C/AppKit
0x00007ff81c2b5000 	/System/Library/Frameworks/CoreData.framework/Versions/A/CoreData
0x00007ff817180000 	/System/Library/Frameworks/Foundation.framework/Versions/C/Foundation
0x00007ff8215a8000 	/usr/lib/libSystem.B.dylib
0x00007ff819bf2000 	/System/Library/PrivateFrameworks/UIFoundation.framework/Versions/A/UIFoundation
0x00007ff82749c000 	/System/Library/PrivateFrameworks/RemoteViewServices.framework/Versions/A/RemoteViewServices
0x00007ff81f79b000 	/System/Library/PrivateFrameworks/XCTTargetBootstrap.framework/Versions/A/XCTTargetBootstrap
0x00007ff823473000 	/System/Library/PrivateFrameworks/InternationalSupport.framework/Versions/A/InternationalSupport
0x00007ff8234fd000 	/System/Library/PrivateFrameworks/UserActivity.framework/Versions/A/UserActivity
0x00007ff82285a000 	/usr/lib/libspindump.dylib
0x00007ff819e80000 	/System/Library/Frameworks/UniformTypeIdentifiers.framework/Versions/A/UniformTypeIdentifiers
0x00007ff81deda000 	/usr/lib/libapp_launch_measurement.dylib
0x00007ff81cc8f000 	/System/Library/PrivateFrameworks/CoreAnalytics.framework/Versions/A/CoreAnalytics
0x00007ff81dedd000 	/System/Library/PrivateFrameworks/CoreAutoLayout.framework/Versions/A/CoreAutoLayout
0x00007ff81f0fc000 	/System/Library/Frameworks/Metal.framework/Versions/A/Metal
0x00007ff81fe13000 	/usr/lib/liblangid.dylib
0x00007ff81f79f000 	/System/Library/PrivateFrameworks/CoreSVG.framework/Versions/A/CoreSVG
0x00007ff81b242000 	/System/Library/PrivateFrameworks/SkyLight.framework/Versions/A/SkyLight
0x00007ff81b5d3000 	/System/Library/Frameworks/CoreGraphics.framework/Versions/A/CoreGraphics
0x00007ff827b07000 	/System/Library/Frameworks/Accelerate.framework/Versions/A/Accelerate
0x00007ff8222d5000 	/System/Library/PrivateFrameworks/IconServices.framework/Versions/A/IconServices
0x00007ff81f0e1000 	/System/Library/Frameworks/IOSurface.framework/Versions/A/IOSurface
0x00007ff81ccbd000 	/usr/lib/libDiagnosticMessagesClient.dylib
0x00007ff8214c2000 	/usr/lib/libz.1.dylib
0x00007ff82b166000 	/System/Library/Frameworks/ApplicationServices.framework/Versions/A/ApplicationServices
0x00007ff81f787000 	/System/Library/PrivateFrameworks/DFRFoundation.framework/Versions/A/DFRFoundation
0x00007ff818656000 	/usr/lib/libicucore.A.dylib
0x00007ff824195000 	/System/Library/Frameworks/AudioToolbox.framework/Versions/A/AudioToolbox
0x00007ff82347f000 	/System/Library/PrivateFrameworks/DataDetectorsCore.framework/Versions/A/DataDetectorsCore
0x00007ff91ec14000 	/System/Library/PrivateFrameworks/TextInput.framework/Versions/A/TextInput
0x00007ff81b1c5000 	/usr/lib/libMobileGestalt.dylib
0x00007ff81f48f000 	/System/Library/Frameworks/Carbon.framework/Versions/A/Frameworks/HIToolbox.framework/Versions/A/HIToolbox
0x00007ff81d908000 	/System/Library/Frameworks/QuartzCore.framework/Versions/A/QuartzCore
0x00007ff8182f7000 	/System/Library/Frameworks/Security.framework/Versions/A/Security
0x00007ff8274d4000 	/System/Library/Frameworks/Carbon.framework/Versions/A/Frameworks/SpeechRecognition.framework/Versions/A/SpeechRecognition
0x00007ff81dc3a000 	/System/Library/PrivateFrameworks/CoreUI.framework/Versions/A/CoreUI
0x00007ff817bd1000 	/System/Library/Frameworks/CoreAudio.framework/Versions/A/CoreAudio
0x00007ff81cdab000 	/System/Library/Frameworks/DiskArbitration.framework/Versions/A/DiskArbitration
0x00007ff822c3d000 	/System/Library/PrivateFrameworks/MultitouchSupport.framework/Versions/A/MultitouchSupport
0x00007ff81b1c4000 	/usr/lib/libenergytrace.dylib
0x00007ff818c51000 	/System/Library/Frameworks/IOKit.framework/Versions/A/IOKit
0x00007ff8278be000 	/System/Library/Frameworks/CoreServices.framework/Versions/A/CoreServices
0x00007ff81de74000 	/System/Library/PrivateFrameworks/PerformanceAnalysis.framework/Versions/A/PerformanceAnalysis
0x00007ffa2e683000 	/System/Library/Frameworks/OpenGL.framework/Versions/A/OpenGL
0x00007ff820afa000 	/System/Library/PrivateFrameworks/MobileKeyBag.framework/Versions/A/MobileKeyBag
0x00007ff816218000 	/usr/lib/libobjc.A.dylib
0x00007ff81bd02000 	/System/Library/Frameworks/ColorSync.framework/Versions/A/ColorSync
0x00007ff8163d4000 	/System/Library/Frameworks/CoreFoundation.framework/Versions/A/CoreFoundation
0x00007ff81fa1a000 	/System/Library/Frameworks/CoreImage.framework/Versions/A/CoreImage
0x00007ff8179e7000 	/System/Library/Frameworks/CoreText.framework/Versions/A/CoreText
0x00007ff81f7ce000 	/System/Library/Frameworks/ImageIO.framework/Versions/A/ImageIO
0x00007ff8215ae000 	/System/Library/PrivateFrameworks/SoftLinking.framework/Versions/A/SoftLinking
0x00007ff81df25000 	/usr/lib/libxml2.2.dylib
0x00007ff8162e1000 	/usr/lib/libc++.1.dylib
0x00007ff82182e000 	/usr/lib/libcompression.dylib
0x00007ff8233a9000 	/System/Library/PrivateFrameworks/TextureIO.framework/Versions/A/TextureIO
0x00007ff821f4e000 	/usr/lib/libate.dylib
0x00007ff8215a3000 	/usr/lib/system/libcache.dylib
0x00007ff82155f000 	/usr/lib/system/libcommonCrypto.dylib
0x00007ff821588000 	/usr/lib/system/libcompiler_rt.dylib
0x00007ff82157e000 	/usr/lib/system/libcopyfile.dylib
0x00007ff816112000 	/usr/lib/system/libcorecrypto.dylib
0x00007ff8161d1000 	/usr/lib/system/libdispatch.dylib
0x00007ff816393000 	/usr/lib/system/libdyld.dylib
0x00007ff82159a000 	/usr/lib/system/libkeymgr.dylib
0x00007ff82153d000 	/usr/lib/system/libmacho.dylib
0x00007ff820bce000 	/usr/lib/system/libquarantine.dylib
0x00007ff821598000 	/usr/lib/system/libremovefile.dylib
0x00007ff81b211000 	/usr/lib/system/libsystem_asl.dylib
0x00007ff8160c0000 	/usr/lib/system/libsystem_blocks.dylib
0x00007ff816258000 	/usr/lib/system/libsystem_c.dylib
0x00007ff821590000 	/usr/lib/system/libsystem_collections.dylib
0x00007ff81fe04000 	/usr/lib/system/libsystem_configuration.dylib
0x00007ff81f0c4000 	/usr/lib/system/libsystem_containermanager.dylib
0x00007ff821276000 	/usr/lib/system/libsystem_coreservices.dylib
0x00007ff8188df000 	/usr/lib/system/libsystem_darwin.dylib
0x00007ff82159b000 	/usr/lib/system/libsystem_dnssd.dylib
0x00007ff816255000 	/usr/lib/system/libsystem_featureflags.dylib
0x00007ff8163a9000 	/usr/lib/system/libsystem_info.dylib
0x00007ff8214d5000 	/usr/lib/system/libsystem_m.dylib
0x00007ff8161a5000 	/usr/lib/system/libsystem_malloc.dylib
0x00007ff81b1ae000 	/usr/lib/system/libsystem_networkextension.dylib
0x00007ff818d07000 	/usr/lib/system/libsystem_notify.dylib
0x00007ff827795000 	/usr/lib/system/libsystem_product_info_filter.dylib
0x00007ff81fe08000 	/usr/lib/system/libsystem_sandbox.dylib
0x00007ff821595000 	/usr/lib/system/libsystem_secinit.dylib
0x00007ff816350000 	/usr/lib/system/libsystem_kernel.dylib
0x00007ff81639f000 	/usr/lib/system/libsystem_platform.dylib
0x00007ff816387000 	/usr/lib/system/libsystem_pthread.dylib
0x00007ff81cad5000 	/usr/lib/system/libsystem_symptoms.dylib
0x00007ff8160f9000 	/usr/lib/system/libsystem_trace.dylib
0x00007ff82156b000 	/usr/lib/system/libunwind.dylib
0x00007ff8160c2000 	/usr/lib/system/libxpc.dylib
0x00007ff81633a000 	/usr/lib/libc++abi.dylib
0x00007ff821576000 	/usr/lib/liboah.dylib
0x00007ff821d07000 	/usr/lib/liblzma.5.dylib
0x00007ff816e91000 	/System/Library/Frameworks/SystemConfiguration.framework/Versions/A/SystemConfiguration
0x00007ff8215aa000 	/usr/lib/libfakelink.dylib
0x00007ff81ad18000 	/System/Library/Frameworks/CFNetwork.framework/Versions/A/CFNetwork
0x00007ff8216e9000 	/usr/lib/libarchive.2.dylib
0x00007ff81fe0f000 	/System/Library/PrivateFrameworks/AppleSystemInfo.framework/Versions/A/AppleSystemInfo
0x00007ff820bf4000 	/usr/lib/libbsm.0.dylib
0x00007ff81a34f000 	/usr/lib/libnetwork.dylib
0x00007ff821543000 	/usr/lib/system/libkxld.dylib
0x00007ff820823000 	/System/Library/PrivateFrameworks/IOMobileFramebuffer.framework/Versions/A/IOMobileFramebuffer
0x00007ffb2c025000 	/usr/lib/libCoreEntitlements.dylib
0x00007ff821258000 	/System/Library/PrivateFrameworks/AppleFSCompression.framework/Versions/A/AppleFSCompression
0x00007ff820bdd000 	/usr/lib/libcoretls.dylib
0x00007ff821d21000 	/usr/lib/libcoretls_cfhelpers.dylib
0x00007ff821829000 	/usr/lib/libpam.2.dylib
0x00007ff81c6fb000 	/usr/lib/libsqlite3.dylib
0x00007ff821d90000 	/usr/lib/libxar.1.dylib
0x00007ff821268000 	/usr/lib/libbz2.1.0.dylib
0x00007ff8215af000 	/usr/lib/libpcap.A.dylib
0x00007ff81cacc000 	/usr/lib/libdns_services.dylib
0x00007ff8217fb000 	/usr/lib/libapple_nghttp2.dylib
0x00007ff8215e6000 	/usr/lib/libiconv.2.dylib
0x00007ff82153c000 	/usr/lib/libcharset.1.dylib
0x00007ff81dea8000 	/System/Library/Frameworks/CoreServices.framework/Versions/A/Frameworks/FSEvents.framework/Versions/A/FSEvents
0x00007ff8188e9000 	/System/Library/Frameworks/CoreServices.framework/Versions/A/Frameworks/CarbonCore.framework/Versions/A/CarbonCore
0x00007ff81cd10000 	/System/Library/Frameworks/CoreServices.framework/Versions/A/Frameworks/Metadata.framework/Versions/A/Metadata
0x00007ff82127b000 	/System/Library/Frameworks/CoreServices.framework/Versions/A/Frameworks/OSServices.framework/Versions/A/OSServices
0x00007ff82176f000 	/System/Library/Frameworks/CoreServices.framework/Versions/A/Frameworks/SearchKit.framework/Versions/A/SearchKit
0x00007ff81ca5e000 	/System/Library/Frameworks/CoreServices.framework/Versions/A/Frameworks/AE.framework/Versions/A/AE
0x00007ff8168d5000 	/System/Library/Frameworks/CoreServices.framework/Versions/A/Frameworks/LaunchServices.framework/Versions/A/LaunchServices
0x00007ff821cb8000 	/System/Library/Frameworks/CoreServices.framework/Versions/A/Frameworks/DictionaryServices.framework/Versions/A/DictionaryServices
0x00007ff81deb5000 	/System/Library/Frameworks/CoreServices.framework/Versions/A/Frameworks/SharedFileList.framework/Versions/A/SharedFileList
0x00007ff820bd1000 	/usr/lib/libCheckFix.dylib
0x00007ff81b228000 	/System/Library/PrivateFrameworks/TCC.framework/Versions/A/TCC
0x00007ff81fe15000 	/System/Library/PrivateFrameworks/CoreNLP.framework/Versions/A/CoreNLP
0x00007ff81ccc0000 	/System/Library/PrivateFrameworks/MetadataUtilities.framework/Versions/A/MetadataUtilities
0x00007ff816f41000 	/usr/lib/libmecabra.dylib
0x00007ff820c04000 	/usr/lib/libmecab.dylib
0x00007ff816f0c000 	/usr/lib/libCRFSuite.dylib
0x00007ff820c61000 	/usr/lib/libgermantok.dylib
0x00007ff8217d6000 	/usr/lib/libThaiTokenizer.dylib
0x00007ff81cdb2000 	/System/Library/Frameworks/Accelerate.framework/Versions/A/Frameworks/vImage.framework/Versions/A/vImage
0x00007ff827895000 	/System/Library/Frameworks/Accelerate.framework/Versions/A/Frameworks/vecLib.framework/Versions/A/vecLib
0x00007ff821dd1000 	/System/Library/Frameworks/Accelerate.framework/Versions/A/Frameworks/vecLib.framework/Versions/A/libvMisc.dylib
0x00007ff820617000 	/System/Library/Frameworks/Accelerate.framework/Versions/A/Frameworks/vecLib.framework/Versions/A/libvDSP.dylib
0x00007ff816c4d000 	/System/Library/Frameworks/Accelerate.framework/Versions/A/Frameworks/vecLib.framework/Versions/A/libBLAS.dylib
0x00007ff82190b000 	/System/Library/Frameworks/Accelerate.framework/Versions/A/Frameworks/vecLib.framework/Versions/A/libLAPACK.dylib
0x00007ff820c64000 	/System/Library/Frameworks/Accelerate.framework/Versions/A/Frameworks/vecLib.framework/Versions/A/libLinearAlgebra.dylib
0x00007ff821814000 	/System/Library/Frameworks/Accelerate.framework/Versions/A/Frameworks/vecLib.framework/Versions/A/libSparseBLAS.dylib
0x00007ff821905000 	/System/Library/Frameworks/Accelerate.framework/Versions/A/Frameworks/vecLib.framework/Versions/A/libQuadrature.dylib
0x00007ff81feff000 	/System/Library/Frameworks/Accelerate.framework/Versions/A/Frameworks/vecLib.framework/Versions/A/libBNNS.dylib
0x00007ff816e22000 	/System/Library/Frameworks/Accelerate.framework/Versions/A/Frameworks/vecLib.framework/Versions/A/libSparse.dylib
0x00007ff81fef8000 	/System/Library/PrivateFrameworks/LinguisticData.framework/Versions/A/LinguisticData
0x00007ff816dd7000 	/System/Library/PrivateFrameworks/Lexicon.framework/Versions/A/Lexicon
0x00007ff821dca000 	/usr/lib/libChineseTokenizer.dylib
0x00007ff81753b000 	/System/Library/PrivateFrameworks/LanguageModeling.framework/Versions/A/LanguageModeling
0x00007ff8217d8000 	/System/Library/PrivateFrameworks/AppleSauce.framework/Versions/A/AppleSauce
0x00007ff820811000 	/System/Library/PrivateFrameworks/CoreEmoji.framework/Versions/A/CoreEmoji
0x00007ff8216d8000 	/usr/lib/libcmph.dylib
0x00007ff81de8c000 	/System/Library/Frameworks/OpenDirectory.framework/Versions/A/Frameworks/CFOpenDirectory.framework/Versions/A/CFOpenDirectory
0x00007ff81de80000 	/System/Library/Frameworks/OpenDirectory.framework/Versions/A/OpenDirectory
0x00007ff821d23000 	/System/Library/PrivateFrameworks/APFS.framework/Versions/A/APFS
0x00007ff820b32000 	/System/Library/Frameworks/SecurityFoundation.framework/Versions/A/SecurityFoundation
0x00007ff821d9e000 	/usr/lib/libutil.dylib
0x00007ff818c14000 	/System/Library/PrivateFrameworks/CoreServicesStore.framework/Versions/A/CoreServicesStore
0x00007ff821da2000 	/usr/lib/libxslt.1.dylib
0x00007ff820bbf000 	/System/Library/PrivateFrameworks/BackgroundTaskManagement.framework/Versions/A/BackgroundTaskManagement
0x00007ff8232cb000 	/System/Library/Frameworks/ImageIO.framework/Versions/A/Resources/libRadiance.dylib
0x00007ff8232d4000 	/System/Library/Frameworks/ImageIO.framework/Versions/A/Resources/libJPEG.dylib
0x00007ff823225000 	/System/Library/Frameworks/ImageIO.framework/Versions/A/Resources/libPng.dylib
0x00007ff823246000 	/System/Library/Frameworks/ImageIO.framework/Versions/A/Resources/libTIFF.dylib
0x00007ff823332000 	/System/Library/Frameworks/ImageIO.framework/Versions/A/Resources/libGIF.dylib
0x00007ff822b5a000 	/System/Library/Frameworks/ImageIO.framework/Versions/A/Resources/libJP2.dylib
0x00007ff82229c000 	/usr/lib/libexpat.1.dylib
0x00007ff822b0f000 	/System/Library/PrivateFrameworks/AppleJPEG.framework/Versions/A/AppleJPEG
0x00007ff81f356000 	/System/Library/PrivateFrameworks/FontServices.framework/libFontParser.dylib
0x00007ff81ca08000 	/System/Library/PrivateFrameworks/RunningBoardServices.framework/Versions/A/RunningBoardServices
0x00007ff82da35000 	/System/Library/PrivateFrameworks/IOSurfaceAccelerator.framework/Versions/A/IOSurfaceAccelerator
0x00007ff822c39000 	/System/Library/PrivateFrameworks/WatchdogClient.framework/Versions/A/WatchdogClient
0x00007ff81762a000 	/System/Library/Frameworks/CoreDisplay.framework/Versions/A/CoreDisplay
0x00007ff81f256000 	/System/Library/Frameworks/CoreMedia.framework/Versions/A/CoreMedia
0x00007ff81f0f3000 	/System/Library/PrivateFrameworks/IOAccelerator.framework/Versions/A/IOAccelerator
0x00007ff81e008000 	/System/Library/Frameworks/CoreVideo.framework/Versions/A/CoreVideo
0x00007ff821827000 	/System/Library/Frameworks/MetalPerformanceShaders.framework/Versions/A/MetalPerformanceShaders
0x00007ff822c74000 	/System/Library/Frameworks/VideoToolbox.framework/Versions/A/VideoToolbox
0x00007ff81c950000 	/System/Library/PrivateFrameworks/BaseBoard.framework/Versions/A/BaseBoard
0x00007ff81c6e1000 	/System/Library/PrivateFrameworks/ProtocolBuffer.framework/Versions/A/ProtocolBuffer
0x00007ff8232c4000 	/System/Library/PrivateFrameworks/GPUWrangler.framework/Versions/A/GPUWrangler
0x00007ff8232a7000 	/System/Library/PrivateFrameworks/IOPresentment.framework/Versions/A/IOPresentment
0x00007ff8232ce000 	/System/Library/PrivateFrameworks/DSExternalDisplay.framework/Versions/A/DSExternalDisplay
0x00007ffa2e677000 	/System/Library/Frameworks/OpenGL.framework/Versions/A/Libraries/libCoreFSCache.dylib
0x00007ffb1a624000 	/System/Library/PrivateFrameworks/GPUCompiler.framework/Versions/31001/Libraries/libGPUCompilerUtils.dylib
0x00007ff823337000 	/System/Library/PrivateFrameworks/CMCaptureCore.framework/Versions/A/CMCaptureCore
0x00007ff822848000 	/System/Library/PrivateFrameworks/AppServerSupport.framework/Versions/A/AppServerSupport
0x00007ff824a12000 	/System/Library/PrivateFrameworks/perfdata.framework/Versions/A/perfdata
0x00007ff817756000 	/System/Library/PrivateFrameworks/AudioToolboxCore.framework/Versions/A/AudioToolboxCore
0x00007ff81f233000 	/System/Library/PrivateFrameworks/caulk.framework/Versions/A/caulk
0x00007ff82433f000 	/usr/lib/libAudioStatistics.dylib
0x00007ff91b4d3000 	/System/Library/PrivateFrameworks/SystemPolicy.framework/Versions/A/SystemPolicy
0x00007ff82458b000 	/usr/lib/libSMC.dylib
0x00007ff82d377000 	/System/Library/Frameworks/CoreMIDI.framework/Versions/A/CoreMIDI
0x00007ff8231f5000 	/usr/lib/libAudioToolboxUtility.dylib
0x00007ff91795b000 	/System/Library/PrivateFrameworks/OSAServicesClient.framework/Versions/A/OSAServicesClient
0x00007ff824a1f000 	/usr/lib/libperfcheck.dylib
0x00007ff91bf5f000 	/usr/lib/libmis.dylib
0x00007ffa2e6d3000 	/System/Library/Frameworks/OpenGL.framework/Versions/A/Libraries/libGLU.dylib
0x00007ffa2e696000 	/System/Library/Frameworks/OpenGL.framework/Versions/A/Libraries/libGFXShared.dylib
0x00007ffa2e8a4000 	/System/Library/Frameworks/OpenGL.framework/Versions/A/Libraries/libGL.dylib
0x00007ffa2e69f000 	/System/Library/Frameworks/OpenGL.framework/Versions/A/Libraries/libGLImage.dylib
0x00007ffa2e693000 	/System/Library/Frameworks/OpenGL.framework/Versions/A/Libraries/libCVMSPluginSupport.dylib
0x00007ffa2e67e000 	/System/Library/Frameworks/OpenGL.framework/Versions/A/Libraries/libCoreVMClient.dylib
0x00007ff81fd93000 	/System/Library/Frameworks/MetalPerformanceShaders.framework/Versions/A/Frameworks/MPSCore.framework/Versions/A/MPSCore
0x00007ff8211c3000 	/System/Library/Frameworks/MetalPerformanceShaders.framework/Versions/A/Frameworks/MPSImage.framework/Versions/A/MPSImage
0x00007ff820c7a000 	/System/Library/Frameworks/MetalPerformanceShaders.framework/Versions/A/Frameworks/MPSNeuralNetwork.framework/Versions/A/MPSNeuralNetwork
0x00007ff8210ef000 	/System/Library/Frameworks/MetalPerformanceShaders.framework/Versions/A/Frameworks/MPSMatrix.framework/Versions/A/MPSMatrix
0x00007ff820eab000 	/System/Library/Frameworks/MetalPerformanceShaders.framework/Versions/A/Frameworks/MPSRayIntersector.framework/Versions/A/MPSRayIntersector
0x00007ff821128000 	/System/Library/Frameworks/MetalPerformanceShaders.framework/Versions/A/Frameworks/MPSNDArray.framework/Versions/A/MPSNDArray
0x00007ffa3327c000 	/System/Library/Frameworks/MetalPerformanceShaders.framework/Versions/A/Frameworks/MPSFunctions.framework/Versions/A/MPSFunctions
0x00007ff816b30000 	/System/Library/PrivateFrameworks/MetalTools.framework/Versions/A/MetalTools
0x00007ff81fe0d000 	/System/Library/PrivateFrameworks/AggregateDictionary.framework/Versions/A/AggregateDictionary
0x00007ff82207e000 	/usr/lib/libIOReport.dylib
0x00007ffa2fcb3000 	/System/Library/Frameworks/OpenCL.framework/Versions/A/OpenCL
0x00007ff8223e2000 	/System/Library/PrivateFrameworks/FaceCore.framework/Versions/A/FaceCore
0x00007ff8223d3000 	/System/Library/PrivateFrameworks/GraphVisualizer.framework/Versions/A/GraphVisualizer
0x00007ffb1a52f000 	/System/Library/PrivateFrameworks/FontServices.framework/Versions/A/FontServices
0x00007ff8227ff000 	/System/Library/PrivateFrameworks/OTSVG.framework/Versions/A/OTSVG
0x00007ff81dbf0000 	/System/Library/Frameworks/ApplicationServices.framework/Versions/A/Frameworks/ATS.framework/Versions/A/Resources/libFontRegistry.dylib
0x00007ff822850000 	/System/Library/PrivateFrameworks/FontServices.framework/libhvf.dylib
0x00007ffb1a530000 	/System/Library/PrivateFrameworks/FontServices.framework/libXTFontStaticRegistryData.dylib
0x00007ff82224c000 	/System/Library/PrivateFrameworks/AppleVA.framework/Versions/A/AppleVA
0x00007ff82435f000 	/System/Library/Frameworks/ApplicationServices.framework/Versions/A/Frameworks/ATS.framework/Versions/A/ATS
0x00007ff81bdfe000 	/System/Library/Frameworks/ApplicationServices.framework/Versions/A/Frameworks/HIServices.framework/Versions/A/HIServices
0x00007ff823341000 	/System/Library/Frameworks/ApplicationServices.framework/Versions/A/Frameworks/PrintCore.framework/Versions/A/PrintCore
0x00007ff8246de000 	/System/Library/Frameworks/ApplicationServices.framework/Versions/A/Frameworks/QD.framework/Versions/A/QD
0x00007ff8246d6000 	/System/Library/Frameworks/ApplicationServices.framework/Versions/A/Frameworks/ColorSyncLegacy.framework/Versions/A/ColorSyncLegacy
0x00007ff82434f000 	/System/Library/Frameworks/ApplicationServices.framework/Versions/A/Frameworks/SpeechSynthesis.framework/Versions/A/SpeechSynthesis
0x00007ff823302000 	/System/Library/Frameworks/ApplicationServices.framework/Versions/A/Frameworks/ATSUI.framework/Versions/A/ATSUI
0x00007ff82466b000 	/usr/lib/libcups.2.dylib
0x00007ff824a2e000 	/System/Library/Frameworks/Kerberos.framework/Versions/A/Kerberos
0x00007ff824a3d000 	/System/Library/Frameworks/GSS.framework/Versions/A/GSS
0x00007ff8243cb000 	/usr/lib/libresolv.9.dylib
0x00007ff82285f000 	/System/Library/PrivateFrameworks/Heimdal.framework/Versions/A/Heimdal
0x00007ff82b4e1000 	/System/Library/Frameworks/Kerberos.framework/Versions/A/Libraries/libHeimdalProxy.dylib
0x00007ff81cadd000 	/System/Library/Frameworks/Network.framework/Versions/A/Network
0x00007ff8222b6000 	/usr/lib/libheimdal-asn1.dylib
0x00007ff824a88000 	/System/Library/PrivateFrameworks/CommonAuth.framework/Versions/A/CommonAuth
0x00007ff8242d0000 	/System/Library/PrivateFrameworks/AudioSession.framework/Versions/A/AudioSession
0x00007ff822346000 	/System/Library/PrivateFrameworks/MediaExperience.framework/Versions/A/MediaExperience
0x00007ff824164000 	/System/Library/PrivateFrameworks/AudioSession.framework/libSessionUtility.dylib
0x00007ff8246ea000 	/System/Library/PrivateFrameworks/AudioResourceArbitration.framework/Versions/A/AudioResourceArbitration
0x00007ff8222bf000 	/System/Library/PrivateFrameworks/IconFoundation.framework/Versions/A/IconFoundation
0x00007ff8274c4000 	/System/Library/PrivateFrameworks/SpeechRecognitionCore.framework/Versions/A/SpeechRecognitionCore
0x00007ffa1fb26000 	/System/Library/CoreServices/Encodings/libKoreanConverter.dylib
0x000000010d994000 	/Users/jojunbeom/Library/Java/JavaVirtualMachines/corretto-11.0.14.1/Contents/Home/lib/server/libjvm.dylib
0x000000010cc75000 	/Users/jojunbeom/Library/Java/JavaVirtualMachines/corretto-11.0.14.1/Contents/Home/lib/libverify.dylib
0x000000010cc9d000 	/Users/jojunbeom/Library/Java/JavaVirtualMachines/corretto-11.0.14.1/Contents/Home/lib/libjava.dylib
0x000000010cc0b000 	/Users/jojunbeom/Library/Java/JavaVirtualMachines/corretto-11.0.14.1/Contents/Home/lib/libjimage.dylib
0x000000010cd1c000 	/Users/jojunbeom/Library/Java/JavaVirtualMachines/corretto-11.0.14.1/Contents/Home/lib/libinstrument.dylib
0x000000010cdd7000 	/private/var/folders/k6/dkc35rrd3kvf4z8xbpc5z4zh0000gn/T/libasyncProfiler.so
0x000000010cd97000 	/Users/jojunbeom/Library/Java/JavaVirtualMachines/corretto-11.0.14.1/Contents/Home/lib/libzip.dylib
0x0000000130608000 	/Users/jojunbeom/Library/Java/JavaVirtualMachines/corretto-11.0.14.1/Contents/Home/lib/libnio.dylib
0x0000000130658000 	/Users/jojunbeom/Library/Java/JavaVirtualMachines/corretto-11.0.14.1/Contents/Home/lib/libnet.dylib
0x000000010cc46000 	/Users/jojunbeom/Library/Java/JavaVirtualMachines/corretto-11.0.14.1/Contents/Home/lib/libextnet.dylib


VM Arguments:
jvm_args: -ea -Didea.test.cyclic.buffer.size=1048576 -javaagent:/Applications/IntelliJ IDEA.app/Contents/lib/idea_rt.jar=62951:/Applications/IntelliJ IDEA.app/Contents/bin -agentpath:/private/var/folders/k6/dkc35rrd3kvf4z8xbpc5z4zh0000gn/T/libasyncProfiler.so=start,jfr,event=cpu,interval=1ms,event=alloc,file=/Users/jojunbeom/All_in_core_test_2022_05_20_201649.jfr -Dfile.encoding=UTF-8 
java_command: com.intellij.rt.junit.JUnitStarter -ideVersion5 -junit5 @w@/private/var/folders/k6/dkc35rrd3kvf4z8xbpc5z4zh0000gn/T/idea_working_dirs_junit.tmp @/private/var/folders/k6/dkc35rrd3kvf4z8xbpc5z4zh0000gn/T/idea_junit.tmp -socket62950
java_class_path (initial): /Users/jojunbeom/.m2/repository/org/junit/platform/junit-platform-launcher/1.8.2/junit-platform-launcher-1.8.2.jar:/Users/jojunbeom/.m2/repository/org/junit/platform/junit-platform-engine/1.8.2/junit-platform-engine-1.8.2.jar:/Users/jojunbeom/.m2/repository/org/opentest4j/opentest4j/1.2.0/opentest4j-1.2.0.jar:/Users/jojunbeom/.m2/repository/org/junit/platform/junit-platform-commons/1.8.2/junit-platform-commons-1.8.2.jar:/Users/jojunbeom/.m2/repository/org/apiguardian/apiguardian-api/1.1.2/apiguardian-api-1.1.2.jar:/Applications/IntelliJ IDEA.app/Contents/lib/idea_rt.jar:/Applications/IntelliJ IDEA.app/Contents/plugins/junit/lib/junit5-rt.jar:/Applications/IntelliJ IDEA.app/Contents/plugins/junit/lib/junit-rt.jar:/Users/jojunbeom/Downloads/study/core/out/test/classes:/Users/jojunbeom/Downloads/study/core/out/production/classes:/Users/jojunbeom/Downloads/study/core/out/production/resources:/Users/jojunbeom/.gradle/caches/modules-2/files-2.1/org.springframework.boot/spring-boot-starter-test/2.7.0/417764bfd907f7deffd617fb31b3ea0900547287/spring-boot-starter-test-2.7.0.jar:/Users/jojunbeom/.gradle/caches/modules-2/files-2.1/org.springframework.boot/spring-boot-starter/2.7.0/64fd3c21486dd20df9a62566599337dae2eb62cc/spring-boot-starter-2.7.0.jar:/Users/jojunbeom/.gradle/caches/modules-2/files-2.1/org.springframework.boot/spring-boot-test-autoconfigure/2.7.0/e0270c5cf20211c43f7b485c64e3e6a96f16b991/spring-boot-test-autoconfigure-2.7.0.jar:/Users/jojunbeom/.gradle/caches/modules-2/files-2.1/org.springframework.boot/spring-boot-test/2.7.0/8be4bc652e4bd0ae0f61b99e164ae26ac269f154/spring-boot-test-2.7.0.jar:/Users/jojunbeom/.gradle/caches/modules-2/files-2.1/org.springframework/spring-test/5.3.20/33a92d5066fb810023969a0d70fac96387962769/spring-test-5.3.20.jar:/Users/jojunbeom/.gradle/caches/modules-2/files-2.1/org.springframework/spring-core/5.3.20/4b88aa3c401ede3d6c8ac78ea0c646cf326ec24b/spring-core-5.3.20.jar:/Users/jojunbeom/.gradle/caches/module
Launcher Type: SUN_STANDARD

[Global flags]
     intx CICompilerCount                          = 4                                         {product} {ergonomic}
     uint ConcGCThreads                            = 2                                         {product} {ergonomic}
     uint G1ConcRefinementThreads                  = 8                                         {product} {ergonomic}
   size_t G1HeapRegionSize                         = 1048576                                   {product} {ergonomic}
    uintx GCDrainStackTargetSize                   = 64                                        {product} {ergonomic}
   size_t InitialHeapSize                          = 134217728                                 {product} {ergonomic}
   size_t MarkStackSize                            = 4194304                                   {product} {ergonomic}
   size_t MaxHeapSize                              = 2147483648                                {product} {ergonomic}
   size_t MaxNewSize                               = 1287651328                                {product} {ergonomic}
   size_t MinHeapDeltaBytes                        = 1048576                                   {product} {ergonomic}
    uintx NonNMethodCodeHeapSize                   = 5836300                                {pd product} {ergonomic}
    uintx NonProfiledCodeHeapSize                  = 122910970                              {pd product} {ergonomic}
    uintx ProfiledCodeHeapSize                     = 122910970                              {pd product} {ergonomic}
    uintx ReservedCodeCacheSize                    = 251658240                              {pd product} {ergonomic}
     bool SegmentedCodeCache                       = true                                      {product} {ergonomic}
     bool UseCompressedClassPointers               = true                                 {lp64_product} {ergonomic}
     bool UseCompressedOops                        = true                                 {lp64_product} {ergonomic}
     bool UseG1GC                                  = true                                      {product} {ergonomic}

Logging:
Log output configuration:
 #0: stdout all=warning uptime,level,tags
 #1: stderr all=off uptime,level,tags

Environment Variables:
JAVA_HOME=/Library/Java/JavaVirtualMachines/zulu-11.jdk/Contents/Home
PATH=/opt/homebrew/bin:/opt/homebrew/sbin:/usr/local/bin:/usr/bin:/bin:/usr/sbin:/sbin:/Library/Java/JavaVirtualMachines/zulu-11.jdk/Contents/Home/bin
SHELL=/bin/zsh
LC_CTYPE=ko_KR.UTF-8

Signal Handlers:
SIGSEGV: [libjvm.dylib+0x7ccc92], sa_mask[0]=11111111111111111111111111111111, sa_flags=SA_ONSTACK|SA_RESTART|SA_SIGINFO
SIGBUS: [libjvm.dylib+0x7ccc92], sa_mask[0]=11111111111111111111111111111111, sa_flags=SA_RESTART|SA_SIGINFO
SIGFPE: [libjvm.dylib+0x7ccc92], sa_mask[0]=11111111111111111111111111111111, sa_flags=SA_RESTART|SA_SIGINFO
SIGPIPE: [libjvm.dylib+0x630218], sa_mask[0]=11111111111111111111111111111111, sa_flags=SA_RESTART|SA_SIGINFO
SIGXFSZ: [libjvm.dylib+0x630218], sa_mask[0]=11111111111111111111111111111111, sa_flags=SA_RESTART|SA_SIGINFO
SIGILL: [libjvm.dylib+0x7ccc92], sa_mask[0]=11111111111111111111111111111111, sa_flags=SA_RESTART|SA_SIGINFO
SIGUSR2: [libjvm.dylib+0x6307f6], sa_mask[0]=00100000000000000000000000000000, sa_flags=SA_RESTART|SA_SIGINFO
SIGHUP: [libjvm.dylib+0x62f3a9], sa_mask[0]=11111111111111111111111111111111, sa_flags=SA_RESTART|SA_SIGINFO
SIGINT: [libjvm.dylib+0x62f3a9], sa_mask[0]=11111111111111111111111111111111, sa_flags=SA_RESTART|SA_SIGINFO
SIGTERM: [libjvm.dylib+0x62f3a9], sa_mask[0]=11111111111111111111111111111111, sa_flags=SA_RESTART|SA_SIGINFO
SIGQUIT: [libjvm.dylib+0x62f3a9], sa_mask[0]=11111111111111111111111111111111, sa_flags=SA_RESTART|SA_SIGINFO


---------------  S Y S T E M  ---------------

OS:uname:Darwin 21.1.0 Darwin Kernel Version 21.1.0: Wed Oct 13 17:33:24 PDT 2021; root:xnu-8019.41.5~1/RELEASE_ARM64_T8101 x86_64
OS uptime: 44 days 9:56 hours
rlimit (soft/hard): STACK 8176k/65520k , CORE 0k/infinity , NPROC 1333/2000 , NOFILE 10240/infinity , AS infinity/infinity , CPU infinity/infinity , DATA infinity/infinity , FSIZE infinity/infinity , MEMLOCK infinity/infinity , RSS infinity/infinity
load average:2.98 1.88 1.59

CPU:total 8 (initial active 8) (1 cores per cpu, 1 threads per core) family 6 model 44 stepping 0 microcode 0x0, cmov, cx8, fxsr, mmx, sse, sse2, sse3, ssse3, sse4.1, sse4.2, popcnt, aes, clmul, tsc, tscinvbit, tscinv

Memory: 4k page, physical 8388608k(27176k free), swap 2097152k(992256k free)

vm_info: OpenJDK 64-Bit Server VM (11.0.14.1+10-LTS) for bsd-amd64 JRE (11.0.14.1+10-LTS), built on Feb  8 2022 01:38:57 by "ec2user" with clang Apple LLVM 13.0.0 (clang-1300.0.29.30)

END.
